[1.145s] DEBUG:colcon:Command line arguments: ['/usr/bin/colcon', 'build', '--symlink-install', '--cmake-args', '-Wno-dev', '--packages-select', 'wrg_core']
[1.145s] DEBUG:colcon:Parsed command line arguments: Namespace(log_base=None, log_level=None, verb_name='build', build_base='build', install_base='install', merge_install=False, symlink_install=True, test_result_base=None, continue_on_error=False, executor='parallel', parallel_workers=4, event_handlers=None, ignore_user_meta=False, metas=['./colcon.meta'], base_paths=['.'], packages_ignore=None, packages_ignore_regex=None, paths=None, packages_up_to=None, packages_up_to_regex=None, packages_above=None, packages_above_and_dependencies=None, packages_above_depth=None, packages_select_by_dep=None, packages_skip_by_dep=None, packages_skip_up_to=None, packages_select_build_failed=False, packages_skip_build_finished=False, packages_select_test_failures=False, packages_skip_test_passed=False, packages_select=['wrg_core'], packages_skip=None, packages_select_regex=None, packages_skip_regex=None, packages_start=None, packages_end=None, allow_overriding=[], cmake_args=['-Wno-dev'], cmake_target=None, cmake_target_skip_unavailable=False, cmake_clean_cache=False, cmake_clean_first=False, cmake_force_configure=False, ament_cmake_args=None, catkin_cmake_args=None, catkin_skip_building_tests=False, mixin_files=None, mixin=None, verb_parser=<colcon_mixin.mixin.mixin_argument.MixinArgumentDecorator object at 0xffffa52de650>, verb_extension=<colcon_core.verb.build.BuildVerb object at 0xffffa541ac80>, main=<bound method BuildVerb.main of <colcon_core.verb.build.BuildVerb object at 0xffffa541ac80>>, mixin_verb=('build',))
[2.418s] Level 1:colcon.colcon_core.package_discovery:discover_packages(colcon_meta) check parameters
[2.419s] Level 1:colcon.colcon_core.package_discovery:discover_packages(recursive) check parameters
[2.419s] Level 1:colcon.colcon_core.package_discovery:discover_packages(ignore) check parameters
[2.419s] Level 1:colcon.colcon_core.package_discovery:discover_packages(path) check parameters
[2.419s] Level 1:colcon.colcon_core.package_discovery:discover_packages(colcon_meta) discover
[2.419s] Level 1:colcon.colcon_core.package_discovery:discover_packages(recursive) discover
[2.420s] INFO:colcon.colcon_core.package_discovery:Crawling recursively for packages in '/home/cmu/wrg2024_turtlebot3_ws/robot_ws'
[2.420s] Level 1:colcon.colcon_core.package_identification:_identify(.) by extensions ['ignore', 'ignore_ament_install']
[2.421s] Level 1:colcon.colcon_core.package_identification:_identify(.) by extension 'ignore'
[2.422s] Level 1:colcon.colcon_core.package_identification:_identify(.) by extension 'ignore_ament_install'
[2.422s] Level 1:colcon.colcon_core.package_identification:_identify(.) by extensions ['colcon_pkg']
[2.422s] Level 1:colcon.colcon_core.package_identification:_identify(.) by extension 'colcon_pkg'
[2.423s] Level 1:colcon.colcon_core.package_identification:_identify(.) by extensions ['colcon_meta']
[2.423s] Level 1:colcon.colcon_core.package_identification:_identify(.) by extension 'colcon_meta'
[2.423s] Level 1:colcon.colcon_core.package_identification:_identify(.) by extensions ['ros']
[2.423s] Level 1:colcon.colcon_core.package_identification:_identify(.) by extension 'ros'
[2.529s] Level 1:colcon.colcon_core.package_identification:_identify(.) by extensions ['cmake', 'python']
[2.530s] Level 1:colcon.colcon_core.package_identification:_identify(.) by extension 'cmake'
[2.530s] Level 1:colcon.colcon_core.package_identification:_identify(.) by extension 'python'
[2.530s] Level 1:colcon.colcon_core.package_identification:_identify(.) by extensions ['python_setup_py']
[2.530s] Level 1:colcon.colcon_core.package_identification:_identify(.) by extension 'python_setup_py'
[2.531s] Level 1:colcon.colcon_core.package_identification:_identify(build) by extensions ['ignore', 'ignore_ament_install']
[2.531s] Level 1:colcon.colcon_core.package_identification:_identify(build) by extension 'ignore'
[2.531s] Level 1:colcon.colcon_core.package_identification:_identify(build) ignored
[2.532s] Level 1:colcon.colcon_core.package_identification:_identify(install) by extensions ['ignore', 'ignore_ament_install']
[2.532s] Level 1:colcon.colcon_core.package_identification:_identify(install) by extension 'ignore'
[2.532s] Level 1:colcon.colcon_core.package_identification:_identify(install) ignored
[2.533s] Level 1:colcon.colcon_core.package_identification:_identify(log) by extensions ['ignore', 'ignore_ament_install']
[2.533s] Level 1:colcon.colcon_core.package_identification:_identify(log) by extension 'ignore'
[2.533s] Level 1:colcon.colcon_core.package_identification:_identify(log) ignored
[2.533s] Level 1:colcon.colcon_core.package_identification:_identify(src) by extensions ['ignore', 'ignore_ament_install']
[2.534s] Level 1:colcon.colcon_core.package_identification:_identify(src) by extension 'ignore'
[2.534s] Level 1:colcon.colcon_core.package_identification:_identify(src) by extension 'ignore_ament_install'
[2.534s] Level 1:colcon.colcon_core.package_identification:_identify(src) by extensions ['colcon_pkg']
[2.534s] Level 1:colcon.colcon_core.package_identification:_identify(src) by extension 'colcon_pkg'
[2.534s] Level 1:colcon.colcon_core.package_identification:_identify(src) by extensions ['colcon_meta']
[2.534s] Level 1:colcon.colcon_core.package_identification:_identify(src) by extension 'colcon_meta'
[2.535s] Level 1:colcon.colcon_core.package_identification:_identify(src) by extensions ['ros']
[2.535s] Level 1:colcon.colcon_core.package_identification:_identify(src) by extension 'ros'
[2.535s] Level 1:colcon.colcon_core.package_identification:_identify(src) by extensions ['cmake', 'python']
[2.535s] Level 1:colcon.colcon_core.package_identification:_identify(src) by extension 'cmake'
[2.535s] Level 1:colcon.colcon_core.package_identification:_identify(src) by extension 'python'
[2.535s] Level 1:colcon.colcon_core.package_identification:_identify(src) by extensions ['python_setup_py']
[2.535s] Level 1:colcon.colcon_core.package_identification:_identify(src) by extension 'python_setup_py'
[2.536s] Level 1:colcon.colcon_core.package_identification:_identify(src/wrg_core) by extensions ['ignore', 'ignore_ament_install']
[2.536s] Level 1:colcon.colcon_core.package_identification:_identify(src/wrg_core) by extension 'ignore'
[2.536s] Level 1:colcon.colcon_core.package_identification:_identify(src/wrg_core) by extension 'ignore_ament_install'
[2.537s] Level 1:colcon.colcon_core.package_identification:_identify(src/wrg_core) by extensions ['colcon_pkg']
[2.537s] Level 1:colcon.colcon_core.package_identification:_identify(src/wrg_core) by extension 'colcon_pkg'
[2.537s] Level 1:colcon.colcon_core.package_identification:_identify(src/wrg_core) by extensions ['colcon_meta']
[2.537s] Level 1:colcon.colcon_core.package_identification:_identify(src/wrg_core) by extension 'colcon_meta'
[2.537s] Level 1:colcon.colcon_core.package_identification:_identify(src/wrg_core) by extensions ['ros']
[2.537s] Level 1:colcon.colcon_core.package_identification:_identify(src/wrg_core) by extension 'ros'
[2.550s] DEBUG:colcon.colcon_core.package_identification:Package 'src/wrg_core' with type 'ros.ament_cmake' and name 'wrg_core'
[2.551s] Level 1:colcon.colcon_core.package_identification:_identify(src/wrg_turtlebot3_gazebo) by extensions ['ignore', 'ignore_ament_install']
[2.551s] Level 1:colcon.colcon_core.package_identification:_identify(src/wrg_turtlebot3_gazebo) by extension 'ignore'
[2.551s] Level 1:colcon.colcon_core.package_identification:_identify(src/wrg_turtlebot3_gazebo) by extension 'ignore_ament_install'
[2.552s] Level 1:colcon.colcon_core.package_identification:_identify(src/wrg_turtlebot3_gazebo) by extensions ['colcon_pkg']
[2.552s] Level 1:colcon.colcon_core.package_identification:_identify(src/wrg_turtlebot3_gazebo) by extension 'colcon_pkg'
[2.552s] Level 1:colcon.colcon_core.package_identification:_identify(src/wrg_turtlebot3_gazebo) by extensions ['colcon_meta']
[2.552s] Level 1:colcon.colcon_core.package_identification:_identify(src/wrg_turtlebot3_gazebo) by extension 'colcon_meta'
[2.552s] Level 1:colcon.colcon_core.package_identification:_identify(src/wrg_turtlebot3_gazebo) by extensions ['ros']
[2.553s] Level 1:colcon.colcon_core.package_identification:_identify(src/wrg_turtlebot3_gazebo) by extension 'ros'
[2.558s] DEBUG:colcon.colcon_core.package_identification:Package 'src/wrg_turtlebot3_gazebo' with type 'ros.ament_cmake' and name 'wrg_turtlebot3_gazebo'
[2.558s] Level 1:colcon.colcon_core.package_discovery:discover_packages(recursive) using defaults
[2.558s] Level 1:colcon.colcon_core.package_discovery:discover_packages(ignore) discover
[2.559s] Level 1:colcon.colcon_core.package_discovery:discover_packages(ignore) using defaults
[2.559s] Level 1:colcon.colcon_core.package_discovery:discover_packages(path) discover
[2.559s] Level 1:colcon.colcon_core.package_discovery:discover_packages(path) using defaults
[2.677s] INFO:colcon.colcon_core.package_selection:Skipping not selected package 'wrg_turtlebot3_gazebo' in 'src/wrg_turtlebot3_gazebo'
[2.680s] Level 1:colcon.colcon_core.package_discovery:discover_packages(prefix_path) check parameters
[2.680s] Level 1:colcon.colcon_core.package_discovery:discover_packages(prefix_path) discover
[2.688s] WARNING:colcon.colcon_ros.prefix_path.ament:The path '/home/cmu/wrg2024_turtlebot3_ws/robot_ws/install/wrg_core' in the environment variable AMENT_PREFIX_PATH doesn't exist
[2.692s] WARNING:colcon.colcon_ros.prefix_path.catkin:The path '/home/cmu/wrg2024_turtlebot3_ws/robot_ws/install/wrg_core' in the environment variable CMAKE_PREFIX_PATH doesn't exist
[2.698s] DEBUG:colcon.colcon_installed_package_information.package_discovery:Found 0 installed packages in /home/cmu/wrg2024_turtlebot3_ws/robot_ws/install
[2.701s] DEBUG:colcon.colcon_installed_package_information.package_discovery:Found 7 installed packages in /home/cmu/turtlebot3_ws/install
[2.704s] DEBUG:colcon.colcon_installed_package_information.package_discovery:Found 3 installed packages in /home/cmu/microros_ws/install
[2.715s] DEBUG:colcon.colcon_installed_package_information.package_discovery:Found 326 installed packages in /opt/ros/humble
[2.764s] Level 1:colcon.colcon_core.package_discovery:discover_packages(prefix_path) using defaults
[2.971s] Level 5:colcon.colcon_core.verb:set package 'wrg_core' build argument 'cmake_args' from command line to '['-Wno-dev']'
[2.971s] Level 5:colcon.colcon_core.verb:set package 'wrg_core' build argument 'cmake_target' from command line to 'None'
[2.971s] Level 5:colcon.colcon_core.verb:set package 'wrg_core' build argument 'cmake_target_skip_unavailable' from command line to 'False'
[2.971s] Level 5:colcon.colcon_core.verb:set package 'wrg_core' build argument 'cmake_clean_cache' from command line to 'False'
[2.971s] Level 5:colcon.colcon_core.verb:set package 'wrg_core' build argument 'cmake_clean_first' from command line to 'False'
[2.971s] Level 5:colcon.colcon_core.verb:set package 'wrg_core' build argument 'cmake_force_configure' from command line to 'False'
[2.972s] Level 5:colcon.colcon_core.verb:set package 'wrg_core' build argument 'ament_cmake_args' from command line to 'None'
[2.972s] Level 5:colcon.colcon_core.verb:set package 'wrg_core' build argument 'catkin_cmake_args' from command line to 'None'
[2.972s] Level 5:colcon.colcon_core.verb:set package 'wrg_core' build argument 'catkin_skip_building_tests' from command line to 'False'
[2.972s] DEBUG:colcon.colcon_core.verb:Building package 'wrg_core' with the following arguments: {'ament_cmake_args': None, 'build_base': '/home/cmu/wrg2024_turtlebot3_ws/robot_ws/build/wrg_core', 'catkin_cmake_args': None, 'catkin_skip_building_tests': False, 'cmake_args': ['-Wno-dev'], 'cmake_clean_cache': False, 'cmake_clean_first': False, 'cmake_force_configure': False, 'cmake_target': None, 'cmake_target_skip_unavailable': False, 'install_base': '/home/cmu/wrg2024_turtlebot3_ws/robot_ws/install/wrg_core', 'merge_install': False, 'path': '/home/cmu/wrg2024_turtlebot3_ws/robot_ws/src/wrg_core', 'symlink_install': True, 'test_result_base': None}
[2.973s] INFO:colcon.colcon_core.executor:Executing jobs using 'parallel' executor
[2.976s] DEBUG:colcon.colcon_parallel_executor.executor.parallel:run_until_complete
[2.977s] INFO:colcon.colcon_ros.task.ament_cmake.build:Building ROS package in '/home/cmu/wrg2024_turtlebot3_ws/robot_ws/src/wrg_core' with build type 'ament_cmake'
[2.977s] INFO:colcon.colcon_cmake.task.cmake.build:Building CMake package in '/home/cmu/wrg2024_turtlebot3_ws/robot_ws/src/wrg_core'
[2.997s] INFO:colcon.colcon_core.plugin_system:Skipping extension 'colcon_core.shell.bat': Not used on non-Windows systems
[2.998s] INFO:colcon.colcon_core.shell:Skip shell extension 'powershell' for command environment: Not usable outside of PowerShell
[2.998s] DEBUG:colcon.colcon_core.shell:Skip shell extension 'dsv' for command environment
[3.044s] DEBUG:colcon.colcon_core.event_handler.log_command:Invoking command in '/home/cmu/wrg2024_turtlebot3_ws/robot_ws/build/wrg_core': CMAKE_PREFIX_PATH=${CMAKE_PREFIX_PATH}:/home/cmu/turtlebot3_ws/install/turtlebot3_teleop:/home/cmu/turtlebot3_ws/install/turtlebot3_example:/opt/ros/humble /usr/bin/cmake /home/cmu/wrg2024_turtlebot3_ws/robot_ws/src/wrg_core -Wno-dev -DAMENT_CMAKE_SYMLINK_INSTALL=1 -DCMAKE_INSTALL_PREFIX=/home/cmu/wrg2024_turtlebot3_ws/robot_ws/install/wrg_core
[16.821s] DEBUG:colcon.colcon_core.event_handler.log_command:Invoked command in '/home/cmu/wrg2024_turtlebot3_ws/robot_ws/build/wrg_core' returned '0': CMAKE_PREFIX_PATH=${CMAKE_PREFIX_PATH}:/home/cmu/turtlebot3_ws/install/turtlebot3_teleop:/home/cmu/turtlebot3_ws/install/turtlebot3_example:/opt/ros/humble /usr/bin/cmake /home/cmu/wrg2024_turtlebot3_ws/robot_ws/src/wrg_core -Wno-dev -DAMENT_CMAKE_SYMLINK_INSTALL=1 -DCMAKE_INSTALL_PREFIX=/home/cmu/wrg2024_turtlebot3_ws/robot_ws/install/wrg_core
[16.831s] DEBUG:colcon.colcon_core.event_handler.log_command:Invoking command in '/home/cmu/wrg2024_turtlebot3_ws/robot_ws/build/wrg_core': CMAKE_PREFIX_PATH=${CMAKE_PREFIX_PATH}:/home/cmu/turtlebot3_ws/install/turtlebot3_teleop:/home/cmu/turtlebot3_ws/install/turtlebot3_example:/opt/ros/humble /usr/bin/cmake --build /home/cmu/wrg2024_turtlebot3_ws/robot_ws/build/wrg_core -- -j4 -l4
[18.422s] DEBUG:colcon.colcon_core.event_handler.log_command:Invoked command in '/home/cmu/wrg2024_turtlebot3_ws/robot_ws/build/wrg_core' returned '0': CMAKE_PREFIX_PATH=${CMAKE_PREFIX_PATH}:/home/cmu/turtlebot3_ws/install/turtlebot3_teleop:/home/cmu/turtlebot3_ws/install/turtlebot3_example:/opt/ros/humble /usr/bin/cmake --build /home/cmu/wrg2024_turtlebot3_ws/robot_ws/build/wrg_core -- -j4 -l4
[18.607s] DEBUG:colcon.colcon_core.event_handler.log_command:Invoking command in '/home/cmu/wrg2024_turtlebot3_ws/robot_ws/build/wrg_core': CMAKE_PREFIX_PATH=${CMAKE_PREFIX_PATH}:/home/cmu/turtlebot3_ws/install/turtlebot3_teleop:/home/cmu/turtlebot3_ws/install/turtlebot3_example:/opt/ros/humble /usr/bin/cmake --install /home/cmu/wrg2024_turtlebot3_ws/robot_ws/build/wrg_core
[21.081s] Level 1:colcon.colcon_core.environment:create_environment_scripts_only(wrg_core)
[21.083s] DEBUG:colcon.colcon_core.event_handler.log_command:Invoked command in '/home/cmu/wrg2024_turtlebot3_ws/robot_ws/build/wrg_core' returned '0': CMAKE_PREFIX_PATH=${CMAKE_PREFIX_PATH}:/home/cmu/turtlebot3_ws/install/turtlebot3_teleop:/home/cmu/turtlebot3_ws/install/turtlebot3_example:/opt/ros/humble /usr/bin/cmake --install /home/cmu/wrg2024_turtlebot3_ws/robot_ws/build/wrg_core
[21.107s] Level 1:colcon.colcon_core.environment:checking '/home/cmu/wrg2024_turtlebot3_ws/robot_ws/install/wrg_core' for CMake module files
[21.111s] Level 1:colcon.colcon_core.environment:checking '/home/cmu/wrg2024_turtlebot3_ws/robot_ws/install/wrg_core' for CMake config files
[21.117s] Level 1:colcon.colcon_core.shell:create_environment_hook('wrg_core', 'cmake_prefix_path')
[21.118s] INFO:colcon.colcon_core.shell:Creating environment hook '/home/cmu/wrg2024_turtlebot3_ws/robot_ws/install/wrg_core/share/wrg_core/hook/cmake_prefix_path.ps1'
[21.121s] INFO:colcon.colcon_core.shell:Creating environment descriptor '/home/cmu/wrg2024_turtlebot3_ws/robot_ws/install/wrg_core/share/wrg_core/hook/cmake_prefix_path.dsv'
[21.124s] INFO:colcon.colcon_core.shell:Creating environment hook '/home/cmu/wrg2024_turtlebot3_ws/robot_ws/install/wrg_core/share/wrg_core/hook/cmake_prefix_path.sh'
[21.128s] Level 1:colcon.colcon_core.environment:checking '/home/cmu/wrg2024_turtlebot3_ws/robot_ws/install/wrg_core/lib'
[21.129s] Level 1:colcon.colcon_core.environment:checking '/home/cmu/wrg2024_turtlebot3_ws/robot_ws/install/wrg_core/bin'
[21.129s] Level 1:colcon.colcon_core.environment:checking '/home/cmu/wrg2024_turtlebot3_ws/robot_ws/install/wrg_core/lib/pkgconfig/wrg_core.pc'
[21.130s] Level 1:colcon.colcon_core.environment:checking '/home/cmu/wrg2024_turtlebot3_ws/robot_ws/install/wrg_core/lib/python3.10/site-packages'
[21.131s] Level 1:colcon.colcon_core.environment:checking '/home/cmu/wrg2024_turtlebot3_ws/robot_ws/install/wrg_core/bin'
[21.132s] INFO:colcon.colcon_core.shell:Creating package script '/home/cmu/wrg2024_turtlebot3_ws/robot_ws/install/wrg_core/share/wrg_core/package.ps1'
[21.136s] INFO:colcon.colcon_core.shell:Creating package descriptor '/home/cmu/wrg2024_turtlebot3_ws/robot_ws/install/wrg_core/share/wrg_core/package.dsv'
[21.139s] INFO:colcon.colcon_core.shell:Creating package script '/home/cmu/wrg2024_turtlebot3_ws/robot_ws/install/wrg_core/share/wrg_core/package.sh'
[21.142s] INFO:colcon.colcon_core.shell:Creating package script '/home/cmu/wrg2024_turtlebot3_ws/robot_ws/install/wrg_core/share/wrg_core/package.bash'
[21.147s] INFO:colcon.colcon_core.shell:Creating package script '/home/cmu/wrg2024_turtlebot3_ws/robot_ws/install/wrg_core/share/wrg_core/package.zsh'
[21.150s] Level 1:colcon.colcon_core.environment:create_file_with_runtime_dependencies(/home/cmu/wrg2024_turtlebot3_ws/robot_ws/install/wrg_core/share/colcon-core/packages/wrg_core)
[21.292s] Level 1:colcon.colcon_core.environment:create_environment_scripts_only(wrg_core)
[21.293s] Level 1:colcon.colcon_core.environment:checking '/home/cmu/wrg2024_turtlebot3_ws/robot_ws/install/wrg_core' for CMake module files
[21.297s] Level 1:colcon.colcon_core.environment:checking '/home/cmu/wrg2024_turtlebot3_ws/robot_ws/install/wrg_core' for CMake config files
[21.304s] Level 1:colcon.colcon_core.shell:create_environment_hook('wrg_core', 'cmake_prefix_path')
[21.305s] INFO:colcon.colcon_core.shell:Creating environment hook '/home/cmu/wrg2024_turtlebot3_ws/robot_ws/install/wrg_core/share/wrg_core/hook/cmake_prefix_path.ps1'
[21.307s] INFO:colcon.colcon_core.shell:Creating environment descriptor '/home/cmu/wrg2024_turtlebot3_ws/robot_ws/install/wrg_core/share/wrg_core/hook/cmake_prefix_path.dsv'
[21.309s] INFO:colcon.colcon_core.shell:Creating environment hook '/home/cmu/wrg2024_turtlebot3_ws/robot_ws/install/wrg_core/share/wrg_core/hook/cmake_prefix_path.sh'
[21.311s] Level 1:colcon.colcon_core.environment:checking '/home/cmu/wrg2024_turtlebot3_ws/robot_ws/install/wrg_core/lib'
[21.312s] Level 1:colcon.colcon_core.environment:checking '/home/cmu/wrg2024_turtlebot3_ws/robot_ws/install/wrg_core/bin'
[21.312s] Level 1:colcon.colcon_core.environment:checking '/home/cmu/wrg2024_turtlebot3_ws/robot_ws/install/wrg_core/lib/pkgconfig/wrg_core.pc'
[21.313s] Level 1:colcon.colcon_core.environment:checking '/home/cmu/wrg2024_turtlebot3_ws/robot_ws/install/wrg_core/lib/python3.10/site-packages'
[21.314s] Level 1:colcon.colcon_core.environment:checking '/home/cmu/wrg2024_turtlebot3_ws/robot_ws/install/wrg_core/bin'
[21.315s] INFO:colcon.colcon_core.shell:Creating package script '/home/cmu/wrg2024_turtlebot3_ws/robot_ws/install/wrg_core/share/wrg_core/package.ps1'
[21.317s] INFO:colcon.colcon_core.shell:Creating package descriptor '/home/cmu/wrg2024_turtlebot3_ws/robot_ws/install/wrg_core/share/wrg_core/package.dsv'
[21.319s] INFO:colcon.colcon_core.shell:Creating package script '/home/cmu/wrg2024_turtlebot3_ws/robot_ws/install/wrg_core/share/wrg_core/package.sh'
[21.322s] INFO:colcon.colcon_core.shell:Creating package script '/home/cmu/wrg2024_turtlebot3_ws/robot_ws/install/wrg_core/share/wrg_core/package.bash'
[21.323s] INFO:colcon.colcon_core.shell:Creating package script '/home/cmu/wrg2024_turtlebot3_ws/robot_ws/install/wrg_core/share/wrg_core/package.zsh'
[21.325s] Level 1:colcon.colcon_core.environment:create_file_with_runtime_dependencies(/home/cmu/wrg2024_turtlebot3_ws/robot_ws/install/wrg_core/share/colcon-core/packages/wrg_core)
[21.326s] DEBUG:colcon.colcon_parallel_executor.executor.parallel:closing loop
[21.327s] DEBUG:colcon.colcon_parallel_executor.executor.parallel:loop closed
[21.328s] DEBUG:colcon.colcon_parallel_executor.executor.parallel:run_until_complete finished with '0'
[21.329s] DEBUG:colcon.colcon_core.event_reactor:joining thread
[21.354s] INFO:colcon.colcon_core.plugin_system:Skipping extension 'colcon_notification.desktop_notification.terminal_notifier': Not used on non-Darwin systems
[21.355s] INFO:colcon.colcon_core.plugin_system:Skipping extension 'colcon_notification.desktop_notification.win32': Not used on non-Windows systems
[21.355s] INFO:colcon.colcon_notification.desktop_notification:Sending desktop notification using 'notify2'
[21.412s] DEBUG:colcon.colcon_notification.desktop_notification.notify2:Failed to initialize notify2: org.freedesktop.DBus.Error.ServiceUnknown: The name org.freedesktop.Notifications was not provided by any .service files
[21.413s] DEBUG:colcon.colcon_core.event_reactor:joined thread
[21.414s] INFO:colcon.colcon_core.shell:Creating prefix script '/home/cmu/wrg2024_turtlebot3_ws/robot_ws/install/local_setup.ps1'
[21.419s] INFO:colcon.colcon_core.shell:Creating prefix util module '/home/cmu/wrg2024_turtlebot3_ws/robot_ws/install/_local_setup_util_ps1.py'
[21.426s] INFO:colcon.colcon_core.shell:Creating prefix chain script '/home/cmu/wrg2024_turtlebot3_ws/robot_ws/install/setup.ps1'
[21.435s] INFO:colcon.colcon_core.shell:Creating prefix script '/home/cmu/wrg2024_turtlebot3_ws/robot_ws/install/local_setup.sh'
[21.438s] INFO:colcon.colcon_core.shell:Creating prefix util module '/home/cmu/wrg2024_turtlebot3_ws/robot_ws/install/_local_setup_util_sh.py'
[21.440s] INFO:colcon.colcon_core.shell:Creating prefix chain script '/home/cmu/wrg2024_turtlebot3_ws/robot_ws/install/setup.sh'
[21.449s] INFO:colcon.colcon_core.shell:Creating prefix script '/home/cmu/wrg2024_turtlebot3_ws/robot_ws/install/local_setup.bash'
[21.451s] INFO:colcon.colcon_core.shell:Creating prefix chain script '/home/cmu/wrg2024_turtlebot3_ws/robot_ws/install/setup.bash'
[21.459s] INFO:colcon.colcon_core.shell:Creating prefix script '/home/cmu/wrg2024_turtlebot3_ws/robot_ws/install/local_setup.zsh'
[21.462s] INFO:colcon.colcon_core.shell:Creating prefix chain script '/home/cmu/wrg2024_turtlebot3_ws/robot_ws/install/setup.zsh'
