[2.868s] Invoking command in '/home/mannaja/wrg2024_turtlebot3_ws/build/turtlebot3_example': CMAKE_PREFIX_PATH=/home/mannaja/wrg2024_turtlebot3_ws/install/turtlebot3_msgs:/home/mannaja/wrg2024_turtlebot3_ws/install/turtlebot3:/home/mannaja/wrg2024_turtlebot3_ws/install/turtlebot3_simulations:/home/mannaja/wrg2024_turtlebot3_ws/install/turtlebot3_bringup:/home/mannaja/wrg2024_turtlebot3_ws/install/turtlebot3_node:/home/mannaja/wrg2024_turtlebot3_ws/install/turtlebot3_navigation2:/home/mannaja/wrg2024_turtlebot3_ws/install/turtlebot3_fake_node:/home/mannaja/wrg2024_turtlebot3_ws/install/turtlebot3_gazebo:/home/mannaja/wrg2024_turtlebot3_ws/install/turtlebot3_description:/home/mannaja/wrg2024_turtlebot3_ws/install/turtlebot3_cartographer:/home/mannaja/wrg2024_turtlebot3_ws/install/dynamixel_sdk_examples:/home/mannaja/wrg2024_turtlebot3_ws/install/dynamixel_sdk_custom_interfaces:/home/mannaja/wrg2024_turtlebot3_ws/install/dynamixel_sdk:/home/mannaja/turtlebot3_ws/install/turtlebot3:/home/mannaja/turtlebot3_ws/install/turtlebot3_simulations:/home/mannaja/turtlebot3_ws/install/turtlebot3_bringup:/home/mannaja/turtlebot3_ws/install/turtlebot3_node:/home/mannaja/turtlebot3_ws/install/turtlebot3_navigation2:/home/mannaja/turtlebot3_ws/install/turtlebot3_fake_node:/home/mannaja/turtlebot3_ws/install/turtlebot3_msgs:/home/mannaja/turtlebot3_ws/install/turtlebot3_gazebo:/home/mannaja/turtlebot3_ws/install/turtlebot3_description:/home/mannaja/turtlebot3_ws/install/turtlebot3_cartographer:/home/mannaja/turtlebot3_ws/install/dynamixel_sdk_examples:/home/mannaja/turtlebot3_ws/install/dynamixel_sdk_custom_interfaces:/home/mannaja/turtlebot3_ws/install/dynamixel_sdk:/home/mannaja/microros_ws/install/micro_ros_setup:/home/mannaja/microros_ws/install/micro_ros_agent:/home/mannaja/microros_ws/install/micro_ros_msgs PYTHONPATH=/home/mannaja/wrg2024_turtlebot3_ws/build/turtlebot3_example/prefix_override:/usr/lib/python3/dist-packages/colcon_core/task/python/colcon_distutils_commands:/home/mannaja/wrg2024_turtlebot3_ws/install/turtlebot3_example/lib/python3.10/site-packages:${PYTHONPATH} /usr/bin/python3 -W ignore:setup.py install is deprecated setup.py develop --editable --build-directory /home/mannaja/wrg2024_turtlebot3_ws/build/turtlebot3_example/build --no-deps symlink_data
[3.658s] running develop
[3.658s] /home/mannaja/.local/lib/python3.10/site-packages/setuptools/command/develop.py:42: EasyInstallDeprecationWarning: easy_install command is deprecated.
[3.658s] !!
[3.658s] 
[3.659s]         ********************************************************************************
[3.659s]         Please avoid running ``setup.py`` and ``easy_install``.
[3.659s]         Instead, use pypa/build, pypa/installer or other
[3.659s]         standards-based tools.
[3.659s] 
[3.660s]         See https://github.com/pypa/setuptools/issues/917 for details.
[3.660s]         ********************************************************************************
[3.660s] 
[3.660s] !!
[3.660s]   easy_install.initialize_options(self)
[4.324s] running egg_info
[4.324s] creating turtlebot3_example.egg-info
[4.375s] writing turtlebot3_example.egg-info/PKG-INFO
[4.377s] writing dependency_links to turtlebot3_example.egg-info/dependency_links.txt
[4.377s] writing entry points to turtlebot3_example.egg-info/entry_points.txt
[4.378s] writing requirements to turtlebot3_example.egg-info/requires.txt
[4.379s] writing top-level names to turtlebot3_example.egg-info/top_level.txt
[4.379s] writing manifest file 'turtlebot3_example.egg-info/SOURCES.txt'
[4.530s] reading manifest file 'turtlebot3_example.egg-info/SOURCES.txt'
[4.531s] writing manifest file 'turtlebot3_example.egg-info/SOURCES.txt'
[4.698s] running build_ext
[4.698s] Creating /home/mannaja/wrg2024_turtlebot3_ws/install/turtlebot3_example/lib/python3.10/site-packages/turtlebot3-example.egg-link (link to .)
[4.703s] Installing turtlebot3_obstacle_detection script to /home/mannaja/wrg2024_turtlebot3_ws/install/turtlebot3_example/lib/turtlebot3_example
[4.703s] Installing turtlebot3_patrol_client script to /home/mannaja/wrg2024_turtlebot3_ws/install/turtlebot3_example/lib/turtlebot3_example
[4.703s] Installing turtlebot3_patrol_server script to /home/mannaja/wrg2024_turtlebot3_ws/install/turtlebot3_example/lib/turtlebot3_example
[4.703s] Installing turtlebot3_position_control script to /home/mannaja/wrg2024_turtlebot3_ws/install/turtlebot3_example/lib/turtlebot3_example
[4.703s] 
[4.703s] Installed /home/mannaja/wrg2024_turtlebot3_ws/build/turtlebot3_example
[4.704s] running symlink_data
[4.704s] creating /home/mannaja/wrg2024_turtlebot3_ws/install/turtlebot3_example/share/ament_index
[4.704s] creating /home/mannaja/wrg2024_turtlebot3_ws/install/turtlebot3_example/share/ament_index/resource_index
[4.704s] creating /home/mannaja/wrg2024_turtlebot3_ws/install/turtlebot3_example/share/ament_index/resource_index/packages
[4.704s] symbolically linking /home/mannaja/wrg2024_turtlebot3_ws/build/turtlebot3_example/resource/turtlebot3_example -> /home/mannaja/wrg2024_turtlebot3_ws/install/turtlebot3_example/share/ament_index/resource_index/packages
[4.705s] symbolically linking /home/mannaja/wrg2024_turtlebot3_ws/build/turtlebot3_example/package.xml -> /home/mannaja/wrg2024_turtlebot3_ws/install/turtlebot3_example/share/turtlebot3_example
[4.794s] Invoked command in '/home/mannaja/wrg2024_turtlebot3_ws/build/turtlebot3_example' returned '0': CMAKE_PREFIX_PATH=/home/mannaja/wrg2024_turtlebot3_ws/install/turtlebot3_msgs:/home/mannaja/wrg2024_turtlebot3_ws/install/turtlebot3:/home/mannaja/wrg2024_turtlebot3_ws/install/turtlebot3_simulations:/home/mannaja/wrg2024_turtlebot3_ws/install/turtlebot3_bringup:/home/mannaja/wrg2024_turtlebot3_ws/install/turtlebot3_node:/home/mannaja/wrg2024_turtlebot3_ws/install/turtlebot3_navigation2:/home/mannaja/wrg2024_turtlebot3_ws/install/turtlebot3_fake_node:/home/mannaja/wrg2024_turtlebot3_ws/install/turtlebot3_gazebo:/home/mannaja/wrg2024_turtlebot3_ws/install/turtlebot3_description:/home/mannaja/wrg2024_turtlebot3_ws/install/turtlebot3_cartographer:/home/mannaja/wrg2024_turtlebot3_ws/install/dynamixel_sdk_examples:/home/mannaja/wrg2024_turtlebot3_ws/install/dynamixel_sdk_custom_interfaces:/home/mannaja/wrg2024_turtlebot3_ws/install/dynamixel_sdk:/home/mannaja/turtlebot3_ws/install/turtlebot3:/home/mannaja/turtlebot3_ws/install/turtlebot3_simulations:/home/mannaja/turtlebot3_ws/install/turtlebot3_bringup:/home/mannaja/turtlebot3_ws/install/turtlebot3_node:/home/mannaja/turtlebot3_ws/install/turtlebot3_navigation2:/home/mannaja/turtlebot3_ws/install/turtlebot3_fake_node:/home/mannaja/turtlebot3_ws/install/turtlebot3_msgs:/home/mannaja/turtlebot3_ws/install/turtlebot3_gazebo:/home/mannaja/turtlebot3_ws/install/turtlebot3_description:/home/mannaja/turtlebot3_ws/install/turtlebot3_cartographer:/home/mannaja/turtlebot3_ws/install/dynamixel_sdk_examples:/home/mannaja/turtlebot3_ws/install/dynamixel_sdk_custom_interfaces:/home/mannaja/turtlebot3_ws/install/dynamixel_sdk:/home/mannaja/microros_ws/install/micro_ros_setup:/home/mannaja/microros_ws/install/micro_ros_agent:/home/mannaja/microros_ws/install/micro_ros_msgs PYTHONPATH=/home/mannaja/wrg2024_turtlebot3_ws/build/turtlebot3_example/prefix_override:/usr/lib/python3/dist-packages/colcon_core/task/python/colcon_distutils_commands:/home/mannaja/wrg2024_turtlebot3_ws/install/turtlebot3_example/lib/python3.10/site-packages:${PYTHONPATH} /usr/bin/python3 -W ignore:setup.py install is deprecated setup.py develop --editable --build-directory /home/mannaja/wrg2024_turtlebot3_ws/build/turtlebot3_example/build --no-deps symlink_data
