[0.548s] Invoking command in '/home/mannaja/wrg2024_turtlebot3_ws/build/turtlebot3_fake_node': CMAKE_PREFIX_PATH=/home/mannaja/wrg2024_turtlebot3_ws/install/turtlebot3_msgs:/home/mannaja/wrg2024_turtlebot3_ws/install/wrg_core:/home/mannaja/wrg2024_turtlebot3_ws/install/turtlebot3:/home/mannaja/wrg2024_turtlebot3_ws/install/turtlebot3_simulations:/home/mannaja/wrg2024_turtlebot3_ws/install/turtlebot3_bringup:/home/mannaja/wrg2024_turtlebot3_ws/install/turtlebot3_node:/home/mannaja/wrg2024_turtlebot3_ws/install/turtlebot3_navigation2:/home/mannaja/wrg2024_turtlebot3_ws/install/turtlebot3_fake_node:/home/mannaja/wrg2024_turtlebot3_ws/install/turtlebot3_gazebo:/home/mannaja/wrg2024_turtlebot3_ws/install/turtlebot3_description:/home/mannaja/wrg2024_turtlebot3_ws/install/turtlebot3_cartographer:/home/mannaja/wrg2024_turtlebot3_ws/install/dynamixel_sdk_examples:/home/mannaja/wrg2024_turtlebot3_ws/install/dynamixel_sdk_custom_interfaces:/home/mannaja/wrg2024_turtlebot3_ws/install/dynamixel_sdk:/home/mannaja/turtlebot3_ws/install/turtlebot3:/home/mannaja/turtlebot3_ws/install/turtlebot3_simulations:/home/mannaja/turtlebot3_ws/install/turtlebot3_bringup:/home/mannaja/turtlebot3_ws/install/turtlebot3_node:/home/mannaja/turtlebot3_ws/install/turtlebot3_navigation2:/home/mannaja/turtlebot3_ws/install/turtlebot3_fake_node:/home/mannaja/turtlebot3_ws/install/turtlebot3_msgs:/home/mannaja/turtlebot3_ws/install/turtlebot3_gazebo:/home/mannaja/turtlebot3_ws/install/turtlebot3_description:/home/mannaja/turtlebot3_ws/install/turtlebot3_cartographer:/home/mannaja/turtlebot3_ws/install/dynamixel_sdk_examples:/home/mannaja/turtlebot3_ws/install/dynamixel_sdk_custom_interfaces:/home/mannaja/turtlebot3_ws/install/dynamixel_sdk:/home/mannaja/microros_ws/install/micro_ros_setup:/home/mannaja/microros_ws/install/micro_ros_agent:/home/mannaja/microros_ws/install/micro_ros_msgs:/home/mannaja/wrg2024_turtlebot3_ws/install/turtlebot3_teleop:/home/mannaja/wrg2024_turtlebot3_ws/install/turtlebot3_example:/home/mannaja/turtlebot3_ws/install/turtlebot3_teleop:/home/mannaja/turtlebot3_ws/install/turtlebot3_example:/home/mannaja/coding/project/python_minecraftDetectMob_andSendDataToRos2/ros2_ws/install/pi_node:/home/mannaja/coding/project/python_minecraftDetectMob_andSendDataToRos2/ros2_ws/install/laptop_node:/home/mannaja/coding/project/ABU2024_Manual/robot_ws/install/robot_core:/opt/ros/humble /home/mannaja/.local/bin/cmake /home/mannaja/wrg2024_turtlebot3_ws/src/turtlebot3_simulations/turtlebot3_fake_node -Wno-dev -DAMENT_CMAKE_SYMLINK_INSTALL=1 -DCMAKE_INSTALL_PREFIX=/home/mannaja/wrg2024_turtlebot3_ws/install/turtlebot3_fake_node
[0.890s] -- The C compiler identification is GNU 11.4.0
[1.028s] -- The CXX compiler identification is GNU 11.4.0
[1.053s] -- Detecting C compiler ABI info
[1.174s] -- Detecting C compiler ABI info - done
[1.216s] -- Check for working C compiler: /usr/bin/cc - skipped
[1.216s] -- Detecting C compile features
[1.217s] -- Detecting C compile features - done
[1.225s] -- Detecting CXX compiler ABI info
[1.361s] -- Detecting CXX compiler ABI info - done
[1.400s] -- Check for working CXX compiler: /usr/bin/c++ - skipped
[1.401s] -- Detecting CXX compile features
[1.402s] -- Detecting CXX compile features - done
[1.412s] -- Found ament_cmake: 1.3.9 (/opt/ros/humble/share/ament_cmake/cmake)
[1.780s] -- Found Python3: /usr/bin/python3 (found version "3.10.12") found components: Interpreter
[1.952s] -- Override CMake install command with custom implementation using symlinks instead of copying resources
[2.079s] -- Found geometry_msgs: 4.2.4 (/opt/ros/humble/share/geometry_msgs/cmake)
[2.232s] -- Found rosidl_generator_c: 3.1.5 (/opt/ros/humble/share/rosidl_generator_c/cmake)
[2.253s] -- Found rosidl_adapter: 3.1.5 (/opt/ros/humble/share/rosidl_adapter/cmake)
[2.285s] -- Found rosidl_generator_cpp: 3.1.5 (/opt/ros/humble/share/rosidl_generator_cpp/cmake)
[2.341s] -- Using all available rosidl_typesupport_c: rosidl_typesupport_fastrtps_c;rosidl_typesupport_introspection_c
[2.413s] -- Using all available rosidl_typesupport_cpp: rosidl_typesupport_fastrtps_cpp;rosidl_typesupport_introspection_cpp
[2.805s] -- Found nav_msgs: 4.2.4 (/opt/ros/humble/share/nav_msgs/cmake)
[3.099s] -- Found rclcpp: 16.0.9 (/opt/ros/humble/share/rclcpp/cmake)
[3.361s] -- Found rmw_implementation_cmake: 6.1.2 (/opt/ros/humble/share/rmw_implementation_cmake/cmake)
[3.377s] -- Found rmw_fastrtps_cpp: 6.2.6 (/opt/ros/humble/share/rmw_fastrtps_cpp/cmake)
[3.733s] -- Found OpenSSL: /usr/lib/x86_64-linux-gnu/libcrypto.so (found version "3.0.2")
[3.829s] -- Found FastRTPS: /opt/ros/humble/include
[3.994s] -- Using RMW implementation 'rmw_fastrtps_cpp' as default
[4.037s] -- Performing Test CMAKE_HAVE_LIBC_PTHREAD
[4.187s] -- Performing Test CMAKE_HAVE_LIBC_PTHREAD - Success
[4.191s] -- Found Threads: TRUE
[4.621s] -- Found sensor_msgs: 4.2.4 (/opt/ros/humble/share/sensor_msgs/cmake)
[4.855s] -- Found tf2: 0.25.7 (/opt/ros/humble/share/tf2/cmake)
[4.899s] -- Found tf2_msgs: 0.25.7 (/opt/ros/humble/share/tf2_msgs/cmake)
[5.185s] -- Found turtlebot3_msgs: 2.2.3 (/home/mannaja/wrg2024_turtlebot3_ws/install/turtlebot3_msgs/share/turtlebot3_msgs/cmake)
[5.672s] -- Configuring done (4.9s)
[5.702s] -- Generating done (0.0s)
[5.707s] -- Build files have been written to: /home/mannaja/wrg2024_turtlebot3_ws/build/turtlebot3_fake_node
[5.757s] Invoked command in '/home/mannaja/wrg2024_turtlebot3_ws/build/turtlebot3_fake_node' returned '0': CMAKE_PREFIX_PATH=/home/mannaja/wrg2024_turtlebot3_ws/install/turtlebot3_msgs:/home/mannaja/wrg2024_turtlebot3_ws/install/wrg_core:/home/mannaja/wrg2024_turtlebot3_ws/install/turtlebot3:/home/mannaja/wrg2024_turtlebot3_ws/install/turtlebot3_simulations:/home/mannaja/wrg2024_turtlebot3_ws/install/turtlebot3_bringup:/home/mannaja/wrg2024_turtlebot3_ws/install/turtlebot3_node:/home/mannaja/wrg2024_turtlebot3_ws/install/turtlebot3_navigation2:/home/mannaja/wrg2024_turtlebot3_ws/install/turtlebot3_fake_node:/home/mannaja/wrg2024_turtlebot3_ws/install/turtlebot3_gazebo:/home/mannaja/wrg2024_turtlebot3_ws/install/turtlebot3_description:/home/mannaja/wrg2024_turtlebot3_ws/install/turtlebot3_cartographer:/home/mannaja/wrg2024_turtlebot3_ws/install/dynamixel_sdk_examples:/home/mannaja/wrg2024_turtlebot3_ws/install/dynamixel_sdk_custom_interfaces:/home/mannaja/wrg2024_turtlebot3_ws/install/dynamixel_sdk:/home/mannaja/turtlebot3_ws/install/turtlebot3:/home/mannaja/turtlebot3_ws/install/turtlebot3_simulations:/home/mannaja/turtlebot3_ws/install/turtlebot3_bringup:/home/mannaja/turtlebot3_ws/install/turtlebot3_node:/home/mannaja/turtlebot3_ws/install/turtlebot3_navigation2:/home/mannaja/turtlebot3_ws/install/turtlebot3_fake_node:/home/mannaja/turtlebot3_ws/install/turtlebot3_msgs:/home/mannaja/turtlebot3_ws/install/turtlebot3_gazebo:/home/mannaja/turtlebot3_ws/install/turtlebot3_description:/home/mannaja/turtlebot3_ws/install/turtlebot3_cartographer:/home/mannaja/turtlebot3_ws/install/dynamixel_sdk_examples:/home/mannaja/turtlebot3_ws/install/dynamixel_sdk_custom_interfaces:/home/mannaja/turtlebot3_ws/install/dynamixel_sdk:/home/mannaja/microros_ws/install/micro_ros_setup:/home/mannaja/microros_ws/install/micro_ros_agent:/home/mannaja/microros_ws/install/micro_ros_msgs:/home/mannaja/wrg2024_turtlebot3_ws/install/turtlebot3_teleop:/home/mannaja/wrg2024_turtlebot3_ws/install/turtlebot3_example:/home/mannaja/turtlebot3_ws/install/turtlebot3_teleop:/home/mannaja/turtlebot3_ws/install/turtlebot3_example:/home/mannaja/coding/project/python_minecraftDetectMob_andSendDataToRos2/ros2_ws/install/pi_node:/home/mannaja/coding/project/python_minecraftDetectMob_andSendDataToRos2/ros2_ws/install/laptop_node:/home/mannaja/coding/project/ABU2024_Manual/robot_ws/install/robot_core:/opt/ros/humble /home/mannaja/.local/bin/cmake /home/mannaja/wrg2024_turtlebot3_ws/src/turtlebot3_simulations/turtlebot3_fake_node -Wno-dev -DAMENT_CMAKE_SYMLINK_INSTALL=1 -DCMAKE_INSTALL_PREFIX=/home/mannaja/wrg2024_turtlebot3_ws/install/turtlebot3_fake_node
[5.761s] Invoking command in '/home/mannaja/wrg2024_turtlebot3_ws/build/turtlebot3_fake_node': CMAKE_PREFIX_PATH=/home/mannaja/wrg2024_turtlebot3_ws/install/turtlebot3_msgs:/home/mannaja/wrg2024_turtlebot3_ws/install/wrg_core:/home/mannaja/wrg2024_turtlebot3_ws/install/turtlebot3:/home/mannaja/wrg2024_turtlebot3_ws/install/turtlebot3_simulations:/home/mannaja/wrg2024_turtlebot3_ws/install/turtlebot3_bringup:/home/mannaja/wrg2024_turtlebot3_ws/install/turtlebot3_node:/home/mannaja/wrg2024_turtlebot3_ws/install/turtlebot3_navigation2:/home/mannaja/wrg2024_turtlebot3_ws/install/turtlebot3_fake_node:/home/mannaja/wrg2024_turtlebot3_ws/install/turtlebot3_gazebo:/home/mannaja/wrg2024_turtlebot3_ws/install/turtlebot3_description:/home/mannaja/wrg2024_turtlebot3_ws/install/turtlebot3_cartographer:/home/mannaja/wrg2024_turtlebot3_ws/install/dynamixel_sdk_examples:/home/mannaja/wrg2024_turtlebot3_ws/install/dynamixel_sdk_custom_interfaces:/home/mannaja/wrg2024_turtlebot3_ws/install/dynamixel_sdk:/home/mannaja/turtlebot3_ws/install/turtlebot3:/home/mannaja/turtlebot3_ws/install/turtlebot3_simulations:/home/mannaja/turtlebot3_ws/install/turtlebot3_bringup:/home/mannaja/turtlebot3_ws/install/turtlebot3_node:/home/mannaja/turtlebot3_ws/install/turtlebot3_navigation2:/home/mannaja/turtlebot3_ws/install/turtlebot3_fake_node:/home/mannaja/turtlebot3_ws/install/turtlebot3_msgs:/home/mannaja/turtlebot3_ws/install/turtlebot3_gazebo:/home/mannaja/turtlebot3_ws/install/turtlebot3_description:/home/mannaja/turtlebot3_ws/install/turtlebot3_cartographer:/home/mannaja/turtlebot3_ws/install/dynamixel_sdk_examples:/home/mannaja/turtlebot3_ws/install/dynamixel_sdk_custom_interfaces:/home/mannaja/turtlebot3_ws/install/dynamixel_sdk:/home/mannaja/microros_ws/install/micro_ros_setup:/home/mannaja/microros_ws/install/micro_ros_agent:/home/mannaja/microros_ws/install/micro_ros_msgs:/home/mannaja/wrg2024_turtlebot3_ws/install/turtlebot3_teleop:/home/mannaja/wrg2024_turtlebot3_ws/install/turtlebot3_example:/home/mannaja/turtlebot3_ws/install/turtlebot3_teleop:/home/mannaja/turtlebot3_ws/install/turtlebot3_example:/home/mannaja/coding/project/python_minecraftDetectMob_andSendDataToRos2/ros2_ws/install/pi_node:/home/mannaja/coding/project/python_minecraftDetectMob_andSendDataToRos2/ros2_ws/install/laptop_node:/home/mannaja/coding/project/ABU2024_Manual/robot_ws/install/robot_core:/opt/ros/humble /home/mannaja/.local/bin/cmake --build /home/mannaja/wrg2024_turtlebot3_ws/build/turtlebot3_fake_node -- -j12 -l12
[5.956s] gmake[1]: Entering directory '/home/mannaja/wrg2024_turtlebot3_ws/build/turtlebot3_fake_node'
[5.981s] gmake[2]: Entering directory '/home/mannaja/wrg2024_turtlebot3_ws/build/turtlebot3_fake_node'
[5.985s] gmake[3]: Entering directory '/home/mannaja/wrg2024_turtlebot3_ws/build/turtlebot3_fake_node'
[5.992s] gmake[3]: Leaving directory '/home/mannaja/wrg2024_turtlebot3_ws/build/turtlebot3_fake_node'
[5.996s] gmake[3]: Entering directory '/home/mannaja/wrg2024_turtlebot3_ws/build/turtlebot3_fake_node'
[6.002s] [ 50%] [32mBuilding CXX object CMakeFiles/turtlebot3_fake_node.dir/src/turtlebot3_fake_node.cpp.o[0m
[24.189s] [100%] [32m[1mLinking CXX executable turtlebot3_fake_node[0m
[24.720s] gmake[3]: Leaving directory '/home/mannaja/wrg2024_turtlebot3_ws/build/turtlebot3_fake_node'
[24.733s] [100%] Built target turtlebot3_fake_node
[24.734s] gmake[2]: Leaving directory '/home/mannaja/wrg2024_turtlebot3_ws/build/turtlebot3_fake_node'
[24.737s] gmake[1]: Leaving directory '/home/mannaja/wrg2024_turtlebot3_ws/build/turtlebot3_fake_node'
[24.752s] Invoked command in '/home/mannaja/wrg2024_turtlebot3_ws/build/turtlebot3_fake_node' returned '0': CMAKE_PREFIX_PATH=/home/mannaja/wrg2024_turtlebot3_ws/install/turtlebot3_msgs:/home/mannaja/wrg2024_turtlebot3_ws/install/wrg_core:/home/mannaja/wrg2024_turtlebot3_ws/install/turtlebot3:/home/mannaja/wrg2024_turtlebot3_ws/install/turtlebot3_simulations:/home/mannaja/wrg2024_turtlebot3_ws/install/turtlebot3_bringup:/home/mannaja/wrg2024_turtlebot3_ws/install/turtlebot3_node:/home/mannaja/wrg2024_turtlebot3_ws/install/turtlebot3_navigation2:/home/mannaja/wrg2024_turtlebot3_ws/install/turtlebot3_fake_node:/home/mannaja/wrg2024_turtlebot3_ws/install/turtlebot3_gazebo:/home/mannaja/wrg2024_turtlebot3_ws/install/turtlebot3_description:/home/mannaja/wrg2024_turtlebot3_ws/install/turtlebot3_cartographer:/home/mannaja/wrg2024_turtlebot3_ws/install/dynamixel_sdk_examples:/home/mannaja/wrg2024_turtlebot3_ws/install/dynamixel_sdk_custom_interfaces:/home/mannaja/wrg2024_turtlebot3_ws/install/dynamixel_sdk:/home/mannaja/turtlebot3_ws/install/turtlebot3:/home/mannaja/turtlebot3_ws/install/turtlebot3_simulations:/home/mannaja/turtlebot3_ws/install/turtlebot3_bringup:/home/mannaja/turtlebot3_ws/install/turtlebot3_node:/home/mannaja/turtlebot3_ws/install/turtlebot3_navigation2:/home/mannaja/turtlebot3_ws/install/turtlebot3_fake_node:/home/mannaja/turtlebot3_ws/install/turtlebot3_msgs:/home/mannaja/turtlebot3_ws/install/turtlebot3_gazebo:/home/mannaja/turtlebot3_ws/install/turtlebot3_description:/home/mannaja/turtlebot3_ws/install/turtlebot3_cartographer:/home/mannaja/turtlebot3_ws/install/dynamixel_sdk_examples:/home/mannaja/turtlebot3_ws/install/dynamixel_sdk_custom_interfaces:/home/mannaja/turtlebot3_ws/install/dynamixel_sdk:/home/mannaja/microros_ws/install/micro_ros_setup:/home/mannaja/microros_ws/install/micro_ros_agent:/home/mannaja/microros_ws/install/micro_ros_msgs:/home/mannaja/wrg2024_turtlebot3_ws/install/turtlebot3_teleop:/home/mannaja/wrg2024_turtlebot3_ws/install/turtlebot3_example:/home/mannaja/turtlebot3_ws/install/turtlebot3_teleop:/home/mannaja/turtlebot3_ws/install/turtlebot3_example:/home/mannaja/coding/project/python_minecraftDetectMob_andSendDataToRos2/ros2_ws/install/pi_node:/home/mannaja/coding/project/python_minecraftDetectMob_andSendDataToRos2/ros2_ws/install/laptop_node:/home/mannaja/coding/project/ABU2024_Manual/robot_ws/install/robot_core:/opt/ros/humble /home/mannaja/.local/bin/cmake --build /home/mannaja/wrg2024_turtlebot3_ws/build/turtlebot3_fake_node -- -j12 -l12
[24.890s] Invoking command in '/home/mannaja/wrg2024_turtlebot3_ws/build/turtlebot3_fake_node': CMAKE_PREFIX_PATH=/home/mannaja/wrg2024_turtlebot3_ws/install/turtlebot3_msgs:/home/mannaja/wrg2024_turtlebot3_ws/install/wrg_core:/home/mannaja/wrg2024_turtlebot3_ws/install/turtlebot3:/home/mannaja/wrg2024_turtlebot3_ws/install/turtlebot3_simulations:/home/mannaja/wrg2024_turtlebot3_ws/install/turtlebot3_bringup:/home/mannaja/wrg2024_turtlebot3_ws/install/turtlebot3_node:/home/mannaja/wrg2024_turtlebot3_ws/install/turtlebot3_navigation2:/home/mannaja/wrg2024_turtlebot3_ws/install/turtlebot3_fake_node:/home/mannaja/wrg2024_turtlebot3_ws/install/turtlebot3_gazebo:/home/mannaja/wrg2024_turtlebot3_ws/install/turtlebot3_description:/home/mannaja/wrg2024_turtlebot3_ws/install/turtlebot3_cartographer:/home/mannaja/wrg2024_turtlebot3_ws/install/dynamixel_sdk_examples:/home/mannaja/wrg2024_turtlebot3_ws/install/dynamixel_sdk_custom_interfaces:/home/mannaja/wrg2024_turtlebot3_ws/install/dynamixel_sdk:/home/mannaja/turtlebot3_ws/install/turtlebot3:/home/mannaja/turtlebot3_ws/install/turtlebot3_simulations:/home/mannaja/turtlebot3_ws/install/turtlebot3_bringup:/home/mannaja/turtlebot3_ws/install/turtlebot3_node:/home/mannaja/turtlebot3_ws/install/turtlebot3_navigation2:/home/mannaja/turtlebot3_ws/install/turtlebot3_fake_node:/home/mannaja/turtlebot3_ws/install/turtlebot3_msgs:/home/mannaja/turtlebot3_ws/install/turtlebot3_gazebo:/home/mannaja/turtlebot3_ws/install/turtlebot3_description:/home/mannaja/turtlebot3_ws/install/turtlebot3_cartographer:/home/mannaja/turtlebot3_ws/install/dynamixel_sdk_examples:/home/mannaja/turtlebot3_ws/install/dynamixel_sdk_custom_interfaces:/home/mannaja/turtlebot3_ws/install/dynamixel_sdk:/home/mannaja/microros_ws/install/micro_ros_setup:/home/mannaja/microros_ws/install/micro_ros_agent:/home/mannaja/microros_ws/install/micro_ros_msgs:/home/mannaja/wrg2024_turtlebot3_ws/install/turtlebot3_teleop:/home/mannaja/wrg2024_turtlebot3_ws/install/turtlebot3_example:/home/mannaja/turtlebot3_ws/install/turtlebot3_teleop:/home/mannaja/turtlebot3_ws/install/turtlebot3_example:/home/mannaja/coding/project/python_minecraftDetectMob_andSendDataToRos2/ros2_ws/install/pi_node:/home/mannaja/coding/project/python_minecraftDetectMob_andSendDataToRos2/ros2_ws/install/laptop_node:/home/mannaja/coding/project/ABU2024_Manual/robot_ws/install/robot_core:/opt/ros/humble /home/mannaja/.local/bin/cmake --install /home/mannaja/wrg2024_turtlebot3_ws/build/turtlebot3_fake_node
[24.988s] -- Install configuration: ""
[24.988s] -- Execute custom install script
[24.989s] -- Symlinking: /home/mannaja/wrg2024_turtlebot3_ws/install/turtlebot3_fake_node/lib/turtlebot3_fake_node/turtlebot3_fake_node
[24.993s] -- Symlinking: /home/mannaja/wrg2024_turtlebot3_ws/install/turtlebot3_fake_node/share/turtlebot3_fake_node/launch/rviz2.launch.py
[24.997s] -- Symlinking: /home/mannaja/wrg2024_turtlebot3_ws/install/turtlebot3_fake_node/share/turtlebot3_fake_node/launch/turtlebot3_fake_node.launch.py
[25.001s] -- Symlinking: /home/mannaja/wrg2024_turtlebot3_ws/install/turtlebot3_fake_node/share/turtlebot3_fake_node/param/burger.yaml
[25.005s] -- Symlinking: /home/mannaja/wrg2024_turtlebot3_ws/install/turtlebot3_fake_node/share/turtlebot3_fake_node/param/waffle.yaml
[25.009s] -- Symlinking: /home/mannaja/wrg2024_turtlebot3_ws/install/turtlebot3_fake_node/share/turtlebot3_fake_node/param/waffle_pi.yaml
[25.013s] -- Symlinking: /home/mannaja/wrg2024_turtlebot3_ws/install/turtlebot3_fake_node/include//turtlebot3_fake_node/turtlebot3_fake_node.hpp
[25.017s] -- Symlinking: /home/mannaja/wrg2024_turtlebot3_ws/install/turtlebot3_fake_node/share/ament_index/resource_index/package_run_dependencies/turtlebot3_fake_node
[25.021s] -- Symlinking: /home/mannaja/wrg2024_turtlebot3_ws/install/turtlebot3_fake_node/share/ament_index/resource_index/parent_prefix_path/turtlebot3_fake_node
[25.024s] -- Symlinking: /home/mannaja/wrg2024_turtlebot3_ws/install/turtlebot3_fake_node/share/turtlebot3_fake_node/environment/ament_prefix_path.sh
[25.028s] -- Symlinking: /home/mannaja/wrg2024_turtlebot3_ws/install/turtlebot3_fake_node/share/turtlebot3_fake_node/environment/ament_prefix_path.dsv
[25.032s] -- Symlinking: /home/mannaja/wrg2024_turtlebot3_ws/install/turtlebot3_fake_node/share/turtlebot3_fake_node/environment/path.sh
[25.036s] -- Symlinking: /home/mannaja/wrg2024_turtlebot3_ws/install/turtlebot3_fake_node/share/turtlebot3_fake_node/environment/path.dsv
[25.040s] -- Symlinking: /home/mannaja/wrg2024_turtlebot3_ws/install/turtlebot3_fake_node/share/turtlebot3_fake_node/local_setup.bash
[25.043s] -- Symlinking: /home/mannaja/wrg2024_turtlebot3_ws/install/turtlebot3_fake_node/share/turtlebot3_fake_node/local_setup.sh
[25.048s] -- Symlinking: /home/mannaja/wrg2024_turtlebot3_ws/install/turtlebot3_fake_node/share/turtlebot3_fake_node/local_setup.zsh
[25.052s] -- Symlinking: /home/mannaja/wrg2024_turtlebot3_ws/install/turtlebot3_fake_node/share/turtlebot3_fake_node/local_setup.dsv
[25.056s] -- Symlinking: /home/mannaja/wrg2024_turtlebot3_ws/install/turtlebot3_fake_node/share/turtlebot3_fake_node/package.dsv
[25.060s] -- Symlinking: /home/mannaja/wrg2024_turtlebot3_ws/install/turtlebot3_fake_node/share/ament_index/resource_index/packages/turtlebot3_fake_node
[25.065s] -- Symlinking: /home/mannaja/wrg2024_turtlebot3_ws/install/turtlebot3_fake_node/share/turtlebot3_fake_node/cmake/ament_cmake_export_include_directories-extras.cmake
[25.068s] -- Symlinking: /home/mannaja/wrg2024_turtlebot3_ws/install/turtlebot3_fake_node/share/turtlebot3_fake_node/cmake/ament_cmake_export_dependencies-extras.cmake
[25.072s] -- Symlinking: /home/mannaja/wrg2024_turtlebot3_ws/install/turtlebot3_fake_node/share/turtlebot3_fake_node/cmake/turtlebot3_fake_nodeConfig.cmake
[25.077s] -- Symlinking: /home/mannaja/wrg2024_turtlebot3_ws/install/turtlebot3_fake_node/share/turtlebot3_fake_node/cmake/turtlebot3_fake_nodeConfig-version.cmake
[25.082s] -- Symlinking: /home/mannaja/wrg2024_turtlebot3_ws/install/turtlebot3_fake_node/share/turtlebot3_fake_node/package.xml
[25.112s] Invoked command in '/home/mannaja/wrg2024_turtlebot3_ws/build/turtlebot3_fake_node' returned '0': CMAKE_PREFIX_PATH=/home/mannaja/wrg2024_turtlebot3_ws/install/turtlebot3_msgs:/home/mannaja/wrg2024_turtlebot3_ws/install/wrg_core:/home/mannaja/wrg2024_turtlebot3_ws/install/turtlebot3:/home/mannaja/wrg2024_turtlebot3_ws/install/turtlebot3_simulations:/home/mannaja/wrg2024_turtlebot3_ws/install/turtlebot3_bringup:/home/mannaja/wrg2024_turtlebot3_ws/install/turtlebot3_node:/home/mannaja/wrg2024_turtlebot3_ws/install/turtlebot3_navigation2:/home/mannaja/wrg2024_turtlebot3_ws/install/turtlebot3_fake_node:/home/mannaja/wrg2024_turtlebot3_ws/install/turtlebot3_gazebo:/home/mannaja/wrg2024_turtlebot3_ws/install/turtlebot3_description:/home/mannaja/wrg2024_turtlebot3_ws/install/turtlebot3_cartographer:/home/mannaja/wrg2024_turtlebot3_ws/install/dynamixel_sdk_examples:/home/mannaja/wrg2024_turtlebot3_ws/install/dynamixel_sdk_custom_interfaces:/home/mannaja/wrg2024_turtlebot3_ws/install/dynamixel_sdk:/home/mannaja/turtlebot3_ws/install/turtlebot3:/home/mannaja/turtlebot3_ws/install/turtlebot3_simulations:/home/mannaja/turtlebot3_ws/install/turtlebot3_bringup:/home/mannaja/turtlebot3_ws/install/turtlebot3_node:/home/mannaja/turtlebot3_ws/install/turtlebot3_navigation2:/home/mannaja/turtlebot3_ws/install/turtlebot3_fake_node:/home/mannaja/turtlebot3_ws/install/turtlebot3_msgs:/home/mannaja/turtlebot3_ws/install/turtlebot3_gazebo:/home/mannaja/turtlebot3_ws/install/turtlebot3_description:/home/mannaja/turtlebot3_ws/install/turtlebot3_cartographer:/home/mannaja/turtlebot3_ws/install/dynamixel_sdk_examples:/home/mannaja/turtlebot3_ws/install/dynamixel_sdk_custom_interfaces:/home/mannaja/turtlebot3_ws/install/dynamixel_sdk:/home/mannaja/microros_ws/install/micro_ros_setup:/home/mannaja/microros_ws/install/micro_ros_agent:/home/mannaja/microros_ws/install/micro_ros_msgs:/home/mannaja/wrg2024_turtlebot3_ws/install/turtlebot3_teleop:/home/mannaja/wrg2024_turtlebot3_ws/install/turtlebot3_example:/home/mannaja/turtlebot3_ws/install/turtlebot3_teleop:/home/mannaja/turtlebot3_ws/install/turtlebot3_example:/home/mannaja/coding/project/python_minecraftDetectMob_andSendDataToRos2/ros2_ws/install/pi_node:/home/mannaja/coding/project/python_minecraftDetectMob_andSendDataToRos2/ros2_ws/install/laptop_node:/home/mannaja/coding/project/ABU2024_Manual/robot_ws/install/robot_core:/opt/ros/humble /home/mannaja/.local/bin/cmake --install /home/mannaja/wrg2024_turtlebot3_ws/build/turtlebot3_fake_node
