[0.058s] Invoking command in '/home/mannaja/wrg2024_turtlebot3_ws/build/dynamixel_sdk': CMAKE_PREFIX_PATH=${CMAKE_PREFIX_PATH}:/home/mannaja/wrg2024_turtlebot3_ws/install/turtlebot3_teleop:/home/mannaja/wrg2024_turtlebot3_ws/install/turtlebot3_example:/home/mannaja/turtlebot3_ws/install/turtlebot3_teleop:/home/mannaja/turtlebot3_ws/install/turtlebot3_example:/home/mannaja/coding/project/python_minecraftDetectMob_andSendDataToRos2/ros2_ws/install/pi_node:/home/mannaja/coding/project/python_minecraftDetectMob_andSendDataToRos2/ros2_ws/install/laptop_node:/home/mannaja/coding/project/ABU2024_Manual/robot_ws/install/robot_core:/opt/ros/humble /home/mannaja/.local/bin/cmake /home/mannaja/wrg2024_turtlebot3_ws/src/DynamixelSDK/dynamixel_sdk -Wno-dev -DAMENT_CMAKE_SYMLINK_INSTALL=1 -DCMAKE_INSTALL_PREFIX=/home/mannaja/wrg2024_turtlebot3_ws/install/dynamixel_sdk
[0.640s] -- The C compiler identification is GNU 11.4.0
[0.832s] -- The CXX compiler identification is GNU 11.4.0
[0.874s] -- Detecting C compiler ABI info
[1.008s] -- Detecting C compiler ABI info - done
[1.055s] -- Check for working C compiler: /usr/bin/cc - skipped
[1.055s] -- Detecting C compile features
[1.058s] -- Detecting C compile features - done
[1.072s] -- Detecting CXX compiler ABI info
[1.255s] -- Detecting CXX compiler ABI info - done
[1.307s] -- Check for working CXX compiler: /usr/bin/c++ - skipped
[1.308s] -- Detecting CXX compile features
[1.310s] -- Detecting CXX compile features - done
[1.321s] -- Found ament_cmake: 1.3.9 (/opt/ros/humble/share/ament_cmake/cmake)
[1.632s] -- Found Python3: /usr/bin/python3 (found version "3.10.12") found components: Interpreter
[1.778s] -- Override CMake install command with custom implementation using symlinks instead of copying resources
[2.181s] -- Configuring done (2.0s)
[2.199s] -- Generating done (0.0s)
[2.204s] -- Build files have been written to: /home/mannaja/wrg2024_turtlebot3_ws/build/dynamixel_sdk
[2.240s] Invoked command in '/home/mannaja/wrg2024_turtlebot3_ws/build/dynamixel_sdk' returned '0': CMAKE_PREFIX_PATH=${CMAKE_PREFIX_PATH}:/home/mannaja/wrg2024_turtlebot3_ws/install/turtlebot3_teleop:/home/mannaja/wrg2024_turtlebot3_ws/install/turtlebot3_example:/home/mannaja/turtlebot3_ws/install/turtlebot3_teleop:/home/mannaja/turtlebot3_ws/install/turtlebot3_example:/home/mannaja/coding/project/python_minecraftDetectMob_andSendDataToRos2/ros2_ws/install/pi_node:/home/mannaja/coding/project/python_minecraftDetectMob_andSendDataToRos2/ros2_ws/install/laptop_node:/home/mannaja/coding/project/ABU2024_Manual/robot_ws/install/robot_core:/opt/ros/humble /home/mannaja/.local/bin/cmake /home/mannaja/wrg2024_turtlebot3_ws/src/DynamixelSDK/dynamixel_sdk -Wno-dev -DAMENT_CMAKE_SYMLINK_INSTALL=1 -DCMAKE_INSTALL_PREFIX=/home/mannaja/wrg2024_turtlebot3_ws/install/dynamixel_sdk
[2.242s] Invoking command in '/home/mannaja/wrg2024_turtlebot3_ws/build/dynamixel_sdk': CMAKE_PREFIX_PATH=${CMAKE_PREFIX_PATH}:/home/mannaja/wrg2024_turtlebot3_ws/install/turtlebot3_teleop:/home/mannaja/wrg2024_turtlebot3_ws/install/turtlebot3_example:/home/mannaja/turtlebot3_ws/install/turtlebot3_teleop:/home/mannaja/turtlebot3_ws/install/turtlebot3_example:/home/mannaja/coding/project/python_minecraftDetectMob_andSendDataToRos2/ros2_ws/install/pi_node:/home/mannaja/coding/project/python_minecraftDetectMob_andSendDataToRos2/ros2_ws/install/laptop_node:/home/mannaja/coding/project/ABU2024_Manual/robot_ws/install/robot_core:/opt/ros/humble /home/mannaja/.local/bin/cmake --build /home/mannaja/wrg2024_turtlebot3_ws/build/dynamixel_sdk -- -j12 -l12
[2.400s] gmake[1]: Entering directory '/home/mannaja/wrg2024_turtlebot3_ws/build/dynamixel_sdk'
[2.414s] gmake[2]: Entering directory '/home/mannaja/wrg2024_turtlebot3_ws/build/dynamixel_sdk'
[2.418s] gmake[3]: Entering directory '/home/mannaja/wrg2024_turtlebot3_ws/build/dynamixel_sdk'
[2.427s] gmake[3]: Leaving directory '/home/mannaja/wrg2024_turtlebot3_ws/build/dynamixel_sdk'
[2.433s] gmake[3]: Entering directory '/home/mannaja/wrg2024_turtlebot3_ws/build/dynamixel_sdk'
[2.438s] [ 10%] [32mBuilding CXX object CMakeFiles/dynamixel_sdk.dir/src/dynamixel_sdk/protocol1_packet_handler.cpp.o[0m
[2.440s] [ 20%] [32mBuilding CXX object CMakeFiles/dynamixel_sdk.dir/src/dynamixel_sdk/protocol2_packet_handler.cpp.o[0m
[2.443s] [ 30%] [32mBuilding CXX object CMakeFiles/dynamixel_sdk.dir/src/dynamixel_sdk/group_sync_read.cpp.o[0m
[2.444s] [ 40%] [32mBuilding CXX object CMakeFiles/dynamixel_sdk.dir/src/dynamixel_sdk/group_bulk_read.cpp.o[0m
[2.450s] [ 50%] [32mBuilding CXX object CMakeFiles/dynamixel_sdk.dir/src/dynamixel_sdk/group_sync_write.cpp.o[0m
[2.450s] [ 60%] [32mBuilding CXX object CMakeFiles/dynamixel_sdk.dir/src/dynamixel_sdk/group_bulk_write.cpp.o[0m
[2.454s] [ 70%] [32mBuilding CXX object CMakeFiles/dynamixel_sdk.dir/src/dynamixel_sdk/packet_handler.cpp.o[0m
[2.455s] [ 80%] [32mBuilding CXX object CMakeFiles/dynamixel_sdk.dir/src/dynamixel_sdk/port_handler.cpp.o[0m
[2.484s] [ 90%] [32mBuilding CXX object CMakeFiles/dynamixel_sdk.dir/src/dynamixel_sdk/port_handler_linux.cpp.o[0m
[3.618s] [100%] [32m[1mLinking CXX shared library libdynamixel_sdk.so[0m
[3.778s] gmake[3]: Leaving directory '/home/mannaja/wrg2024_turtlebot3_ws/build/dynamixel_sdk'
[3.785s] [100%] Built target dynamixel_sdk
[3.787s] gmake[2]: Leaving directory '/home/mannaja/wrg2024_turtlebot3_ws/build/dynamixel_sdk'
[3.793s] gmake[1]: Leaving directory '/home/mannaja/wrg2024_turtlebot3_ws/build/dynamixel_sdk'
[3.849s] Invoked command in '/home/mannaja/wrg2024_turtlebot3_ws/build/dynamixel_sdk' returned '0': CMAKE_PREFIX_PATH=${CMAKE_PREFIX_PATH}:/home/mannaja/wrg2024_turtlebot3_ws/install/turtlebot3_teleop:/home/mannaja/wrg2024_turtlebot3_ws/install/turtlebot3_example:/home/mannaja/turtlebot3_ws/install/turtlebot3_teleop:/home/mannaja/turtlebot3_ws/install/turtlebot3_example:/home/mannaja/coding/project/python_minecraftDetectMob_andSendDataToRos2/ros2_ws/install/pi_node:/home/mannaja/coding/project/python_minecraftDetectMob_andSendDataToRos2/ros2_ws/install/laptop_node:/home/mannaja/coding/project/ABU2024_Manual/robot_ws/install/robot_core:/opt/ros/humble /home/mannaja/.local/bin/cmake --build /home/mannaja/wrg2024_turtlebot3_ws/build/dynamixel_sdk -- -j12 -l12
[4.102s] Invoking command in '/home/mannaja/wrg2024_turtlebot3_ws/build/dynamixel_sdk': CMAKE_PREFIX_PATH=${CMAKE_PREFIX_PATH}:/home/mannaja/wrg2024_turtlebot3_ws/install/turtlebot3_teleop:/home/mannaja/wrg2024_turtlebot3_ws/install/turtlebot3_example:/home/mannaja/turtlebot3_ws/install/turtlebot3_teleop:/home/mannaja/turtlebot3_ws/install/turtlebot3_example:/home/mannaja/coding/project/python_minecraftDetectMob_andSendDataToRos2/ros2_ws/install/pi_node:/home/mannaja/coding/project/python_minecraftDetectMob_andSendDataToRos2/ros2_ws/install/laptop_node:/home/mannaja/coding/project/ABU2024_Manual/robot_ws/install/robot_core:/opt/ros/humble /home/mannaja/.local/bin/cmake --install /home/mannaja/wrg2024_turtlebot3_ws/build/dynamixel_sdk
[4.246s] -- Install configuration: ""
[4.246s] -- Execute custom install script
[4.248s] -- Symlinking: /home/mannaja/wrg2024_turtlebot3_ws/install/dynamixel_sdk/include//dynamixel_sdk/dynamixel_sdk.h
[4.252s] -- Symlinking: /home/mannaja/wrg2024_turtlebot3_ws/install/dynamixel_sdk/include//dynamixel_sdk/group_bulk_read.h
[4.259s] -- Symlinking: /home/mannaja/wrg2024_turtlebot3_ws/install/dynamixel_sdk/include//dynamixel_sdk/group_bulk_write.h
[4.264s] -- Symlinking: /home/mannaja/wrg2024_turtlebot3_ws/install/dynamixel_sdk/include//dynamixel_sdk/group_sync_read.h
[4.270s] -- Symlinking: /home/mannaja/wrg2024_turtlebot3_ws/install/dynamixel_sdk/include//dynamixel_sdk/group_sync_write.h
[4.276s] -- Symlinking: /home/mannaja/wrg2024_turtlebot3_ws/install/dynamixel_sdk/include//dynamixel_sdk/packet_handler.h
[4.283s] -- Symlinking: /home/mannaja/wrg2024_turtlebot3_ws/install/dynamixel_sdk/include//dynamixel_sdk/port_handler.h
[4.289s] -- Symlinking: /home/mannaja/wrg2024_turtlebot3_ws/install/dynamixel_sdk/include//dynamixel_sdk/port_handler_arduino.h
[4.295s] -- Symlinking: /home/mannaja/wrg2024_turtlebot3_ws/install/dynamixel_sdk/include//dynamixel_sdk/port_handler_linux.h
[4.300s] -- Symlinking: /home/mannaja/wrg2024_turtlebot3_ws/install/dynamixel_sdk/include//dynamixel_sdk/port_handler_mac.h
[4.305s] -- Symlinking: /home/mannaja/wrg2024_turtlebot3_ws/install/dynamixel_sdk/include//dynamixel_sdk/port_handler_windows.h
[4.310s] -- Symlinking: /home/mannaja/wrg2024_turtlebot3_ws/install/dynamixel_sdk/include//dynamixel_sdk/protocol1_packet_handler.h
[4.314s] -- Symlinking: /home/mannaja/wrg2024_turtlebot3_ws/install/dynamixel_sdk/include//dynamixel_sdk/protocol2_packet_handler.h
[4.320s] -- Symlinking: /home/mannaja/wrg2024_turtlebot3_ws/install/dynamixel_sdk/lib/libdynamixel_sdk.so
[4.325s] -- Symlinking: /home/mannaja/wrg2024_turtlebot3_ws/install/dynamixel_sdk/share/dynamixel_sdk/environment/library_path.sh
[4.332s] -- Symlinking: /home/mannaja/wrg2024_turtlebot3_ws/install/dynamixel_sdk/share/dynamixel_sdk/environment/library_path.dsv
[4.340s] -- Symlinking: /home/mannaja/wrg2024_turtlebot3_ws/install/dynamixel_sdk/share/ament_index/resource_index/package_run_dependencies/dynamixel_sdk
[4.346s] -- Symlinking: /home/mannaja/wrg2024_turtlebot3_ws/install/dynamixel_sdk/share/ament_index/resource_index/parent_prefix_path/dynamixel_sdk
[4.352s] -- Symlinking: /home/mannaja/wrg2024_turtlebot3_ws/install/dynamixel_sdk/share/dynamixel_sdk/environment/ament_prefix_path.sh
[4.357s] -- Symlinking: /home/mannaja/wrg2024_turtlebot3_ws/install/dynamixel_sdk/share/dynamixel_sdk/environment/ament_prefix_path.dsv
[4.362s] -- Symlinking: /home/mannaja/wrg2024_turtlebot3_ws/install/dynamixel_sdk/share/dynamixel_sdk/environment/path.sh
[4.366s] -- Symlinking: /home/mannaja/wrg2024_turtlebot3_ws/install/dynamixel_sdk/share/dynamixel_sdk/environment/path.dsv
[4.371s] -- Symlinking: /home/mannaja/wrg2024_turtlebot3_ws/install/dynamixel_sdk/share/dynamixel_sdk/local_setup.bash
[4.375s] -- Symlinking: /home/mannaja/wrg2024_turtlebot3_ws/install/dynamixel_sdk/share/dynamixel_sdk/local_setup.sh
[4.379s] -- Symlinking: /home/mannaja/wrg2024_turtlebot3_ws/install/dynamixel_sdk/share/dynamixel_sdk/local_setup.zsh
[4.384s] -- Symlinking: /home/mannaja/wrg2024_turtlebot3_ws/install/dynamixel_sdk/share/dynamixel_sdk/local_setup.dsv
[4.389s] -- Symlinking: /home/mannaja/wrg2024_turtlebot3_ws/install/dynamixel_sdk/share/dynamixel_sdk/package.dsv
[4.399s] -- Symlinking: /home/mannaja/wrg2024_turtlebot3_ws/install/dynamixel_sdk/share/ament_index/resource_index/packages/dynamixel_sdk
[4.406s] -- Symlinking: /home/mannaja/wrg2024_turtlebot3_ws/install/dynamixel_sdk/share/dynamixel_sdk/cmake/ament_cmake_export_include_directories-extras.cmake
[4.413s] -- Symlinking: /home/mannaja/wrg2024_turtlebot3_ws/install/dynamixel_sdk/share/dynamixel_sdk/cmake/ament_cmake_export_libraries-extras.cmake
[4.419s] -- Symlinking: /home/mannaja/wrg2024_turtlebot3_ws/install/dynamixel_sdk/share/dynamixel_sdk/cmake/dynamixel_sdkConfig.cmake
[4.424s] -- Symlinking: /home/mannaja/wrg2024_turtlebot3_ws/install/dynamixel_sdk/share/dynamixel_sdk/cmake/dynamixel_sdkConfig-version.cmake
[4.429s] -- Symlinking: /home/mannaja/wrg2024_turtlebot3_ws/install/dynamixel_sdk/share/dynamixel_sdk/package.xml
[4.453s] Invoked command in '/home/mannaja/wrg2024_turtlebot3_ws/build/dynamixel_sdk' returned '0': CMAKE_PREFIX_PATH=${CMAKE_PREFIX_PATH}:/home/mannaja/wrg2024_turtlebot3_ws/install/turtlebot3_teleop:/home/mannaja/wrg2024_turtlebot3_ws/install/turtlebot3_example:/home/mannaja/turtlebot3_ws/install/turtlebot3_teleop:/home/mannaja/turtlebot3_ws/install/turtlebot3_example:/home/mannaja/coding/project/python_minecraftDetectMob_andSendDataToRos2/ros2_ws/install/pi_node:/home/mannaja/coding/project/python_minecraftDetectMob_andSendDataToRos2/ros2_ws/install/laptop_node:/home/mannaja/coding/project/ABU2024_Manual/robot_ws/install/robot_core:/opt/ros/humble /home/mannaja/.local/bin/cmake --install /home/mannaja/wrg2024_turtlebot3_ws/build/dynamixel_sdk
