[0.012s] Invoking command in '/home/mannaja/wrg2024_turtlebot3_ws/build/wrg_core': CMAKE_PREFIX_PATH=${CMAKE_PREFIX_PATH}:/home/mannaja/turtlebot3_ws/install/turtlebot3_teleop:/home/mannaja/turtlebot3_ws/install/turtlebot3_example:/home/mannaja/coding/project/python_minecraftDetectMob_andSendDataToRos2/ros2_ws/install/pi_node:/home/mannaja/coding/project/python_minecraftDetectMob_andSendDataToRos2/ros2_ws/install/laptop_node:/home/mannaja/coding/project/ABU2024_Manual/robot_ws/install/robot_core:/opt/ros/humble /home/mannaja/.local/bin/cmake /home/mannaja/wrg2024_turtlebot3_ws/src/wrg_core -Wno-dev -DAMENT_CMAKE_SYMLINK_INSTALL=1 -DCMAKE_INSTALL_PREFIX=/home/mannaja/wrg2024_turtlebot3_ws/install/wrg_core
[0.138s] -- The C compiler identification is GNU 11.4.0
[0.191s] -- The CXX compiler identification is GNU 11.4.0
[0.202s] -- Detecting C compiler ABI info
[0.258s] -- Detecting C compiler ABI info - done
[0.274s] -- Check for working C compiler: /usr/bin/cc - skipped
[0.274s] -- Detecting C compile features
[0.275s] -- Detecting C compile features - done
[0.279s] -- Detecting CXX compiler ABI info
[0.346s] -- Detecting CXX compiler ABI info - done
[0.362s] -- Check for working CXX compiler: /usr/bin/c++ - skipped
[0.363s] -- Detecting CXX compile features
[0.363s] -- Detecting CXX compile features - done
[0.368s] -- Found ament_cmake: 1.3.9 (/opt/ros/humble/share/ament_cmake/cmake)
[0.519s] -- Found Python3: /usr/bin/python3 (found version "3.10.12") found components: Interpreter
[0.581s] -- Override CMake install command with custom implementation using symlinks instead of copying resources
[0.649s] -- Found tf2: 0.25.7 (/opt/ros/humble/share/tf2/cmake)
[0.732s] -- Found rosidl_generator_c: 3.1.5 (/opt/ros/humble/share/rosidl_generator_c/cmake)
[0.742s] -- Found rosidl_adapter: 3.1.5 (/opt/ros/humble/share/rosidl_adapter/cmake)
[0.756s] -- Found rosidl_generator_cpp: 3.1.5 (/opt/ros/humble/share/rosidl_generator_cpp/cmake)
[0.778s] -- Using all available rosidl_typesupport_c: rosidl_typesupport_fastrtps_c;rosidl_typesupport_introspection_c
[0.811s] -- Using all available rosidl_typesupport_cpp: rosidl_typesupport_fastrtps_cpp;rosidl_typesupport_introspection_cpp
[0.974s] -- Found rclpy: 3.3.13 (/opt/ros/humble/share/rclpy/cmake)
[0.978s] -- Found rclcpp: 16.0.9 (/opt/ros/humble/share/rclcpp/cmake)
[1.072s] -- Found rmw_implementation_cmake: 6.1.2 (/opt/ros/humble/share/rmw_implementation_cmake/cmake)
[1.077s] -- Found rmw_fastrtps_cpp: 6.2.6 (/opt/ros/humble/share/rmw_fastrtps_cpp/cmake)
[1.197s] -- Found OpenSSL: /usr/lib/x86_64-linux-gnu/libcrypto.so (found version "3.0.2")
[1.233s] -- Found FastRTPS: /opt/ros/humble/include
[1.293s] -- Using RMW implementation 'rmw_fastrtps_cpp' as default
[1.310s] -- Performing Test CMAKE_HAVE_LIBC_PTHREAD
[1.373s] -- Performing Test CMAKE_HAVE_LIBC_PTHREAD - Success
[1.374s] -- Found Threads: TRUE
[1.536s] -- Found nav2_msgs: 1.1.15 (/opt/ros/humble/share/nav2_msgs/cmake)
[1.918s] -- Found rclcpp_action: 16.0.9 (/opt/ros/humble/share/rclcpp_action/cmake)
[1.957s] -- Found tf2_geometry_msgs: 0.25.7 (/opt/ros/humble/share/tf2_geometry_msgs/cmake)
[1.983s] -- Found eigen3_cmake_module: 0.1.1 (/opt/ros/humble/share/eigen3_cmake_module/cmake)
[1.984s] -- Found Eigen3: TRUE (found version "3.4.0")
[1.984s] -- Ensuring Eigen3 include directory is part of orocos-kdl CMake target
[2.391s] -- Found ament_lint_auto: 0.12.11 (/opt/ros/humble/share/ament_lint_auto/cmake)
[2.474s] -- Configuring done (2.4s)
[2.481s] -- Generating done (0.0s)
[2.483s] -- Build files have been written to: /home/mannaja/wrg2024_turtlebot3_ws/build/wrg_core
[2.501s] Invoked command in '/home/mannaja/wrg2024_turtlebot3_ws/build/wrg_core' returned '0': CMAKE_PREFIX_PATH=${CMAKE_PREFIX_PATH}:/home/mannaja/turtlebot3_ws/install/turtlebot3_teleop:/home/mannaja/turtlebot3_ws/install/turtlebot3_example:/home/mannaja/coding/project/python_minecraftDetectMob_andSendDataToRos2/ros2_ws/install/pi_node:/home/mannaja/coding/project/python_minecraftDetectMob_andSendDataToRos2/ros2_ws/install/laptop_node:/home/mannaja/coding/project/ABU2024_Manual/robot_ws/install/robot_core:/opt/ros/humble /home/mannaja/.local/bin/cmake /home/mannaja/wrg2024_turtlebot3_ws/src/wrg_core -Wno-dev -DAMENT_CMAKE_SYMLINK_INSTALL=1 -DCMAKE_INSTALL_PREFIX=/home/mannaja/wrg2024_turtlebot3_ws/install/wrg_core
[2.503s] Invoking command in '/home/mannaja/wrg2024_turtlebot3_ws/build/wrg_core': CMAKE_PREFIX_PATH=${CMAKE_PREFIX_PATH}:/home/mannaja/turtlebot3_ws/install/turtlebot3_teleop:/home/mannaja/turtlebot3_ws/install/turtlebot3_example:/home/mannaja/coding/project/python_minecraftDetectMob_andSendDataToRos2/ros2_ws/install/pi_node:/home/mannaja/coding/project/python_minecraftDetectMob_andSendDataToRos2/ros2_ws/install/laptop_node:/home/mannaja/coding/project/ABU2024_Manual/robot_ws/install/robot_core:/opt/ros/humble /home/mannaja/.local/bin/cmake --build /home/mannaja/wrg2024_turtlebot3_ws/build/wrg_core -- -j12 -l12
[2.580s] gmake[1]: Entering directory '/home/mannaja/wrg2024_turtlebot3_ws/build/wrg_core'
[2.592s] gmake[2]: Entering directory '/home/mannaja/wrg2024_turtlebot3_ws/build/wrg_core'
[2.593s] gmake[3]: Entering directory '/home/mannaja/wrg2024_turtlebot3_ws/build/wrg_core'
[2.597s] gmake[3]: Leaving directory '/home/mannaja/wrg2024_turtlebot3_ws/build/wrg_core'
[2.598s] gmake[3]: Entering directory '/home/mannaja/wrg2024_turtlebot3_ws/build/wrg_core'
[2.601s] gmake[3]: Leaving directory '/home/mannaja/wrg2024_turtlebot3_ws/build/wrg_core'
[2.604s] Built target ament_cmake_python_symlink_wrg_core
[2.606s] gmake[3]: Entering directory '/home/mannaja/wrg2024_turtlebot3_ws/build/wrg_core'
[2.609s] gmake[3]: Leaving directory '/home/mannaja/wrg2024_turtlebot3_ws/build/wrg_core'
[2.612s] gmake[3]: Entering directory '/home/mannaja/wrg2024_turtlebot3_ws/build/wrg_core'
[2.897s] running egg_info
[2.897s] creating wrg_core.egg-info
[3.094s] writing wrg_core.egg-info/PKG-INFO
[3.095s] writing dependency_links to wrg_core.egg-info/dependency_links.txt
[3.095s] writing top-level names to wrg_core.egg-info/top_level.txt
[3.095s] writing manifest file 'wrg_core.egg-info/SOURCES.txt'
[3.177s] reading manifest file 'wrg_core.egg-info/SOURCES.txt'
[3.178s] writing manifest file 'wrg_core.egg-info/SOURCES.txt'
[3.198s] gmake[3]: Leaving directory '/home/mannaja/wrg2024_turtlebot3_ws/build/wrg_core'
[3.201s] Built target ament_cmake_python_build_wrg_core_egg
[3.202s] gmake[2]: Leaving directory '/home/mannaja/wrg2024_turtlebot3_ws/build/wrg_core'
[3.204s] gmake[1]: Leaving directory '/home/mannaja/wrg2024_turtlebot3_ws/build/wrg_core'
[3.217s] Invoked command in '/home/mannaja/wrg2024_turtlebot3_ws/build/wrg_core' returned '0': CMAKE_PREFIX_PATH=${CMAKE_PREFIX_PATH}:/home/mannaja/turtlebot3_ws/install/turtlebot3_teleop:/home/mannaja/turtlebot3_ws/install/turtlebot3_example:/home/mannaja/coding/project/python_minecraftDetectMob_andSendDataToRos2/ros2_ws/install/pi_node:/home/mannaja/coding/project/python_minecraftDetectMob_andSendDataToRos2/ros2_ws/install/laptop_node:/home/mannaja/coding/project/ABU2024_Manual/robot_ws/install/robot_core:/opt/ros/humble /home/mannaja/.local/bin/cmake --build /home/mannaja/wrg2024_turtlebot3_ws/build/wrg_core -- -j12 -l12
[3.409s] Invoking command in '/home/mannaja/wrg2024_turtlebot3_ws/build/wrg_core': CMAKE_PREFIX_PATH=${CMAKE_PREFIX_PATH}:/home/mannaja/turtlebot3_ws/install/turtlebot3_teleop:/home/mannaja/turtlebot3_ws/install/turtlebot3_example:/home/mannaja/coding/project/python_minecraftDetectMob_andSendDataToRos2/ros2_ws/install/pi_node:/home/mannaja/coding/project/python_minecraftDetectMob_andSendDataToRos2/ros2_ws/install/laptop_node:/home/mannaja/coding/project/ABU2024_Manual/robot_ws/install/robot_core:/opt/ros/humble /home/mannaja/.local/bin/cmake --install /home/mannaja/wrg2024_turtlebot3_ws/build/wrg_core
[3.484s] -- Install configuration: ""
[3.484s] -- Execute custom install script
[3.485s] -- Symlinking: /home/mannaja/wrg2024_turtlebot3_ws/install/wrg_core/share/wrg_core/launch/microros.launch.py
[3.488s] -- Symlinking: /home/mannaja/wrg2024_turtlebot3_ws/install/wrg_core/share/wrg_core/launch/nav2_map.launch.py
[3.490s] -- Symlinking: /home/mannaja/wrg2024_turtlebot3_ws/install/wrg_core/share/wrg_core/launch/state.launch.py
[3.494s] -- Symlinking: /home/mannaja/wrg2024_turtlebot3_ws/install/wrg_core/share/wrg_core/map/map201.pgm
[3.496s] -- Symlinking: /home/mannaja/wrg2024_turtlebot3_ws/install/wrg_core/share/wrg_core/map/map201.yaml
[3.499s] -- Symlinking: /home/mannaja/wrg2024_turtlebot3_ws/install/wrg_core/share/wrg_core/map/maptb3.pgm
[3.502s] -- Symlinking: /home/mannaja/wrg2024_turtlebot3_ws/install/wrg_core/share/wrg_core/map/maptb3.yaml
[3.505s] -- Symlinking: /home/mannaja/wrg2024_turtlebot3_ws/install/wrg_core/share/wrg_core/param/burger copy.yaml
[3.508s] -- Symlinking: /home/mannaja/wrg2024_turtlebot3_ws/install/wrg_core/share/wrg_core/param/burger.yaml
[3.511s] -- Symlinking: /home/mannaja/wrg2024_turtlebot3_ws/install/wrg_core/share/wrg_core/param/waffle.yaml
[3.514s] -- Symlinking: /home/mannaja/wrg2024_turtlebot3_ws/install/wrg_core/share/wrg_core/param/waffle_pi.yaml
[3.518s] -- Symlinking: /home/mannaja/wrg2024_turtlebot3_ws/install/wrg_core/share/wrg_core/scripts/__init__.py
[3.521s] -- Symlinking: /home/mannaja/wrg2024_turtlebot3_ws/install/wrg_core/share/wrg_core/scripts/nav2_control.py
[3.524s] -- Symlinking: /home/mannaja/wrg2024_turtlebot3_ws/install/wrg_core/share/wrg_core/scripts/navigate.py
[3.526s] -- Symlinking: /home/mannaja/wrg2024_turtlebot3_ws/install/wrg_core/share/wrg_core/scripts/robot_main_state.py
[3.529s] -- Symlinking: /home/mannaja/wrg2024_turtlebot3_ws/install/wrg_core/share/wrg_core/scripts/tempCodeRunnerFile.py
[3.532s] -- Symlinking: /home/mannaja/wrg2024_turtlebot3_ws/install/wrg_core/share/wrg_core/scripts/utilize.py
[3.535s] -- Symlinking: /home/mannaja/wrg2024_turtlebot3_ws/install/wrg_core/share/wrg_core/wrg_core/__init__.py
[3.538s] -- Symlinking: /home/mannaja/wrg2024_turtlebot3_ws/install/wrg_core/share/wrg_core/wrg_core/main.py
[3.541s] -- Symlinking: /home/mannaja/wrg2024_turtlebot3_ws/install/wrg_core/share/wrg_core/environment/pythonpath.sh
[3.544s] -- Symlinking: /home/mannaja/wrg2024_turtlebot3_ws/install/wrg_core/share/wrg_core/environment/pythonpath.dsv
[3.547s] -- Symlinking: /home/mannaja/wrg2024_turtlebot3_ws/install/wrg_core/local/lib/python3.10/dist-packages/wrg_core-2.1.5-py3.10.egg-info/PKG-INFO
[3.550s] -- Symlinking: /home/mannaja/wrg2024_turtlebot3_ws/install/wrg_core/local/lib/python3.10/dist-packages/wrg_core-2.1.5-py3.10.egg-info/SOURCES.txt
[3.553s] -- Symlinking: /home/mannaja/wrg2024_turtlebot3_ws/install/wrg_core/local/lib/python3.10/dist-packages/wrg_core-2.1.5-py3.10.egg-info/dependency_links.txt
[3.555s] -- Symlinking: /home/mannaja/wrg2024_turtlebot3_ws/install/wrg_core/local/lib/python3.10/dist-packages/wrg_core-2.1.5-py3.10.egg-info/top_level.txt
[3.559s] -- Symlinking: /home/mannaja/wrg2024_turtlebot3_ws/install/wrg_core/local/lib/python3.10/dist-packages/wrg_core/__init__.py
[3.562s] -- Symlinking: /home/mannaja/wrg2024_turtlebot3_ws/install/wrg_core/local/lib/python3.10/dist-packages/wrg_core/main.py
[3.565s] -- Symlinking: /home/mannaja/wrg2024_turtlebot3_ws/install/wrg_core/lib/wrg_core/nav2_control.py
[3.567s] -- Symlinking: /home/mannaja/wrg2024_turtlebot3_ws/install/wrg_core/lib/wrg_core/robot_main_state.py
[3.570s] -- Symlinking: /home/mannaja/wrg2024_turtlebot3_ws/install/wrg_core/lib/wrg_core/navigate.py
[3.573s] -- Symlinking: /home/mannaja/wrg2024_turtlebot3_ws/install/wrg_core/share/ament_index/resource_index/package_run_dependencies/wrg_core
[3.576s] -- Symlinking: /home/mannaja/wrg2024_turtlebot3_ws/install/wrg_core/share/ament_index/resource_index/parent_prefix_path/wrg_core
[3.579s] -- Symlinking: /home/mannaja/wrg2024_turtlebot3_ws/install/wrg_core/share/wrg_core/environment/ament_prefix_path.sh
[3.582s] -- Symlinking: /home/mannaja/wrg2024_turtlebot3_ws/install/wrg_core/share/wrg_core/environment/ament_prefix_path.dsv
[3.585s] -- Symlinking: /home/mannaja/wrg2024_turtlebot3_ws/install/wrg_core/share/wrg_core/environment/path.sh
[3.587s] -- Symlinking: /home/mannaja/wrg2024_turtlebot3_ws/install/wrg_core/share/wrg_core/environment/path.dsv
[3.590s] -- Symlinking: /home/mannaja/wrg2024_turtlebot3_ws/install/wrg_core/share/wrg_core/local_setup.bash
[3.593s] -- Symlinking: /home/mannaja/wrg2024_turtlebot3_ws/install/wrg_core/share/wrg_core/local_setup.sh
[3.596s] -- Symlinking: /home/mannaja/wrg2024_turtlebot3_ws/install/wrg_core/share/wrg_core/local_setup.zsh
[3.599s] -- Symlinking: /home/mannaja/wrg2024_turtlebot3_ws/install/wrg_core/share/wrg_core/local_setup.dsv
[3.602s] -- Symlinking: /home/mannaja/wrg2024_turtlebot3_ws/install/wrg_core/share/wrg_core/package.dsv
[3.605s] -- Symlinking: /home/mannaja/wrg2024_turtlebot3_ws/install/wrg_core/share/ament_index/resource_index/packages/wrg_core
[3.608s] -- Symlinking: /home/mannaja/wrg2024_turtlebot3_ws/install/wrg_core/share/wrg_core/cmake/wrg_coreConfig.cmake
[3.610s] -- Symlinking: /home/mannaja/wrg2024_turtlebot3_ws/install/wrg_core/share/wrg_core/cmake/wrg_coreConfig-version.cmake
[3.614s] -- Symlinking: /home/mannaja/wrg2024_turtlebot3_ws/install/wrg_core/share/wrg_core/package.xml
[3.653s] Listing '/home/mannaja/wrg2024_turtlebot3_ws/install/wrg_core/local/lib/python3.10/dist-packages/wrg_core'...
[3.653s] Compiling '/home/mannaja/wrg2024_turtlebot3_ws/install/wrg_core/local/lib/python3.10/dist-packages/wrg_core/__init__.py'...
[3.653s] Compiling '/home/mannaja/wrg2024_turtlebot3_ws/install/wrg_core/local/lib/python3.10/dist-packages/wrg_core/main.py'...
[3.668s] Invoked command in '/home/mannaja/wrg2024_turtlebot3_ws/build/wrg_core' returned '0': CMAKE_PREFIX_PATH=${CMAKE_PREFIX_PATH}:/home/mannaja/turtlebot3_ws/install/turtlebot3_teleop:/home/mannaja/turtlebot3_ws/install/turtlebot3_example:/home/mannaja/coding/project/python_minecraftDetectMob_andSendDataToRos2/ros2_ws/install/pi_node:/home/mannaja/coding/project/python_minecraftDetectMob_andSendDataToRos2/ros2_ws/install/laptop_node:/home/mannaja/coding/project/ABU2024_Manual/robot_ws/install/robot_core:/opt/ros/humble /home/mannaja/.local/bin/cmake --install /home/mannaja/wrg2024_turtlebot3_ws/build/wrg_core
