[0.279s] Invoking command in '/home/mannaja/wrg2024_turtlebot3_ws/ros2-web-control/build/nan': /home/mannaja/.local/bin/cmake /home/mannaja/wrg2024_turtlebot3_ws/ros2-web-control/ros2-web-bridge/node_modules/nan -DCMAKE_INSTALL_PREFIX=/home/mannaja/wrg2024_turtlebot3_ws/ros2-web-control/install/nan
[0.624s] -- The C compiler identification is GNU 11.4.0
[0.814s] -- The CXX compiler identification is GNU 11.4.0
[0.844s] -- Detecting C compiler ABI info
[0.917s] -- Detecting C compiler ABI info - done
[0.945s] -- Check for working C compiler: /usr/bin/cc - skipped
[0.947s] -- Detecting C compile features
[0.951s] -- Detecting C compile features - done
[0.962s] -- Detecting CXX compiler ABI info
[1.052s] -- Detecting CXX compiler ABI info - done
[1.081s] -- Check for working CXX compiler: /usr/bin/c++ - skipped
[1.082s] -- Detecting CXX compile features
[1.082s] -- Detecting CXX compile features - done
[1.820s] -- Found Python: /usr/bin/python3.10 (found version "3.10.12") found components: Interpreter Development Development.Module Development.Embed
[2.210s] npm warn reify Removing non-directory /home/mannaja/wrg2024_turtlebot3_ws/ros2-web-control/ros2-web-bridge/node_modules/nan/node_modules
[20.077s] npm warn deprecated @npmcli/move-file@1.1.2: This functionality has been moved to @npmcli/fs
[20.078s] npm warn deprecated inflight@1.0.6: This module is not supported, and leaks memory. Do not use it. Check out lru-cache if you want a good and tested way to coalesce async requests by a key value, which is much more comprehensive and powerful.
[20.134s] npm warn deprecated rimraf@3.0.2: Rimraf versions prior to v4 are no longer supported
[20.163s] npm warn deprecated glob@7.2.3: Glob versions prior to v9 are no longer supported
[20.164s] npm warn deprecated glob@7.2.3: Glob versions prior to v9 are no longer supported
[20.164s] npm warn deprecated glob@7.2.3: Glob versions prior to v9 are no longer supported
[20.227s] npm warn deprecated cryptiles@2.0.5: This version has been deprecated in accordance with the hapi support policy (hapi.im/support). Please upgrade to the latest version to get the best features, bug fixes, and security patches. If you are unable to upgrade at this time, paid support is available for older versions (hapi.im/commercial).
[20.249s] npm warn deprecated uuid@3.4.0: Please upgrade  to version 7 or higher.  Older versions may use Math.random() in certain circumstances, which is known to be problematic.  See https://v8.dev/blog/math-random for details.
[20.263s] npm warn deprecated sntp@1.0.9: This module moved to @hapi/sntp. Please make sure to switch over as this distribution is no longer supported and may contain bugs and critical security issues.
[20.330s] npm warn deprecated boom@2.10.1: This version has been deprecated in accordance with the hapi support policy (hapi.im/support). Please upgrade to the latest version to get the best features, bug fixes, and security patches. If you are unable to upgrade at this time, paid support is available for older versions (hapi.im/commercial).
[20.347s] npm warn deprecated are-we-there-yet@3.0.1: This package is no longer supported.
[20.372s] npm warn deprecated hoek@2.16.3: This version has been deprecated in accordance with the hapi support policy (hapi.im/support). Please upgrade to the latest version to get the best features, bug fixes, and security patches. If you are unable to upgrade at this time, paid support is available for older versions (hapi.im/commercial).
[20.372s] npm warn deprecated har-validator@4.2.1: this library is no longer supported
[20.397s] npm warn deprecated npmlog@6.0.2: This package is no longer supported.
[20.401s] npm warn deprecated gauge@4.0.4: This package is no longer supported.
[20.416s] npm warn deprecated glob@4.5.3: Glob versions prior to v9 are no longer supported
[20.425s] npm warn deprecated minimatch@2.0.10: Please update to minimatch 3.0.2 or higher to avoid a RegExp DoS issue
[20.430s] npm warn deprecated glob@5.0.15: Glob versions prior to v9 are no longer supported
[20.433s] npm warn deprecated hawk@3.1.3: This module moved to @hapi/hawk. Please make sure to switch over as this distribution is no longer supported and may contain bugs and critical security issues.
[20.451s] npm warn deprecated request@2.81.0: request has been deprecated, see https://github.com/request/request/issues/3142
[23.680s] -- Configuring done (23.3s)
[23.686s] -- Generating done (0.0s)
[23.687s] -- Build files have been written to: /home/mannaja/wrg2024_turtlebot3_ws/ros2-web-control/build/nan
[23.709s] Invoked command in '/home/mannaja/wrg2024_turtlebot3_ws/ros2-web-control/build/nan' returned '0': /home/mannaja/.local/bin/cmake /home/mannaja/wrg2024_turtlebot3_ws/ros2-web-control/ros2-web-bridge/node_modules/nan -DCMAKE_INSTALL_PREFIX=/home/mannaja/wrg2024_turtlebot3_ws/ros2-web-control/install/nan
[23.712s] Invoking command in '/home/mannaja/wrg2024_turtlebot3_ws/ros2-web-control/build/nan': /home/mannaja/.local/bin/cmake --build /home/mannaja/wrg2024_turtlebot3_ws/ros2-web-control/build/nan -- -j12 -l12
[23.829s] Invoked command in '/home/mannaja/wrg2024_turtlebot3_ws/ros2-web-control/build/nan' returned '0': /home/mannaja/.local/bin/cmake --build /home/mannaja/wrg2024_turtlebot3_ws/ros2-web-control/build/nan -- -j12 -l12
