[0.085s] Invoking command in '/home/mannaja/wrg2024_turtlebot3_ws/build/turtlebot3_navigation2': CMAKE_PREFIX_PATH=${CMAKE_PREFIX_PATH}:/home/mannaja/wrg2024_turtlebot3_ws/install/turtlebot3_teleop:/home/mannaja/wrg2024_turtlebot3_ws/install/turtlebot3_example:/home/mannaja/turtlebot3_ws/install/turtlebot3_teleop:/home/mannaja/turtlebot3_ws/install/turtlebot3_example:/home/mannaja/coding/project/python_minecraftDetectMob_andSendDataToRos2/ros2_ws/install/pi_node:/home/mannaja/coding/project/python_minecraftDetectMob_andSendDataToRos2/ros2_ws/install/laptop_node:/home/mannaja/coding/project/ABU2024_Manual/robot_ws/install/robot_core:/opt/ros/humble /home/mannaja/.local/bin/cmake /home/mannaja/wrg2024_turtlebot3_ws/src/turtlebot3/turtlebot3_navigation2 -Wno-dev -DAMENT_CMAKE_SYMLINK_INSTALL=1 -DCMAKE_INSTALL_PREFIX=/home/mannaja/wrg2024_turtlebot3_ws/install/turtlebot3_navigation2
[0.729s] -- The C compiler identification is GNU 11.4.0
[0.729s] -- The CXX compiler identification is GNU 11.4.0
[0.729s] -- Detecting C compiler ABI info
[0.729s] -- Detecting C compiler ABI info - done
[0.729s] -- Check for working C compiler: /usr/bin/cc - skipped
[0.729s] -- Detecting C compile features
[0.730s] -- Detecting C compile features - done
[0.731s] -- Detecting CXX compiler ABI info
[0.793s] -- Detecting CXX compiler ABI info - done
[0.822s] -- Check for working CXX compiler: /usr/bin/c++ - skipped
[0.823s] -- Detecting CXX compile features
[0.824s] -- Detecting CXX compile features - done
[0.834s] -- Found ament_cmake: 1.3.9 (/opt/ros/humble/share/ament_cmake/cmake)
[1.191s] -- Found Python3: /usr/bin/python3 (found version "3.10.12") found components: Interpreter
[1.344s] -- Override CMake install command with custom implementation using symlinks instead of copying resources
[1.633s] -- Configuring done (1.4s)
[1.637s] -- Generating done (0.0s)
[1.639s] -- Build files have been written to: /home/mannaja/wrg2024_turtlebot3_ws/build/turtlebot3_navigation2
[1.665s] Invoked command in '/home/mannaja/wrg2024_turtlebot3_ws/build/turtlebot3_navigation2' returned '0': CMAKE_PREFIX_PATH=${CMAKE_PREFIX_PATH}:/home/mannaja/wrg2024_turtlebot3_ws/install/turtlebot3_teleop:/home/mannaja/wrg2024_turtlebot3_ws/install/turtlebot3_example:/home/mannaja/turtlebot3_ws/install/turtlebot3_teleop:/home/mannaja/turtlebot3_ws/install/turtlebot3_example:/home/mannaja/coding/project/python_minecraftDetectMob_andSendDataToRos2/ros2_ws/install/pi_node:/home/mannaja/coding/project/python_minecraftDetectMob_andSendDataToRos2/ros2_ws/install/laptop_node:/home/mannaja/coding/project/ABU2024_Manual/robot_ws/install/robot_core:/opt/ros/humble /home/mannaja/.local/bin/cmake /home/mannaja/wrg2024_turtlebot3_ws/src/turtlebot3/turtlebot3_navigation2 -Wno-dev -DAMENT_CMAKE_SYMLINK_INSTALL=1 -DCMAKE_INSTALL_PREFIX=/home/mannaja/wrg2024_turtlebot3_ws/install/turtlebot3_navigation2
[1.668s] Invoking command in '/home/mannaja/wrg2024_turtlebot3_ws/build/turtlebot3_navigation2': CMAKE_PREFIX_PATH=${CMAKE_PREFIX_PATH}:/home/mannaja/wrg2024_turtlebot3_ws/install/turtlebot3_teleop:/home/mannaja/wrg2024_turtlebot3_ws/install/turtlebot3_example:/home/mannaja/turtlebot3_ws/install/turtlebot3_teleop:/home/mannaja/turtlebot3_ws/install/turtlebot3_example:/home/mannaja/coding/project/python_minecraftDetectMob_andSendDataToRos2/ros2_ws/install/pi_node:/home/mannaja/coding/project/python_minecraftDetectMob_andSendDataToRos2/ros2_ws/install/laptop_node:/home/mannaja/coding/project/ABU2024_Manual/robot_ws/install/robot_core:/opt/ros/humble /home/mannaja/.local/bin/cmake --build /home/mannaja/wrg2024_turtlebot3_ws/build/turtlebot3_navigation2 -- -j12 -l12
[1.959s] gmake[1]: Entering directory '/home/mannaja/wrg2024_turtlebot3_ws/build/turtlebot3_navigation2'
[1.984s] gmake[1]: Leaving directory '/home/mannaja/wrg2024_turtlebot3_ws/build/turtlebot3_navigation2'
[2.030s] Invoked command in '/home/mannaja/wrg2024_turtlebot3_ws/build/turtlebot3_navigation2' returned '0': CMAKE_PREFIX_PATH=${CMAKE_PREFIX_PATH}:/home/mannaja/wrg2024_turtlebot3_ws/install/turtlebot3_teleop:/home/mannaja/wrg2024_turtlebot3_ws/install/turtlebot3_example:/home/mannaja/turtlebot3_ws/install/turtlebot3_teleop:/home/mannaja/turtlebot3_ws/install/turtlebot3_example:/home/mannaja/coding/project/python_minecraftDetectMob_andSendDataToRos2/ros2_ws/install/pi_node:/home/mannaja/coding/project/python_minecraftDetectMob_andSendDataToRos2/ros2_ws/install/laptop_node:/home/mannaja/coding/project/ABU2024_Manual/robot_ws/install/robot_core:/opt/ros/humble /home/mannaja/.local/bin/cmake --build /home/mannaja/wrg2024_turtlebot3_ws/build/turtlebot3_navigation2 -- -j12 -l12
[2.378s] Invoking command in '/home/mannaja/wrg2024_turtlebot3_ws/build/turtlebot3_navigation2': CMAKE_PREFIX_PATH=${CMAKE_PREFIX_PATH}:/home/mannaja/wrg2024_turtlebot3_ws/install/turtlebot3_teleop:/home/mannaja/wrg2024_turtlebot3_ws/install/turtlebot3_example:/home/mannaja/turtlebot3_ws/install/turtlebot3_teleop:/home/mannaja/turtlebot3_ws/install/turtlebot3_example:/home/mannaja/coding/project/python_minecraftDetectMob_andSendDataToRos2/ros2_ws/install/pi_node:/home/mannaja/coding/project/python_minecraftDetectMob_andSendDataToRos2/ros2_ws/install/laptop_node:/home/mannaja/coding/project/ABU2024_Manual/robot_ws/install/robot_core:/opt/ros/humble /home/mannaja/.local/bin/cmake --install /home/mannaja/wrg2024_turtlebot3_ws/build/turtlebot3_navigation2
[2.630s] -- Install configuration: ""
[2.631s] -- Execute custom install script
[2.633s] -- Symlinking: /home/mannaja/wrg2024_turtlebot3_ws/install/turtlebot3_navigation2/share/turtlebot3_navigation2/launch/navigation2.launch.py
[2.640s] -- Symlinking: /home/mannaja/wrg2024_turtlebot3_ws/install/turtlebot3_navigation2/share/turtlebot3_navigation2/map/map.pgm
[2.647s] -- Symlinking: /home/mannaja/wrg2024_turtlebot3_ws/install/turtlebot3_navigation2/share/turtlebot3_navigation2/map/map.yaml
[2.655s] -- Symlinking: /home/mannaja/wrg2024_turtlebot3_ws/install/turtlebot3_navigation2/share/turtlebot3_navigation2/param/burger.yaml
[2.662s] -- Symlinking: /home/mannaja/wrg2024_turtlebot3_ws/install/turtlebot3_navigation2/share/turtlebot3_navigation2/param/waffle.yaml
[2.670s] -- Symlinking: /home/mannaja/wrg2024_turtlebot3_ws/install/turtlebot3_navigation2/share/turtlebot3_navigation2/param/waffle_pi.yaml
[2.680s] -- Symlinking: /home/mannaja/wrg2024_turtlebot3_ws/install/turtlebot3_navigation2/share/turtlebot3_navigation2/rviz/tb3_navigation2.rviz
[2.683s] -- Symlinking: /home/mannaja/wrg2024_turtlebot3_ws/install/turtlebot3_navigation2/share/ament_index/resource_index/package_run_dependencies/turtlebot3_navigation2
[2.688s] -- Symlinking: /home/mannaja/wrg2024_turtlebot3_ws/install/turtlebot3_navigation2/share/ament_index/resource_index/parent_prefix_path/turtlebot3_navigation2
[2.694s] -- Symlinking: /home/mannaja/wrg2024_turtlebot3_ws/install/turtlebot3_navigation2/share/turtlebot3_navigation2/environment/ament_prefix_path.sh
[2.700s] -- Symlinking: /home/mannaja/wrg2024_turtlebot3_ws/install/turtlebot3_navigation2/share/turtlebot3_navigation2/environment/ament_prefix_path.dsv
[2.706s] -- Symlinking: /home/mannaja/wrg2024_turtlebot3_ws/install/turtlebot3_navigation2/share/turtlebot3_navigation2/environment/path.sh
[2.716s] -- Symlinking: /home/mannaja/wrg2024_turtlebot3_ws/install/turtlebot3_navigation2/share/turtlebot3_navigation2/environment/path.dsv
[2.725s] -- Symlinking: /home/mannaja/wrg2024_turtlebot3_ws/install/turtlebot3_navigation2/share/turtlebot3_navigation2/local_setup.bash
[2.732s] -- Symlinking: /home/mannaja/wrg2024_turtlebot3_ws/install/turtlebot3_navigation2/share/turtlebot3_navigation2/local_setup.sh
[2.739s] -- Symlinking: /home/mannaja/wrg2024_turtlebot3_ws/install/turtlebot3_navigation2/share/turtlebot3_navigation2/local_setup.zsh
[2.744s] -- Symlinking: /home/mannaja/wrg2024_turtlebot3_ws/install/turtlebot3_navigation2/share/turtlebot3_navigation2/local_setup.dsv
[2.749s] -- Symlinking: /home/mannaja/wrg2024_turtlebot3_ws/install/turtlebot3_navigation2/share/turtlebot3_navigation2/package.dsv
[2.754s] -- Symlinking: /home/mannaja/wrg2024_turtlebot3_ws/install/turtlebot3_navigation2/share/ament_index/resource_index/packages/turtlebot3_navigation2
[2.760s] -- Symlinking: /home/mannaja/wrg2024_turtlebot3_ws/install/turtlebot3_navigation2/share/turtlebot3_navigation2/cmake/turtlebot3_navigation2Config.cmake
[2.765s] -- Symlinking: /home/mannaja/wrg2024_turtlebot3_ws/install/turtlebot3_navigation2/share/turtlebot3_navigation2/cmake/turtlebot3_navigation2Config-version.cmake
[2.770s] -- Symlinking: /home/mannaja/wrg2024_turtlebot3_ws/install/turtlebot3_navigation2/share/turtlebot3_navigation2/package.xml
[2.814s] Invoked command in '/home/mannaja/wrg2024_turtlebot3_ws/build/turtlebot3_navigation2' returned '0': CMAKE_PREFIX_PATH=${CMAKE_PREFIX_PATH}:/home/mannaja/wrg2024_turtlebot3_ws/install/turtlebot3_teleop:/home/mannaja/wrg2024_turtlebot3_ws/install/turtlebot3_example:/home/mannaja/turtlebot3_ws/install/turtlebot3_teleop:/home/mannaja/turtlebot3_ws/install/turtlebot3_example:/home/mannaja/coding/project/python_minecraftDetectMob_andSendDataToRos2/ros2_ws/install/pi_node:/home/mannaja/coding/project/python_minecraftDetectMob_andSendDataToRos2/ros2_ws/install/laptop_node:/home/mannaja/coding/project/ABU2024_Manual/robot_ws/install/robot_core:/opt/ros/humble /home/mannaja/.local/bin/cmake --install /home/mannaja/wrg2024_turtlebot3_ws/build/turtlebot3_navigation2
