[0.473s] DEBUG:colcon:Command line arguments: ['/usr/bin/colcon', 'build', '--symlink-install', '--cmake-args', '-Wno-dev', '--packages-select', 'wrg_core']
[0.473s] DEBUG:colcon:Parsed command line arguments: Namespace(log_base=None, log_level=None, verb_name='build', build_base='build', install_base='install', merge_install=False, symlink_install=True, test_result_base=None, continue_on_error=False, executor='parallel', parallel_workers=4, event_handlers=None, ignore_user_meta=False, metas=['./colcon.meta'], base_paths=['.'], packages_ignore=None, packages_ignore_regex=None, paths=None, packages_up_to=None, packages_up_to_regex=None, packages_above=None, packages_above_and_dependencies=None, packages_above_depth=None, packages_select_by_dep=None, packages_skip_by_dep=None, packages_skip_up_to=None, packages_select_build_failed=False, packages_skip_build_finished=False, packages_select_test_failures=False, packages_skip_test_passed=False, packages_select=['wrg_core'], packages_skip=None, packages_select_regex=None, packages_skip_regex=None, packages_start=None, packages_end=None, allow_overriding=[], cmake_args=['-Wno-dev'], cmake_target=None, cmake_target_skip_unavailable=False, cmake_clean_cache=False, cmake_clean_first=False, cmake_force_configure=False, ament_cmake_args=None, catkin_cmake_args=None, catkin_skip_building_tests=False, mixin_files=None, mixin=None, verb_parser=<colcon_mixin.mixin.mixin_argument.MixinArgumentDecorator object at 0xffffa599e650>, verb_extension=<colcon_core.verb.build.BuildVerb object at 0xffffa5adac80>, main=<bound method BuildVerb.main of <colcon_core.verb.build.BuildVerb object at 0xffffa5adac80>>, mixin_verb=('build',))
[1.319s] Level 1:colcon.colcon_core.package_discovery:discover_packages(colcon_meta) check parameters
[1.320s] Level 1:colcon.colcon_core.package_discovery:discover_packages(recursive) check parameters
[1.320s] Level 1:colcon.colcon_core.package_discovery:discover_packages(ignore) check parameters
[1.320s] Level 1:colcon.colcon_core.package_discovery:discover_packages(path) check parameters
[1.320s] Level 1:colcon.colcon_core.package_discovery:discover_packages(colcon_meta) discover
[1.320s] Level 1:colcon.colcon_core.package_discovery:discover_packages(recursive) discover
[1.321s] INFO:colcon.colcon_core.package_discovery:Crawling recursively for packages in '/home/cmu/wrg2024_turtlebot3_ws/robot_ws'
[1.321s] Level 1:colcon.colcon_core.package_identification:_identify(.) by extensions ['ignore', 'ignore_ament_install']
[1.322s] Level 1:colcon.colcon_core.package_identification:_identify(.) by extension 'ignore'
[1.322s] Level 1:colcon.colcon_core.package_identification:_identify(.) by extension 'ignore_ament_install'
[1.322s] Level 1:colcon.colcon_core.package_identification:_identify(.) by extensions ['colcon_pkg']
[1.323s] Level 1:colcon.colcon_core.package_identification:_identify(.) by extension 'colcon_pkg'
[1.323s] Level 1:colcon.colcon_core.package_identification:_identify(.) by extensions ['colcon_meta']
[1.323s] Level 1:colcon.colcon_core.package_identification:_identify(.) by extension 'colcon_meta'
[1.323s] Level 1:colcon.colcon_core.package_identification:_identify(.) by extensions ['ros']
[1.323s] Level 1:colcon.colcon_core.package_identification:_identify(.) by extension 'ros'
[1.394s] Level 1:colcon.colcon_core.package_identification:_identify(.) by extensions ['cmake', 'python']
[1.395s] Level 1:colcon.colcon_core.package_identification:_identify(.) by extension 'cmake'
[1.395s] Level 1:colcon.colcon_core.package_identification:_identify(.) by extension 'python'
[1.395s] Level 1:colcon.colcon_core.package_identification:_identify(.) by extensions ['python_setup_py']
[1.395s] Level 1:colcon.colcon_core.package_identification:_identify(.) by extension 'python_setup_py'
[1.396s] Level 1:colcon.colcon_core.package_identification:_identify(build) by extensions ['ignore', 'ignore_ament_install']
[1.396s] Level 1:colcon.colcon_core.package_identification:_identify(build) by extension 'ignore'
[1.396s] Level 1:colcon.colcon_core.package_identification:_identify(build) ignored
[1.397s] Level 1:colcon.colcon_core.package_identification:_identify(install) by extensions ['ignore', 'ignore_ament_install']
[1.397s] Level 1:colcon.colcon_core.package_identification:_identify(install) by extension 'ignore'
[1.397s] Level 1:colcon.colcon_core.package_identification:_identify(install) ignored
[1.398s] Level 1:colcon.colcon_core.package_identification:_identify(log) by extensions ['ignore', 'ignore_ament_install']
[1.398s] Level 1:colcon.colcon_core.package_identification:_identify(log) by extension 'ignore'
[1.398s] Level 1:colcon.colcon_core.package_identification:_identify(log) ignored
[1.398s] Level 1:colcon.colcon_core.package_identification:_identify(src) by extensions ['ignore', 'ignore_ament_install']
[1.399s] Level 1:colcon.colcon_core.package_identification:_identify(src) by extension 'ignore'
[1.399s] Level 1:colcon.colcon_core.package_identification:_identify(src) by extension 'ignore_ament_install'
[1.399s] Level 1:colcon.colcon_core.package_identification:_identify(src) by extensions ['colcon_pkg']
[1.399s] Level 1:colcon.colcon_core.package_identification:_identify(src) by extension 'colcon_pkg'
[1.399s] Level 1:colcon.colcon_core.package_identification:_identify(src) by extensions ['colcon_meta']
[1.399s] Level 1:colcon.colcon_core.package_identification:_identify(src) by extension 'colcon_meta'
[1.400s] Level 1:colcon.colcon_core.package_identification:_identify(src) by extensions ['ros']
[1.400s] Level 1:colcon.colcon_core.package_identification:_identify(src) by extension 'ros'
[1.400s] Level 1:colcon.colcon_core.package_identification:_identify(src) by extensions ['cmake', 'python']
[1.400s] Level 1:colcon.colcon_core.package_identification:_identify(src) by extension 'cmake'
[1.400s] Level 1:colcon.colcon_core.package_identification:_identify(src) by extension 'python'
[1.400s] Level 1:colcon.colcon_core.package_identification:_identify(src) by extensions ['python_setup_py']
[1.401s] Level 1:colcon.colcon_core.package_identification:_identify(src) by extension 'python_setup_py'
[1.401s] Level 1:colcon.colcon_core.package_identification:_identify(src/wrg_core) by extensions ['ignore', 'ignore_ament_install']
[1.401s] Level 1:colcon.colcon_core.package_identification:_identify(src/wrg_core) by extension 'ignore'
[1.402s] Level 1:colcon.colcon_core.package_identification:_identify(src/wrg_core) by extension 'ignore_ament_install'
[1.402s] Level 1:colcon.colcon_core.package_identification:_identify(src/wrg_core) by extensions ['colcon_pkg']
[1.402s] Level 1:colcon.colcon_core.package_identification:_identify(src/wrg_core) by extension 'colcon_pkg'
[1.402s] Level 1:colcon.colcon_core.package_identification:_identify(src/wrg_core) by extensions ['colcon_meta']
[1.402s] Level 1:colcon.colcon_core.package_identification:_identify(src/wrg_core) by extension 'colcon_meta'
[1.402s] Level 1:colcon.colcon_core.package_identification:_identify(src/wrg_core) by extensions ['ros']
[1.402s] Level 1:colcon.colcon_core.package_identification:_identify(src/wrg_core) by extension 'ros'
[1.411s] DEBUG:colcon.colcon_core.package_identification:Package 'src/wrg_core' with type 'ros.ament_cmake' and name 'wrg_core'
[1.412s] Level 1:colcon.colcon_core.package_identification:_identify(src/wrg_turtlebot3_gazebo) by extensions ['ignore', 'ignore_ament_install']
[1.412s] Level 1:colcon.colcon_core.package_identification:_identify(src/wrg_turtlebot3_gazebo) by extension 'ignore'
[1.412s] Level 1:colcon.colcon_core.package_identification:_identify(src/wrg_turtlebot3_gazebo) by extension 'ignore_ament_install'
[1.413s] Level 1:colcon.colcon_core.package_identification:_identify(src/wrg_turtlebot3_gazebo) by extensions ['colcon_pkg']
[1.413s] Level 1:colcon.colcon_core.package_identification:_identify(src/wrg_turtlebot3_gazebo) by extension 'colcon_pkg'
[1.413s] Level 1:colcon.colcon_core.package_identification:_identify(src/wrg_turtlebot3_gazebo) by extensions ['colcon_meta']
[1.413s] Level 1:colcon.colcon_core.package_identification:_identify(src/wrg_turtlebot3_gazebo) by extension 'colcon_meta'
[1.413s] Level 1:colcon.colcon_core.package_identification:_identify(src/wrg_turtlebot3_gazebo) by extensions ['ros']
[1.413s] Level 1:colcon.colcon_core.package_identification:_identify(src/wrg_turtlebot3_gazebo) by extension 'ros'
[1.418s] DEBUG:colcon.colcon_core.package_identification:Package 'src/wrg_turtlebot3_gazebo' with type 'ros.ament_cmake' and name 'wrg_turtlebot3_gazebo'
[1.418s] Level 1:colcon.colcon_core.package_discovery:discover_packages(recursive) using defaults
[1.418s] Level 1:colcon.colcon_core.package_discovery:discover_packages(ignore) discover
[1.418s] Level 1:colcon.colcon_core.package_discovery:discover_packages(ignore) using defaults
[1.418s] Level 1:colcon.colcon_core.package_discovery:discover_packages(path) discover
[1.419s] Level 1:colcon.colcon_core.package_discovery:discover_packages(path) using defaults
[1.495s] INFO:colcon.colcon_core.package_selection:Skipping not selected package 'wrg_turtlebot3_gazebo' in 'src/wrg_turtlebot3_gazebo'
[1.497s] Level 1:colcon.colcon_core.package_discovery:discover_packages(prefix_path) check parameters
[1.498s] Level 1:colcon.colcon_core.package_discovery:discover_packages(prefix_path) discover
[1.502s] WARNING:colcon.colcon_ros.prefix_path.ament:The path '/home/cmu/wrg2024_turtlebot3_ws/robot_ws/install/wrg_core' in the environment variable AMENT_PREFIX_PATH doesn't exist
[1.505s] WARNING:colcon.colcon_ros.prefix_path.catkin:The path '/home/cmu/wrg2024_turtlebot3_ws/robot_ws/install/wrg_core' in the environment variable CMAKE_PREFIX_PATH doesn't exist
[1.508s] DEBUG:colcon.colcon_installed_package_information.package_discovery:Found 0 installed packages in /home/cmu/wrg2024_turtlebot3_ws/robot_ws/install
[1.511s] DEBUG:colcon.colcon_installed_package_information.package_discovery:Found 7 installed packages in /home/cmu/turtlebot3_ws/install
[1.513s] DEBUG:colcon.colcon_installed_package_information.package_discovery:Found 3 installed packages in /home/cmu/microros_ws/install
[1.523s] DEBUG:colcon.colcon_installed_package_information.package_discovery:Found 326 installed packages in /opt/ros/humble
[1.572s] Level 1:colcon.colcon_core.package_discovery:discover_packages(prefix_path) using defaults
[1.762s] Level 5:colcon.colcon_core.verb:set package 'wrg_core' build argument 'cmake_args' from command line to '['-Wno-dev']'
[1.762s] Level 5:colcon.colcon_core.verb:set package 'wrg_core' build argument 'cmake_target' from command line to 'None'
[1.762s] Level 5:colcon.colcon_core.verb:set package 'wrg_core' build argument 'cmake_target_skip_unavailable' from command line to 'False'
[1.762s] Level 5:colcon.colcon_core.verb:set package 'wrg_core' build argument 'cmake_clean_cache' from command line to 'False'
[1.762s] Level 5:colcon.colcon_core.verb:set package 'wrg_core' build argument 'cmake_clean_first' from command line to 'False'
[1.762s] Level 5:colcon.colcon_core.verb:set package 'wrg_core' build argument 'cmake_force_configure' from command line to 'False'
[1.763s] Level 5:colcon.colcon_core.verb:set package 'wrg_core' build argument 'ament_cmake_args' from command line to 'None'
[1.763s] Level 5:colcon.colcon_core.verb:set package 'wrg_core' build argument 'catkin_cmake_args' from command line to 'None'
[1.763s] Level 5:colcon.colcon_core.verb:set package 'wrg_core' build argument 'catkin_skip_building_tests' from command line to 'False'
[1.763s] DEBUG:colcon.colcon_core.verb:Building package 'wrg_core' with the following arguments: {'ament_cmake_args': None, 'build_base': '/home/cmu/wrg2024_turtlebot3_ws/robot_ws/build/wrg_core', 'catkin_cmake_args': None, 'catkin_skip_building_tests': False, 'cmake_args': ['-Wno-dev'], 'cmake_clean_cache': False, 'cmake_clean_first': False, 'cmake_force_configure': False, 'cmake_target': None, 'cmake_target_skip_unavailable': False, 'install_base': '/home/cmu/wrg2024_turtlebot3_ws/robot_ws/install/wrg_core', 'merge_install': False, 'path': '/home/cmu/wrg2024_turtlebot3_ws/robot_ws/src/wrg_core', 'symlink_install': True, 'test_result_base': None}
[1.763s] INFO:colcon.colcon_core.executor:Executing jobs using 'parallel' executor
[1.767s] DEBUG:colcon.colcon_parallel_executor.executor.parallel:run_until_complete
[1.767s] INFO:colcon.colcon_ros.task.ament_cmake.build:Building ROS package in '/home/cmu/wrg2024_turtlebot3_ws/robot_ws/src/wrg_core' with build type 'ament_cmake'
[1.768s] INFO:colcon.colcon_cmake.task.cmake.build:Building CMake package in '/home/cmu/wrg2024_turtlebot3_ws/robot_ws/src/wrg_core'
[1.777s] INFO:colcon.colcon_core.plugin_system:Skipping extension 'colcon_core.shell.bat': Not used on non-Windows systems
[1.777s] INFO:colcon.colcon_core.shell:Skip shell extension 'powershell' for command environment: Not usable outside of PowerShell
[1.778s] DEBUG:colcon.colcon_core.shell:Skip shell extension 'dsv' for command environment
[1.822s] DEBUG:colcon.colcon_core.event_handler.log_command:Invoking command in '/home/cmu/wrg2024_turtlebot3_ws/robot_ws/build/wrg_core': CMAKE_PREFIX_PATH=${CMAKE_PREFIX_PATH}:/home/cmu/turtlebot3_ws/install/turtlebot3_teleop:/home/cmu/turtlebot3_ws/install/turtlebot3_example:/opt/ros/humble /usr/bin/cmake /home/cmu/wrg2024_turtlebot3_ws/robot_ws/src/wrg_core -Wno-dev -DAMENT_CMAKE_SYMLINK_INSTALL=1 -DCMAKE_INSTALL_PREFIX=/home/cmu/wrg2024_turtlebot3_ws/robot_ws/install/wrg_core
[13.588s] DEBUG:colcon.colcon_core.event_handler.log_command:Invoked command in '/home/cmu/wrg2024_turtlebot3_ws/robot_ws/build/wrg_core' returned '0': CMAKE_PREFIX_PATH=${CMAKE_PREFIX_PATH}:/home/cmu/turtlebot3_ws/install/turtlebot3_teleop:/home/cmu/turtlebot3_ws/install/turtlebot3_example:/opt/ros/humble /usr/bin/cmake /home/cmu/wrg2024_turtlebot3_ws/robot_ws/src/wrg_core -Wno-dev -DAMENT_CMAKE_SYMLINK_INSTALL=1 -DCMAKE_INSTALL_PREFIX=/home/cmu/wrg2024_turtlebot3_ws/robot_ws/install/wrg_core
[13.599s] DEBUG:colcon.colcon_core.event_handler.log_command:Invoking command in '/home/cmu/wrg2024_turtlebot3_ws/robot_ws/build/wrg_core': CMAKE_PREFIX_PATH=${CMAKE_PREFIX_PATH}:/home/cmu/turtlebot3_ws/install/turtlebot3_teleop:/home/cmu/turtlebot3_ws/install/turtlebot3_example:/opt/ros/humble /usr/bin/cmake --build /home/cmu/wrg2024_turtlebot3_ws/robot_ws/build/wrg_core -- -j4 -l4
[15.177s] DEBUG:colcon.colcon_core.event_handler.log_command:Invoked command in '/home/cmu/wrg2024_turtlebot3_ws/robot_ws/build/wrg_core' returned '0': CMAKE_PREFIX_PATH=${CMAKE_PREFIX_PATH}:/home/cmu/turtlebot3_ws/install/turtlebot3_teleop:/home/cmu/turtlebot3_ws/install/turtlebot3_example:/opt/ros/humble /usr/bin/cmake --build /home/cmu/wrg2024_turtlebot3_ws/robot_ws/build/wrg_core -- -j4 -l4
[15.363s] DEBUG:colcon.colcon_core.event_handler.log_command:Invoking command in '/home/cmu/wrg2024_turtlebot3_ws/robot_ws/build/wrg_core': CMAKE_PREFIX_PATH=${CMAKE_PREFIX_PATH}:/home/cmu/turtlebot3_ws/install/turtlebot3_teleop:/home/cmu/turtlebot3_ws/install/turtlebot3_example:/opt/ros/humble /usr/bin/cmake --install /home/cmu/wrg2024_turtlebot3_ws/robot_ws/build/wrg_core
[17.612s] Level 1:colcon.colcon_core.environment:create_environment_scripts_only(wrg_core)
[17.614s] DEBUG:colcon.colcon_core.event_handler.log_command:Invoked command in '/home/cmu/wrg2024_turtlebot3_ws/robot_ws/build/wrg_core' returned '0': CMAKE_PREFIX_PATH=${CMAKE_PREFIX_PATH}:/home/cmu/turtlebot3_ws/install/turtlebot3_teleop:/home/cmu/turtlebot3_ws/install/turtlebot3_example:/opt/ros/humble /usr/bin/cmake --install /home/cmu/wrg2024_turtlebot3_ws/robot_ws/build/wrg_core
[17.626s] Level 1:colcon.colcon_core.environment:checking '/home/cmu/wrg2024_turtlebot3_ws/robot_ws/install/wrg_core' for CMake module files
[17.630s] Level 1:colcon.colcon_core.environment:checking '/home/cmu/wrg2024_turtlebot3_ws/robot_ws/install/wrg_core' for CMake config files
[17.636s] Level 1:colcon.colcon_core.shell:create_environment_hook('wrg_core', 'cmake_prefix_path')
[17.637s] INFO:colcon.colcon_core.shell:Creating environment hook '/home/cmu/wrg2024_turtlebot3_ws/robot_ws/install/wrg_core/share/wrg_core/hook/cmake_prefix_path.ps1'
[17.639s] INFO:colcon.colcon_core.shell:Creating environment descriptor '/home/cmu/wrg2024_turtlebot3_ws/robot_ws/install/wrg_core/share/wrg_core/hook/cmake_prefix_path.dsv'
[17.641s] INFO:colcon.colcon_core.shell:Creating environment hook '/home/cmu/wrg2024_turtlebot3_ws/robot_ws/install/wrg_core/share/wrg_core/hook/cmake_prefix_path.sh'
[17.644s] Level 1:colcon.colcon_core.environment:checking '/home/cmu/wrg2024_turtlebot3_ws/robot_ws/install/wrg_core/lib'
[17.645s] Level 1:colcon.colcon_core.environment:checking '/home/cmu/wrg2024_turtlebot3_ws/robot_ws/install/wrg_core/bin'
[17.645s] Level 1:colcon.colcon_core.environment:checking '/home/cmu/wrg2024_turtlebot3_ws/robot_ws/install/wrg_core/lib/pkgconfig/wrg_core.pc'
[17.646s] Level 1:colcon.colcon_core.environment:checking '/home/cmu/wrg2024_turtlebot3_ws/robot_ws/install/wrg_core/lib/python3.10/site-packages'
[17.647s] Level 1:colcon.colcon_core.environment:checking '/home/cmu/wrg2024_turtlebot3_ws/robot_ws/install/wrg_core/bin'
[17.648s] INFO:colcon.colcon_core.shell:Creating package script '/home/cmu/wrg2024_turtlebot3_ws/robot_ws/install/wrg_core/share/wrg_core/package.ps1'
[17.652s] INFO:colcon.colcon_core.shell:Creating package descriptor '/home/cmu/wrg2024_turtlebot3_ws/robot_ws/install/wrg_core/share/wrg_core/package.dsv'
[17.654s] INFO:colcon.colcon_core.shell:Creating package script '/home/cmu/wrg2024_turtlebot3_ws/robot_ws/install/wrg_core/share/wrg_core/package.sh'
[17.656s] INFO:colcon.colcon_core.shell:Creating package script '/home/cmu/wrg2024_turtlebot3_ws/robot_ws/install/wrg_core/share/wrg_core/package.bash'
[17.659s] INFO:colcon.colcon_core.shell:Creating package script '/home/cmu/wrg2024_turtlebot3_ws/robot_ws/install/wrg_core/share/wrg_core/package.zsh'
[17.662s] Level 1:colcon.colcon_core.environment:create_file_with_runtime_dependencies(/home/cmu/wrg2024_turtlebot3_ws/robot_ws/install/wrg_core/share/colcon-core/packages/wrg_core)
[17.802s] Level 1:colcon.colcon_core.environment:create_environment_scripts_only(wrg_core)
[17.804s] Level 1:colcon.colcon_core.environment:checking '/home/cmu/wrg2024_turtlebot3_ws/robot_ws/install/wrg_core' for CMake module files
[17.808s] Level 1:colcon.colcon_core.environment:checking '/home/cmu/wrg2024_turtlebot3_ws/robot_ws/install/wrg_core' for CMake config files
[17.815s] Level 1:colcon.colcon_core.shell:create_environment_hook('wrg_core', 'cmake_prefix_path')
[17.816s] INFO:colcon.colcon_core.shell:Creating environment hook '/home/cmu/wrg2024_turtlebot3_ws/robot_ws/install/wrg_core/share/wrg_core/hook/cmake_prefix_path.ps1'
[17.818s] INFO:colcon.colcon_core.shell:Creating environment descriptor '/home/cmu/wrg2024_turtlebot3_ws/robot_ws/install/wrg_core/share/wrg_core/hook/cmake_prefix_path.dsv'
[17.820s] INFO:colcon.colcon_core.shell:Creating environment hook '/home/cmu/wrg2024_turtlebot3_ws/robot_ws/install/wrg_core/share/wrg_core/hook/cmake_prefix_path.sh'
[17.823s] Level 1:colcon.colcon_core.environment:checking '/home/cmu/wrg2024_turtlebot3_ws/robot_ws/install/wrg_core/lib'
[17.823s] Level 1:colcon.colcon_core.environment:checking '/home/cmu/wrg2024_turtlebot3_ws/robot_ws/install/wrg_core/bin'
[17.823s] Level 1:colcon.colcon_core.environment:checking '/home/cmu/wrg2024_turtlebot3_ws/robot_ws/install/wrg_core/lib/pkgconfig/wrg_core.pc'
[17.824s] Level 1:colcon.colcon_core.environment:checking '/home/cmu/wrg2024_turtlebot3_ws/robot_ws/install/wrg_core/lib/python3.10/site-packages'
[17.825s] Level 1:colcon.colcon_core.environment:checking '/home/cmu/wrg2024_turtlebot3_ws/robot_ws/install/wrg_core/bin'
[17.826s] INFO:colcon.colcon_core.shell:Creating package script '/home/cmu/wrg2024_turtlebot3_ws/robot_ws/install/wrg_core/share/wrg_core/package.ps1'
[17.828s] INFO:colcon.colcon_core.shell:Creating package descriptor '/home/cmu/wrg2024_turtlebot3_ws/robot_ws/install/wrg_core/share/wrg_core/package.dsv'
[17.831s] INFO:colcon.colcon_core.shell:Creating package script '/home/cmu/wrg2024_turtlebot3_ws/robot_ws/install/wrg_core/share/wrg_core/package.sh'
[17.834s] INFO:colcon.colcon_core.shell:Creating package script '/home/cmu/wrg2024_turtlebot3_ws/robot_ws/install/wrg_core/share/wrg_core/package.bash'
[17.836s] INFO:colcon.colcon_core.shell:Creating package script '/home/cmu/wrg2024_turtlebot3_ws/robot_ws/install/wrg_core/share/wrg_core/package.zsh'
[17.838s] Level 1:colcon.colcon_core.environment:create_file_with_runtime_dependencies(/home/cmu/wrg2024_turtlebot3_ws/robot_ws/install/wrg_core/share/colcon-core/packages/wrg_core)
[17.839s] DEBUG:colcon.colcon_parallel_executor.executor.parallel:closing loop
[17.840s] DEBUG:colcon.colcon_parallel_executor.executor.parallel:loop closed
[17.840s] DEBUG:colcon.colcon_parallel_executor.executor.parallel:run_until_complete finished with '0'
[17.841s] DEBUG:colcon.colcon_core.event_reactor:joining thread
[17.865s] INFO:colcon.colcon_core.plugin_system:Skipping extension 'colcon_notification.desktop_notification.terminal_notifier': Not used on non-Darwin systems
[17.865s] INFO:colcon.colcon_core.plugin_system:Skipping extension 'colcon_notification.desktop_notification.win32': Not used on non-Windows systems
[17.865s] INFO:colcon.colcon_notification.desktop_notification:Sending desktop notification using 'notify2'
[17.869s] DEBUG:colcon.colcon_notification.desktop_notification.notify2:Failed to initialize notify2: org.freedesktop.DBus.Error.ServiceUnknown: The name org.freedesktop.Notifications was not provided by any .service files
[17.869s] DEBUG:colcon.colcon_core.event_reactor:joined thread
[17.870s] INFO:colcon.colcon_core.shell:Creating prefix script '/home/cmu/wrg2024_turtlebot3_ws/robot_ws/install/local_setup.ps1'
[17.873s] INFO:colcon.colcon_core.shell:Creating prefix util module '/home/cmu/wrg2024_turtlebot3_ws/robot_ws/install/_local_setup_util_ps1.py'
[17.878s] INFO:colcon.colcon_core.shell:Creating prefix chain script '/home/cmu/wrg2024_turtlebot3_ws/robot_ws/install/setup.ps1'
[17.886s] INFO:colcon.colcon_core.shell:Creating prefix script '/home/cmu/wrg2024_turtlebot3_ws/robot_ws/install/local_setup.sh'
[17.888s] INFO:colcon.colcon_core.shell:Creating prefix util module '/home/cmu/wrg2024_turtlebot3_ws/robot_ws/install/_local_setup_util_sh.py'
[17.890s] INFO:colcon.colcon_core.shell:Creating prefix chain script '/home/cmu/wrg2024_turtlebot3_ws/robot_ws/install/setup.sh'
[17.898s] INFO:colcon.colcon_core.shell:Creating prefix script '/home/cmu/wrg2024_turtlebot3_ws/robot_ws/install/local_setup.bash'
[17.900s] INFO:colcon.colcon_core.shell:Creating prefix chain script '/home/cmu/wrg2024_turtlebot3_ws/robot_ws/install/setup.bash'
[17.907s] INFO:colcon.colcon_core.shell:Creating prefix script '/home/cmu/wrg2024_turtlebot3_ws/robot_ws/install/local_setup.zsh'
[17.909s] INFO:colcon.colcon_core.shell:Creating prefix chain script '/home/cmu/wrg2024_turtlebot3_ws/robot_ws/install/setup.zsh'
