-- The C compiler identification is GNU 11.4.0
-- The CXX compiler identification is GNU 11.4.0
-- Detecting C compiler ABI info
-- Detecting C compiler ABI info - done
-- Check for working C compiler: /usr/bin/cc - skipped
-- Detecting C compile features
-- Detecting C compile features - done
-- Detecting CXX compiler ABI info
-- Detecting CXX compiler ABI info - done
-- Check for working CXX compiler: /usr/bin/c++ - skipped
-- Detecting CXX compile features
-- Detecting CXX compile features - done
-- Found ament_cmake: 1.3.9 (/opt/ros/humble/share/ament_cmake/cmake)
-- Found Python3: /usr/bin/python3 (found version "3.10.12") found components: Interpreter 
-- Override CMake install command with custom implementation using symlinks instead of copying resources
-- Found tf2: 0.25.7 (/opt/ros/humble/share/tf2/cmake)
-- Found rosidl_generator_c: 3.1.5 (/opt/ros/humble/share/rosidl_generator_c/cmake)
-- Found rosidl_adapter: 3.1.5 (/opt/ros/humble/share/rosidl_adapter/cmake)
-- Found rosidl_generator_cpp: 3.1.5 (/opt/ros/humble/share/rosidl_generator_cpp/cmake)
-- Using all available rosidl_typesupport_c: rosidl_typesupport_fastrtps_c;rosidl_typesupport_introspection_c
-- Using all available rosidl_typesupport_cpp: rosidl_typesupport_fastrtps_cpp;rosidl_typesupport_introspection_cpp
-- Found rclpy: 3.3.13 (/opt/ros/humble/share/rclpy/cmake)
-- Found rclcpp: 16.0.9 (/opt/ros/humble/share/rclcpp/cmake)
-- Found rmw_implementation_cmake: 6.1.2 (/opt/ros/humble/share/rmw_implementation_cmake/cmake)
-- Found rmw_fastrtps_cpp: 6.2.6 (/opt/ros/humble/share/rmw_fastrtps_cpp/cmake)
-- Found OpenSSL: /usr/lib/aarch64-linux-gnu/libcrypto.so (found version "3.0.2")  
-- Found FastRTPS: /opt/ros/humble/include  
-- Using RMW implementation 'rmw_fastrtps_cpp' as default
-- Looking for pthread.h
-- Looking for pthread.h - found
-- Performing Test CMAKE_HAVE_LIBC_PTHREAD
-- Performing Test CMAKE_HAVE_LIBC_PTHREAD - Success
-- Found Threads: TRUE  
-- Found nav2_msgs: 1.1.15 (/opt/ros/humble/share/nav2_msgs/cmake)
-- Found rclcpp_action: 16.0.9 (/opt/ros/humble/share/rclcpp_action/cmake)
-- Found tf2_geometry_msgs: 0.25.7 (/opt/ros/humble/share/tf2_geometry_msgs/cmake)
-- Found eigen3_cmake_module: 0.1.1 (/opt/ros/humble/share/eigen3_cmake_module/cmake)
-- Found Eigen3: TRUE (found version "3.4.0") 
-- Ensuring Eigen3 include directory is part of orocos-kdl CMake target
-- Found ament_lint_auto: 0.12.11 (/opt/ros/humble/share/ament_lint_auto/cmake)
-- Configuring done
-- Generating done
-- Build files have been written to: /home/cmu/wrg2024_turtlebot3_ws/robot_ws/build/wrg_core
gmake[1]: Entering directory '/home/cmu/wrg2024_turtlebot3_ws/robot_ws/build/wrg_core'
gmake[2]: Entering directory '/home/cmu/wrg2024_turtlebot3_ws/robot_ws/build/wrg_core'
gmake[3]: Entering directory '/home/cmu/wrg2024_turtlebot3_ws/robot_ws/build/wrg_core'
gmake[3]: Leaving directory '/home/cmu/wrg2024_turtlebot3_ws/robot_ws/build/wrg_core'
gmake[3]: Entering directory '/home/cmu/wrg2024_turtlebot3_ws/robot_ws/build/wrg_core'
gmake[3]: Leaving directory '/home/cmu/wrg2024_turtlebot3_ws/robot_ws/build/wrg_core'
Built target ament_cmake_python_symlink_wrg_core
gmake[3]: Entering directory '/home/cmu/wrg2024_turtlebot3_ws/robot_ws/build/wrg_core'
gmake[3]: Leaving directory '/home/cmu/wrg2024_turtlebot3_ws/robot_ws/build/wrg_core'
gmake[3]: Entering directory '/home/cmu/wrg2024_turtlebot3_ws/robot_ws/build/wrg_core'
running egg_info
creating wrg_core.egg-info
writing wrg_core.egg-info/PKG-INFO
writing dependency_links to wrg_core.egg-info/dependency_links.txt
writing top-level names to wrg_core.egg-info/top_level.txt
writing manifest file 'wrg_core.egg-info/SOURCES.txt'
reading manifest file 'wrg_core.egg-info/SOURCES.txt'
writing manifest file 'wrg_core.egg-info/SOURCES.txt'
gmake[3]: Leaving directory '/home/cmu/wrg2024_turtlebot3_ws/robot_ws/build/wrg_core'
Built target ament_cmake_python_build_wrg_core_egg
gmake[2]: Leaving directory '/home/cmu/wrg2024_turtlebot3_ws/robot_ws/build/wrg_core'
gmake[1]: Leaving directory '/home/cmu/wrg2024_turtlebot3_ws/robot_ws/build/wrg_core'
-- Install configuration: ""
-- Execute custom install script
-- Symlinking: /home/cmu/wrg2024_turtlebot3_ws/robot_ws/install/wrg_core/share/wrg_core/launch/bot_bringup.launch.py
-- Symlinking: /home/cmu/wrg2024_turtlebot3_ws/robot_ws/install/wrg_core/share/wrg_core/launch/gazebosim.launch.py
-- Symlinking: /home/cmu/wrg2024_turtlebot3_ws/robot_ws/install/wrg_core/share/wrg_core/launch/microros.launch.py
-- Symlinking: /home/cmu/wrg2024_turtlebot3_ws/robot_ws/install/wrg_core/share/wrg_core/launch/monitor.launch.py
-- Symlinking: /home/cmu/wrg2024_turtlebot3_ws/robot_ws/install/wrg_core/share/wrg_core/launch/navigate.launch.py
-- Symlinking: /home/cmu/wrg2024_turtlebot3_ws/robot_ws/install/wrg_core/share/wrg_core/launch/rviz.launch.py
-- Symlinking: /home/cmu/wrg2024_turtlebot3_ws/robot_ws/install/wrg_core/share/wrg_core/launch/state.launch.py
-- Symlinking: /home/cmu/wrg2024_turtlebot3_ws/robot_ws/install/wrg_core/share/wrg_core/launch/turtlebot3_bringup.launch.py
-- Symlinking: /home/cmu/wrg2024_turtlebot3_ws/robot_ws/install/wrg_core/share/wrg_core/map/map201.pgm
-- Symlinking: /home/cmu/wrg2024_turtlebot3_ws/robot_ws/install/wrg_core/share/wrg_core/map/map201.yaml
-- Symlinking: /home/cmu/wrg2024_turtlebot3_ws/robot_ws/install/wrg_core/share/wrg_core/map/maptb3.pgm
-- Symlinking: /home/cmu/wrg2024_turtlebot3_ws/robot_ws/install/wrg_core/share/wrg_core/map/maptb3.yaml
-- Symlinking: /home/cmu/wrg2024_turtlebot3_ws/robot_ws/install/wrg_core/share/wrg_core/map/tb3_map.pgm
-- Symlinking: /home/cmu/wrg2024_turtlebot3_ws/robot_ws/install/wrg_core/share/wrg_core/map/tb3_map.yaml
-- Symlinking: /home/cmu/wrg2024_turtlebot3_ws/robot_ws/install/wrg_core/share/wrg_core/map/wrg.pgm
-- Symlinking: /home/cmu/wrg2024_turtlebot3_ws/robot_ws/install/wrg_core/share/wrg_core/map/wrg.yaml
-- Symlinking: /home/cmu/wrg2024_turtlebot3_ws/robot_ws/install/wrg_core/share/wrg_core/map/wrg2024_map.pgm
-- Symlinking: /home/cmu/wrg2024_turtlebot3_ws/robot_ws/install/wrg_core/share/wrg_core/map/wrg2024_map.yaml
-- Symlinking: /home/cmu/wrg2024_turtlebot3_ws/robot_ws/install/wrg_core/share/wrg_core/map/wrg_map.pgm
-- Symlinking: /home/cmu/wrg2024_turtlebot3_ws/robot_ws/install/wrg_core/share/wrg_core/map/wrg_map.yaml
-- Symlinking: /home/cmu/wrg2024_turtlebot3_ws/robot_ws/install/wrg_core/share/wrg_core/param/burger copy 2.yaml
-- Symlinking: /home/cmu/wrg2024_turtlebot3_ws/robot_ws/install/wrg_core/share/wrg_core/param/burger copy 3.yaml
-- Symlinking: /home/cmu/wrg2024_turtlebot3_ws/robot_ws/install/wrg_core/share/wrg_core/param/burger copy 4.yaml
-- Symlinking: /home/cmu/wrg2024_turtlebot3_ws/robot_ws/install/wrg_core/share/wrg_core/param/burger copy.yaml
-- Symlinking: /home/cmu/wrg2024_turtlebot3_ws/robot_ws/install/wrg_core/share/wrg_core/param/burger.yaml
-- Symlinking: /home/cmu/wrg2024_turtlebot3_ws/robot_ws/install/wrg_core/share/wrg_core/param/burger_native.yaml
-- Symlinking: /home/cmu/wrg2024_turtlebot3_ws/robot_ws/install/wrg_core/share/wrg_core/param/good4.yaml
-- Symlinking: /home/cmu/wrg2024_turtlebot3_ws/robot_ws/install/wrg_core/share/wrg_core/param/gooddddddddddd.yaml
-- Symlinking: /home/cmu/wrg2024_turtlebot3_ws/robot_ws/install/wrg_core/share/wrg_core/scripts/__init__.py
-- Symlinking: /home/cmu/wrg2024_turtlebot3_ws/robot_ws/install/wrg_core/share/wrg_core/scripts/__pycache__/utilize.cpython-310.pyc
-- Symlinking: /home/cmu/wrg2024_turtlebot3_ws/robot_ws/install/wrg_core/share/wrg_core/scripts/monitoring_node.py
-- Symlinking: /home/cmu/wrg2024_turtlebot3_ws/robot_ws/install/wrg_core/share/wrg_core/scripts/navigate.py
-- Symlinking: /home/cmu/wrg2024_turtlebot3_ws/robot_ws/install/wrg_core/share/wrg_core/scripts/robot_main_state.py
-- Symlinking: /home/cmu/wrg2024_turtlebot3_ws/robot_ws/install/wrg_core/share/wrg_core/scripts/talker.py
-- Symlinking: /home/cmu/wrg2024_turtlebot3_ws/robot_ws/install/wrg_core/share/wrg_core/scripts/tempCodeRunnerFile.py
-- Symlinking: /home/cmu/wrg2024_turtlebot3_ws/robot_ws/install/wrg_core/share/wrg_core/scripts/test.py
-- Symlinking: /home/cmu/wrg2024_turtlebot3_ws/robot_ws/install/wrg_core/share/wrg_core/scripts/utilize.py
-- Symlinking: /home/cmu/wrg2024_turtlebot3_ws/robot_ws/install/wrg_core/share/wrg_core/wrg_core/__init__.py
-- Symlinking: /home/cmu/wrg2024_turtlebot3_ws/robot_ws/install/wrg_core/share/wrg_core/config/locations.yaml
-- Symlinking: /home/cmu/wrg2024_turtlebot3_ws/robot_ws/install/wrg_core/share/wrg_core/environment/pythonpath.sh
-- Symlinking: /home/cmu/wrg2024_turtlebot3_ws/robot_ws/install/wrg_core/share/wrg_core/environment/pythonpath.dsv
-- Symlinking: /home/cmu/wrg2024_turtlebot3_ws/robot_ws/install/wrg_core/local/lib/python3.10/dist-packages/wrg_core-2.1.5-py3.10.egg-info/PKG-INFO
-- Symlinking: /home/cmu/wrg2024_turtlebot3_ws/robot_ws/install/wrg_core/local/lib/python3.10/dist-packages/wrg_core-2.1.5-py3.10.egg-info/SOURCES.txt
-- Symlinking: /home/cmu/wrg2024_turtlebot3_ws/robot_ws/install/wrg_core/local/lib/python3.10/dist-packages/wrg_core-2.1.5-py3.10.egg-info/dependency_links.txt
-- Symlinking: /home/cmu/wrg2024_turtlebot3_ws/robot_ws/install/wrg_core/local/lib/python3.10/dist-packages/wrg_core-2.1.5-py3.10.egg-info/top_level.txt
-- Symlinking: /home/cmu/wrg2024_turtlebot3_ws/robot_ws/install/wrg_core/local/lib/python3.10/dist-packages/wrg_core/__init__.py
-- Symlinking: /home/cmu/wrg2024_turtlebot3_ws/robot_ws/install/wrg_core/lib/wrg_core/monitoring_node.py
-- Symlinking: /home/cmu/wrg2024_turtlebot3_ws/robot_ws/install/wrg_core/lib/wrg_core/navigate.py
-- Symlinking: /home/cmu/wrg2024_turtlebot3_ws/robot_ws/install/wrg_core/lib/wrg_core/robot_main_state.py
-- Symlinking: /home/cmu/wrg2024_turtlebot3_ws/robot_ws/install/wrg_core/lib/wrg_core/talker.py
-- Symlinking: /home/cmu/wrg2024_turtlebot3_ws/robot_ws/install/wrg_core/share/ament_index/resource_index/package_run_dependencies/wrg_core
-- Symlinking: /home/cmu/wrg2024_turtlebot3_ws/robot_ws/install/wrg_core/share/ament_index/resource_index/parent_prefix_path/wrg_core
-- Symlinking: /home/cmu/wrg2024_turtlebot3_ws/robot_ws/install/wrg_core/share/wrg_core/environment/ament_prefix_path.sh
-- Symlinking: /home/cmu/wrg2024_turtlebot3_ws/robot_ws/install/wrg_core/share/wrg_core/environment/ament_prefix_path.dsv
-- Symlinking: /home/cmu/wrg2024_turtlebot3_ws/robot_ws/install/wrg_core/share/wrg_core/environment/path.sh
-- Symlinking: /home/cmu/wrg2024_turtlebot3_ws/robot_ws/install/wrg_core/share/wrg_core/environment/path.dsv
-- Symlinking: /home/cmu/wrg2024_turtlebot3_ws/robot_ws/install/wrg_core/share/wrg_core/local_setup.bash
-- Symlinking: /home/cmu/wrg2024_turtlebot3_ws/robot_ws/install/wrg_core/share/wrg_core/local_setup.sh
-- Symlinking: /home/cmu/wrg2024_turtlebot3_ws/robot_ws/install/wrg_core/share/wrg_core/local_setup.zsh
-- Symlinking: /home/cmu/wrg2024_turtlebot3_ws/robot_ws/install/wrg_core/share/wrg_core/local_setup.dsv
-- Symlinking: /home/cmu/wrg2024_turtlebot3_ws/robot_ws/install/wrg_core/share/wrg_core/package.dsv
-- Symlinking: /home/cmu/wrg2024_turtlebot3_ws/robot_ws/install/wrg_core/share/ament_index/resource_index/packages/wrg_core
-- Symlinking: /home/cmu/wrg2024_turtlebot3_ws/robot_ws/install/wrg_core/share/wrg_core/cmake/wrg_coreConfig.cmake
-- Symlinking: /home/cmu/wrg2024_turtlebot3_ws/robot_ws/install/wrg_core/share/wrg_core/cmake/wrg_coreConfig-version.cmake
-- Symlinking: /home/cmu/wrg2024_turtlebot3_ws/robot_ws/install/wrg_core/share/wrg_core/package.xml
Listing '/home/cmu/wrg2024_turtlebot3_ws/robot_ws/install/wrg_core/local/lib/python3.10/dist-packages/wrg_core'...
Compiling '/home/cmu/wrg2024_turtlebot3_ws/robot_ws/install/wrg_core/local/lib/python3.10/dist-packages/wrg_core/__init__.py'...
