[0.013s] Invoking command in '/home/mannaja/wrg2024_turtlebot3_ws/robot_ws/build/wrg_turtlebot3_gazebo': CMAKE_PREFIX_PATH=${CMAKE_PREFIX_PATH}:/home/mannaja/turtlebot3_ws/install/turtlebot3_teleop:/home/mannaja/turtlebot3_ws/install/turtlebot3_example:/home/mannaja/coding/project/python_minecraftDetectMob_andSendDataToRos2/ros2_ws/install/pi_node:/home/mannaja/coding/project/python_minecraftDetectMob_andSendDataToRos2/ros2_ws/install/laptop_node:/home/mannaja/coding/project/ABU2024_Manual/robot_ws/install/robot_core:/opt/ros/humble /home/mannaja/.local/bin/cmake /home/mannaja/wrg2024_turtlebot3_ws/robot_ws/src/wrg_turtlebot3_gazebo -Wno-dev -DAMENT_CMAKE_SYMLINK_INSTALL=1 -DCMAKE_INSTALL_PREFIX=/home/mannaja/wrg2024_turtlebot3_ws/robot_ws/install/wrg_turtlebot3_gazebo
[0.450s] -- The C compiler identification is GNU 11.4.0
[0.682s] -- The CXX compiler identification is GNU 11.4.0
[0.718s] -- Detecting C compiler ABI info
[0.792s] -- Detecting C compiler ABI info - done
[0.814s] -- Check for working C compiler: /usr/bin/cc - skipped
[0.815s] -- Detecting C compile features
[0.816s] -- Detecting C compile features - done
[0.826s] -- Detecting CXX compiler ABI info
[0.905s] -- Detecting CXX compiler ABI info - done
[0.929s] -- Check for working CXX compiler: /usr/bin/c++ - skipped
[0.930s] -- Detecting CXX compile features
[0.930s] -- Detecting CXX compile features - done
[0.944s] -- Found ament_cmake: 1.3.9 (/opt/ros/humble/share/ament_cmake/cmake)
[1.143s] -- Found Python3: /usr/bin/python3 (found version "3.10.12") found components: Interpreter
[1.229s] -- Override CMake install command with custom implementation using symlinks instead of copying resources
[1.375s] -- Found PkgConfig: /usr/bin/pkg-config (found version "0.29.2")
[1.382s] -- Checking for module 'bullet>=2.82'
[1.405s] --   Found bullet, version 3.05
[1.606s] -- Found fcl: /usr/include (found suitable version "0.7.0", minimum required is "0.5.0")
[1.681s] -- Found assimp: /usr/include (found version "5.2.0")
[1.770s] -- Found DART: /usr/include (Required is at least version "6.6") found components: dart
[2.017s] -- Found Boost: /usr/lib/x86_64-linux-gnu/cmake/Boost-1.74.0/BoostConfig.cmake (found suitable version "1.74.0", minimum required is "1.40.0") found components: thread system filesystem program_options regex iostreams date_time
[2.086s] -- Found Protobuf: /usr/lib/x86_64-linux-gnu/libprotobuf.so (found version "3.12.4")
[2.097s] -- Looking for ignition-math6 -- found version 6.15.1
[2.115s] -- Searching for dependencies of ignition-math6
[2.119s] -- Looking for OGRE...
[2.120s] -- OGRE_PREFIX_WATCH changed.
[2.128s] -- Checking for module 'OGRE'
[2.149s] --   Found OGRE, version 1.9.0
[2.190s] -- Found Ogre Ghadamon (1.9.0)
[2.227s] -- Found OGRE: optimized;/usr/lib/x86_64-linux-gnu/libOgreMain.so;debug;/usr/lib/x86_64-linux-gnu/libOgreMain.so
[2.251s] -- Looking for OGRE_Paging...
[2.280s] -- Found OGRE_Paging: optimized;/usr/lib/x86_64-linux-gnu/libOgrePaging.so;debug;/usr/lib/x86_64-linux-gnu/libOgrePaging.so
[2.280s] -- Looking for OGRE_Terrain...
[2.305s] -- Found OGRE_Terrain: optimized;/usr/lib/x86_64-linux-gnu/libOgreTerrain.so;debug;/usr/lib/x86_64-linux-gnu/libOgreTerrain.so
[2.305s] -- Looking for OGRE_Property...
[2.329s] -- Found OGRE_Property: optimized;/usr/lib/x86_64-linux-gnu/libOgreProperty.so;debug;/usr/lib/x86_64-linux-gnu/libOgreProperty.so
[2.329s] -- Looking for OGRE_RTShaderSystem...
[2.347s] -- Found OGRE_RTShaderSystem: optimized;/usr/lib/x86_64-linux-gnu/libOgreRTShaderSystem.so;debug;/usr/lib/x86_64-linux-gnu/libOgreRTShaderSystem.so
[2.348s] -- Looking for OGRE_Volume...
[2.361s] -- Found OGRE_Volume: optimized;/usr/lib/x86_64-linux-gnu/libOgreVolume.so;debug;/usr/lib/x86_64-linux-gnu/libOgreVolume.so
[2.361s] -- Looking for OGRE_Overlay...
[2.374s] -- Found OGRE_Overlay: optimized;/usr/lib/x86_64-linux-gnu/libOgreOverlay.so;debug;/usr/lib/x86_64-linux-gnu/libOgreOverlay.so
[2.744s] -- Looking for ignition-math6 -- found version 6.15.1
[2.756s] -- Looking for ignition-transport8 -- found version 8.2.1
[2.757s] -- Searching for dependencies of ignition-transport8
[2.778s] -- Found Protobuf: /usr/lib/x86_64-linux-gnu/libprotobuf.so (found suitable version "3.12.4", minimum required is "3")
[2.791s] -- Config-file not installed for ZeroMQ -- checking for pkg-config
[2.796s] -- Checking for module 'libzmq >= 4'
[2.812s] --   Found libzmq, version 4.3.4
[2.847s] -- Found ZeroMQ: TRUE (Required is at least version "4")
[2.855s] -- Checking for module 'uuid'
[2.870s] --   Found uuid, version 2.37.2
[2.901s] -- Found UUID: TRUE
[2.906s] -- Looking for ignition-msgs5 -- found version 5.8.1
[2.906s] -- Searching for dependencies of ignition-msgs5
[2.931s] -- Looking for ignition-math6 -- found version 6.15.1
[2.937s] -- Checking for module 'tinyxml2'
[2.950s] --   Found tinyxml2, version 9.0.0
[2.984s] -- Looking for ignition-msgs5 -- found version 5.8.1
[2.990s] -- Looking for ignition-common3 -- found version 3.14.0
[2.990s] -- Searching for dependencies of ignition-common3
[2.992s] -- Looking for dlfcn.h - found
[2.994s] -- Looking for libdl - found
[2.996s] -- Found DL: TRUE
[3.016s] -- Found tinyobjloader: /usr/lib/x86_64-linux-gnu/cmake/tinyobjloader/tinyobjloader-config.cmake (found version "2.0.0")
[3.017s] -- Searching for <ignition-common3> component [graphics]
[3.023s] -- Looking for ignition-common3-graphics -- found version 3.14.0
[3.023s] -- Searching for dependencies of ignition-common3-graphics
[3.024s] -- Looking for ignition-math6 -- found version 6.15.1
[3.031s] -- Looking for ignition-fuel_tools4 -- found version 4.4.0
[3.031s] -- Searching for dependencies of ignition-fuel_tools4
[3.114s] -- Found CURL: /usr/lib/x86_64-linux-gnu/libcurl.so (found version "7.81.0")
[3.126s] -- Checking for module 'jsoncpp'
[3.143s] --   Found jsoncpp, version 1.9.5
[3.173s] -- Found JSONCPP: TRUE
[3.185s] -- Checking for module 'libzip'
[3.199s] --   Found libzip, version 1.7.3
[3.228s] -- Found ZIP: TRUE
[3.229s] -- Looking for ignition-common3 -- found version 3.14.0
[3.229s] -- Looking for ignition-math6 -- found version 6.15.1
[3.230s] -- Looking for ignition-msgs5 -- found version 5.8.1
[3.248s] -- Found gazebo_ros_pkgs: 3.7.0 (/opt/ros/humble/share/gazebo_ros_pkgs/cmake)
[3.251s] -- Found geometry_msgs: 4.2.4 (/opt/ros/humble/share/geometry_msgs/cmake)
[3.306s] -- Found rosidl_generator_c: 3.1.5 (/opt/ros/humble/share/rosidl_generator_c/cmake)
[3.318s] -- Found rosidl_adapter: 3.1.5 (/opt/ros/humble/share/rosidl_adapter/cmake)
[3.336s] -- Found rosidl_generator_cpp: 3.1.5 (/opt/ros/humble/share/rosidl_generator_cpp/cmake)
[3.359s] -- Using all available rosidl_typesupport_c: rosidl_typesupport_fastrtps_c;rosidl_typesupport_introspection_c
[3.389s] -- Using all available rosidl_typesupport_cpp: rosidl_typesupport_fastrtps_cpp;rosidl_typesupport_introspection_cpp
[3.541s] -- Found nav_msgs: 4.2.4 (/opt/ros/humble/share/nav_msgs/cmake)
[3.642s] -- Found rclcpp: 16.0.9 (/opt/ros/humble/share/rclcpp/cmake)
[3.728s] -- Found rmw_implementation_cmake: 6.1.2 (/opt/ros/humble/share/rmw_implementation_cmake/cmake)
[3.734s] -- Found rmw_fastrtps_cpp: 6.2.6 (/opt/ros/humble/share/rmw_fastrtps_cpp/cmake)
[3.863s] -- Found OpenSSL: /usr/lib/x86_64-linux-gnu/libcrypto.so (found version "3.0.2")
[3.895s] -- Found FastRTPS: /opt/ros/humble/include
[3.963s] -- Using RMW implementation 'rmw_fastrtps_cpp' as default
[3.986s] -- Found Threads: TRUE
[4.252s] -- Found sensor_msgs: 4.2.4 (/opt/ros/humble/share/sensor_msgs/cmake)
[4.398s] -- Found tf2: 0.25.7 (/opt/ros/humble/share/tf2/cmake)
[4.521s] -- Configuring done (4.3s)
[4.540s] -- Generating done (0.0s)
[4.545s] -- Build files have been written to: /home/mannaja/wrg2024_turtlebot3_ws/robot_ws/build/wrg_turtlebot3_gazebo
[4.578s] Invoked command in '/home/mannaja/wrg2024_turtlebot3_ws/robot_ws/build/wrg_turtlebot3_gazebo' returned '0': CMAKE_PREFIX_PATH=${CMAKE_PREFIX_PATH}:/home/mannaja/turtlebot3_ws/install/turtlebot3_teleop:/home/mannaja/turtlebot3_ws/install/turtlebot3_example:/home/mannaja/coding/project/python_minecraftDetectMob_andSendDataToRos2/ros2_ws/install/pi_node:/home/mannaja/coding/project/python_minecraftDetectMob_andSendDataToRos2/ros2_ws/install/laptop_node:/home/mannaja/coding/project/ABU2024_Manual/robot_ws/install/robot_core:/opt/ros/humble /home/mannaja/.local/bin/cmake /home/mannaja/wrg2024_turtlebot3_ws/robot_ws/src/wrg_turtlebot3_gazebo -Wno-dev -DAMENT_CMAKE_SYMLINK_INSTALL=1 -DCMAKE_INSTALL_PREFIX=/home/mannaja/wrg2024_turtlebot3_ws/robot_ws/install/wrg_turtlebot3_gazebo
[4.581s] Invoking command in '/home/mannaja/wrg2024_turtlebot3_ws/robot_ws/build/wrg_turtlebot3_gazebo': CMAKE_PREFIX_PATH=${CMAKE_PREFIX_PATH}:/home/mannaja/turtlebot3_ws/install/turtlebot3_teleop:/home/mannaja/turtlebot3_ws/install/turtlebot3_example:/home/mannaja/coding/project/python_minecraftDetectMob_andSendDataToRos2/ros2_ws/install/pi_node:/home/mannaja/coding/project/python_minecraftDetectMob_andSendDataToRos2/ros2_ws/install/laptop_node:/home/mannaja/coding/project/ABU2024_Manual/robot_ws/install/robot_core:/opt/ros/humble /home/mannaja/.local/bin/cmake --build /home/mannaja/wrg2024_turtlebot3_ws/robot_ws/build/wrg_turtlebot3_gazebo -- -j12 -l12
[4.663s] gmake[1]: Entering directory '/home/mannaja/wrg2024_turtlebot3_ws/robot_ws/build/wrg_turtlebot3_gazebo'
[4.675s] gmake[2]: Entering directory '/home/mannaja/wrg2024_turtlebot3_ws/robot_ws/build/wrg_turtlebot3_gazebo'
[4.677s] gmake[3]: Entering directory '/home/mannaja/wrg2024_turtlebot3_ws/robot_ws/build/wrg_turtlebot3_gazebo'
[4.681s] gmake[3]: Leaving directory '/home/mannaja/wrg2024_turtlebot3_ws/robot_ws/build/wrg_turtlebot3_gazebo'
[4.683s] gmake[3]: Entering directory '/home/mannaja/wrg2024_turtlebot3_ws/robot_ws/build/wrg_turtlebot3_gazebo'
[4.687s] [ 50%] [32mBuilding CXX object CMakeFiles/turtlebot3_drive.dir/src/turtlebot3_drive.cpp.o[0m
[16.542s] [100%] [32m[1mLinking CXX executable turtlebot3_drive[0m
[17.102s] gmake[3]: Leaving directory '/home/mannaja/wrg2024_turtlebot3_ws/robot_ws/build/wrg_turtlebot3_gazebo'
[17.105s] [100%] Built target turtlebot3_drive
[17.106s] gmake[2]: Leaving directory '/home/mannaja/wrg2024_turtlebot3_ws/robot_ws/build/wrg_turtlebot3_gazebo'
[17.111s] gmake[1]: Leaving directory '/home/mannaja/wrg2024_turtlebot3_ws/robot_ws/build/wrg_turtlebot3_gazebo'
[17.125s] Invoked command in '/home/mannaja/wrg2024_turtlebot3_ws/robot_ws/build/wrg_turtlebot3_gazebo' returned '0': CMAKE_PREFIX_PATH=${CMAKE_PREFIX_PATH}:/home/mannaja/turtlebot3_ws/install/turtlebot3_teleop:/home/mannaja/turtlebot3_ws/install/turtlebot3_example:/home/mannaja/coding/project/python_minecraftDetectMob_andSendDataToRos2/ros2_ws/install/pi_node:/home/mannaja/coding/project/python_minecraftDetectMob_andSendDataToRos2/ros2_ws/install/laptop_node:/home/mannaja/coding/project/ABU2024_Manual/robot_ws/install/robot_core:/opt/ros/humble /home/mannaja/.local/bin/cmake --build /home/mannaja/wrg2024_turtlebot3_ws/robot_ws/build/wrg_turtlebot3_gazebo -- -j12 -l12
[17.235s] Invoking command in '/home/mannaja/wrg2024_turtlebot3_ws/robot_ws/build/wrg_turtlebot3_gazebo': CMAKE_PREFIX_PATH=${CMAKE_PREFIX_PATH}:/home/mannaja/turtlebot3_ws/install/turtlebot3_teleop:/home/mannaja/turtlebot3_ws/install/turtlebot3_example:/home/mannaja/coding/project/python_minecraftDetectMob_andSendDataToRos2/ros2_ws/install/pi_node:/home/mannaja/coding/project/python_minecraftDetectMob_andSendDataToRos2/ros2_ws/install/laptop_node:/home/mannaja/coding/project/ABU2024_Manual/robot_ws/install/robot_core:/opt/ros/humble /home/mannaja/.local/bin/cmake --install /home/mannaja/wrg2024_turtlebot3_ws/robot_ws/build/wrg_turtlebot3_gazebo
[17.343s] -- Install configuration: ""
[17.343s] -- Execute custom install script
[17.344s] -- Symlinking: /home/mannaja/wrg2024_turtlebot3_ws/robot_ws/install/wrg_turtlebot3_gazebo/lib/wrg_turtlebot3_gazebo/turtlebot3_drive
[17.347s] -- Symlinking: /home/mannaja/wrg2024_turtlebot3_ws/robot_ws/install/wrg_turtlebot3_gazebo/share/wrg_turtlebot3_gazebo//launch/robot_state_publisher.launch.py
[17.350s] -- Symlinking: /home/mannaja/wrg2024_turtlebot3_ws/robot_ws/install/wrg_turtlebot3_gazebo/share/wrg_turtlebot3_gazebo//launch/spawn_turtlebot3.launch.py
[17.353s] -- Symlinking: /home/mannaja/wrg2024_turtlebot3_ws/robot_ws/install/wrg_turtlebot3_gazebo/share/wrg_turtlebot3_gazebo//launch/turtlebot3_world.launch.py
[17.356s] -- Symlinking: /home/mannaja/wrg2024_turtlebot3_ws/robot_ws/install/wrg_turtlebot3_gazebo/share/wrg_turtlebot3_gazebo//launch/wrg_world.launch.py
[17.361s] -- Symlinking: /home/mannaja/wrg2024_turtlebot3_ws/robot_ws/install/wrg_turtlebot3_gazebo/share/wrg_turtlebot3_gazebo//models/turtlebot3_burger/model-1_4.sdf
[17.363s] -- Symlinking: /home/mannaja/wrg2024_turtlebot3_ws/robot_ws/install/wrg_turtlebot3_gazebo/share/wrg_turtlebot3_gazebo//models/turtlebot3_burger/model.config
[17.366s] -- Symlinking: /home/mannaja/wrg2024_turtlebot3_ws/robot_ws/install/wrg_turtlebot3_gazebo/share/wrg_turtlebot3_gazebo//models/turtlebot3_burger/model.sdf
[17.369s] -- Symlinking: /home/mannaja/wrg2024_turtlebot3_ws/robot_ws/install/wrg_turtlebot3_gazebo/share/wrg_turtlebot3_gazebo//models/turtlebot3_common/meshes/burger_base.dae
[17.372s] -- Symlinking: /home/mannaja/wrg2024_turtlebot3_ws/robot_ws/install/wrg_turtlebot3_gazebo/share/wrg_turtlebot3_gazebo//models/turtlebot3_common/meshes/lds.dae
[17.376s] -- Symlinking: /home/mannaja/wrg2024_turtlebot3_ws/robot_ws/install/wrg_turtlebot3_gazebo/share/wrg_turtlebot3_gazebo//models/turtlebot3_common/meshes/r200.dae
[17.378s] -- Symlinking: /home/mannaja/wrg2024_turtlebot3_ws/robot_ws/install/wrg_turtlebot3_gazebo/share/wrg_turtlebot3_gazebo//models/turtlebot3_common/meshes/tire.dae
[17.381s] -- Symlinking: /home/mannaja/wrg2024_turtlebot3_ws/robot_ws/install/wrg_turtlebot3_gazebo/share/wrg_turtlebot3_gazebo//models/turtlebot3_common/meshes/waffle_base.dae
[17.385s] -- Symlinking: /home/mannaja/wrg2024_turtlebot3_ws/robot_ws/install/wrg_turtlebot3_gazebo/share/wrg_turtlebot3_gazebo//models/turtlebot3_common/meshes/waffle_pi_base.dae
[17.387s] -- Symlinking: /home/mannaja/wrg2024_turtlebot3_ws/robot_ws/install/wrg_turtlebot3_gazebo/share/wrg_turtlebot3_gazebo//models/turtlebot3_common/model.config
[17.391s] -- Symlinking: /home/mannaja/wrg2024_turtlebot3_ws/robot_ws/install/wrg_turtlebot3_gazebo/share/wrg_turtlebot3_gazebo//models/turtlebot3_dqn_world/goal_box/model.config
[17.394s] -- Symlinking: /home/mannaja/wrg2024_turtlebot3_ws/robot_ws/install/wrg_turtlebot3_gazebo/share/wrg_turtlebot3_gazebo//models/turtlebot3_dqn_world/goal_box/model.sdf
[17.397s] -- Symlinking: /home/mannaja/wrg2024_turtlebot3_ws/robot_ws/install/wrg_turtlebot3_gazebo/share/wrg_turtlebot3_gazebo//models/turtlebot3_dqn_world/inner_walls/model.config
[17.400s] -- Symlinking: /home/mannaja/wrg2024_turtlebot3_ws/robot_ws/install/wrg_turtlebot3_gazebo/share/wrg_turtlebot3_gazebo//models/turtlebot3_dqn_world/inner_walls/model.sdf
[17.403s] -- Symlinking: /home/mannaja/wrg2024_turtlebot3_ws/robot_ws/install/wrg_turtlebot3_gazebo/share/wrg_turtlebot3_gazebo//models/turtlebot3_dqn_world/model.config
[17.407s] -- Symlinking: /home/mannaja/wrg2024_turtlebot3_ws/robot_ws/install/wrg_turtlebot3_gazebo/share/wrg_turtlebot3_gazebo//models/turtlebot3_dqn_world/model.sdf
[17.410s] -- Symlinking: /home/mannaja/wrg2024_turtlebot3_ws/robot_ws/install/wrg_turtlebot3_gazebo/share/wrg_turtlebot3_gazebo//models/turtlebot3_dqn_world/obstacle1/model.config
[17.413s] -- Symlinking: /home/mannaja/wrg2024_turtlebot3_ws/robot_ws/install/wrg_turtlebot3_gazebo/share/wrg_turtlebot3_gazebo//models/turtlebot3_dqn_world/obstacle1/model.sdf
[17.417s] -- Symlinking: /home/mannaja/wrg2024_turtlebot3_ws/robot_ws/install/wrg_turtlebot3_gazebo/share/wrg_turtlebot3_gazebo//models/turtlebot3_dqn_world/obstacle2/model.config
[17.420s] -- Symlinking: /home/mannaja/wrg2024_turtlebot3_ws/robot_ws/install/wrg_turtlebot3_gazebo/share/wrg_turtlebot3_gazebo//models/turtlebot3_dqn_world/obstacle2/model.sdf
[17.423s] -- Symlinking: /home/mannaja/wrg2024_turtlebot3_ws/robot_ws/install/wrg_turtlebot3_gazebo/share/wrg_turtlebot3_gazebo//models/turtlebot3_dqn_world/obstacle_plugin/CMakeLists.txt
[17.426s] -- Symlinking: /home/mannaja/wrg2024_turtlebot3_ws/robot_ws/install/wrg_turtlebot3_gazebo/share/wrg_turtlebot3_gazebo//models/turtlebot3_dqn_world/obstacle_plugin/obstacle1.cc
[17.429s] -- Symlinking: /home/mannaja/wrg2024_turtlebot3_ws/robot_ws/install/wrg_turtlebot3_gazebo/share/wrg_turtlebot3_gazebo//models/turtlebot3_dqn_world/obstacle_plugin/obstacle2.cc
[17.432s] -- Symlinking: /home/mannaja/wrg2024_turtlebot3_ws/robot_ws/install/wrg_turtlebot3_gazebo/share/wrg_turtlebot3_gazebo//models/turtlebot3_dqn_world/obstacle_plugin/obstacles.cc
[17.436s] -- Symlinking: /home/mannaja/wrg2024_turtlebot3_ws/robot_ws/install/wrg_turtlebot3_gazebo/share/wrg_turtlebot3_gazebo//models/turtlebot3_dqn_world/obstacles/model.config
[17.440s] -- Symlinking: /home/mannaja/wrg2024_turtlebot3_ws/robot_ws/install/wrg_turtlebot3_gazebo/share/wrg_turtlebot3_gazebo//models/turtlebot3_dqn_world/obstacles/model.sdf
[17.445s] -- Symlinking: /home/mannaja/wrg2024_turtlebot3_ws/robot_ws/install/wrg_turtlebot3_gazebo/share/wrg_turtlebot3_gazebo//models/turtlebot3_world/meshes/hexagon.dae
[17.449s] -- Symlinking: /home/mannaja/wrg2024_turtlebot3_ws/robot_ws/install/wrg_turtlebot3_gazebo/share/wrg_turtlebot3_gazebo//models/turtlebot3_world/meshes/wall.dae
[17.452s] -- Symlinking: /home/mannaja/wrg2024_turtlebot3_ws/robot_ws/install/wrg_turtlebot3_gazebo/share/wrg_turtlebot3_gazebo//models/turtlebot3_world/model-1_4.sdf
[17.456s] -- Symlinking: /home/mannaja/wrg2024_turtlebot3_ws/robot_ws/install/wrg_turtlebot3_gazebo/share/wrg_turtlebot3_gazebo//models/turtlebot3_world/model.config
[17.459s] -- Symlinking: /home/mannaja/wrg2024_turtlebot3_ws/robot_ws/install/wrg_turtlebot3_gazebo/share/wrg_turtlebot3_gazebo//models/turtlebot3_world/model.sdf
[17.463s] -- Symlinking: /home/mannaja/wrg2024_turtlebot3_ws/robot_ws/install/wrg_turtlebot3_gazebo/share/wrg_turtlebot3_gazebo//rviz/tb3_gazebo.rviz
[17.466s] -- Symlinking: /home/mannaja/wrg2024_turtlebot3_ws/robot_ws/install/wrg_turtlebot3_gazebo/share/wrg_turtlebot3_gazebo//urdf/common_properties.urdf
[17.470s] -- Symlinking: /home/mannaja/wrg2024_turtlebot3_ws/robot_ws/install/wrg_turtlebot3_gazebo/share/wrg_turtlebot3_gazebo//urdf/turtlebot3_burger.urdf
[17.473s] -- Symlinking: /home/mannaja/wrg2024_turtlebot3_ws/robot_ws/install/wrg_turtlebot3_gazebo/share/wrg_turtlebot3_gazebo//worlds/turtlebot3_world.world
[17.476s] -- Symlinking: /home/mannaja/wrg2024_turtlebot3_ws/robot_ws/install/wrg_turtlebot3_gazebo/share/wrg_turtlebot3_gazebo//worlds/wrg2024_map.world
[17.480s] -- Symlinking: /home/mannaja/wrg2024_turtlebot3_ws/robot_ws/install/wrg_turtlebot3_gazebo/include//turtlebot3_gazebo/turtlebot3_drive.hpp
[17.483s] -- Symlinking: /home/mannaja/wrg2024_turtlebot3_ws/robot_ws/install/wrg_turtlebot3_gazebo/share/ament_index/resource_index/package_run_dependencies/wrg_turtlebot3_gazebo
[17.486s] -- Symlinking: /home/mannaja/wrg2024_turtlebot3_ws/robot_ws/install/wrg_turtlebot3_gazebo/share/ament_index/resource_index/parent_prefix_path/wrg_turtlebot3_gazebo
[17.490s] -- Symlinking: /home/mannaja/wrg2024_turtlebot3_ws/robot_ws/install/wrg_turtlebot3_gazebo/share/wrg_turtlebot3_gazebo/environment/ament_prefix_path.sh
[17.493s] -- Symlinking: /home/mannaja/wrg2024_turtlebot3_ws/robot_ws/install/wrg_turtlebot3_gazebo/share/wrg_turtlebot3_gazebo/environment/ament_prefix_path.dsv
[17.496s] -- Symlinking: /home/mannaja/wrg2024_turtlebot3_ws/robot_ws/install/wrg_turtlebot3_gazebo/share/wrg_turtlebot3_gazebo/environment/path.sh
[17.499s] -- Symlinking: /home/mannaja/wrg2024_turtlebot3_ws/robot_ws/install/wrg_turtlebot3_gazebo/share/wrg_turtlebot3_gazebo/environment/path.dsv
[17.503s] -- Symlinking: /home/mannaja/wrg2024_turtlebot3_ws/robot_ws/install/wrg_turtlebot3_gazebo/share/wrg_turtlebot3_gazebo/local_setup.bash
[17.506s] -- Symlinking: /home/mannaja/wrg2024_turtlebot3_ws/robot_ws/install/wrg_turtlebot3_gazebo/share/wrg_turtlebot3_gazebo/local_setup.sh
[17.510s] -- Symlinking: /home/mannaja/wrg2024_turtlebot3_ws/robot_ws/install/wrg_turtlebot3_gazebo/share/wrg_turtlebot3_gazebo/local_setup.zsh
[17.513s] -- Symlinking: /home/mannaja/wrg2024_turtlebot3_ws/robot_ws/install/wrg_turtlebot3_gazebo/share/wrg_turtlebot3_gazebo/local_setup.dsv
[17.517s] -- Symlinking: /home/mannaja/wrg2024_turtlebot3_ws/robot_ws/install/wrg_turtlebot3_gazebo/share/wrg_turtlebot3_gazebo/package.dsv
[17.520s] -- Symlinking: /home/mannaja/wrg2024_turtlebot3_ws/robot_ws/install/wrg_turtlebot3_gazebo/share/ament_index/resource_index/packages/wrg_turtlebot3_gazebo
[17.523s] -- Symlinking: /home/mannaja/wrg2024_turtlebot3_ws/robot_ws/install/wrg_turtlebot3_gazebo/share/wrg_turtlebot3_gazebo/cmake/ament_cmake_export_include_directories-extras.cmake
[17.526s] -- Symlinking: /home/mannaja/wrg2024_turtlebot3_ws/robot_ws/install/wrg_turtlebot3_gazebo/share/wrg_turtlebot3_gazebo/cmake/ament_cmake_export_dependencies-extras.cmake
[17.529s] -- Symlinking: /home/mannaja/wrg2024_turtlebot3_ws/robot_ws/install/wrg_turtlebot3_gazebo/share/wrg_turtlebot3_gazebo/cmake/wrg_turtlebot3_gazeboConfig.cmake
[17.532s] -- Symlinking: /home/mannaja/wrg2024_turtlebot3_ws/robot_ws/install/wrg_turtlebot3_gazebo/share/wrg_turtlebot3_gazebo/cmake/wrg_turtlebot3_gazeboConfig-version.cmake
[17.536s] -- Symlinking: /home/mannaja/wrg2024_turtlebot3_ws/robot_ws/install/wrg_turtlebot3_gazebo/share/wrg_turtlebot3_gazebo/package.xml
[17.553s] Invoked command in '/home/mannaja/wrg2024_turtlebot3_ws/robot_ws/build/wrg_turtlebot3_gazebo' returned '0': CMAKE_PREFIX_PATH=${CMAKE_PREFIX_PATH}:/home/mannaja/turtlebot3_ws/install/turtlebot3_teleop:/home/mannaja/turtlebot3_ws/install/turtlebot3_example:/home/mannaja/coding/project/python_minecraftDetectMob_andSendDataToRos2/ros2_ws/install/pi_node:/home/mannaja/coding/project/python_minecraftDetectMob_andSendDataToRos2/ros2_ws/install/laptop_node:/home/mannaja/coding/project/ABU2024_Manual/robot_ws/install/robot_core:/opt/ros/humble /home/mannaja/.local/bin/cmake --install /home/mannaja/wrg2024_turtlebot3_ws/robot_ws/build/wrg_turtlebot3_gazebo
