[4.159s] Invoking command in '/home/mannaja/wrg2024_turtlebot3_ws/build/turtlebot3_teleop': PYTHONPATH=/home/mannaja/wrg2024_turtlebot3_ws/build/turtlebot3_teleop/prefix_override:/usr/lib/python3/dist-packages/colcon_core/task/python/colcon_distutils_commands:/home/mannaja/wrg2024_turtlebot3_ws/install/turtlebot3_teleop/lib/python3.10/site-packages:${PYTHONPATH} /usr/bin/python3 -W ignore:setup.py install is deprecated setup.py develop --editable --build-directory /home/mannaja/wrg2024_turtlebot3_ws/build/turtlebot3_teleop/build --no-deps symlink_data
[5.004s] running develop
[5.006s] /home/mannaja/.local/lib/python3.10/site-packages/setuptools/command/develop.py:42: EasyInstallDeprecationWarning: easy_install command is deprecated.
[5.006s] !!
[5.006s] 
[5.006s]         ********************************************************************************
[5.006s]         Please avoid running ``setup.py`` and ``easy_install``.
[5.006s]         Instead, use pypa/build, pypa/installer or other
[5.007s]         standards-based tools.
[5.007s] 
[5.007s]         See https://github.com/pypa/setuptools/issues/917 for details.
[5.007s]         ********************************************************************************
[5.007s] 
[5.007s] !!
[5.008s]   easy_install.initialize_options(self)
[5.722s] running egg_info
[5.722s] creating turtlebot3_teleop.egg-info
[5.790s] writing turtlebot3_teleop.egg-info/PKG-INFO
[5.791s] writing dependency_links to turtlebot3_teleop.egg-info/dependency_links.txt
[5.791s] writing entry points to turtlebot3_teleop.egg-info/entry_points.txt
[5.792s] writing requirements to turtlebot3_teleop.egg-info/requires.txt
[5.792s] writing top-level names to turtlebot3_teleop.egg-info/top_level.txt
[5.793s] writing manifest file 'turtlebot3_teleop.egg-info/SOURCES.txt'
[5.935s] reading manifest file 'turtlebot3_teleop.egg-info/SOURCES.txt'
[5.936s] writing manifest file 'turtlebot3_teleop.egg-info/SOURCES.txt'
[6.116s] running build_ext
[6.116s] Creating /home/mannaja/wrg2024_turtlebot3_ws/install/turtlebot3_teleop/lib/python3.10/site-packages/turtlebot3-teleop.egg-link (link to .)
[6.118s] Installing teleop_keyboard script to /home/mannaja/wrg2024_turtlebot3_ws/install/turtlebot3_teleop/lib/turtlebot3_teleop
[6.118s] 
[6.118s] Installed /home/mannaja/wrg2024_turtlebot3_ws/build/turtlebot3_teleop
[6.120s] running symlink_data
[6.120s] creating /home/mannaja/wrg2024_turtlebot3_ws/install/turtlebot3_teleop/share/ament_index
[6.120s] creating /home/mannaja/wrg2024_turtlebot3_ws/install/turtlebot3_teleop/share/ament_index/resource_index
[6.120s] creating /home/mannaja/wrg2024_turtlebot3_ws/install/turtlebot3_teleop/share/ament_index/resource_index/packages
[6.120s] symbolically linking /home/mannaja/wrg2024_turtlebot3_ws/build/turtlebot3_teleop/resource/turtlebot3_teleop -> /home/mannaja/wrg2024_turtlebot3_ws/install/turtlebot3_teleop/share/ament_index/resource_index/packages
[6.120s] symbolically linking /home/mannaja/wrg2024_turtlebot3_ws/build/turtlebot3_teleop/package.xml -> /home/mannaja/wrg2024_turtlebot3_ws/install/turtlebot3_teleop/share/turtlebot3_teleop
[6.204s] Invoked command in '/home/mannaja/wrg2024_turtlebot3_ws/build/turtlebot3_teleop' returned '0': PYTHONPATH=/home/mannaja/wrg2024_turtlebot3_ws/build/turtlebot3_teleop/prefix_override:/usr/lib/python3/dist-packages/colcon_core/task/python/colcon_distutils_commands:/home/mannaja/wrg2024_turtlebot3_ws/install/turtlebot3_teleop/lib/python3.10/site-packages:${PYTHONPATH} /usr/bin/python3 -W ignore:setup.py install is deprecated setup.py develop --editable --build-directory /home/mannaja/wrg2024_turtlebot3_ws/build/turtlebot3_teleop/build --no-deps symlink_data
