[2.421s] Invoking command in '/home/mannaja/wrg2024_turtlebot3_ws/build/turtlebot3_teleop': PYTHONPATH=/home/mannaja/wrg2024_turtlebot3_ws/build/turtlebot3_teleop/prefix_override:/usr/lib/python3/dist-packages/colcon_core/task/python/colcon_distutils_commands:/home/mannaja/wrg2024_turtlebot3_ws/install/turtlebot3_teleop/lib/python3.10/site-packages:${PYTHONPATH} /usr/bin/python3 -W ignore:setup.py install is deprecated setup.py develop --editable --build-directory /home/mannaja/wrg2024_turtlebot3_ws/build/turtlebot3_teleop/build --no-deps symlink_data
[3.102s] running develop
[3.105s] /home/mannaja/.local/lib/python3.10/site-packages/setuptools/command/develop.py:42: EasyInstallDeprecationWarning: easy_install command is deprecated.
[3.105s] !!
[3.105s] 
[3.105s]         ********************************************************************************
[3.106s]         Please avoid running ``setup.py`` and ``easy_install``.
[3.106s]         Instead, use pypa/build, pypa/installer or other
[3.106s]         standards-based tools.
[3.106s] 
[3.106s]         See https://github.com/pypa/setuptools/issues/917 for details.
[3.107s]         ********************************************************************************
[3.107s] 
[3.107s] !!
[3.108s]   easy_install.initialize_options(self)
[3.736s] running egg_info
[3.785s] writing turtlebot3_teleop.egg-info/PKG-INFO
[3.786s] writing dependency_links to turtlebot3_teleop.egg-info/dependency_links.txt
[3.786s] writing entry points to turtlebot3_teleop.egg-info/entry_points.txt
[3.786s] writing requirements to turtlebot3_teleop.egg-info/requires.txt
[3.786s] writing top-level names to turtlebot3_teleop.egg-info/top_level.txt
[3.862s] reading manifest file 'turtlebot3_teleop.egg-info/SOURCES.txt'
[3.864s] writing manifest file 'turtlebot3_teleop.egg-info/SOURCES.txt'
[3.978s] running build_ext
[3.978s] Creating /home/mannaja/wrg2024_turtlebot3_ws/install/turtlebot3_teleop/lib/python3.10/site-packages/turtlebot3-teleop.egg-link (link to .)
[3.979s] Installing teleop_keyboard script to /home/mannaja/wrg2024_turtlebot3_ws/install/turtlebot3_teleop/lib/turtlebot3_teleop
[3.980s] 
[3.980s] Installed /home/mannaja/wrg2024_turtlebot3_ws/build/turtlebot3_teleop
[3.980s] running symlink_data
[4.038s] Invoked command in '/home/mannaja/wrg2024_turtlebot3_ws/build/turtlebot3_teleop' returned '0': PYTHONPATH=/home/mannaja/wrg2024_turtlebot3_ws/build/turtlebot3_teleop/prefix_override:/usr/lib/python3/dist-packages/colcon_core/task/python/colcon_distutils_commands:/home/mannaja/wrg2024_turtlebot3_ws/install/turtlebot3_teleop/lib/python3.10/site-packages:${PYTHONPATH} /usr/bin/python3 -W ignore:setup.py install is deprecated setup.py develop --editable --build-directory /home/mannaja/wrg2024_turtlebot3_ws/build/turtlebot3_teleop/build --no-deps symlink_data
