[0.014s] Invoking command in '/home/mannaja/wrg2024_turtlebot3_ws/build/wrg_core': CMAKE_PREFIX_PATH=${CMAKE_PREFIX_PATH}:/home/mannaja/turtlebot3_ws/install/turtlebot3_teleop:/home/mannaja/turtlebot3_ws/install/turtlebot3_example:/home/mannaja/coding/project/python_minecraftDetectMob_andSendDataToRos2/ros2_ws/install/pi_node:/home/mannaja/coding/project/python_minecraftDetectMob_andSendDataToRos2/ros2_ws/install/laptop_node:/home/mannaja/coding/project/ABU2024_Manual/robot_ws/install/robot_core:/opt/ros/humble /home/mannaja/.local/bin/cmake --build /home/mannaja/wrg2024_turtlebot3_ws/build/wrg_core -- -j12 -l12
[0.143s] Built target ament_cmake_python_symlink_wrg_core
[0.434s] running egg_info
[0.708s] writing wrg_core.egg-info/PKG-INFO
[0.708s] writing dependency_links to wrg_core.egg-info/dependency_links.txt
[0.709s] writing top-level names to wrg_core.egg-info/top_level.txt
[0.789s] reading manifest file 'wrg_core.egg-info/SOURCES.txt'
[0.790s] writing manifest file 'wrg_core.egg-info/SOURCES.txt'
[0.813s] Built target ament_cmake_python_build_wrg_core_egg
[0.828s] Invoked command in '/home/mannaja/wrg2024_turtlebot3_ws/build/wrg_core' returned '0': CMAKE_PREFIX_PATH=${CMAKE_PREFIX_PATH}:/home/mannaja/turtlebot3_ws/install/turtlebot3_teleop:/home/mannaja/turtlebot3_ws/install/turtlebot3_example:/home/mannaja/coding/project/python_minecraftDetectMob_andSendDataToRos2/ros2_ws/install/pi_node:/home/mannaja/coding/project/python_minecraftDetectMob_andSendDataToRos2/ros2_ws/install/laptop_node:/home/mannaja/coding/project/ABU2024_Manual/robot_ws/install/robot_core:/opt/ros/humble /home/mannaja/.local/bin/cmake --build /home/mannaja/wrg2024_turtlebot3_ws/build/wrg_core -- -j12 -l12
[1.010s] Invoking command in '/home/mannaja/wrg2024_turtlebot3_ws/build/wrg_core': CMAKE_PREFIX_PATH=${CMAKE_PREFIX_PATH}:/home/mannaja/turtlebot3_ws/install/turtlebot3_teleop:/home/mannaja/turtlebot3_ws/install/turtlebot3_example:/home/mannaja/coding/project/python_minecraftDetectMob_andSendDataToRos2/ros2_ws/install/pi_node:/home/mannaja/coding/project/python_minecraftDetectMob_andSendDataToRos2/ros2_ws/install/laptop_node:/home/mannaja/coding/project/ABU2024_Manual/robot_ws/install/robot_core:/opt/ros/humble /home/mannaja/.local/bin/cmake --install /home/mannaja/wrg2024_turtlebot3_ws/build/wrg_core
[1.088s] -- Install configuration: ""
[1.089s] -- Execute custom install script
[1.089s] -- Up-to-date symlink: /home/mannaja/wrg2024_turtlebot3_ws/install/wrg_core/share/wrg_core/launch/microros.launch.py
[1.089s] -- Up-to-date symlink: /home/mannaja/wrg2024_turtlebot3_ws/install/wrg_core/share/wrg_core/launch/nav2_map.launch.py
[1.090s] -- Up-to-date symlink: /home/mannaja/wrg2024_turtlebot3_ws/install/wrg_core/share/wrg_core/launch/state.launch.py
[1.090s] -- Up-to-date symlink: /home/mannaja/wrg2024_turtlebot3_ws/install/wrg_core/share/wrg_core/map/map201.pgm
[1.090s] -- Up-to-date symlink: /home/mannaja/wrg2024_turtlebot3_ws/install/wrg_core/share/wrg_core/map/map201.yaml
[1.091s] -- Up-to-date symlink: /home/mannaja/wrg2024_turtlebot3_ws/install/wrg_core/share/wrg_core/map/maptb3.pgm
[1.091s] -- Up-to-date symlink: /home/mannaja/wrg2024_turtlebot3_ws/install/wrg_core/share/wrg_core/map/maptb3.yaml
[1.092s] -- Up-to-date symlink: /home/mannaja/wrg2024_turtlebot3_ws/install/wrg_core/share/wrg_core/param/burger copy.yaml
[1.092s] -- Up-to-date symlink: /home/mannaja/wrg2024_turtlebot3_ws/install/wrg_core/share/wrg_core/param/burger.yaml
[1.092s] -- Up-to-date symlink: /home/mannaja/wrg2024_turtlebot3_ws/install/wrg_core/share/wrg_core/param/waffle.yaml
[1.092s] -- Up-to-date symlink: /home/mannaja/wrg2024_turtlebot3_ws/install/wrg_core/share/wrg_core/param/waffle_pi.yaml
[1.093s] -- Up-to-date symlink: /home/mannaja/wrg2024_turtlebot3_ws/install/wrg_core/share/wrg_core/scripts/__init__.py
[1.093s] -- Up-to-date symlink: /home/mannaja/wrg2024_turtlebot3_ws/install/wrg_core/share/wrg_core/scripts/nav2_control.py
[1.093s] -- Up-to-date symlink: /home/mannaja/wrg2024_turtlebot3_ws/install/wrg_core/share/wrg_core/scripts/navigate.py
[1.093s] -- Up-to-date symlink: /home/mannaja/wrg2024_turtlebot3_ws/install/wrg_core/share/wrg_core/scripts/robot_main_state.py
[1.094s] -- Up-to-date symlink: /home/mannaja/wrg2024_turtlebot3_ws/install/wrg_core/share/wrg_core/scripts/tempCodeRunnerFile.py
[1.094s] -- Up-to-date symlink: /home/mannaja/wrg2024_turtlebot3_ws/install/wrg_core/share/wrg_core/scripts/utilize.py
[1.095s] -- Up-to-date symlink: /home/mannaja/wrg2024_turtlebot3_ws/install/wrg_core/share/wrg_core/wrg_core/__init__.py
[1.095s] -- Up-to-date symlink: /home/mannaja/wrg2024_turtlebot3_ws/install/wrg_core/share/wrg_core/wrg_core/main.py
[1.095s] -- Up-to-date symlink: /home/mannaja/wrg2024_turtlebot3_ws/install/wrg_core/share/wrg_core/environment/pythonpath.sh
[1.095s] -- Up-to-date symlink: /home/mannaja/wrg2024_turtlebot3_ws/install/wrg_core/share/wrg_core/environment/pythonpath.dsv
[1.096s] -- Up-to-date symlink: /home/mannaja/wrg2024_turtlebot3_ws/install/wrg_core/local/lib/python3.10/dist-packages/wrg_core-2.1.5-py3.10.egg-info/PKG-INFO
[1.096s] -- Up-to-date symlink: /home/mannaja/wrg2024_turtlebot3_ws/install/wrg_core/local/lib/python3.10/dist-packages/wrg_core-2.1.5-py3.10.egg-info/SOURCES.txt
[1.096s] -- Up-to-date symlink: /home/mannaja/wrg2024_turtlebot3_ws/install/wrg_core/local/lib/python3.10/dist-packages/wrg_core-2.1.5-py3.10.egg-info/dependency_links.txt
[1.096s] -- Up-to-date symlink: /home/mannaja/wrg2024_turtlebot3_ws/install/wrg_core/local/lib/python3.10/dist-packages/wrg_core-2.1.5-py3.10.egg-info/top_level.txt
[1.096s] -- Up-to-date symlink: /home/mannaja/wrg2024_turtlebot3_ws/install/wrg_core/local/lib/python3.10/dist-packages/wrg_core/__init__.py
[1.096s] -- Up-to-date symlink: /home/mannaja/wrg2024_turtlebot3_ws/install/wrg_core/local/lib/python3.10/dist-packages/wrg_core/main.py
[1.097s] -- Up-to-date symlink: /home/mannaja/wrg2024_turtlebot3_ws/install/wrg_core/lib/wrg_core/nav2_control.py
[1.097s] -- Up-to-date symlink: /home/mannaja/wrg2024_turtlebot3_ws/install/wrg_core/lib/wrg_core/robot_main_state.py
[1.097s] -- Up-to-date symlink: /home/mannaja/wrg2024_turtlebot3_ws/install/wrg_core/lib/wrg_core/navigate.py
[1.097s] -- Up-to-date symlink: /home/mannaja/wrg2024_turtlebot3_ws/install/wrg_core/share/ament_index/resource_index/package_run_dependencies/wrg_core
[1.097s] -- Up-to-date symlink: /home/mannaja/wrg2024_turtlebot3_ws/install/wrg_core/share/ament_index/resource_index/parent_prefix_path/wrg_core
[1.098s] -- Up-to-date symlink: /home/mannaja/wrg2024_turtlebot3_ws/install/wrg_core/share/wrg_core/environment/ament_prefix_path.sh
[1.098s] -- Up-to-date symlink: /home/mannaja/wrg2024_turtlebot3_ws/install/wrg_core/share/wrg_core/environment/ament_prefix_path.dsv
[1.098s] -- Up-to-date symlink: /home/mannaja/wrg2024_turtlebot3_ws/install/wrg_core/share/wrg_core/environment/path.sh
[1.098s] -- Up-to-date symlink: /home/mannaja/wrg2024_turtlebot3_ws/install/wrg_core/share/wrg_core/environment/path.dsv
[1.099s] -- Up-to-date symlink: /home/mannaja/wrg2024_turtlebot3_ws/install/wrg_core/share/wrg_core/local_setup.bash
[1.099s] -- Up-to-date symlink: /home/mannaja/wrg2024_turtlebot3_ws/install/wrg_core/share/wrg_core/local_setup.sh
[1.099s] -- Up-to-date symlink: /home/mannaja/wrg2024_turtlebot3_ws/install/wrg_core/share/wrg_core/local_setup.zsh
[1.099s] -- Up-to-date symlink: /home/mannaja/wrg2024_turtlebot3_ws/install/wrg_core/share/wrg_core/local_setup.dsv
[1.100s] -- Symlinking: /home/mannaja/wrg2024_turtlebot3_ws/install/wrg_core/share/wrg_core/package.dsv
[1.103s] -- Up-to-date symlink: /home/mannaja/wrg2024_turtlebot3_ws/install/wrg_core/share/ament_index/resource_index/packages/wrg_core
[1.103s] -- Up-to-date symlink: /home/mannaja/wrg2024_turtlebot3_ws/install/wrg_core/share/wrg_core/cmake/wrg_coreConfig.cmake
[1.103s] -- Up-to-date symlink: /home/mannaja/wrg2024_turtlebot3_ws/install/wrg_core/share/wrg_core/cmake/wrg_coreConfig-version.cmake
[1.104s] -- Up-to-date symlink: /home/mannaja/wrg2024_turtlebot3_ws/install/wrg_core/share/wrg_core/package.xml
[1.138s] Listing '/home/mannaja/wrg2024_turtlebot3_ws/install/wrg_core/local/lib/python3.10/dist-packages/wrg_core'...
[1.153s] Invoked command in '/home/mannaja/wrg2024_turtlebot3_ws/build/wrg_core' returned '0': CMAKE_PREFIX_PATH=${CMAKE_PREFIX_PATH}:/home/mannaja/turtlebot3_ws/install/turtlebot3_teleop:/home/mannaja/turtlebot3_ws/install/turtlebot3_example:/home/mannaja/coding/project/python_minecraftDetectMob_andSendDataToRos2/ros2_ws/install/pi_node:/home/mannaja/coding/project/python_minecraftDetectMob_andSendDataToRos2/ros2_ws/install/laptop_node:/home/mannaja/coding/project/ABU2024_Manual/robot_ws/install/robot_core:/opt/ros/humble /home/mannaja/.local/bin/cmake --install /home/mannaja/wrg2024_turtlebot3_ws/build/wrg_core
