-- The C compiler identification is GNU 11.4.0
-- The CXX compiler identification is GNU 11.4.0
-- Detecting C compiler ABI info
-- Detecting C compiler ABI info - done
-- Check for working C compiler: /usr/bin/cc - skipped
-- Detecting C compile features
-- Detecting C compile features - done
-- Detecting CXX compiler ABI info
-- Detecting CXX compiler ABI info - done
-- Check for working CXX compiler: /usr/bin/c++ - skipped
-- Detecting CXX compile features
-- Detecting CXX compile features - done
-- Found ament_cmake: 1.3.9 (/opt/ros/humble/share/ament_cmake/cmake)
-- Found Python3: /usr/bin/python3 (found version "3.10.12") found components: Interpreter
-- Override CMake install command with custom implementation using symlinks instead of copying resources
-- Configuring done (1.5s)
-- Generating done (0.0s)
-- Build files have been written to: /home/mannaja/wrg2024_turtlebot3_ws/build/wrg_core
gmake[1]: Entering directory '/home/mannaja/wrg2024_turtlebot3_ws/build/wrg_core'
gmake[1]: Leaving directory '/home/mannaja/wrg2024_turtlebot3_ws/build/wrg_core'
-- Install configuration: ""
-- Execute custom install script
-- Symlinking: /home/mannaja/wrg2024_turtlebot3_ws/install/wrg_core/share/wrg_core/launch/navigation2.launch.py
-- Symlinking: /home/mannaja/wrg2024_turtlebot3_ws/install/wrg_core/share/wrg_core/map/map.pgm
-- Symlinking: /home/mannaja/wrg2024_turtlebot3_ws/install/wrg_core/share/wrg_core/map/map.yaml
-- Symlinking: /home/mannaja/wrg2024_turtlebot3_ws/install/wrg_core/share/wrg_core/param/burger.yaml
-- Symlinking: /home/mannaja/wrg2024_turtlebot3_ws/install/wrg_core/share/wrg_core/param/waffle.yaml
-- Symlinking: /home/mannaja/wrg2024_turtlebot3_ws/install/wrg_core/share/wrg_core/param/waffle_pi.yaml
-- Symlinking: /home/mannaja/wrg2024_turtlebot3_ws/install/wrg_core/share/ament_index/resource_index/package_run_dependencies/wrg_core
-- Symlinking: /home/mannaja/wrg2024_turtlebot3_ws/install/wrg_core/share/ament_index/resource_index/parent_prefix_path/wrg_core
-- Symlinking: /home/mannaja/wrg2024_turtlebot3_ws/install/wrg_core/share/wrg_core/environment/ament_prefix_path.sh
-- Symlinking: /home/mannaja/wrg2024_turtlebot3_ws/install/wrg_core/share/wrg_core/environment/ament_prefix_path.dsv
-- Symlinking: /home/mannaja/wrg2024_turtlebot3_ws/install/wrg_core/share/wrg_core/environment/path.sh
-- Symlinking: /home/mannaja/wrg2024_turtlebot3_ws/install/wrg_core/share/wrg_core/environment/path.dsv
-- Symlinking: /home/mannaja/wrg2024_turtlebot3_ws/install/wrg_core/share/wrg_core/local_setup.bash
-- Symlinking: /home/mannaja/wrg2024_turtlebot3_ws/install/wrg_core/share/wrg_core/local_setup.sh
-- Symlinking: /home/mannaja/wrg2024_turtlebot3_ws/install/wrg_core/share/wrg_core/local_setup.zsh
-- Symlinking: /home/mannaja/wrg2024_turtlebot3_ws/install/wrg_core/share/wrg_core/local_setup.dsv
-- Symlinking: /home/mannaja/wrg2024_turtlebot3_ws/install/wrg_core/share/wrg_core/package.dsv
-- Symlinking: /home/mannaja/wrg2024_turtlebot3_ws/install/wrg_core/share/ament_index/resource_index/packages/wrg_core
-- Symlinking: /home/mannaja/wrg2024_turtlebot3_ws/install/wrg_core/share/wrg_core/cmake/wrg_coreConfig.cmake
-- Symlinking: /home/mannaja/wrg2024_turtlebot3_ws/install/wrg_core/share/wrg_core/cmake/wrg_coreConfig-version.cmake
-- Symlinking: /home/mannaja/wrg2024_turtlebot3_ws/install/wrg_core/share/wrg_core/package.xml
