running egg_info
creating ../../../../build/gyp/gyp.egg-info
writing ../../../../build/gyp/gyp.egg-info/PKG-INFO
writing dependency_links to ../../../../build/gyp/gyp.egg-info/dependency_links.txt
writing entry points to ../../../../build/gyp/gyp.egg-info/entry_points.txt
writing top-level names to ../../../../build/gyp/gyp.egg-info/top_level.txt
writing manifest file '../../../../build/gyp/gyp.egg-info/SOURCES.txt'
reading manifest file '../../../../build/gyp/gyp.egg-info/SOURCES.txt'
adding license file 'LICENSE'
adding license file 'AUTHORS'
writing manifest file '../../../../build/gyp/gyp.egg-info/SOURCES.txt'
running build
running build_py
creating /home/mannaja/wrg2024_turtlebot3_ws/ros2-web-control/build/gyp/build
creating /home/mannaja/wrg2024_turtlebot3_ws/ros2-web-control/build/gyp/build/lib
creating /home/mannaja/wrg2024_turtlebot3_ws/ros2-web-control/build/gyp/build/lib/gyp
copying pylib/gyp/xcode_ninja.py -> /home/mannaja/wrg2024_turtlebot3_ws/ros2-web-control/build/gyp/build/lib/gyp
copying pylib/gyp/MSVSSettings.py -> /home/mannaja/wrg2024_turtlebot3_ws/ros2-web-control/build/gyp/build/lib/gyp
copying pylib/gyp/input.py -> /home/mannaja/wrg2024_turtlebot3_ws/ros2-web-control/build/gyp/build/lib/gyp
copying pylib/gyp/common_test.py -> /home/mannaja/wrg2024_turtlebot3_ws/ros2-web-control/build/gyp/build/lib/gyp
copying pylib/gyp/xml_fix.py -> /home/mannaja/wrg2024_turtlebot3_ws/ros2-web-control/build/gyp/build/lib/gyp
copying pylib/gyp/flock_tool.py -> /home/mannaja/wrg2024_turtlebot3_ws/ros2-web-control/build/gyp/build/lib/gyp
copying pylib/gyp/win_tool.py -> /home/mannaja/wrg2024_turtlebot3_ws/ros2-web-control/build/gyp/build/lib/gyp
copying pylib/gyp/__init__.py -> /home/mannaja/wrg2024_turtlebot3_ws/ros2-web-control/build/gyp/build/lib/gyp
copying pylib/gyp/MSVSUserFile.py -> /home/mannaja/wrg2024_turtlebot3_ws/ros2-web-control/build/gyp/build/lib/gyp
copying pylib/gyp/MSVSVersion.py -> /home/mannaja/wrg2024_turtlebot3_ws/ros2-web-control/build/gyp/build/lib/gyp
copying pylib/gyp/xcode_emulation.py -> /home/mannaja/wrg2024_turtlebot3_ws/ros2-web-control/build/gyp/build/lib/gyp
copying pylib/gyp/easy_xml_test.py -> /home/mannaja/wrg2024_turtlebot3_ws/ros2-web-control/build/gyp/build/lib/gyp
copying pylib/gyp/ninja_syntax.py -> /home/mannaja/wrg2024_turtlebot3_ws/ros2-web-control/build/gyp/build/lib/gyp
copying pylib/gyp/xcodeproj_file.py -> /home/mannaja/wrg2024_turtlebot3_ws/ros2-web-control/build/gyp/build/lib/gyp
copying pylib/gyp/easy_xml.py -> /home/mannaja/wrg2024_turtlebot3_ws/ros2-web-control/build/gyp/build/lib/gyp
copying pylib/gyp/MSVSSettings_test.py -> /home/mannaja/wrg2024_turtlebot3_ws/ros2-web-control/build/gyp/build/lib/gyp
copying pylib/gyp/input_test.py -> /home/mannaja/wrg2024_turtlebot3_ws/ros2-web-control/build/gyp/build/lib/gyp
copying pylib/gyp/msvs_emulation.py -> /home/mannaja/wrg2024_turtlebot3_ws/ros2-web-control/build/gyp/build/lib/gyp
copying pylib/gyp/mac_tool.py -> /home/mannaja/wrg2024_turtlebot3_ws/ros2-web-control/build/gyp/build/lib/gyp
copying pylib/gyp/MSVSToolFile.py -> /home/mannaja/wrg2024_turtlebot3_ws/ros2-web-control/build/gyp/build/lib/gyp
copying pylib/gyp/common.py -> /home/mannaja/wrg2024_turtlebot3_ws/ros2-web-control/build/gyp/build/lib/gyp
copying pylib/gyp/MSVSNew.py -> /home/mannaja/wrg2024_turtlebot3_ws/ros2-web-control/build/gyp/build/lib/gyp
copying pylib/gyp/simple_copy.py -> /home/mannaja/wrg2024_turtlebot3_ws/ros2-web-control/build/gyp/build/lib/gyp
copying pylib/gyp/MSVSUtil.py -> /home/mannaja/wrg2024_turtlebot3_ws/ros2-web-control/build/gyp/build/lib/gyp
copying pylib/gyp/MSVSProject.py -> /home/mannaja/wrg2024_turtlebot3_ws/ros2-web-control/build/gyp/build/lib/gyp
creating /home/mannaja/wrg2024_turtlebot3_ws/ros2-web-control/build/gyp/build/lib/gyp/generator
copying pylib/gyp/generator/eclipse.py -> /home/mannaja/wrg2024_turtlebot3_ws/ros2-web-control/build/gyp/build/lib/gyp/generator
copying pylib/gyp/generator/gypd.py -> /home/mannaja/wrg2024_turtlebot3_ws/ros2-web-control/build/gyp/build/lib/gyp/generator
copying pylib/gyp/generator/compile_commands_json.py -> /home/mannaja/wrg2024_turtlebot3_ws/ros2-web-control/build/gyp/build/lib/gyp/generator
copying pylib/gyp/generator/make.py -> /home/mannaja/wrg2024_turtlebot3_ws/ros2-web-control/build/gyp/build/lib/gyp/generator
copying pylib/gyp/generator/__init__.py -> /home/mannaja/wrg2024_turtlebot3_ws/ros2-web-control/build/gyp/build/lib/gyp/generator
copying pylib/gyp/generator/msvs_test.py -> /home/mannaja/wrg2024_turtlebot3_ws/ros2-web-control/build/gyp/build/lib/gyp/generator
copying pylib/gyp/generator/dump_dependency_json.py -> /home/mannaja/wrg2024_turtlebot3_ws/ros2-web-control/build/gyp/build/lib/gyp/generator
copying pylib/gyp/generator/ninja_test.py -> /home/mannaja/wrg2024_turtlebot3_ws/ros2-web-control/build/gyp/build/lib/gyp/generator
copying pylib/gyp/generator/xcode_test.py -> /home/mannaja/wrg2024_turtlebot3_ws/ros2-web-control/build/gyp/build/lib/gyp/generator
copying pylib/gyp/generator/xcode.py -> /home/mannaja/wrg2024_turtlebot3_ws/ros2-web-control/build/gyp/build/lib/gyp/generator
copying pylib/gyp/generator/cmake.py -> /home/mannaja/wrg2024_turtlebot3_ws/ros2-web-control/build/gyp/build/lib/gyp/generator
copying pylib/gyp/generator/android.py -> /home/mannaja/wrg2024_turtlebot3_ws/ros2-web-control/build/gyp/build/lib/gyp/generator
copying pylib/gyp/generator/msvs.py -> /home/mannaja/wrg2024_turtlebot3_ws/ros2-web-control/build/gyp/build/lib/gyp/generator
copying pylib/gyp/generator/gypsh.py -> /home/mannaja/wrg2024_turtlebot3_ws/ros2-web-control/build/gyp/build/lib/gyp/generator
copying pylib/gyp/generator/ninja.py -> /home/mannaja/wrg2024_turtlebot3_ws/ros2-web-control/build/gyp/build/lib/gyp/generator
copying pylib/gyp/generator/analyzer.py -> /home/mannaja/wrg2024_turtlebot3_ws/ros2-web-control/build/gyp/build/lib/gyp/generator
running install
running install_lib
creating /home/mannaja/wrg2024_turtlebot3_ws/ros2-web-control/install/gyp/lib/python3.10/site-packages/gyp
copying /home/mannaja/wrg2024_turtlebot3_ws/ros2-web-control/build/gyp/build/lib/gyp/xcode_ninja.py -> /home/mannaja/wrg2024_turtlebot3_ws/ros2-web-control/install/gyp/lib/python3.10/site-packages/gyp
copying /home/mannaja/wrg2024_turtlebot3_ws/ros2-web-control/build/gyp/build/lib/gyp/MSVSSettings.py -> /home/mannaja/wrg2024_turtlebot3_ws/ros2-web-control/install/gyp/lib/python3.10/site-packages/gyp
copying /home/mannaja/wrg2024_turtlebot3_ws/ros2-web-control/build/gyp/build/lib/gyp/input.py -> /home/mannaja/wrg2024_turtlebot3_ws/ros2-web-control/install/gyp/lib/python3.10/site-packages/gyp
copying /home/mannaja/wrg2024_turtlebot3_ws/ros2-web-control/build/gyp/build/lib/gyp/common_test.py -> /home/mannaja/wrg2024_turtlebot3_ws/ros2-web-control/install/gyp/lib/python3.10/site-packages/gyp
copying /home/mannaja/wrg2024_turtlebot3_ws/ros2-web-control/build/gyp/build/lib/gyp/xml_fix.py -> /home/mannaja/wrg2024_turtlebot3_ws/ros2-web-control/install/gyp/lib/python3.10/site-packages/gyp
copying /home/mannaja/wrg2024_turtlebot3_ws/ros2-web-control/build/gyp/build/lib/gyp/flock_tool.py -> /home/mannaja/wrg2024_turtlebot3_ws/ros2-web-control/install/gyp/lib/python3.10/site-packages/gyp
copying /home/mannaja/wrg2024_turtlebot3_ws/ros2-web-control/build/gyp/build/lib/gyp/win_tool.py -> /home/mannaja/wrg2024_turtlebot3_ws/ros2-web-control/install/gyp/lib/python3.10/site-packages/gyp
copying /home/mannaja/wrg2024_turtlebot3_ws/ros2-web-control/build/gyp/build/lib/gyp/__init__.py -> /home/mannaja/wrg2024_turtlebot3_ws/ros2-web-control/install/gyp/lib/python3.10/site-packages/gyp
copying /home/mannaja/wrg2024_turtlebot3_ws/ros2-web-control/build/gyp/build/lib/gyp/MSVSUserFile.py -> /home/mannaja/wrg2024_turtlebot3_ws/ros2-web-control/install/gyp/lib/python3.10/site-packages/gyp
copying /home/mannaja/wrg2024_turtlebot3_ws/ros2-web-control/build/gyp/build/lib/gyp/MSVSVersion.py -> /home/mannaja/wrg2024_turtlebot3_ws/ros2-web-control/install/gyp/lib/python3.10/site-packages/gyp
copying /home/mannaja/wrg2024_turtlebot3_ws/ros2-web-control/build/gyp/build/lib/gyp/xcode_emulation.py -> /home/mannaja/wrg2024_turtlebot3_ws/ros2-web-control/install/gyp/lib/python3.10/site-packages/gyp
copying /home/mannaja/wrg2024_turtlebot3_ws/ros2-web-control/build/gyp/build/lib/gyp/easy_xml_test.py -> /home/mannaja/wrg2024_turtlebot3_ws/ros2-web-control/install/gyp/lib/python3.10/site-packages/gyp
copying /home/mannaja/wrg2024_turtlebot3_ws/ros2-web-control/build/gyp/build/lib/gyp/ninja_syntax.py -> /home/mannaja/wrg2024_turtlebot3_ws/ros2-web-control/install/gyp/lib/python3.10/site-packages/gyp
copying /home/mannaja/wrg2024_turtlebot3_ws/ros2-web-control/build/gyp/build/lib/gyp/xcodeproj_file.py -> /home/mannaja/wrg2024_turtlebot3_ws/ros2-web-control/install/gyp/lib/python3.10/site-packages/gyp
copying /home/mannaja/wrg2024_turtlebot3_ws/ros2-web-control/build/gyp/build/lib/gyp/easy_xml.py -> /home/mannaja/wrg2024_turtlebot3_ws/ros2-web-control/install/gyp/lib/python3.10/site-packages/gyp
copying /home/mannaja/wrg2024_turtlebot3_ws/ros2-web-control/build/gyp/build/lib/gyp/MSVSSettings_test.py -> /home/mannaja/wrg2024_turtlebot3_ws/ros2-web-control/install/gyp/lib/python3.10/site-packages/gyp
copying /home/mannaja/wrg2024_turtlebot3_ws/ros2-web-control/build/gyp/build/lib/gyp/input_test.py -> /home/mannaja/wrg2024_turtlebot3_ws/ros2-web-control/install/gyp/lib/python3.10/site-packages/gyp
copying /home/mannaja/wrg2024_turtlebot3_ws/ros2-web-control/build/gyp/build/lib/gyp/msvs_emulation.py -> /home/mannaja/wrg2024_turtlebot3_ws/ros2-web-control/install/gyp/lib/python3.10/site-packages/gyp
copying /home/mannaja/wrg2024_turtlebot3_ws/ros2-web-control/build/gyp/build/lib/gyp/mac_tool.py -> /home/mannaja/wrg2024_turtlebot3_ws/ros2-web-control/install/gyp/lib/python3.10/site-packages/gyp
copying /home/mannaja/wrg2024_turtlebot3_ws/ros2-web-control/build/gyp/build/lib/gyp/MSVSToolFile.py -> /home/mannaja/wrg2024_turtlebot3_ws/ros2-web-control/install/gyp/lib/python3.10/site-packages/gyp
creating /home/mannaja/wrg2024_turtlebot3_ws/ros2-web-control/install/gyp/lib/python3.10/site-packages/gyp/generator
copying /home/mannaja/wrg2024_turtlebot3_ws/ros2-web-control/build/gyp/build/lib/gyp/generator/eclipse.py -> /home/mannaja/wrg2024_turtlebot3_ws/ros2-web-control/install/gyp/lib/python3.10/site-packages/gyp/generator
copying /home/mannaja/wrg2024_turtlebot3_ws/ros2-web-control/build/gyp/build/lib/gyp/generator/gypd.py -> /home/mannaja/wrg2024_turtlebot3_ws/ros2-web-control/install/gyp/lib/python3.10/site-packages/gyp/generator
copying /home/mannaja/wrg2024_turtlebot3_ws/ros2-web-control/build/gyp/build/lib/gyp/generator/compile_commands_json.py -> /home/mannaja/wrg2024_turtlebot3_ws/ros2-web-control/install/gyp/lib/python3.10/site-packages/gyp/generator
copying /home/mannaja/wrg2024_turtlebot3_ws/ros2-web-control/build/gyp/build/lib/gyp/generator/make.py -> /home/mannaja/wrg2024_turtlebot3_ws/ros2-web-control/install/gyp/lib/python3.10/site-packages/gyp/generator
copying /home/mannaja/wrg2024_turtlebot3_ws/ros2-web-control/build/gyp/build/lib/gyp/generator/__init__.py -> /home/mannaja/wrg2024_turtlebot3_ws/ros2-web-control/install/gyp/lib/python3.10/site-packages/gyp/generator
copying /home/mannaja/wrg2024_turtlebot3_ws/ros2-web-control/build/gyp/build/lib/gyp/generator/msvs_test.py -> /home/mannaja/wrg2024_turtlebot3_ws/ros2-web-control/install/gyp/lib/python3.10/site-packages/gyp/generator
copying /home/mannaja/wrg2024_turtlebot3_ws/ros2-web-control/build/gyp/build/lib/gyp/generator/dump_dependency_json.py -> /home/mannaja/wrg2024_turtlebot3_ws/ros2-web-control/install/gyp/lib/python3.10/site-packages/gyp/generator
copying /home/mannaja/wrg2024_turtlebot3_ws/ros2-web-control/build/gyp/build/lib/gyp/generator/ninja_test.py -> /home/mannaja/wrg2024_turtlebot3_ws/ros2-web-control/install/gyp/lib/python3.10/site-packages/gyp/generator
copying /home/mannaja/wrg2024_turtlebot3_ws/ros2-web-control/build/gyp/build/lib/gyp/generator/xcode_test.py -> /home/mannaja/wrg2024_turtlebot3_ws/ros2-web-control/install/gyp/lib/python3.10/site-packages/gyp/generator
copying /home/mannaja/wrg2024_turtlebot3_ws/ros2-web-control/build/gyp/build/lib/gyp/generator/xcode.py -> /home/mannaja/wrg2024_turtlebot3_ws/ros2-web-control/install/gyp/lib/python3.10/site-packages/gyp/generator
copying /home/mannaja/wrg2024_turtlebot3_ws/ros2-web-control/build/gyp/build/lib/gyp/generator/cmake.py -> /home/mannaja/wrg2024_turtlebot3_ws/ros2-web-control/install/gyp/lib/python3.10/site-packages/gyp/generator
copying /home/mannaja/wrg2024_turtlebot3_ws/ros2-web-control/build/gyp/build/lib/gyp/generator/android.py -> /home/mannaja/wrg2024_turtlebot3_ws/ros2-web-control/install/gyp/lib/python3.10/site-packages/gyp/generator
copying /home/mannaja/wrg2024_turtlebot3_ws/ros2-web-control/build/gyp/build/lib/gyp/generator/msvs.py -> /home/mannaja/wrg2024_turtlebot3_ws/ros2-web-control/install/gyp/lib/python3.10/site-packages/gyp/generator
copying /home/mannaja/wrg2024_turtlebot3_ws/ros2-web-control/build/gyp/build/lib/gyp/generator/gypsh.py -> /home/mannaja/wrg2024_turtlebot3_ws/ros2-web-control/install/gyp/lib/python3.10/site-packages/gyp/generator
copying /home/mannaja/wrg2024_turtlebot3_ws/ros2-web-control/build/gyp/build/lib/gyp/generator/ninja.py -> /home/mannaja/wrg2024_turtlebot3_ws/ros2-web-control/install/gyp/lib/python3.10/site-packages/gyp/generator
copying /home/mannaja/wrg2024_turtlebot3_ws/ros2-web-control/build/gyp/build/lib/gyp/generator/analyzer.py -> /home/mannaja/wrg2024_turtlebot3_ws/ros2-web-control/install/gyp/lib/python3.10/site-packages/gyp/generator
copying /home/mannaja/wrg2024_turtlebot3_ws/ros2-web-control/build/gyp/build/lib/gyp/common.py -> /home/mannaja/wrg2024_turtlebot3_ws/ros2-web-control/install/gyp/lib/python3.10/site-packages/gyp
copying /home/mannaja/wrg2024_turtlebot3_ws/ros2-web-control/build/gyp/build/lib/gyp/MSVSNew.py -> /home/mannaja/wrg2024_turtlebot3_ws/ros2-web-control/install/gyp/lib/python3.10/site-packages/gyp
copying /home/mannaja/wrg2024_turtlebot3_ws/ros2-web-control/build/gyp/build/lib/gyp/simple_copy.py -> /home/mannaja/wrg2024_turtlebot3_ws/ros2-web-control/install/gyp/lib/python3.10/site-packages/gyp
copying /home/mannaja/wrg2024_turtlebot3_ws/ros2-web-control/build/gyp/build/lib/gyp/MSVSUtil.py -> /home/mannaja/wrg2024_turtlebot3_ws/ros2-web-control/install/gyp/lib/python3.10/site-packages/gyp
copying /home/mannaja/wrg2024_turtlebot3_ws/ros2-web-control/build/gyp/build/lib/gyp/MSVSProject.py -> /home/mannaja/wrg2024_turtlebot3_ws/ros2-web-control/install/gyp/lib/python3.10/site-packages/gyp
byte-compiling /home/mannaja/wrg2024_turtlebot3_ws/ros2-web-control/install/gyp/lib/python3.10/site-packages/gyp/xcode_ninja.py to xcode_ninja.cpython-310.pyc
byte-compiling /home/mannaja/wrg2024_turtlebot3_ws/ros2-web-control/install/gyp/lib/python3.10/site-packages/gyp/MSVSSettings.py to MSVSSettings.cpython-310.pyc
byte-compiling /home/mannaja/wrg2024_turtlebot3_ws/ros2-web-control/install/gyp/lib/python3.10/site-packages/gyp/input.py to input.cpython-310.pyc
byte-compiling /home/mannaja/wrg2024_turtlebot3_ws/ros2-web-control/install/gyp/lib/python3.10/site-packages/gyp/common_test.py to common_test.cpython-310.pyc
byte-compiling /home/mannaja/wrg2024_turtlebot3_ws/ros2-web-control/install/gyp/lib/python3.10/site-packages/gyp/xml_fix.py to xml_fix.cpython-310.pyc
byte-compiling /home/mannaja/wrg2024_turtlebot3_ws/ros2-web-control/install/gyp/lib/python3.10/site-packages/gyp/flock_tool.py to flock_tool.cpython-310.pyc
byte-compiling /home/mannaja/wrg2024_turtlebot3_ws/ros2-web-control/install/gyp/lib/python3.10/site-packages/gyp/win_tool.py to win_tool.cpython-310.pyc
byte-compiling /home/mannaja/wrg2024_turtlebot3_ws/ros2-web-control/install/gyp/lib/python3.10/site-packages/gyp/__init__.py to __init__.cpython-310.pyc
byte-compiling /home/mannaja/wrg2024_turtlebot3_ws/ros2-web-control/install/gyp/lib/python3.10/site-packages/gyp/MSVSUserFile.py to MSVSUserFile.cpython-310.pyc
byte-compiling /home/mannaja/wrg2024_turtlebot3_ws/ros2-web-control/install/gyp/lib/python3.10/site-packages/gyp/MSVSVersion.py to MSVSVersion.cpython-310.pyc
byte-compiling /home/mannaja/wrg2024_turtlebot3_ws/ros2-web-control/install/gyp/lib/python3.10/site-packages/gyp/xcode_emulation.py to xcode_emulation.cpython-310.pyc
byte-compiling /home/mannaja/wrg2024_turtlebot3_ws/ros2-web-control/install/gyp/lib/python3.10/site-packages/gyp/easy_xml_test.py to easy_xml_test.cpython-310.pyc
byte-compiling /home/mannaja/wrg2024_turtlebot3_ws/ros2-web-control/install/gyp/lib/python3.10/site-packages/gyp/ninja_syntax.py to ninja_syntax.cpython-310.pyc
byte-compiling /home/mannaja/wrg2024_turtlebot3_ws/ros2-web-control/install/gyp/lib/python3.10/site-packages/gyp/xcodeproj_file.py to xcodeproj_file.cpython-310.pyc
byte-compiling /home/mannaja/wrg2024_turtlebot3_ws/ros2-web-control/install/gyp/lib/python3.10/site-packages/gyp/easy_xml.py to easy_xml.cpython-310.pyc
byte-compiling /home/mannaja/wrg2024_turtlebot3_ws/ros2-web-control/install/gyp/lib/python3.10/site-packages/gyp/MSVSSettings_test.py to MSVSSettings_test.cpython-310.pyc
byte-compiling /home/mannaja/wrg2024_turtlebot3_ws/ros2-web-control/install/gyp/lib/python3.10/site-packages/gyp/input_test.py to input_test.cpython-310.pyc
byte-compiling /home/mannaja/wrg2024_turtlebot3_ws/ros2-web-control/install/gyp/lib/python3.10/site-packages/gyp/msvs_emulation.py to msvs_emulation.cpython-310.pyc
byte-compiling /home/mannaja/wrg2024_turtlebot3_ws/ros2-web-control/install/gyp/lib/python3.10/site-packages/gyp/mac_tool.py to mac_tool.cpython-310.pyc
byte-compiling /home/mannaja/wrg2024_turtlebot3_ws/ros2-web-control/install/gyp/lib/python3.10/site-packages/gyp/MSVSToolFile.py to MSVSToolFile.cpython-310.pyc
byte-compiling /home/mannaja/wrg2024_turtlebot3_ws/ros2-web-control/install/gyp/lib/python3.10/site-packages/gyp/generator/eclipse.py to eclipse.cpython-310.pyc
byte-compiling /home/mannaja/wrg2024_turtlebot3_ws/ros2-web-control/install/gyp/lib/python3.10/site-packages/gyp/generator/gypd.py to gypd.cpython-310.pyc
byte-compiling /home/mannaja/wrg2024_turtlebot3_ws/ros2-web-control/install/gyp/lib/python3.10/site-packages/gyp/generator/compile_commands_json.py to compile_commands_json.cpython-310.pyc
byte-compiling /home/mannaja/wrg2024_turtlebot3_ws/ros2-web-control/install/gyp/lib/python3.10/site-packages/gyp/generator/make.py to make.cpython-310.pyc
byte-compiling /home/mannaja/wrg2024_turtlebot3_ws/ros2-web-control/install/gyp/lib/python3.10/site-packages/gyp/generator/__init__.py to __init__.cpython-310.pyc
byte-compiling /home/mannaja/wrg2024_turtlebot3_ws/ros2-web-control/install/gyp/lib/python3.10/site-packages/gyp/generator/msvs_test.py to msvs_test.cpython-310.pyc
byte-compiling /home/mannaja/wrg2024_turtlebot3_ws/ros2-web-control/install/gyp/lib/python3.10/site-packages/gyp/generator/dump_dependency_json.py to dump_dependency_json.cpython-310.pyc
byte-compiling /home/mannaja/wrg2024_turtlebot3_ws/ros2-web-control/install/gyp/lib/python3.10/site-packages/gyp/generator/ninja_test.py to ninja_test.cpython-310.pyc
byte-compiling /home/mannaja/wrg2024_turtlebot3_ws/ros2-web-control/install/gyp/lib/python3.10/site-packages/gyp/generator/xcode_test.py to xcode_test.cpython-310.pyc
byte-compiling /home/mannaja/wrg2024_turtlebot3_ws/ros2-web-control/install/gyp/lib/python3.10/site-packages/gyp/generator/xcode.py to xcode.cpython-310.pyc
byte-compiling /home/mannaja/wrg2024_turtlebot3_ws/ros2-web-control/install/gyp/lib/python3.10/site-packages/gyp/generator/cmake.py to cmake.cpython-310.pyc
byte-compiling /home/mannaja/wrg2024_turtlebot3_ws/ros2-web-control/install/gyp/lib/python3.10/site-packages/gyp/generator/android.py to android.cpython-310.pyc
byte-compiling /home/mannaja/wrg2024_turtlebot3_ws/ros2-web-control/install/gyp/lib/python3.10/site-packages/gyp/generator/msvs.py to msvs.cpython-310.pyc
byte-compiling /home/mannaja/wrg2024_turtlebot3_ws/ros2-web-control/install/gyp/lib/python3.10/site-packages/gyp/generator/gypsh.py to gypsh.cpython-310.pyc
byte-compiling /home/mannaja/wrg2024_turtlebot3_ws/ros2-web-control/install/gyp/lib/python3.10/site-packages/gyp/generator/ninja.py to ninja.cpython-310.pyc
byte-compiling /home/mannaja/wrg2024_turtlebot3_ws/ros2-web-control/install/gyp/lib/python3.10/site-packages/gyp/generator/analyzer.py to analyzer.cpython-310.pyc
byte-compiling /home/mannaja/wrg2024_turtlebot3_ws/ros2-web-control/install/gyp/lib/python3.10/site-packages/gyp/common.py to common.cpython-310.pyc
byte-compiling /home/mannaja/wrg2024_turtlebot3_ws/ros2-web-control/install/gyp/lib/python3.10/site-packages/gyp/MSVSNew.py to MSVSNew.cpython-310.pyc
byte-compiling /home/mannaja/wrg2024_turtlebot3_ws/ros2-web-control/install/gyp/lib/python3.10/site-packages/gyp/simple_copy.py to simple_copy.cpython-310.pyc
byte-compiling /home/mannaja/wrg2024_turtlebot3_ws/ros2-web-control/install/gyp/lib/python3.10/site-packages/gyp/MSVSUtil.py to MSVSUtil.cpython-310.pyc
byte-compiling /home/mannaja/wrg2024_turtlebot3_ws/ros2-web-control/install/gyp/lib/python3.10/site-packages/gyp/MSVSProject.py to MSVSProject.cpython-310.pyc
running install_egg_info
Copying ../../../../build/gyp/gyp.egg-info to /home/mannaja/wrg2024_turtlebot3_ws/ros2-web-control/install/gyp/lib/python3.10/site-packages/gyp-0.1-py3.10.egg-info
running install_scripts
Installing gyp script to /home/mannaja/wrg2024_turtlebot3_ws/ros2-web-control/install/gyp/bin
writing list of installed files to '/home/mannaja/wrg2024_turtlebot3_ws/ros2-web-control/build/gyp/install.log'
