[2.209s] Invoking command in '/home/mannaja/wrg2024_turtlebot3_ws/ros2-web-control/webviz/node_modules/node-gyp/gyp': PYTHONPATH=/home/mannaja/wrg2024_turtlebot3_ws/ros2-web-control/build/gyp/prefix_override:/usr/lib/python3/dist-packages/colcon_core/task/python/colcon_distutils_commands:/home/mannaja/wrg2024_turtlebot3_ws/ros2-web-control/install/gyp/lib/python3.10/site-packages:${PYTHONPATH} /usr/bin/python3 -W ignore:setup.py install is deprecated setup.py egg_info --egg-base ../../../../build/gyp build --build-base /home/mannaja/wrg2024_turtlebot3_ws/ros2-web-control/build/gyp/build install --record /home/mannaja/wrg2024_turtlebot3_ws/ros2-web-control/build/gyp/install.log --single-version-externally-managed
[2.590s] running egg_info
[2.591s] creating ../../../../build/gyp/gyp.egg-info
[2.837s] writing ../../../../build/gyp/gyp.egg-info/PKG-INFO
[2.838s] writing dependency_links to ../../../../build/gyp/gyp.egg-info/dependency_links.txt
[2.838s] writing entry points to ../../../../build/gyp/gyp.egg-info/entry_points.txt
[2.838s] writing top-level names to ../../../../build/gyp/gyp.egg-info/top_level.txt
[2.839s] writing manifest file '../../../../build/gyp/gyp.egg-info/SOURCES.txt'
[2.904s] reading manifest file '../../../../build/gyp/gyp.egg-info/SOURCES.txt'
[2.905s] adding license file 'LICENSE'
[2.905s] adding license file 'AUTHORS'
[2.906s] writing manifest file '../../../../build/gyp/gyp.egg-info/SOURCES.txt'
[2.906s] running build
[2.906s] running build_py
[2.906s] creating /home/mannaja/wrg2024_turtlebot3_ws/ros2-web-control/build/gyp/build
[2.907s] creating /home/mannaja/wrg2024_turtlebot3_ws/ros2-web-control/build/gyp/build/lib
[2.907s] creating /home/mannaja/wrg2024_turtlebot3_ws/ros2-web-control/build/gyp/build/lib/gyp
[2.907s] copying pylib/gyp/xcode_ninja.py -> /home/mannaja/wrg2024_turtlebot3_ws/ros2-web-control/build/gyp/build/lib/gyp
[2.907s] copying pylib/gyp/MSVSSettings.py -> /home/mannaja/wrg2024_turtlebot3_ws/ros2-web-control/build/gyp/build/lib/gyp
[2.908s] copying pylib/gyp/input.py -> /home/mannaja/wrg2024_turtlebot3_ws/ros2-web-control/build/gyp/build/lib/gyp
[2.909s] copying pylib/gyp/common_test.py -> /home/mannaja/wrg2024_turtlebot3_ws/ros2-web-control/build/gyp/build/lib/gyp
[2.909s] copying pylib/gyp/xml_fix.py -> /home/mannaja/wrg2024_turtlebot3_ws/ros2-web-control/build/gyp/build/lib/gyp
[2.910s] copying pylib/gyp/flock_tool.py -> /home/mannaja/wrg2024_turtlebot3_ws/ros2-web-control/build/gyp/build/lib/gyp
[2.910s] copying pylib/gyp/win_tool.py -> /home/mannaja/wrg2024_turtlebot3_ws/ros2-web-control/build/gyp/build/lib/gyp
[2.911s] copying pylib/gyp/__init__.py -> /home/mannaja/wrg2024_turtlebot3_ws/ros2-web-control/build/gyp/build/lib/gyp
[2.917s] copying pylib/gyp/MSVSUserFile.py -> /home/mannaja/wrg2024_turtlebot3_ws/ros2-web-control/build/gyp/build/lib/gyp
[2.917s] copying pylib/gyp/MSVSVersion.py -> /home/mannaja/wrg2024_turtlebot3_ws/ros2-web-control/build/gyp/build/lib/gyp
[2.917s] copying pylib/gyp/xcode_emulation.py -> /home/mannaja/wrg2024_turtlebot3_ws/ros2-web-control/build/gyp/build/lib/gyp
[2.917s] copying pylib/gyp/easy_xml_test.py -> /home/mannaja/wrg2024_turtlebot3_ws/ros2-web-control/build/gyp/build/lib/gyp
[2.917s] copying pylib/gyp/ninja_syntax.py -> /home/mannaja/wrg2024_turtlebot3_ws/ros2-web-control/build/gyp/build/lib/gyp
[2.917s] copying pylib/gyp/xcodeproj_file.py -> /home/mannaja/wrg2024_turtlebot3_ws/ros2-web-control/build/gyp/build/lib/gyp
[2.921s] copying pylib/gyp/easy_xml.py -> /home/mannaja/wrg2024_turtlebot3_ws/ros2-web-control/build/gyp/build/lib/gyp
[2.921s] copying pylib/gyp/MSVSSettings_test.py -> /home/mannaja/wrg2024_turtlebot3_ws/ros2-web-control/build/gyp/build/lib/gyp
[2.925s] copying pylib/gyp/input_test.py -> /home/mannaja/wrg2024_turtlebot3_ws/ros2-web-control/build/gyp/build/lib/gyp
[2.925s] copying pylib/gyp/msvs_emulation.py -> /home/mannaja/wrg2024_turtlebot3_ws/ros2-web-control/build/gyp/build/lib/gyp
[2.926s] copying pylib/gyp/mac_tool.py -> /home/mannaja/wrg2024_turtlebot3_ws/ros2-web-control/build/gyp/build/lib/gyp
[2.926s] copying pylib/gyp/MSVSToolFile.py -> /home/mannaja/wrg2024_turtlebot3_ws/ros2-web-control/build/gyp/build/lib/gyp
[2.927s] copying pylib/gyp/common.py -> /home/mannaja/wrg2024_turtlebot3_ws/ros2-web-control/build/gyp/build/lib/gyp
[2.927s] copying pylib/gyp/MSVSNew.py -> /home/mannaja/wrg2024_turtlebot3_ws/ros2-web-control/build/gyp/build/lib/gyp
[2.928s] copying pylib/gyp/simple_copy.py -> /home/mannaja/wrg2024_turtlebot3_ws/ros2-web-control/build/gyp/build/lib/gyp
[2.928s] copying pylib/gyp/MSVSUtil.py -> /home/mannaja/wrg2024_turtlebot3_ws/ros2-web-control/build/gyp/build/lib/gyp
[2.928s] copying pylib/gyp/MSVSProject.py -> /home/mannaja/wrg2024_turtlebot3_ws/ros2-web-control/build/gyp/build/lib/gyp
[2.929s] creating /home/mannaja/wrg2024_turtlebot3_ws/ros2-web-control/build/gyp/build/lib/gyp/generator
[2.929s] copying pylib/gyp/generator/eclipse.py -> /home/mannaja/wrg2024_turtlebot3_ws/ros2-web-control/build/gyp/build/lib/gyp/generator
[2.930s] copying pylib/gyp/generator/gypd.py -> /home/mannaja/wrg2024_turtlebot3_ws/ros2-web-control/build/gyp/build/lib/gyp/generator
[2.930s] copying pylib/gyp/generator/compile_commands_json.py -> /home/mannaja/wrg2024_turtlebot3_ws/ros2-web-control/build/gyp/build/lib/gyp/generator
[2.931s] copying pylib/gyp/generator/make.py -> /home/mannaja/wrg2024_turtlebot3_ws/ros2-web-control/build/gyp/build/lib/gyp/generator
[2.932s] copying pylib/gyp/generator/__init__.py -> /home/mannaja/wrg2024_turtlebot3_ws/ros2-web-control/build/gyp/build/lib/gyp/generator
[2.932s] copying pylib/gyp/generator/msvs_test.py -> /home/mannaja/wrg2024_turtlebot3_ws/ros2-web-control/build/gyp/build/lib/gyp/generator
[2.932s] copying pylib/gyp/generator/dump_dependency_json.py -> /home/mannaja/wrg2024_turtlebot3_ws/ros2-web-control/build/gyp/build/lib/gyp/generator
[2.933s] copying pylib/gyp/generator/ninja_test.py -> /home/mannaja/wrg2024_turtlebot3_ws/ros2-web-control/build/gyp/build/lib/gyp/generator
[2.933s] copying pylib/gyp/generator/xcode_test.py -> /home/mannaja/wrg2024_turtlebot3_ws/ros2-web-control/build/gyp/build/lib/gyp/generator
[2.934s] copying pylib/gyp/generator/xcode.py -> /home/mannaja/wrg2024_turtlebot3_ws/ros2-web-control/build/gyp/build/lib/gyp/generator
[2.935s] copying pylib/gyp/generator/cmake.py -> /home/mannaja/wrg2024_turtlebot3_ws/ros2-web-control/build/gyp/build/lib/gyp/generator
[2.935s] copying pylib/gyp/generator/android.py -> /home/mannaja/wrg2024_turtlebot3_ws/ros2-web-control/build/gyp/build/lib/gyp/generator
[2.936s] copying pylib/gyp/generator/msvs.py -> /home/mannaja/wrg2024_turtlebot3_ws/ros2-web-control/build/gyp/build/lib/gyp/generator
[2.937s] copying pylib/gyp/generator/gypsh.py -> /home/mannaja/wrg2024_turtlebot3_ws/ros2-web-control/build/gyp/build/lib/gyp/generator
[2.938s] copying pylib/gyp/generator/ninja.py -> /home/mannaja/wrg2024_turtlebot3_ws/ros2-web-control/build/gyp/build/lib/gyp/generator
[2.939s] copying pylib/gyp/generator/analyzer.py -> /home/mannaja/wrg2024_turtlebot3_ws/ros2-web-control/build/gyp/build/lib/gyp/generator
[2.941s] running install
[2.948s] running install_lib
[2.978s] creating /home/mannaja/wrg2024_turtlebot3_ws/ros2-web-control/install/gyp/lib/python3.10/site-packages/gyp
[2.978s] copying /home/mannaja/wrg2024_turtlebot3_ws/ros2-web-control/build/gyp/build/lib/gyp/xcode_ninja.py -> /home/mannaja/wrg2024_turtlebot3_ws/ros2-web-control/install/gyp/lib/python3.10/site-packages/gyp
[2.979s] copying /home/mannaja/wrg2024_turtlebot3_ws/ros2-web-control/build/gyp/build/lib/gyp/MSVSSettings.py -> /home/mannaja/wrg2024_turtlebot3_ws/ros2-web-control/install/gyp/lib/python3.10/site-packages/gyp
[2.979s] copying /home/mannaja/wrg2024_turtlebot3_ws/ros2-web-control/build/gyp/build/lib/gyp/input.py -> /home/mannaja/wrg2024_turtlebot3_ws/ros2-web-control/install/gyp/lib/python3.10/site-packages/gyp
[2.979s] copying /home/mannaja/wrg2024_turtlebot3_ws/ros2-web-control/build/gyp/build/lib/gyp/common_test.py -> /home/mannaja/wrg2024_turtlebot3_ws/ros2-web-control/install/gyp/lib/python3.10/site-packages/gyp
[2.979s] copying /home/mannaja/wrg2024_turtlebot3_ws/ros2-web-control/build/gyp/build/lib/gyp/xml_fix.py -> /home/mannaja/wrg2024_turtlebot3_ws/ros2-web-control/install/gyp/lib/python3.10/site-packages/gyp
[2.979s] copying /home/mannaja/wrg2024_turtlebot3_ws/ros2-web-control/build/gyp/build/lib/gyp/flock_tool.py -> /home/mannaja/wrg2024_turtlebot3_ws/ros2-web-control/install/gyp/lib/python3.10/site-packages/gyp
[2.979s] copying /home/mannaja/wrg2024_turtlebot3_ws/ros2-web-control/build/gyp/build/lib/gyp/win_tool.py -> /home/mannaja/wrg2024_turtlebot3_ws/ros2-web-control/install/gyp/lib/python3.10/site-packages/gyp
[2.979s] copying /home/mannaja/wrg2024_turtlebot3_ws/ros2-web-control/build/gyp/build/lib/gyp/__init__.py -> /home/mannaja/wrg2024_turtlebot3_ws/ros2-web-control/install/gyp/lib/python3.10/site-packages/gyp
[2.979s] copying /home/mannaja/wrg2024_turtlebot3_ws/ros2-web-control/build/gyp/build/lib/gyp/MSVSUserFile.py -> /home/mannaja/wrg2024_turtlebot3_ws/ros2-web-control/install/gyp/lib/python3.10/site-packages/gyp
[2.980s] copying /home/mannaja/wrg2024_turtlebot3_ws/ros2-web-control/build/gyp/build/lib/gyp/MSVSVersion.py -> /home/mannaja/wrg2024_turtlebot3_ws/ros2-web-control/install/gyp/lib/python3.10/site-packages/gyp
[2.980s] copying /home/mannaja/wrg2024_turtlebot3_ws/ros2-web-control/build/gyp/build/lib/gyp/xcode_emulation.py -> /home/mannaja/wrg2024_turtlebot3_ws/ros2-web-control/install/gyp/lib/python3.10/site-packages/gyp
[2.980s] copying /home/mannaja/wrg2024_turtlebot3_ws/ros2-web-control/build/gyp/build/lib/gyp/easy_xml_test.py -> /home/mannaja/wrg2024_turtlebot3_ws/ros2-web-control/install/gyp/lib/python3.10/site-packages/gyp
[2.981s] copying /home/mannaja/wrg2024_turtlebot3_ws/ros2-web-control/build/gyp/build/lib/gyp/ninja_syntax.py -> /home/mannaja/wrg2024_turtlebot3_ws/ros2-web-control/install/gyp/lib/python3.10/site-packages/gyp
[2.981s] copying /home/mannaja/wrg2024_turtlebot3_ws/ros2-web-control/build/gyp/build/lib/gyp/xcodeproj_file.py -> /home/mannaja/wrg2024_turtlebot3_ws/ros2-web-control/install/gyp/lib/python3.10/site-packages/gyp
[2.981s] copying /home/mannaja/wrg2024_turtlebot3_ws/ros2-web-control/build/gyp/build/lib/gyp/easy_xml.py -> /home/mannaja/wrg2024_turtlebot3_ws/ros2-web-control/install/gyp/lib/python3.10/site-packages/gyp
[2.981s] copying /home/mannaja/wrg2024_turtlebot3_ws/ros2-web-control/build/gyp/build/lib/gyp/MSVSSettings_test.py -> /home/mannaja/wrg2024_turtlebot3_ws/ros2-web-control/install/gyp/lib/python3.10/site-packages/gyp
[2.981s] copying /home/mannaja/wrg2024_turtlebot3_ws/ros2-web-control/build/gyp/build/lib/gyp/input_test.py -> /home/mannaja/wrg2024_turtlebot3_ws/ros2-web-control/install/gyp/lib/python3.10/site-packages/gyp
[2.981s] copying /home/mannaja/wrg2024_turtlebot3_ws/ros2-web-control/build/gyp/build/lib/gyp/msvs_emulation.py -> /home/mannaja/wrg2024_turtlebot3_ws/ros2-web-control/install/gyp/lib/python3.10/site-packages/gyp
[2.981s] copying /home/mannaja/wrg2024_turtlebot3_ws/ros2-web-control/build/gyp/build/lib/gyp/mac_tool.py -> /home/mannaja/wrg2024_turtlebot3_ws/ros2-web-control/install/gyp/lib/python3.10/site-packages/gyp
[2.982s] copying /home/mannaja/wrg2024_turtlebot3_ws/ros2-web-control/build/gyp/build/lib/gyp/MSVSToolFile.py -> /home/mannaja/wrg2024_turtlebot3_ws/ros2-web-control/install/gyp/lib/python3.10/site-packages/gyp
[2.982s] creating /home/mannaja/wrg2024_turtlebot3_ws/ros2-web-control/install/gyp/lib/python3.10/site-packages/gyp/generator
[2.982s] copying /home/mannaja/wrg2024_turtlebot3_ws/ros2-web-control/build/gyp/build/lib/gyp/generator/eclipse.py -> /home/mannaja/wrg2024_turtlebot3_ws/ros2-web-control/install/gyp/lib/python3.10/site-packages/gyp/generator
[2.982s] copying /home/mannaja/wrg2024_turtlebot3_ws/ros2-web-control/build/gyp/build/lib/gyp/generator/gypd.py -> /home/mannaja/wrg2024_turtlebot3_ws/ros2-web-control/install/gyp/lib/python3.10/site-packages/gyp/generator
[2.982s] copying /home/mannaja/wrg2024_turtlebot3_ws/ros2-web-control/build/gyp/build/lib/gyp/generator/compile_commands_json.py -> /home/mannaja/wrg2024_turtlebot3_ws/ros2-web-control/install/gyp/lib/python3.10/site-packages/gyp/generator
[2.982s] copying /home/mannaja/wrg2024_turtlebot3_ws/ros2-web-control/build/gyp/build/lib/gyp/generator/make.py -> /home/mannaja/wrg2024_turtlebot3_ws/ros2-web-control/install/gyp/lib/python3.10/site-packages/gyp/generator
[2.982s] copying /home/mannaja/wrg2024_turtlebot3_ws/ros2-web-control/build/gyp/build/lib/gyp/generator/__init__.py -> /home/mannaja/wrg2024_turtlebot3_ws/ros2-web-control/install/gyp/lib/python3.10/site-packages/gyp/generator
[2.983s] copying /home/mannaja/wrg2024_turtlebot3_ws/ros2-web-control/build/gyp/build/lib/gyp/generator/msvs_test.py -> /home/mannaja/wrg2024_turtlebot3_ws/ros2-web-control/install/gyp/lib/python3.10/site-packages/gyp/generator
[2.983s] copying /home/mannaja/wrg2024_turtlebot3_ws/ros2-web-control/build/gyp/build/lib/gyp/generator/dump_dependency_json.py -> /home/mannaja/wrg2024_turtlebot3_ws/ros2-web-control/install/gyp/lib/python3.10/site-packages/gyp/generator
[2.983s] copying /home/mannaja/wrg2024_turtlebot3_ws/ros2-web-control/build/gyp/build/lib/gyp/generator/ninja_test.py -> /home/mannaja/wrg2024_turtlebot3_ws/ros2-web-control/install/gyp/lib/python3.10/site-packages/gyp/generator
[2.983s] copying /home/mannaja/wrg2024_turtlebot3_ws/ros2-web-control/build/gyp/build/lib/gyp/generator/xcode_test.py -> /home/mannaja/wrg2024_turtlebot3_ws/ros2-web-control/install/gyp/lib/python3.10/site-packages/gyp/generator
[2.983s] copying /home/mannaja/wrg2024_turtlebot3_ws/ros2-web-control/build/gyp/build/lib/gyp/generator/xcode.py -> /home/mannaja/wrg2024_turtlebot3_ws/ros2-web-control/install/gyp/lib/python3.10/site-packages/gyp/generator
[2.983s] copying /home/mannaja/wrg2024_turtlebot3_ws/ros2-web-control/build/gyp/build/lib/gyp/generator/cmake.py -> /home/mannaja/wrg2024_turtlebot3_ws/ros2-web-control/install/gyp/lib/python3.10/site-packages/gyp/generator
[2.984s] copying /home/mannaja/wrg2024_turtlebot3_ws/ros2-web-control/build/gyp/build/lib/gyp/generator/android.py -> /home/mannaja/wrg2024_turtlebot3_ws/ros2-web-control/install/gyp/lib/python3.10/site-packages/gyp/generator
[2.984s] copying /home/mannaja/wrg2024_turtlebot3_ws/ros2-web-control/build/gyp/build/lib/gyp/generator/msvs.py -> /home/mannaja/wrg2024_turtlebot3_ws/ros2-web-control/install/gyp/lib/python3.10/site-packages/gyp/generator
[2.984s] copying /home/mannaja/wrg2024_turtlebot3_ws/ros2-web-control/build/gyp/build/lib/gyp/generator/gypsh.py -> /home/mannaja/wrg2024_turtlebot3_ws/ros2-web-control/install/gyp/lib/python3.10/site-packages/gyp/generator
[2.984s] copying /home/mannaja/wrg2024_turtlebot3_ws/ros2-web-control/build/gyp/build/lib/gyp/generator/ninja.py -> /home/mannaja/wrg2024_turtlebot3_ws/ros2-web-control/install/gyp/lib/python3.10/site-packages/gyp/generator
[2.984s] copying /home/mannaja/wrg2024_turtlebot3_ws/ros2-web-control/build/gyp/build/lib/gyp/generator/analyzer.py -> /home/mannaja/wrg2024_turtlebot3_ws/ros2-web-control/install/gyp/lib/python3.10/site-packages/gyp/generator
[2.984s] copying /home/mannaja/wrg2024_turtlebot3_ws/ros2-web-control/build/gyp/build/lib/gyp/common.py -> /home/mannaja/wrg2024_turtlebot3_ws/ros2-web-control/install/gyp/lib/python3.10/site-packages/gyp
[2.984s] copying /home/mannaja/wrg2024_turtlebot3_ws/ros2-web-control/build/gyp/build/lib/gyp/MSVSNew.py -> /home/mannaja/wrg2024_turtlebot3_ws/ros2-web-control/install/gyp/lib/python3.10/site-packages/gyp
[2.985s] copying /home/mannaja/wrg2024_turtlebot3_ws/ros2-web-control/build/gyp/build/lib/gyp/simple_copy.py -> /home/mannaja/wrg2024_turtlebot3_ws/ros2-web-control/install/gyp/lib/python3.10/site-packages/gyp
[2.985s] copying /home/mannaja/wrg2024_turtlebot3_ws/ros2-web-control/build/gyp/build/lib/gyp/MSVSUtil.py -> /home/mannaja/wrg2024_turtlebot3_ws/ros2-web-control/install/gyp/lib/python3.10/site-packages/gyp
[2.985s] copying /home/mannaja/wrg2024_turtlebot3_ws/ros2-web-control/build/gyp/build/lib/gyp/MSVSProject.py -> /home/mannaja/wrg2024_turtlebot3_ws/ros2-web-control/install/gyp/lib/python3.10/site-packages/gyp
[2.986s] byte-compiling /home/mannaja/wrg2024_turtlebot3_ws/ros2-web-control/install/gyp/lib/python3.10/site-packages/gyp/xcode_ninja.py to xcode_ninja.cpython-310.pyc
[2.988s] byte-compiling /home/mannaja/wrg2024_turtlebot3_ws/ros2-web-control/install/gyp/lib/python3.10/site-packages/gyp/MSVSSettings.py to MSVSSettings.cpython-310.pyc
[2.993s] byte-compiling /home/mannaja/wrg2024_turtlebot3_ws/ros2-web-control/install/gyp/lib/python3.10/site-packages/gyp/input.py to input.cpython-310.pyc
[3.005s] byte-compiling /home/mannaja/wrg2024_turtlebot3_ws/ros2-web-control/install/gyp/lib/python3.10/site-packages/gyp/common_test.py to common_test.cpython-310.pyc
[3.005s] byte-compiling /home/mannaja/wrg2024_turtlebot3_ws/ros2-web-control/install/gyp/lib/python3.10/site-packages/gyp/xml_fix.py to xml_fix.cpython-310.pyc
[3.006s] byte-compiling /home/mannaja/wrg2024_turtlebot3_ws/ros2-web-control/install/gyp/lib/python3.10/site-packages/gyp/flock_tool.py to flock_tool.cpython-310.pyc
[3.006s] byte-compiling /home/mannaja/wrg2024_turtlebot3_ws/ros2-web-control/install/gyp/lib/python3.10/site-packages/gyp/win_tool.py to win_tool.cpython-310.pyc
[3.008s] byte-compiling /home/mannaja/wrg2024_turtlebot3_ws/ros2-web-control/install/gyp/lib/python3.10/site-packages/gyp/__init__.py to __init__.cpython-310.pyc
[3.010s] byte-compiling /home/mannaja/wrg2024_turtlebot3_ws/ros2-web-control/install/gyp/lib/python3.10/site-packages/gyp/MSVSUserFile.py to MSVSUserFile.cpython-310.pyc
[3.011s] byte-compiling /home/mannaja/wrg2024_turtlebot3_ws/ros2-web-control/install/gyp/lib/python3.10/site-packages/gyp/MSVSVersion.py to MSVSVersion.cpython-310.pyc
[3.013s] byte-compiling /home/mannaja/wrg2024_turtlebot3_ws/ros2-web-control/install/gyp/lib/python3.10/site-packages/gyp/xcode_emulation.py to xcode_emulation.cpython-310.pyc
[3.020s] byte-compiling /home/mannaja/wrg2024_turtlebot3_ws/ros2-web-control/install/gyp/lib/python3.10/site-packages/gyp/easy_xml_test.py to easy_xml_test.cpython-310.pyc
[3.020s] byte-compiling /home/mannaja/wrg2024_turtlebot3_ws/ros2-web-control/install/gyp/lib/python3.10/site-packages/gyp/ninja_syntax.py to ninja_syntax.cpython-310.pyc
[3.021s] byte-compiling /home/mannaja/wrg2024_turtlebot3_ws/ros2-web-control/install/gyp/lib/python3.10/site-packages/gyp/xcodeproj_file.py to xcodeproj_file.cpython-310.pyc
[3.030s] byte-compiling /home/mannaja/wrg2024_turtlebot3_ws/ros2-web-control/install/gyp/lib/python3.10/site-packages/gyp/easy_xml.py to easy_xml.cpython-310.pyc
[3.031s] byte-compiling /home/mannaja/wrg2024_turtlebot3_ws/ros2-web-control/install/gyp/lib/python3.10/site-packages/gyp/MSVSSettings_test.py to MSVSSettings_test.cpython-310.pyc
[3.035s] byte-compiling /home/mannaja/wrg2024_turtlebot3_ws/ros2-web-control/install/gyp/lib/python3.10/site-packages/gyp/input_test.py to input_test.cpython-310.pyc
[3.036s] byte-compiling /home/mannaja/wrg2024_turtlebot3_ws/ros2-web-control/install/gyp/lib/python3.10/site-packages/gyp/msvs_emulation.py to msvs_emulation.cpython-310.pyc
[3.042s] byte-compiling /home/mannaja/wrg2024_turtlebot3_ws/ros2-web-control/install/gyp/lib/python3.10/site-packages/gyp/mac_tool.py to mac_tool.cpython-310.pyc
[3.045s] byte-compiling /home/mannaja/wrg2024_turtlebot3_ws/ros2-web-control/install/gyp/lib/python3.10/site-packages/gyp/MSVSToolFile.py to MSVSToolFile.cpython-310.pyc
[3.045s] byte-compiling /home/mannaja/wrg2024_turtlebot3_ws/ros2-web-control/install/gyp/lib/python3.10/site-packages/gyp/generator/eclipse.py to eclipse.cpython-310.pyc
[3.047s] byte-compiling /home/mannaja/wrg2024_turtlebot3_ws/ros2-web-control/install/gyp/lib/python3.10/site-packages/gyp/generator/gypd.py to gypd.cpython-310.pyc
[3.047s] byte-compiling /home/mannaja/wrg2024_turtlebot3_ws/ros2-web-control/install/gyp/lib/python3.10/site-packages/gyp/generator/compile_commands_json.py to compile_commands_json.cpython-310.pyc
[3.048s] byte-compiling /home/mannaja/wrg2024_turtlebot3_ws/ros2-web-control/install/gyp/lib/python3.10/site-packages/gyp/generator/make.py to make.cpython-310.pyc
[3.057s] byte-compiling /home/mannaja/wrg2024_turtlebot3_ws/ros2-web-control/install/gyp/lib/python3.10/site-packages/gyp/generator/__init__.py to __init__.cpython-310.pyc
[3.057s] byte-compiling /home/mannaja/wrg2024_turtlebot3_ws/ros2-web-control/install/gyp/lib/python3.10/site-packages/gyp/generator/msvs_test.py to msvs_test.cpython-310.pyc
[3.057s] byte-compiling /home/mannaja/wrg2024_turtlebot3_ws/ros2-web-control/install/gyp/lib/python3.10/site-packages/gyp/generator/dump_dependency_json.py to dump_dependency_json.cpython-310.pyc
[3.058s] byte-compiling /home/mannaja/wrg2024_turtlebot3_ws/ros2-web-control/install/gyp/lib/python3.10/site-packages/gyp/generator/ninja_test.py to ninja_test.cpython-310.pyc
[3.059s] byte-compiling /home/mannaja/wrg2024_turtlebot3_ws/ros2-web-control/install/gyp/lib/python3.10/site-packages/gyp/generator/xcode_test.py to xcode_test.cpython-310.pyc
[3.059s] byte-compiling /home/mannaja/wrg2024_turtlebot3_ws/ros2-web-control/install/gyp/lib/python3.10/site-packages/gyp/generator/xcode.py to xcode.cpython-310.pyc
[3.063s] byte-compiling /home/mannaja/wrg2024_turtlebot3_ws/ros2-web-control/install/gyp/lib/python3.10/site-packages/gyp/generator/cmake.py to cmake.cpython-310.pyc
[3.069s] byte-compiling /home/mannaja/wrg2024_turtlebot3_ws/ros2-web-control/install/gyp/lib/python3.10/site-packages/gyp/generator/android.py to android.cpython-310.pyc
[3.073s] byte-compiling /home/mannaja/wrg2024_turtlebot3_ws/ros2-web-control/install/gyp/lib/python3.10/site-packages/gyp/generator/msvs.py to msvs.cpython-310.pyc
[3.089s] byte-compiling /home/mannaja/wrg2024_turtlebot3_ws/ros2-web-control/install/gyp/lib/python3.10/site-packages/gyp/generator/gypsh.py to gypsh.cpython-310.pyc
[3.090s] byte-compiling /home/mannaja/wrg2024_turtlebot3_ws/ros2-web-control/install/gyp/lib/python3.10/site-packages/gyp/generator/ninja.py to ninja.cpython-310.pyc
[3.101s] byte-compiling /home/mannaja/wrg2024_turtlebot3_ws/ros2-web-control/install/gyp/lib/python3.10/site-packages/gyp/generator/analyzer.py to analyzer.cpython-310.pyc
[3.104s] byte-compiling /home/mannaja/wrg2024_turtlebot3_ws/ros2-web-control/install/gyp/lib/python3.10/site-packages/gyp/common.py to common.cpython-310.pyc
[3.106s] byte-compiling /home/mannaja/wrg2024_turtlebot3_ws/ros2-web-control/install/gyp/lib/python3.10/site-packages/gyp/MSVSNew.py to MSVSNew.cpython-310.pyc
[3.108s] byte-compiling /home/mannaja/wrg2024_turtlebot3_ws/ros2-web-control/install/gyp/lib/python3.10/site-packages/gyp/simple_copy.py to simple_copy.cpython-310.pyc
[3.109s] byte-compiling /home/mannaja/wrg2024_turtlebot3_ws/ros2-web-control/install/gyp/lib/python3.10/site-packages/gyp/MSVSUtil.py to MSVSUtil.cpython-310.pyc
[3.110s] byte-compiling /home/mannaja/wrg2024_turtlebot3_ws/ros2-web-control/install/gyp/lib/python3.10/site-packages/gyp/MSVSProject.py to MSVSProject.cpython-310.pyc
[3.111s] running install_egg_info
[3.140s] Copying ../../../../build/gyp/gyp.egg-info to /home/mannaja/wrg2024_turtlebot3_ws/ros2-web-control/install/gyp/lib/python3.10/site-packages/gyp-0.1-py3.10.egg-info
[3.141s] running install_scripts
[3.218s] Installing gyp script to /home/mannaja/wrg2024_turtlebot3_ws/ros2-web-control/install/gyp/bin
[3.219s] writing list of installed files to '/home/mannaja/wrg2024_turtlebot3_ws/ros2-web-control/build/gyp/install.log'
[3.252s] Invoked command in '/home/mannaja/wrg2024_turtlebot3_ws/ros2-web-control/webviz/node_modules/node-gyp/gyp' returned '0': PYTHONPATH=/home/mannaja/wrg2024_turtlebot3_ws/ros2-web-control/build/gyp/prefix_override:/usr/lib/python3/dist-packages/colcon_core/task/python/colcon_distutils_commands:/home/mannaja/wrg2024_turtlebot3_ws/ros2-web-control/install/gyp/lib/python3.10/site-packages:${PYTHONPATH} /usr/bin/python3 -W ignore:setup.py install is deprecated setup.py egg_info --egg-base ../../../../build/gyp build --build-base /home/mannaja/wrg2024_turtlebot3_ws/ros2-web-control/build/gyp/build install --record /home/mannaja/wrg2024_turtlebot3_ws/ros2-web-control/build/gyp/install.log --single-version-externally-managed
