[0.062s] Invoking command in '/home/mannaja/wrg2024_turtlebot3_ws/build/turtlebot3_node': CMAKE_PREFIX_PATH=/home/mannaja/wrg2024_turtlebot3_ws/install/turtlebot3_msgs:/home/mannaja/wrg2024_turtlebot3_ws/install/dynamixel_sdk:/home/mannaja/wrg2024_turtlebot3_ws/install/wrg_core:/home/mannaja/wrg2024_turtlebot3_ws/install/turtlebot3:/home/mannaja/wrg2024_turtlebot3_ws/install/turtlebot3_simulations:/home/mannaja/wrg2024_turtlebot3_ws/install/turtlebot3_bringup:/home/mannaja/wrg2024_turtlebot3_ws/install/turtlebot3_node:/home/mannaja/wrg2024_turtlebot3_ws/install/turtlebot3_navigation2:/home/mannaja/wrg2024_turtlebot3_ws/install/turtlebot3_fake_node:/home/mannaja/wrg2024_turtlebot3_ws/install/turtlebot3_gazebo:/home/mannaja/wrg2024_turtlebot3_ws/install/turtlebot3_description:/home/mannaja/wrg2024_turtlebot3_ws/install/turtlebot3_cartographer:/home/mannaja/wrg2024_turtlebot3_ws/install/dynamixel_sdk_examples:/home/mannaja/wrg2024_turtlebot3_ws/install/dynamixel_sdk_custom_interfaces:/home/mannaja/turtlebot3_ws/install/turtlebot3:/home/mannaja/turtlebot3_ws/install/turtlebot3_simulations:/home/mannaja/turtlebot3_ws/install/turtlebot3_bringup:/home/mannaja/turtlebot3_ws/install/turtlebot3_node:/home/mannaja/turtlebot3_ws/install/turtlebot3_navigation2:/home/mannaja/turtlebot3_ws/install/turtlebot3_fake_node:/home/mannaja/turtlebot3_ws/install/turtlebot3_msgs:/home/mannaja/turtlebot3_ws/install/turtlebot3_gazebo:/home/mannaja/turtlebot3_ws/install/turtlebot3_description:/home/mannaja/turtlebot3_ws/install/turtlebot3_cartographer:/home/mannaja/turtlebot3_ws/install/dynamixel_sdk_examples:/home/mannaja/turtlebot3_ws/install/dynamixel_sdk_custom_interfaces:/home/mannaja/turtlebot3_ws/install/dynamixel_sdk:/home/mannaja/microros_ws/install/micro_ros_setup:/home/mannaja/microros_ws/install/micro_ros_agent:/home/mannaja/microros_ws/install/micro_ros_msgs:/home/mannaja/wrg2024_turtlebot3_ws/install/turtlebot3_teleop:/home/mannaja/wrg2024_turtlebot3_ws/install/turtlebot3_example:/home/mannaja/turtlebot3_ws/install/turtlebot3_teleop:/home/mannaja/turtlebot3_ws/install/turtlebot3_example:/home/mannaja/coding/project/python_minecraftDetectMob_andSendDataToRos2/ros2_ws/install/pi_node:/home/mannaja/coding/project/python_minecraftDetectMob_andSendDataToRos2/ros2_ws/install/laptop_node:/home/mannaja/coding/project/ABU2024_Manual/robot_ws/install/robot_core:/opt/ros/humble LD_LIBRARY_PATH=/home/mannaja/wrg2024_turtlebot3_ws/install/turtlebot3_msgs/lib:/home/mannaja/wrg2024_turtlebot3_ws/install/dynamixel_sdk/lib:/home/mannaja/wrg2024_turtlebot3_ws/install/dynamixel_sdk_custom_interfaces/lib:/home/mannaja/turtlebot3_ws/install/turtlebot3_msgs/lib:/home/mannaja/turtlebot3_ws/install/dynamixel_sdk_custom_interfaces/lib:/home/mannaja/turtlebot3_ws/install/dynamixel_sdk/lib:/home/mannaja/microros_ws/install/micro_ros_agent/lib:/home/mannaja/microros_ws/install/micro_ros_msgs/lib:/usr/lib/x86_64-linux-gnu/gazebo-11/plugins:/opt/ros/humble/opt/rviz_ogre_vendor/lib:/opt/ros/humble/lib/x86_64-linux-gnu:/opt/ros/humble/lib /home/mannaja/.local/bin/cmake /home/mannaja/wrg2024_turtlebot3_ws/src/turtlebot3/turtlebot3_node -Wno-dev -DAMENT_CMAKE_SYMLINK_INSTALL=1 -DCMAKE_INSTALL_PREFIX=/home/mannaja/wrg2024_turtlebot3_ws/install/turtlebot3_node
[0.576s] -- The C compiler identification is GNU 11.4.0
[0.577s] -- The CXX compiler identification is GNU 11.4.0
[0.577s] -- Detecting C compiler ABI info
[0.703s] -- Detecting C compiler ABI info - done
[0.751s] -- Check for working C compiler: /usr/bin/cc - skipped
[0.752s] -- Detecting C compile features
[0.753s] -- Detecting C compile features - done
[0.762s] -- Detecting CXX compiler ABI info
[0.931s] -- Detecting CXX compiler ABI info - done
[0.976s] -- Check for working CXX compiler: /usr/bin/c++ - skipped
[0.977s] -- Detecting CXX compile features
[0.978s] -- Detecting CXX compile features - done
[0.994s] -- Found ament_cmake: 1.3.9 (/opt/ros/humble/share/ament_cmake/cmake)
[1.376s] -- Found Python3: /usr/bin/python3 (found version "3.10.12") found components: Interpreter
[1.541s] -- Override CMake install command with custom implementation using symlinks instead of copying resources
[1.667s] -- Found dynamixel_sdk: 3.7.60 (/home/mannaja/wrg2024_turtlebot3_ws/install/dynamixel_sdk/share/dynamixel_sdk/cmake)
[1.679s] -- Found geometry_msgs: 4.2.4 (/opt/ros/humble/share/geometry_msgs/cmake)
[1.837s] -- Found rosidl_generator_c: 3.1.5 (/opt/ros/humble/share/rosidl_generator_c/cmake)
[1.859s] -- Found rosidl_adapter: 3.1.5 (/opt/ros/humble/share/rosidl_adapter/cmake)
[1.892s] -- Found rosidl_generator_cpp: 3.1.5 (/opt/ros/humble/share/rosidl_generator_cpp/cmake)
[1.954s] -- Using all available rosidl_typesupport_c: rosidl_typesupport_fastrtps_c;rosidl_typesupport_introspection_c
[2.028s] -- Using all available rosidl_typesupport_cpp: rosidl_typesupport_fastrtps_cpp;rosidl_typesupport_introspection_cpp
[2.391s] -- Found message_filters: 4.3.4 (/opt/ros/humble/share/message_filters/cmake)
[2.641s] -- Found rmw_implementation_cmake: 6.1.2 (/opt/ros/humble/share/rmw_implementation_cmake/cmake)
[2.643s] -- Found rmw_fastrtps_cpp: 6.2.6 (/opt/ros/humble/share/rmw_fastrtps_cpp/cmake)
[2.975s] -- Found OpenSSL: /usr/lib/x86_64-linux-gnu/libcrypto.so (found version "3.0.2")
[3.083s] -- Found FastRTPS: /opt/ros/humble/include
[3.238s] -- Using RMW implementation 'rmw_fastrtps_cpp' as default
[3.284s] -- Performing Test CMAKE_HAVE_LIBC_PTHREAD
[3.467s] -- Performing Test CMAKE_HAVE_LIBC_PTHREAD - Success
[3.469s] -- Found Threads: TRUE
[3.970s] -- Found nav_msgs: 4.2.4 (/opt/ros/humble/share/nav_msgs/cmake)
[4.255s] -- Found sensor_msgs: 4.2.4 (/opt/ros/humble/share/sensor_msgs/cmake)
[4.540s] -- Found std_srvs: 4.2.4 (/opt/ros/humble/share/std_srvs/cmake)
[4.596s] -- Found tf2: 0.25.7 (/opt/ros/humble/share/tf2/cmake)
[4.634s] -- Found tf2_ros: 0.25.7 (/opt/ros/humble/share/tf2_ros/cmake)
[5.671s] -- Found turtlebot3_msgs: 2.2.3 (/home/mannaja/wrg2024_turtlebot3_ws/install/turtlebot3_msgs/share/turtlebot3_msgs/cmake)
[6.019s] -- Configuring done (5.8s)
[6.060s] -- Generating done (0.0s)
[6.063s] -- Build files have been written to: /home/mannaja/wrg2024_turtlebot3_ws/build/turtlebot3_node
[6.110s] Invoked command in '/home/mannaja/wrg2024_turtlebot3_ws/build/turtlebot3_node' returned '0': CMAKE_PREFIX_PATH=/home/mannaja/wrg2024_turtlebot3_ws/install/turtlebot3_msgs:/home/mannaja/wrg2024_turtlebot3_ws/install/dynamixel_sdk:/home/mannaja/wrg2024_turtlebot3_ws/install/wrg_core:/home/mannaja/wrg2024_turtlebot3_ws/install/turtlebot3:/home/mannaja/wrg2024_turtlebot3_ws/install/turtlebot3_simulations:/home/mannaja/wrg2024_turtlebot3_ws/install/turtlebot3_bringup:/home/mannaja/wrg2024_turtlebot3_ws/install/turtlebot3_node:/home/mannaja/wrg2024_turtlebot3_ws/install/turtlebot3_navigation2:/home/mannaja/wrg2024_turtlebot3_ws/install/turtlebot3_fake_node:/home/mannaja/wrg2024_turtlebot3_ws/install/turtlebot3_gazebo:/home/mannaja/wrg2024_turtlebot3_ws/install/turtlebot3_description:/home/mannaja/wrg2024_turtlebot3_ws/install/turtlebot3_cartographer:/home/mannaja/wrg2024_turtlebot3_ws/install/dynamixel_sdk_examples:/home/mannaja/wrg2024_turtlebot3_ws/install/dynamixel_sdk_custom_interfaces:/home/mannaja/turtlebot3_ws/install/turtlebot3:/home/mannaja/turtlebot3_ws/install/turtlebot3_simulations:/home/mannaja/turtlebot3_ws/install/turtlebot3_bringup:/home/mannaja/turtlebot3_ws/install/turtlebot3_node:/home/mannaja/turtlebot3_ws/install/turtlebot3_navigation2:/home/mannaja/turtlebot3_ws/install/turtlebot3_fake_node:/home/mannaja/turtlebot3_ws/install/turtlebot3_msgs:/home/mannaja/turtlebot3_ws/install/turtlebot3_gazebo:/home/mannaja/turtlebot3_ws/install/turtlebot3_description:/home/mannaja/turtlebot3_ws/install/turtlebot3_cartographer:/home/mannaja/turtlebot3_ws/install/dynamixel_sdk_examples:/home/mannaja/turtlebot3_ws/install/dynamixel_sdk_custom_interfaces:/home/mannaja/turtlebot3_ws/install/dynamixel_sdk:/home/mannaja/microros_ws/install/micro_ros_setup:/home/mannaja/microros_ws/install/micro_ros_agent:/home/mannaja/microros_ws/install/micro_ros_msgs:/home/mannaja/wrg2024_turtlebot3_ws/install/turtlebot3_teleop:/home/mannaja/wrg2024_turtlebot3_ws/install/turtlebot3_example:/home/mannaja/turtlebot3_ws/install/turtlebot3_teleop:/home/mannaja/turtlebot3_ws/install/turtlebot3_example:/home/mannaja/coding/project/python_minecraftDetectMob_andSendDataToRos2/ros2_ws/install/pi_node:/home/mannaja/coding/project/python_minecraftDetectMob_andSendDataToRos2/ros2_ws/install/laptop_node:/home/mannaja/coding/project/ABU2024_Manual/robot_ws/install/robot_core:/opt/ros/humble LD_LIBRARY_PATH=/home/mannaja/wrg2024_turtlebot3_ws/install/turtlebot3_msgs/lib:/home/mannaja/wrg2024_turtlebot3_ws/install/dynamixel_sdk/lib:/home/mannaja/wrg2024_turtlebot3_ws/install/dynamixel_sdk_custom_interfaces/lib:/home/mannaja/turtlebot3_ws/install/turtlebot3_msgs/lib:/home/mannaja/turtlebot3_ws/install/dynamixel_sdk_custom_interfaces/lib:/home/mannaja/turtlebot3_ws/install/dynamixel_sdk/lib:/home/mannaja/microros_ws/install/micro_ros_agent/lib:/home/mannaja/microros_ws/install/micro_ros_msgs/lib:/usr/lib/x86_64-linux-gnu/gazebo-11/plugins:/opt/ros/humble/opt/rviz_ogre_vendor/lib:/opt/ros/humble/lib/x86_64-linux-gnu:/opt/ros/humble/lib /home/mannaja/.local/bin/cmake /home/mannaja/wrg2024_turtlebot3_ws/src/turtlebot3/turtlebot3_node -Wno-dev -DAMENT_CMAKE_SYMLINK_INSTALL=1 -DCMAKE_INSTALL_PREFIX=/home/mannaja/wrg2024_turtlebot3_ws/install/turtlebot3_node
[6.113s] Invoking command in '/home/mannaja/wrg2024_turtlebot3_ws/build/turtlebot3_node': CMAKE_PREFIX_PATH=/home/mannaja/wrg2024_turtlebot3_ws/install/turtlebot3_msgs:/home/mannaja/wrg2024_turtlebot3_ws/install/dynamixel_sdk:/home/mannaja/wrg2024_turtlebot3_ws/install/wrg_core:/home/mannaja/wrg2024_turtlebot3_ws/install/turtlebot3:/home/mannaja/wrg2024_turtlebot3_ws/install/turtlebot3_simulations:/home/mannaja/wrg2024_turtlebot3_ws/install/turtlebot3_bringup:/home/mannaja/wrg2024_turtlebot3_ws/install/turtlebot3_node:/home/mannaja/wrg2024_turtlebot3_ws/install/turtlebot3_navigation2:/home/mannaja/wrg2024_turtlebot3_ws/install/turtlebot3_fake_node:/home/mannaja/wrg2024_turtlebot3_ws/install/turtlebot3_gazebo:/home/mannaja/wrg2024_turtlebot3_ws/install/turtlebot3_description:/home/mannaja/wrg2024_turtlebot3_ws/install/turtlebot3_cartographer:/home/mannaja/wrg2024_turtlebot3_ws/install/dynamixel_sdk_examples:/home/mannaja/wrg2024_turtlebot3_ws/install/dynamixel_sdk_custom_interfaces:/home/mannaja/turtlebot3_ws/install/turtlebot3:/home/mannaja/turtlebot3_ws/install/turtlebot3_simulations:/home/mannaja/turtlebot3_ws/install/turtlebot3_bringup:/home/mannaja/turtlebot3_ws/install/turtlebot3_node:/home/mannaja/turtlebot3_ws/install/turtlebot3_navigation2:/home/mannaja/turtlebot3_ws/install/turtlebot3_fake_node:/home/mannaja/turtlebot3_ws/install/turtlebot3_msgs:/home/mannaja/turtlebot3_ws/install/turtlebot3_gazebo:/home/mannaja/turtlebot3_ws/install/turtlebot3_description:/home/mannaja/turtlebot3_ws/install/turtlebot3_cartographer:/home/mannaja/turtlebot3_ws/install/dynamixel_sdk_examples:/home/mannaja/turtlebot3_ws/install/dynamixel_sdk_custom_interfaces:/home/mannaja/turtlebot3_ws/install/dynamixel_sdk:/home/mannaja/microros_ws/install/micro_ros_setup:/home/mannaja/microros_ws/install/micro_ros_agent:/home/mannaja/microros_ws/install/micro_ros_msgs:/home/mannaja/wrg2024_turtlebot3_ws/install/turtlebot3_teleop:/home/mannaja/wrg2024_turtlebot3_ws/install/turtlebot3_example:/home/mannaja/turtlebot3_ws/install/turtlebot3_teleop:/home/mannaja/turtlebot3_ws/install/turtlebot3_example:/home/mannaja/coding/project/python_minecraftDetectMob_andSendDataToRos2/ros2_ws/install/pi_node:/home/mannaja/coding/project/python_minecraftDetectMob_andSendDataToRos2/ros2_ws/install/laptop_node:/home/mannaja/coding/project/ABU2024_Manual/robot_ws/install/robot_core:/opt/ros/humble LD_LIBRARY_PATH=/home/mannaja/wrg2024_turtlebot3_ws/install/turtlebot3_msgs/lib:/home/mannaja/wrg2024_turtlebot3_ws/install/dynamixel_sdk/lib:/home/mannaja/wrg2024_turtlebot3_ws/install/dynamixel_sdk_custom_interfaces/lib:/home/mannaja/turtlebot3_ws/install/turtlebot3_msgs/lib:/home/mannaja/turtlebot3_ws/install/dynamixel_sdk_custom_interfaces/lib:/home/mannaja/turtlebot3_ws/install/dynamixel_sdk/lib:/home/mannaja/microros_ws/install/micro_ros_agent/lib:/home/mannaja/microros_ws/install/micro_ros_msgs/lib:/usr/lib/x86_64-linux-gnu/gazebo-11/plugins:/opt/ros/humble/opt/rviz_ogre_vendor/lib:/opt/ros/humble/lib/x86_64-linux-gnu:/opt/ros/humble/lib /home/mannaja/.local/bin/cmake --build /home/mannaja/wrg2024_turtlebot3_ws/build/turtlebot3_node -- -j12 -l12
[6.238s] gmake[1]: Entering directory '/home/mannaja/wrg2024_turtlebot3_ws/build/turtlebot3_node'
[6.255s] gmake[2]: Entering directory '/home/mannaja/wrg2024_turtlebot3_ws/build/turtlebot3_node'
[6.257s] gmake[3]: Entering directory '/home/mannaja/wrg2024_turtlebot3_ws/build/turtlebot3_node'
[6.263s] gmake[3]: Leaving directory '/home/mannaja/wrg2024_turtlebot3_ws/build/turtlebot3_node'
[6.266s] gmake[3]: Entering directory '/home/mannaja/wrg2024_turtlebot3_ws/build/turtlebot3_node'
[6.273s] [  7%] [32mBuilding CXX object CMakeFiles/turtlebot3_node_lib.dir/src/devices/motor_power.cpp.o[0m
[6.274s] [ 14%] [32mBuilding CXX object CMakeFiles/turtlebot3_node_lib.dir/src/devices/sound.cpp.o[0m
[6.275s] [ 21%] [32mBuilding CXX object CMakeFiles/turtlebot3_node_lib.dir/src/diff_drive_controller.cpp.o[0m
[6.276s] [ 28%] [32mBuilding CXX object CMakeFiles/turtlebot3_node_lib.dir/src/devices/reset.cpp.o[0m
[6.276s] [ 35%] [32mBuilding CXX object CMakeFiles/turtlebot3_node_lib.dir/src/dynamixel_sdk_wrapper.cpp.o[0m
[6.281s] [ 42%] [32mBuilding CXX object CMakeFiles/turtlebot3_node_lib.dir/src/odometry.cpp.o[0m
[6.282s] [ 57%] [32mBuilding CXX object CMakeFiles/turtlebot3_node_lib.dir/src/sensors/imu.cpp.o[0m
[6.282s] [ 57%] [32mBuilding CXX object CMakeFiles/turtlebot3_node_lib.dir/src/turtlebot3.cpp.o[0m
[6.283s] [ 64%] [32mBuilding CXX object CMakeFiles/turtlebot3_node_lib.dir/src/sensors/battery_state.cpp.o[0m
[6.345s] [ 71%] [32mBuilding CXX object CMakeFiles/turtlebot3_node_lib.dir/src/sensors/joint_state.cpp.o[0m
[6.366s] [ 78%] [32mBuilding CXX object CMakeFiles/turtlebot3_node_lib.dir/src/sensors/sensor_state.cpp.o[0m
[28.924s] [ 85%] [32m[1mLinking CXX static library libturtlebot3_node_lib.a[0m
[30.039s] gmake[3]: Leaving directory '/home/mannaja/wrg2024_turtlebot3_ws/build/turtlebot3_node'
[30.045s] [ 85%] Built target turtlebot3_node_lib
[30.048s] gmake[3]: Entering directory '/home/mannaja/wrg2024_turtlebot3_ws/build/turtlebot3_node'
[30.054s] gmake[3]: Leaving directory '/home/mannaja/wrg2024_turtlebot3_ws/build/turtlebot3_node'
[30.056s] gmake[3]: Entering directory '/home/mannaja/wrg2024_turtlebot3_ws/build/turtlebot3_node'
[30.061s] [ 92%] [32mBuilding CXX object CMakeFiles/turtlebot3_ros.dir/src/node_main.cpp.o[0m
[33.136s] [100%] [32m[1mLinking CXX executable turtlebot3_ros[0m
[34.733s] gmake[3]: Leaving directory '/home/mannaja/wrg2024_turtlebot3_ws/build/turtlebot3_node'
[34.737s] [100%] Built target turtlebot3_ros
[34.737s] gmake[2]: Leaving directory '/home/mannaja/wrg2024_turtlebot3_ws/build/turtlebot3_node'
[34.744s] gmake[1]: Leaving directory '/home/mannaja/wrg2024_turtlebot3_ws/build/turtlebot3_node'
[34.763s] Invoked command in '/home/mannaja/wrg2024_turtlebot3_ws/build/turtlebot3_node' returned '0': CMAKE_PREFIX_PATH=/home/mannaja/wrg2024_turtlebot3_ws/install/turtlebot3_msgs:/home/mannaja/wrg2024_turtlebot3_ws/install/dynamixel_sdk:/home/mannaja/wrg2024_turtlebot3_ws/install/wrg_core:/home/mannaja/wrg2024_turtlebot3_ws/install/turtlebot3:/home/mannaja/wrg2024_turtlebot3_ws/install/turtlebot3_simulations:/home/mannaja/wrg2024_turtlebot3_ws/install/turtlebot3_bringup:/home/mannaja/wrg2024_turtlebot3_ws/install/turtlebot3_node:/home/mannaja/wrg2024_turtlebot3_ws/install/turtlebot3_navigation2:/home/mannaja/wrg2024_turtlebot3_ws/install/turtlebot3_fake_node:/home/mannaja/wrg2024_turtlebot3_ws/install/turtlebot3_gazebo:/home/mannaja/wrg2024_turtlebot3_ws/install/turtlebot3_description:/home/mannaja/wrg2024_turtlebot3_ws/install/turtlebot3_cartographer:/home/mannaja/wrg2024_turtlebot3_ws/install/dynamixel_sdk_examples:/home/mannaja/wrg2024_turtlebot3_ws/install/dynamixel_sdk_custom_interfaces:/home/mannaja/turtlebot3_ws/install/turtlebot3:/home/mannaja/turtlebot3_ws/install/turtlebot3_simulations:/home/mannaja/turtlebot3_ws/install/turtlebot3_bringup:/home/mannaja/turtlebot3_ws/install/turtlebot3_node:/home/mannaja/turtlebot3_ws/install/turtlebot3_navigation2:/home/mannaja/turtlebot3_ws/install/turtlebot3_fake_node:/home/mannaja/turtlebot3_ws/install/turtlebot3_msgs:/home/mannaja/turtlebot3_ws/install/turtlebot3_gazebo:/home/mannaja/turtlebot3_ws/install/turtlebot3_description:/home/mannaja/turtlebot3_ws/install/turtlebot3_cartographer:/home/mannaja/turtlebot3_ws/install/dynamixel_sdk_examples:/home/mannaja/turtlebot3_ws/install/dynamixel_sdk_custom_interfaces:/home/mannaja/turtlebot3_ws/install/dynamixel_sdk:/home/mannaja/microros_ws/install/micro_ros_setup:/home/mannaja/microros_ws/install/micro_ros_agent:/home/mannaja/microros_ws/install/micro_ros_msgs:/home/mannaja/wrg2024_turtlebot3_ws/install/turtlebot3_teleop:/home/mannaja/wrg2024_turtlebot3_ws/install/turtlebot3_example:/home/mannaja/turtlebot3_ws/install/turtlebot3_teleop:/home/mannaja/turtlebot3_ws/install/turtlebot3_example:/home/mannaja/coding/project/python_minecraftDetectMob_andSendDataToRos2/ros2_ws/install/pi_node:/home/mannaja/coding/project/python_minecraftDetectMob_andSendDataToRos2/ros2_ws/install/laptop_node:/home/mannaja/coding/project/ABU2024_Manual/robot_ws/install/robot_core:/opt/ros/humble LD_LIBRARY_PATH=/home/mannaja/wrg2024_turtlebot3_ws/install/turtlebot3_msgs/lib:/home/mannaja/wrg2024_turtlebot3_ws/install/dynamixel_sdk/lib:/home/mannaja/wrg2024_turtlebot3_ws/install/dynamixel_sdk_custom_interfaces/lib:/home/mannaja/turtlebot3_ws/install/turtlebot3_msgs/lib:/home/mannaja/turtlebot3_ws/install/dynamixel_sdk_custom_interfaces/lib:/home/mannaja/turtlebot3_ws/install/dynamixel_sdk/lib:/home/mannaja/microros_ws/install/micro_ros_agent/lib:/home/mannaja/microros_ws/install/micro_ros_msgs/lib:/usr/lib/x86_64-linux-gnu/gazebo-11/plugins:/opt/ros/humble/opt/rviz_ogre_vendor/lib:/opt/ros/humble/lib/x86_64-linux-gnu:/opt/ros/humble/lib /home/mannaja/.local/bin/cmake --build /home/mannaja/wrg2024_turtlebot3_ws/build/turtlebot3_node -- -j12 -l12
[34.928s] Invoking command in '/home/mannaja/wrg2024_turtlebot3_ws/build/turtlebot3_node': CMAKE_PREFIX_PATH=/home/mannaja/wrg2024_turtlebot3_ws/install/turtlebot3_msgs:/home/mannaja/wrg2024_turtlebot3_ws/install/dynamixel_sdk:/home/mannaja/wrg2024_turtlebot3_ws/install/wrg_core:/home/mannaja/wrg2024_turtlebot3_ws/install/turtlebot3:/home/mannaja/wrg2024_turtlebot3_ws/install/turtlebot3_simulations:/home/mannaja/wrg2024_turtlebot3_ws/install/turtlebot3_bringup:/home/mannaja/wrg2024_turtlebot3_ws/install/turtlebot3_node:/home/mannaja/wrg2024_turtlebot3_ws/install/turtlebot3_navigation2:/home/mannaja/wrg2024_turtlebot3_ws/install/turtlebot3_fake_node:/home/mannaja/wrg2024_turtlebot3_ws/install/turtlebot3_gazebo:/home/mannaja/wrg2024_turtlebot3_ws/install/turtlebot3_description:/home/mannaja/wrg2024_turtlebot3_ws/install/turtlebot3_cartographer:/home/mannaja/wrg2024_turtlebot3_ws/install/dynamixel_sdk_examples:/home/mannaja/wrg2024_turtlebot3_ws/install/dynamixel_sdk_custom_interfaces:/home/mannaja/turtlebot3_ws/install/turtlebot3:/home/mannaja/turtlebot3_ws/install/turtlebot3_simulations:/home/mannaja/turtlebot3_ws/install/turtlebot3_bringup:/home/mannaja/turtlebot3_ws/install/turtlebot3_node:/home/mannaja/turtlebot3_ws/install/turtlebot3_navigation2:/home/mannaja/turtlebot3_ws/install/turtlebot3_fake_node:/home/mannaja/turtlebot3_ws/install/turtlebot3_msgs:/home/mannaja/turtlebot3_ws/install/turtlebot3_gazebo:/home/mannaja/turtlebot3_ws/install/turtlebot3_description:/home/mannaja/turtlebot3_ws/install/turtlebot3_cartographer:/home/mannaja/turtlebot3_ws/install/dynamixel_sdk_examples:/home/mannaja/turtlebot3_ws/install/dynamixel_sdk_custom_interfaces:/home/mannaja/turtlebot3_ws/install/dynamixel_sdk:/home/mannaja/microros_ws/install/micro_ros_setup:/home/mannaja/microros_ws/install/micro_ros_agent:/home/mannaja/microros_ws/install/micro_ros_msgs:/home/mannaja/wrg2024_turtlebot3_ws/install/turtlebot3_teleop:/home/mannaja/wrg2024_turtlebot3_ws/install/turtlebot3_example:/home/mannaja/turtlebot3_ws/install/turtlebot3_teleop:/home/mannaja/turtlebot3_ws/install/turtlebot3_example:/home/mannaja/coding/project/python_minecraftDetectMob_andSendDataToRos2/ros2_ws/install/pi_node:/home/mannaja/coding/project/python_minecraftDetectMob_andSendDataToRos2/ros2_ws/install/laptop_node:/home/mannaja/coding/project/ABU2024_Manual/robot_ws/install/robot_core:/opt/ros/humble LD_LIBRARY_PATH=/home/mannaja/wrg2024_turtlebot3_ws/install/turtlebot3_msgs/lib:/home/mannaja/wrg2024_turtlebot3_ws/install/dynamixel_sdk/lib:/home/mannaja/wrg2024_turtlebot3_ws/install/dynamixel_sdk_custom_interfaces/lib:/home/mannaja/turtlebot3_ws/install/turtlebot3_msgs/lib:/home/mannaja/turtlebot3_ws/install/dynamixel_sdk_custom_interfaces/lib:/home/mannaja/turtlebot3_ws/install/dynamixel_sdk/lib:/home/mannaja/microros_ws/install/micro_ros_agent/lib:/home/mannaja/microros_ws/install/micro_ros_msgs/lib:/usr/lib/x86_64-linux-gnu/gazebo-11/plugins:/opt/ros/humble/opt/rviz_ogre_vendor/lib:/opt/ros/humble/lib/x86_64-linux-gnu:/opt/ros/humble/lib /home/mannaja/.local/bin/cmake --install /home/mannaja/wrg2024_turtlebot3_ws/build/turtlebot3_node
[35.008s] -- Install configuration: ""
[35.009s] -- Execute custom install script
[35.009s] -- Symlinking: /home/mannaja/wrg2024_turtlebot3_ws/install/turtlebot3_node/share/turtlebot3_node/param/burger.yaml
[35.013s] -- Symlinking: /home/mannaja/wrg2024_turtlebot3_ws/install/turtlebot3_node/share/turtlebot3_node/param/waffle.yaml
[35.016s] -- Symlinking: /home/mannaja/wrg2024_turtlebot3_ws/install/turtlebot3_node/share/turtlebot3_node/param/waffle_pi.yaml
[35.019s] -- Symlinking: /home/mannaja/wrg2024_turtlebot3_ws/install/turtlebot3_node/lib/turtlebot3_node/turtlebot3_ros
[35.022s] -- Symlinking: /home/mannaja/wrg2024_turtlebot3_ws/install/turtlebot3_node/share/ament_index/resource_index/package_run_dependencies/turtlebot3_node
[35.025s] -- Symlinking: /home/mannaja/wrg2024_turtlebot3_ws/install/turtlebot3_node/share/ament_index/resource_index/parent_prefix_path/turtlebot3_node
[35.028s] -- Symlinking: /home/mannaja/wrg2024_turtlebot3_ws/install/turtlebot3_node/share/turtlebot3_node/environment/ament_prefix_path.sh
[35.031s] -- Symlinking: /home/mannaja/wrg2024_turtlebot3_ws/install/turtlebot3_node/share/turtlebot3_node/environment/ament_prefix_path.dsv
[35.034s] -- Symlinking: /home/mannaja/wrg2024_turtlebot3_ws/install/turtlebot3_node/share/turtlebot3_node/environment/path.sh
[35.036s] -- Symlinking: /home/mannaja/wrg2024_turtlebot3_ws/install/turtlebot3_node/share/turtlebot3_node/environment/path.dsv
[35.039s] -- Symlinking: /home/mannaja/wrg2024_turtlebot3_ws/install/turtlebot3_node/share/turtlebot3_node/local_setup.bash
[35.042s] -- Symlinking: /home/mannaja/wrg2024_turtlebot3_ws/install/turtlebot3_node/share/turtlebot3_node/local_setup.sh
[35.046s] -- Symlinking: /home/mannaja/wrg2024_turtlebot3_ws/install/turtlebot3_node/share/turtlebot3_node/local_setup.zsh
[35.049s] -- Symlinking: /home/mannaja/wrg2024_turtlebot3_ws/install/turtlebot3_node/share/turtlebot3_node/local_setup.dsv
[35.052s] -- Symlinking: /home/mannaja/wrg2024_turtlebot3_ws/install/turtlebot3_node/share/turtlebot3_node/package.dsv
[35.055s] -- Symlinking: /home/mannaja/wrg2024_turtlebot3_ws/install/turtlebot3_node/share/ament_index/resource_index/packages/turtlebot3_node
[35.058s] -- Symlinking: /home/mannaja/wrg2024_turtlebot3_ws/install/turtlebot3_node/share/turtlebot3_node/cmake/ament_cmake_export_include_directories-extras.cmake
[35.061s] -- Symlinking: /home/mannaja/wrg2024_turtlebot3_ws/install/turtlebot3_node/share/turtlebot3_node/cmake/turtlebot3_nodeConfig.cmake
[35.064s] -- Symlinking: /home/mannaja/wrg2024_turtlebot3_ws/install/turtlebot3_node/share/turtlebot3_node/cmake/turtlebot3_nodeConfig-version.cmake
[35.067s] -- Symlinking: /home/mannaja/wrg2024_turtlebot3_ws/install/turtlebot3_node/share/turtlebot3_node/package.xml
[35.083s] Invoked command in '/home/mannaja/wrg2024_turtlebot3_ws/build/turtlebot3_node' returned '0': CMAKE_PREFIX_PATH=/home/mannaja/wrg2024_turtlebot3_ws/install/turtlebot3_msgs:/home/mannaja/wrg2024_turtlebot3_ws/install/dynamixel_sdk:/home/mannaja/wrg2024_turtlebot3_ws/install/wrg_core:/home/mannaja/wrg2024_turtlebot3_ws/install/turtlebot3:/home/mannaja/wrg2024_turtlebot3_ws/install/turtlebot3_simulations:/home/mannaja/wrg2024_turtlebot3_ws/install/turtlebot3_bringup:/home/mannaja/wrg2024_turtlebot3_ws/install/turtlebot3_node:/home/mannaja/wrg2024_turtlebot3_ws/install/turtlebot3_navigation2:/home/mannaja/wrg2024_turtlebot3_ws/install/turtlebot3_fake_node:/home/mannaja/wrg2024_turtlebot3_ws/install/turtlebot3_gazebo:/home/mannaja/wrg2024_turtlebot3_ws/install/turtlebot3_description:/home/mannaja/wrg2024_turtlebot3_ws/install/turtlebot3_cartographer:/home/mannaja/wrg2024_turtlebot3_ws/install/dynamixel_sdk_examples:/home/mannaja/wrg2024_turtlebot3_ws/install/dynamixel_sdk_custom_interfaces:/home/mannaja/turtlebot3_ws/install/turtlebot3:/home/mannaja/turtlebot3_ws/install/turtlebot3_simulations:/home/mannaja/turtlebot3_ws/install/turtlebot3_bringup:/home/mannaja/turtlebot3_ws/install/turtlebot3_node:/home/mannaja/turtlebot3_ws/install/turtlebot3_navigation2:/home/mannaja/turtlebot3_ws/install/turtlebot3_fake_node:/home/mannaja/turtlebot3_ws/install/turtlebot3_msgs:/home/mannaja/turtlebot3_ws/install/turtlebot3_gazebo:/home/mannaja/turtlebot3_ws/install/turtlebot3_description:/home/mannaja/turtlebot3_ws/install/turtlebot3_cartographer:/home/mannaja/turtlebot3_ws/install/dynamixel_sdk_examples:/home/mannaja/turtlebot3_ws/install/dynamixel_sdk_custom_interfaces:/home/mannaja/turtlebot3_ws/install/dynamixel_sdk:/home/mannaja/microros_ws/install/micro_ros_setup:/home/mannaja/microros_ws/install/micro_ros_agent:/home/mannaja/microros_ws/install/micro_ros_msgs:/home/mannaja/wrg2024_turtlebot3_ws/install/turtlebot3_teleop:/home/mannaja/wrg2024_turtlebot3_ws/install/turtlebot3_example:/home/mannaja/turtlebot3_ws/install/turtlebot3_teleop:/home/mannaja/turtlebot3_ws/install/turtlebot3_example:/home/mannaja/coding/project/python_minecraftDetectMob_andSendDataToRos2/ros2_ws/install/pi_node:/home/mannaja/coding/project/python_minecraftDetectMob_andSendDataToRos2/ros2_ws/install/laptop_node:/home/mannaja/coding/project/ABU2024_Manual/robot_ws/install/robot_core:/opt/ros/humble LD_LIBRARY_PATH=/home/mannaja/wrg2024_turtlebot3_ws/install/turtlebot3_msgs/lib:/home/mannaja/wrg2024_turtlebot3_ws/install/dynamixel_sdk/lib:/home/mannaja/wrg2024_turtlebot3_ws/install/dynamixel_sdk_custom_interfaces/lib:/home/mannaja/turtlebot3_ws/install/turtlebot3_msgs/lib:/home/mannaja/turtlebot3_ws/install/dynamixel_sdk_custom_interfaces/lib:/home/mannaja/turtlebot3_ws/install/dynamixel_sdk/lib:/home/mannaja/microros_ws/install/micro_ros_agent/lib:/home/mannaja/microros_ws/install/micro_ros_msgs/lib:/usr/lib/x86_64-linux-gnu/gazebo-11/plugins:/opt/ros/humble/opt/rviz_ogre_vendor/lib:/opt/ros/humble/lib/x86_64-linux-gnu:/opt/ros/humble/lib /home/mannaja/.local/bin/cmake --install /home/mannaja/wrg2024_turtlebot3_ws/build/turtlebot3_node
