[0.045s] Invoking command in '/home/mannaja/wrg2024_turtlebot3_ws/build/turtlebot3_gazebo': CMAKE_PREFIX_PATH=${CMAKE_PREFIX_PATH}:/home/mannaja/wrg2024_turtlebot3_ws/install/turtlebot3_teleop:/home/mannaja/wrg2024_turtlebot3_ws/install/turtlebot3_example:/home/mannaja/turtlebot3_ws/install/turtlebot3_teleop:/home/mannaja/turtlebot3_ws/install/turtlebot3_example:/home/mannaja/coding/project/python_minecraftDetectMob_andSendDataToRos2/ros2_ws/install/pi_node:/home/mannaja/coding/project/python_minecraftDetectMob_andSendDataToRos2/ros2_ws/install/laptop_node:/home/mannaja/coding/project/ABU2024_Manual/robot_ws/install/robot_core:/opt/ros/humble /home/mannaja/.local/bin/cmake /home/mannaja/wrg2024_turtlebot3_ws/src/turtlebot3_simulations/turtlebot3_gazebo -Wno-dev -DAMENT_CMAKE_SYMLINK_INSTALL=1 -DCMAKE_INSTALL_PREFIX=/home/mannaja/wrg2024_turtlebot3_ws/install/turtlebot3_gazebo
[0.730s] -- The C compiler identification is GNU 11.4.0
[0.731s] -- The CXX compiler identification is GNU 11.4.0
[0.731s] -- Detecting C compiler ABI info
[0.731s] -- Detecting C compiler ABI info - done
[0.733s] -- Check for working C compiler: /usr/bin/cc - skipped
[0.734s] -- Detecting C compile features
[0.734s] -- Detecting C compile features - done
[0.734s] -- Detecting CXX compiler ABI info
[0.739s] -- Detecting CXX compiler ABI info - done
[0.782s] -- Check for working CXX compiler: /usr/bin/c++ - skipped
[0.782s] -- Detecting CXX compile features
[0.784s] -- Detecting CXX compile features - done
[0.794s] -- Found ament_cmake: 1.3.9 (/opt/ros/humble/share/ament_cmake/cmake)
[1.155s] -- Found Python3: /usr/bin/python3 (found version "3.10.12") found components: Interpreter
[1.320s] -- Override CMake install command with custom implementation using symlinks instead of copying resources
[1.458s] -- Found PkgConfig: /usr/bin/pkg-config (found version "0.29.2")
[1.468s] -- Checking for module 'bullet>=2.82'
[1.497s] --   Found bullet, version 3.05
[1.706s] -- Found fcl: /usr/include (found suitable version "0.7.0", minimum required is "0.5.0")
[1.952s] -- Found assimp: /usr/include (found version "5.2.0")
[2.082s] -- Found DART: /usr/include (Required is at least version "6.6") found components: dart
[2.390s] -- Found Boost: /usr/lib/x86_64-linux-gnu/cmake/Boost-1.74.0/BoostConfig.cmake (found suitable version "1.74.0", minimum required is "1.40.0") found components: thread system filesystem program_options regex iostreams date_time
[2.486s] -- Found Protobuf: /usr/lib/x86_64-linux-gnu/libprotobuf.so (found version "3.12.4")
[2.520s] -- Looking for ignition-math6 -- found version 6.15.1
[2.552s] -- Searching for dependencies of ignition-math6
[2.558s] -- Looking for OGRE...
[2.560s] -- OGRE_PREFIX_WATCH changed.
[2.572s] -- Checking for module 'OGRE'
[2.607s] --   Found OGRE, version 1.9.0
[2.686s] -- Found Ogre Ghadamon (1.9.0)
[2.745s] -- Found OGRE: optimized;/usr/lib/x86_64-linux-gnu/libOgreMain.so;debug;/usr/lib/x86_64-linux-gnu/libOgreMain.so
[2.770s] -- Looking for OGRE_Paging...
[2.811s] -- Found OGRE_Paging: optimized;/usr/lib/x86_64-linux-gnu/libOgrePaging.so;debug;/usr/lib/x86_64-linux-gnu/libOgrePaging.so
[2.812s] -- Looking for OGRE_Terrain...
[2.854s] -- Found OGRE_Terrain: optimized;/usr/lib/x86_64-linux-gnu/libOgreTerrain.so;debug;/usr/lib/x86_64-linux-gnu/libOgreTerrain.so
[2.854s] -- Looking for OGRE_Property...
[2.884s] -- Found OGRE_Property: optimized;/usr/lib/x86_64-linux-gnu/libOgreProperty.so;debug;/usr/lib/x86_64-linux-gnu/libOgreProperty.so
[2.885s] -- Looking for OGRE_RTShaderSystem...
[2.913s] -- Found OGRE_RTShaderSystem: optimized;/usr/lib/x86_64-linux-gnu/libOgreRTShaderSystem.so;debug;/usr/lib/x86_64-linux-gnu/libOgreRTShaderSystem.so
[2.913s] -- Looking for OGRE_Volume...
[2.943s] -- Found OGRE_Volume: optimized;/usr/lib/x86_64-linux-gnu/libOgreVolume.so;debug;/usr/lib/x86_64-linux-gnu/libOgreVolume.so
[2.943s] -- Looking for OGRE_Overlay...
[2.984s] -- Found OGRE_Overlay: optimized;/usr/lib/x86_64-linux-gnu/libOgreOverlay.so;debug;/usr/lib/x86_64-linux-gnu/libOgreOverlay.so
[3.563s] -- Looking for ignition-math6 -- found version 6.15.1
[3.569s] -- Looking for ignition-transport8 -- found version 8.2.1
[3.570s] -- Searching for dependencies of ignition-transport8
[3.604s] -- Found Protobuf: /usr/lib/x86_64-linux-gnu/libprotobuf.so (found suitable version "3.12.4", minimum required is "3")
[3.626s] -- Config-file not installed for ZeroMQ -- checking for pkg-config
[3.632s] -- Checking for module 'libzmq >= 4'
[3.654s] --   Found libzmq, version 4.3.4
[3.704s] -- Found ZeroMQ: TRUE (Required is at least version "4")
[3.715s] -- Checking for module 'uuid'
[3.737s] --   Found uuid, version 2.37.2
[3.779s] -- Found UUID: TRUE
[3.787s] -- Looking for ignition-msgs5 -- found version 5.8.1
[3.787s] -- Searching for dependencies of ignition-msgs5
[3.821s] -- Looking for ignition-math6 -- found version 6.15.1
[3.830s] -- Checking for module 'tinyxml2'
[3.850s] --   Found tinyxml2, version 9.0.0
[3.899s] -- Looking for ignition-msgs5 -- found version 5.8.1
[3.906s] -- Looking for ignition-common3 -- found version 3.14.0
[3.906s] -- Searching for dependencies of ignition-common3
[3.907s] -- Looking for dlfcn.h - found
[3.909s] -- Looking for libdl - found
[3.911s] -- Found DL: TRUE
[3.935s] -- Found tinyobjloader: /usr/lib/x86_64-linux-gnu/cmake/tinyobjloader/tinyobjloader-config.cmake (found version "2.0.0")
[3.935s] -- Searching for <ignition-common3> component [graphics]
[3.942s] -- Looking for ignition-common3-graphics -- found version 3.14.0
[3.942s] -- Searching for dependencies of ignition-common3-graphics
[3.943s] -- Looking for ignition-math6 -- found version 6.15.1
[3.951s] -- Looking for ignition-fuel_tools4 -- found version 4.4.0
[3.951s] -- Searching for dependencies of ignition-fuel_tools4
[4.069s] -- Found CURL: /usr/lib/x86_64-linux-gnu/libcurl.so (found version "7.81.0")
[4.094s] -- Checking for module 'jsoncpp'
[4.122s] --   Found jsoncpp, version 1.9.5
[4.178s] -- Found JSONCPP: TRUE
[4.200s] -- Checking for module 'libzip'
[4.229s] --   Found libzip, version 1.7.3
[4.290s] -- Found ZIP: TRUE
[4.291s] -- Looking for ignition-common3 -- found version 3.14.0
[4.292s] -- Looking for ignition-math6 -- found version 6.15.1
[4.292s] -- Looking for ignition-msgs5 -- found version 5.8.1
[4.312s] -- Found gazebo_ros_pkgs: 3.7.0 (/opt/ros/humble/share/gazebo_ros_pkgs/cmake)
[4.318s] -- Found geometry_msgs: 4.2.4 (/opt/ros/humble/share/geometry_msgs/cmake)
[4.406s] -- Found rosidl_generator_c: 3.1.5 (/opt/ros/humble/share/rosidl_generator_c/cmake)
[4.421s] -- Found rosidl_adapter: 3.1.5 (/opt/ros/humble/share/rosidl_adapter/cmake)
[4.446s] -- Found rosidl_generator_cpp: 3.1.5 (/opt/ros/humble/share/rosidl_generator_cpp/cmake)
[4.480s] -- Using all available rosidl_typesupport_c: rosidl_typesupport_fastrtps_c;rosidl_typesupport_introspection_c
[4.530s] -- Using all available rosidl_typesupport_cpp: rosidl_typesupport_fastrtps_cpp;rosidl_typesupport_introspection_cpp
[4.959s] -- Found nav_msgs: 4.2.4 (/opt/ros/humble/share/nav_msgs/cmake)
[5.210s] -- Found rclcpp: 16.0.9 (/opt/ros/humble/share/rclcpp/cmake)
[5.524s] -- Found rmw_implementation_cmake: 6.1.2 (/opt/ros/humble/share/rmw_implementation_cmake/cmake)
[5.542s] -- Found rmw_fastrtps_cpp: 6.2.6 (/opt/ros/humble/share/rmw_fastrtps_cpp/cmake)
[5.887s] -- Found OpenSSL: /usr/lib/x86_64-linux-gnu/libcrypto.so (found version "3.0.2")
[5.972s] -- Found FastRTPS: /opt/ros/humble/include
[6.096s] -- Using RMW implementation 'rmw_fastrtps_cpp' as default
[6.122s] -- Found Threads: TRUE
[6.314s] -- Found sensor_msgs: 4.2.4 (/opt/ros/humble/share/sensor_msgs/cmake)
[6.434s] -- Found tf2: 0.25.7 (/opt/ros/humble/share/tf2/cmake)
[6.560s] -- Configuring done (6.3s)
[6.607s] -- Generating done (0.0s)
[6.610s] -- Build files have been written to: /home/mannaja/wrg2024_turtlebot3_ws/build/turtlebot3_gazebo
[6.650s] Invoked command in '/home/mannaja/wrg2024_turtlebot3_ws/build/turtlebot3_gazebo' returned '0': CMAKE_PREFIX_PATH=${CMAKE_PREFIX_PATH}:/home/mannaja/wrg2024_turtlebot3_ws/install/turtlebot3_teleop:/home/mannaja/wrg2024_turtlebot3_ws/install/turtlebot3_example:/home/mannaja/turtlebot3_ws/install/turtlebot3_teleop:/home/mannaja/turtlebot3_ws/install/turtlebot3_example:/home/mannaja/coding/project/python_minecraftDetectMob_andSendDataToRos2/ros2_ws/install/pi_node:/home/mannaja/coding/project/python_minecraftDetectMob_andSendDataToRos2/ros2_ws/install/laptop_node:/home/mannaja/coding/project/ABU2024_Manual/robot_ws/install/robot_core:/opt/ros/humble /home/mannaja/.local/bin/cmake /home/mannaja/wrg2024_turtlebot3_ws/src/turtlebot3_simulations/turtlebot3_gazebo -Wno-dev -DAMENT_CMAKE_SYMLINK_INSTALL=1 -DCMAKE_INSTALL_PREFIX=/home/mannaja/wrg2024_turtlebot3_ws/install/turtlebot3_gazebo
[6.651s] Invoking command in '/home/mannaja/wrg2024_turtlebot3_ws/build/turtlebot3_gazebo': CMAKE_PREFIX_PATH=${CMAKE_PREFIX_PATH}:/home/mannaja/wrg2024_turtlebot3_ws/install/turtlebot3_teleop:/home/mannaja/wrg2024_turtlebot3_ws/install/turtlebot3_example:/home/mannaja/turtlebot3_ws/install/turtlebot3_teleop:/home/mannaja/turtlebot3_ws/install/turtlebot3_example:/home/mannaja/coding/project/python_minecraftDetectMob_andSendDataToRos2/ros2_ws/install/pi_node:/home/mannaja/coding/project/python_minecraftDetectMob_andSendDataToRos2/ros2_ws/install/laptop_node:/home/mannaja/coding/project/ABU2024_Manual/robot_ws/install/robot_core:/opt/ros/humble /home/mannaja/.local/bin/cmake --build /home/mannaja/wrg2024_turtlebot3_ws/build/turtlebot3_gazebo -- -j12 -l12
[6.772s] gmake[1]: Entering directory '/home/mannaja/wrg2024_turtlebot3_ws/build/turtlebot3_gazebo'
[6.789s] gmake[2]: Entering directory '/home/mannaja/wrg2024_turtlebot3_ws/build/turtlebot3_gazebo'
[6.792s] gmake[3]: Entering directory '/home/mannaja/wrg2024_turtlebot3_ws/build/turtlebot3_gazebo'
[6.793s] gmake[3]: Entering directory '/home/mannaja/wrg2024_turtlebot3_ws/build/turtlebot3_gazebo'
[6.793s] gmake[3]: Entering directory '/home/mannaja/wrg2024_turtlebot3_ws/build/turtlebot3_gazebo'
[6.794s] gmake[3]: Entering directory '/home/mannaja/wrg2024_turtlebot3_ws/build/turtlebot3_gazebo'
[6.799s] gmake[3]: Leaving directory '/home/mannaja/wrg2024_turtlebot3_ws/build/turtlebot3_gazebo'
[6.800s] gmake[3]: Leaving directory '/home/mannaja/wrg2024_turtlebot3_ws/build/turtlebot3_gazebo'
[6.801s] gmake[3]: Leaving directory '/home/mannaja/wrg2024_turtlebot3_ws/build/turtlebot3_gazebo'
[6.801s] gmake[3]: Entering directory '/home/mannaja/wrg2024_turtlebot3_ws/build/turtlebot3_gazebo'
[6.802s] gmake[3]: Leaving directory '/home/mannaja/wrg2024_turtlebot3_ws/build/turtlebot3_gazebo'
[6.803s] gmake[3]: Entering directory '/home/mannaja/wrg2024_turtlebot3_ws/build/turtlebot3_gazebo'
[6.804s] gmake[3]: Entering directory '/home/mannaja/wrg2024_turtlebot3_ws/build/turtlebot3_gazebo'
[6.806s] [ 12%] [32mBuilding CXX object CMakeFiles/obstacle1.dir/models/turtlebot3_dqn_world/obstacle_plugin/obstacle1.cc.o[0m
[6.806s] gmake[3]: Entering directory '/home/mannaja/wrg2024_turtlebot3_ws/build/turtlebot3_gazebo'
[6.809s] [ 25%] [32mBuilding CXX object CMakeFiles/turtlebot3_drive.dir/src/turtlebot3_drive.cpp.o[0m
[6.809s] [ 37%] [32mBuilding CXX object CMakeFiles/obstacle2.dir/models/turtlebot3_dqn_world/obstacle_plugin/obstacle2.cc.o[0m
[6.811s] [ 50%] [32mBuilding CXX object CMakeFiles/obstacles.dir/models/turtlebot3_dqn_world/obstacle_plugin/obstacles.cc.o[0m
[27.917s] [ 62%] [32m[1mLinking CXX executable turtlebot3_drive[0m
[30.095s] [ 75%] [32m[1mLinking CXX shared library libobstacle2.so[0m
[30.251s] [ 87%] [32m[1mLinking CXX shared library libobstacle1.so[0m
[30.569s] gmake[3]: Leaving directory '/home/mannaja/wrg2024_turtlebot3_ws/build/turtlebot3_gazebo'
[30.610s] [ 87%] Built target turtlebot3_drive
[30.776s] [100%] [32m[1mLinking CXX shared library libobstacles.so[0m
[31.060s] gmake[3]: Leaving directory '/home/mannaja/wrg2024_turtlebot3_ws/build/turtlebot3_gazebo'
[31.068s] [100%] Built target obstacle1
[31.086s] gmake[3]: Leaving directory '/home/mannaja/wrg2024_turtlebot3_ws/build/turtlebot3_gazebo'
[31.135s] [100%] Built target obstacle2
[31.543s] gmake[3]: Leaving directory '/home/mannaja/wrg2024_turtlebot3_ws/build/turtlebot3_gazebo'
[31.562s] [100%] Built target obstacles
[31.568s] gmake[2]: Leaving directory '/home/mannaja/wrg2024_turtlebot3_ws/build/turtlebot3_gazebo'
[31.597s] gmake[1]: Leaving directory '/home/mannaja/wrg2024_turtlebot3_ws/build/turtlebot3_gazebo'
[31.659s] Invoked command in '/home/mannaja/wrg2024_turtlebot3_ws/build/turtlebot3_gazebo' returned '0': CMAKE_PREFIX_PATH=${CMAKE_PREFIX_PATH}:/home/mannaja/wrg2024_turtlebot3_ws/install/turtlebot3_teleop:/home/mannaja/wrg2024_turtlebot3_ws/install/turtlebot3_example:/home/mannaja/turtlebot3_ws/install/turtlebot3_teleop:/home/mannaja/turtlebot3_ws/install/turtlebot3_example:/home/mannaja/coding/project/python_minecraftDetectMob_andSendDataToRos2/ros2_ws/install/pi_node:/home/mannaja/coding/project/python_minecraftDetectMob_andSendDataToRos2/ros2_ws/install/laptop_node:/home/mannaja/coding/project/ABU2024_Manual/robot_ws/install/robot_core:/opt/ros/humble /home/mannaja/.local/bin/cmake --build /home/mannaja/wrg2024_turtlebot3_ws/build/turtlebot3_gazebo -- -j12 -l12
[32.233s] Invoking command in '/home/mannaja/wrg2024_turtlebot3_ws/build/turtlebot3_gazebo': CMAKE_PREFIX_PATH=${CMAKE_PREFIX_PATH}:/home/mannaja/wrg2024_turtlebot3_ws/install/turtlebot3_teleop:/home/mannaja/wrg2024_turtlebot3_ws/install/turtlebot3_example:/home/mannaja/turtlebot3_ws/install/turtlebot3_teleop:/home/mannaja/turtlebot3_ws/install/turtlebot3_example:/home/mannaja/coding/project/python_minecraftDetectMob_andSendDataToRos2/ros2_ws/install/pi_node:/home/mannaja/coding/project/python_minecraftDetectMob_andSendDataToRos2/ros2_ws/install/laptop_node:/home/mannaja/coding/project/ABU2024_Manual/robot_ws/install/robot_core:/opt/ros/humble /home/mannaja/.local/bin/cmake --install /home/mannaja/wrg2024_turtlebot3_ws/build/turtlebot3_gazebo
[32.519s] -- Install configuration: ""
[32.521s] -- Execute custom install script
[32.522s] -- Symlinking: /home/mannaja/wrg2024_turtlebot3_ws/install/turtlebot3_gazebo/lib/turtlebot3_gazebo/turtlebot3_drive
[32.606s] -- Symlinking: /home/mannaja/wrg2024_turtlebot3_ws/install/turtlebot3_gazebo/share/turtlebot3_gazebo//launch/empty_world.launch.py
[32.606s] -- Symlinking: /home/mannaja/wrg2024_turtlebot3_ws/install/turtlebot3_gazebo/share/turtlebot3_gazebo//launch/robot_state_publisher.launch.py
[32.627s] -- Symlinking: /home/mannaja/wrg2024_turtlebot3_ws/install/turtlebot3_gazebo/share/turtlebot3_gazebo//launch/spawn_turtlebot3.launch.py
[32.646s] -- Symlinking: /home/mannaja/wrg2024_turtlebot3_ws/install/turtlebot3_gazebo/share/turtlebot3_gazebo//launch/turtlebot3_dqn_stage1.launch.py
[32.678s] -- Symlinking: /home/mannaja/wrg2024_turtlebot3_ws/install/turtlebot3_gazebo/share/turtlebot3_gazebo//launch/turtlebot3_dqn_stage2.launch.py
[32.706s] -- Symlinking: /home/mannaja/wrg2024_turtlebot3_ws/install/turtlebot3_gazebo/share/turtlebot3_gazebo//launch/turtlebot3_dqn_stage3.launch.py
[32.726s] -- Symlinking: /home/mannaja/wrg2024_turtlebot3_ws/install/turtlebot3_gazebo/share/turtlebot3_gazebo//launch/turtlebot3_dqn_stage4.launch.py
[32.755s] -- Symlinking: /home/mannaja/wrg2024_turtlebot3_ws/install/turtlebot3_gazebo/share/turtlebot3_gazebo//launch/turtlebot3_house.launch.py
[32.784s] -- Symlinking: /home/mannaja/wrg2024_turtlebot3_ws/install/turtlebot3_gazebo/share/turtlebot3_gazebo//launch/turtlebot3_world.launch.py
[32.807s] -- Symlinking: /home/mannaja/wrg2024_turtlebot3_ws/install/turtlebot3_gazebo/share/turtlebot3_gazebo//models/turtlebot3_burger/model-1_4.sdf
[32.833s] -- Symlinking: /home/mannaja/wrg2024_turtlebot3_ws/install/turtlebot3_gazebo/share/turtlebot3_gazebo//models/turtlebot3_burger/model.config
[32.859s] -- Symlinking: /home/mannaja/wrg2024_turtlebot3_ws/install/turtlebot3_gazebo/share/turtlebot3_gazebo//models/turtlebot3_burger/model.sdf
[32.883s] -- Symlinking: /home/mannaja/wrg2024_turtlebot3_ws/install/turtlebot3_gazebo/share/turtlebot3_gazebo//models/turtlebot3_common/meshes/burger_base.dae
[32.903s] -- Symlinking: /home/mannaja/wrg2024_turtlebot3_ws/install/turtlebot3_gazebo/share/turtlebot3_gazebo//models/turtlebot3_common/meshes/lds.dae
[32.923s] -- Symlinking: /home/mannaja/wrg2024_turtlebot3_ws/install/turtlebot3_gazebo/share/turtlebot3_gazebo//models/turtlebot3_common/meshes/r200.dae
[32.946s] -- Symlinking: /home/mannaja/wrg2024_turtlebot3_ws/install/turtlebot3_gazebo/share/turtlebot3_gazebo//models/turtlebot3_common/meshes/tire.dae
[32.964s] -- Symlinking: /home/mannaja/wrg2024_turtlebot3_ws/install/turtlebot3_gazebo/share/turtlebot3_gazebo//models/turtlebot3_common/meshes/waffle_base.dae
[32.994s] -- Symlinking: /home/mannaja/wrg2024_turtlebot3_ws/install/turtlebot3_gazebo/share/turtlebot3_gazebo//models/turtlebot3_common/meshes/waffle_pi_base.dae
[33.029s] -- Symlinking: /home/mannaja/wrg2024_turtlebot3_ws/install/turtlebot3_gazebo/share/turtlebot3_gazebo//models/turtlebot3_common/model.config
[33.058s] -- Symlinking: /home/mannaja/wrg2024_turtlebot3_ws/install/turtlebot3_gazebo/share/turtlebot3_gazebo//models/turtlebot3_dqn_world/goal_box/model.config
[33.085s] -- Symlinking: /home/mannaja/wrg2024_turtlebot3_ws/install/turtlebot3_gazebo/share/turtlebot3_gazebo//models/turtlebot3_dqn_world/goal_box/model.sdf
[33.102s] -- Symlinking: /home/mannaja/wrg2024_turtlebot3_ws/install/turtlebot3_gazebo/share/turtlebot3_gazebo//models/turtlebot3_dqn_world/inner_walls/model.config
[33.125s] -- Symlinking: /home/mannaja/wrg2024_turtlebot3_ws/install/turtlebot3_gazebo/share/turtlebot3_gazebo//models/turtlebot3_dqn_world/inner_walls/model.sdf
[33.132s] -- Symlinking: /home/mannaja/wrg2024_turtlebot3_ws/install/turtlebot3_gazebo/share/turtlebot3_gazebo//models/turtlebot3_dqn_world/model.config
[33.140s] -- Symlinking: /home/mannaja/wrg2024_turtlebot3_ws/install/turtlebot3_gazebo/share/turtlebot3_gazebo//models/turtlebot3_dqn_world/model.sdf
[33.147s] -- Symlinking: /home/mannaja/wrg2024_turtlebot3_ws/install/turtlebot3_gazebo/share/turtlebot3_gazebo//models/turtlebot3_dqn_world/obstacle1/model.config
[33.159s] -- Symlinking: /home/mannaja/wrg2024_turtlebot3_ws/install/turtlebot3_gazebo/share/turtlebot3_gazebo//models/turtlebot3_dqn_world/obstacle1/model.sdf
[33.168s] -- Symlinking: /home/mannaja/wrg2024_turtlebot3_ws/install/turtlebot3_gazebo/share/turtlebot3_gazebo//models/turtlebot3_dqn_world/obstacle2/model.config
[33.177s] -- Symlinking: /home/mannaja/wrg2024_turtlebot3_ws/install/turtlebot3_gazebo/share/turtlebot3_gazebo//models/turtlebot3_dqn_world/obstacle2/model.sdf
[33.212s] -- Symlinking: /home/mannaja/wrg2024_turtlebot3_ws/install/turtlebot3_gazebo/share/turtlebot3_gazebo//models/turtlebot3_dqn_world/obstacle_plugin/CMakeLists.txt
[33.223s] -- Symlinking: /home/mannaja/wrg2024_turtlebot3_ws/install/turtlebot3_gazebo/share/turtlebot3_gazebo//models/turtlebot3_dqn_world/obstacle_plugin/obstacle1.cc
[33.232s] -- Symlinking: /home/mannaja/wrg2024_turtlebot3_ws/install/turtlebot3_gazebo/share/turtlebot3_gazebo//models/turtlebot3_dqn_world/obstacle_plugin/obstacle2.cc
[33.244s] -- Symlinking: /home/mannaja/wrg2024_turtlebot3_ws/install/turtlebot3_gazebo/share/turtlebot3_gazebo//models/turtlebot3_dqn_world/obstacle_plugin/obstacles.cc
[33.252s] -- Symlinking: /home/mannaja/wrg2024_turtlebot3_ws/install/turtlebot3_gazebo/share/turtlebot3_gazebo//models/turtlebot3_dqn_world/obstacles/model.config
[33.260s] -- Symlinking: /home/mannaja/wrg2024_turtlebot3_ws/install/turtlebot3_gazebo/share/turtlebot3_gazebo//models/turtlebot3_dqn_world/obstacles/model.sdf
[33.267s] -- Symlinking: /home/mannaja/wrg2024_turtlebot3_ws/install/turtlebot3_gazebo/share/turtlebot3_gazebo//models/turtlebot3_house/model.config
[33.281s] -- Symlinking: /home/mannaja/wrg2024_turtlebot3_ws/install/turtlebot3_gazebo/share/turtlebot3_gazebo//models/turtlebot3_house/model.sdf
[33.324s] -- Symlinking: /home/mannaja/wrg2024_turtlebot3_ws/install/turtlebot3_gazebo/share/turtlebot3_gazebo//models/turtlebot3_waffle/model-1_4.sdf
[33.346s] -- Symlinking: /home/mannaja/wrg2024_turtlebot3_ws/install/turtlebot3_gazebo/share/turtlebot3_gazebo//models/turtlebot3_waffle/model.config
[33.373s] -- Symlinking: /home/mannaja/wrg2024_turtlebot3_ws/install/turtlebot3_gazebo/share/turtlebot3_gazebo//models/turtlebot3_waffle/model.sdf
[33.394s] -- Symlinking: /home/mannaja/wrg2024_turtlebot3_ws/install/turtlebot3_gazebo/share/turtlebot3_gazebo//models/turtlebot3_waffle_pi/model-1_4_.sdf
[33.402s] -- Symlinking: /home/mannaja/wrg2024_turtlebot3_ws/install/turtlebot3_gazebo/share/turtlebot3_gazebo//models/turtlebot3_waffle_pi/model.config
[33.409s] -- Symlinking: /home/mannaja/wrg2024_turtlebot3_ws/install/turtlebot3_gazebo/share/turtlebot3_gazebo//models/turtlebot3_waffle_pi/model.sdf
[33.415s] -- Symlinking: /home/mannaja/wrg2024_turtlebot3_ws/install/turtlebot3_gazebo/share/turtlebot3_gazebo//models/turtlebot3_world/meshes/hexagon.dae
[33.422s] -- Symlinking: /home/mannaja/wrg2024_turtlebot3_ws/install/turtlebot3_gazebo/share/turtlebot3_gazebo//models/turtlebot3_world/meshes/wall.dae
[33.430s] -- Symlinking: /home/mannaja/wrg2024_turtlebot3_ws/install/turtlebot3_gazebo/share/turtlebot3_gazebo//models/turtlebot3_world/model-1_4.sdf
[33.437s] -- Symlinking: /home/mannaja/wrg2024_turtlebot3_ws/install/turtlebot3_gazebo/share/turtlebot3_gazebo//models/turtlebot3_world/model.config
[33.444s] -- Symlinking: /home/mannaja/wrg2024_turtlebot3_ws/install/turtlebot3_gazebo/share/turtlebot3_gazebo//models/turtlebot3_world/model.sdf
[33.451s] -- Symlinking: /home/mannaja/wrg2024_turtlebot3_ws/install/turtlebot3_gazebo/share/turtlebot3_gazebo//rviz/tb3_gazebo.rviz
[33.459s] -- Symlinking: /home/mannaja/wrg2024_turtlebot3_ws/install/turtlebot3_gazebo/share/turtlebot3_gazebo//urdf/common_properties.urdf
[33.467s] -- Symlinking: /home/mannaja/wrg2024_turtlebot3_ws/install/turtlebot3_gazebo/share/turtlebot3_gazebo//urdf/turtlebot3_burger.urdf
[33.475s] -- Symlinking: /home/mannaja/wrg2024_turtlebot3_ws/install/turtlebot3_gazebo/share/turtlebot3_gazebo//urdf/turtlebot3_waffle.urdf
[33.483s] -- Symlinking: /home/mannaja/wrg2024_turtlebot3_ws/install/turtlebot3_gazebo/share/turtlebot3_gazebo//urdf/turtlebot3_waffle_pi.urdf
[33.490s] -- Symlinking: /home/mannaja/wrg2024_turtlebot3_ws/install/turtlebot3_gazebo/share/turtlebot3_gazebo//worlds/empty_world.world
[33.497s] -- Symlinking: /home/mannaja/wrg2024_turtlebot3_ws/install/turtlebot3_gazebo/share/turtlebot3_gazebo//worlds/turtlebot3_dqn_stage1.world
[33.505s] -- Symlinking: /home/mannaja/wrg2024_turtlebot3_ws/install/turtlebot3_gazebo/share/turtlebot3_gazebo//worlds/turtlebot3_dqn_stage2.world
[33.514s] -- Symlinking: /home/mannaja/wrg2024_turtlebot3_ws/install/turtlebot3_gazebo/share/turtlebot3_gazebo//worlds/turtlebot3_dqn_stage3.world
[33.521s] -- Symlinking: /home/mannaja/wrg2024_turtlebot3_ws/install/turtlebot3_gazebo/share/turtlebot3_gazebo//worlds/turtlebot3_dqn_stage4.world
[33.528s] -- Symlinking: /home/mannaja/wrg2024_turtlebot3_ws/install/turtlebot3_gazebo/share/turtlebot3_gazebo//worlds/turtlebot3_house.world
[33.536s] -- Symlinking: /home/mannaja/wrg2024_turtlebot3_ws/install/turtlebot3_gazebo/share/turtlebot3_gazebo//worlds/turtlebot3_world.world
[33.544s] -- Symlinking: /home/mannaja/wrg2024_turtlebot3_ws/install/turtlebot3_gazebo/include//turtlebot3_gazebo/turtlebot3_drive.hpp
[33.560s] -- Symlinking: /home/mannaja/wrg2024_turtlebot3_ws/install/turtlebot3_gazebo/share/ament_index/resource_index/package_run_dependencies/turtlebot3_gazebo
[33.571s] -- Symlinking: /home/mannaja/wrg2024_turtlebot3_ws/install/turtlebot3_gazebo/share/ament_index/resource_index/parent_prefix_path/turtlebot3_gazebo
[33.579s] -- Symlinking: /home/mannaja/wrg2024_turtlebot3_ws/install/turtlebot3_gazebo/share/turtlebot3_gazebo/environment/ament_prefix_path.sh
[33.587s] -- Symlinking: /home/mannaja/wrg2024_turtlebot3_ws/install/turtlebot3_gazebo/share/turtlebot3_gazebo/environment/ament_prefix_path.dsv
[33.594s] -- Symlinking: /home/mannaja/wrg2024_turtlebot3_ws/install/turtlebot3_gazebo/share/turtlebot3_gazebo/environment/path.sh
[33.603s] -- Symlinking: /home/mannaja/wrg2024_turtlebot3_ws/install/turtlebot3_gazebo/share/turtlebot3_gazebo/environment/path.dsv
[33.611s] -- Symlinking: /home/mannaja/wrg2024_turtlebot3_ws/install/turtlebot3_gazebo/share/turtlebot3_gazebo/local_setup.bash
[33.624s] -- Symlinking: /home/mannaja/wrg2024_turtlebot3_ws/install/turtlebot3_gazebo/share/turtlebot3_gazebo/local_setup.sh
[33.637s] -- Symlinking: /home/mannaja/wrg2024_turtlebot3_ws/install/turtlebot3_gazebo/share/turtlebot3_gazebo/local_setup.zsh
[33.653s] -- Symlinking: /home/mannaja/wrg2024_turtlebot3_ws/install/turtlebot3_gazebo/share/turtlebot3_gazebo/local_setup.dsv
[33.667s] -- Symlinking: /home/mannaja/wrg2024_turtlebot3_ws/install/turtlebot3_gazebo/share/turtlebot3_gazebo/package.dsv
[33.682s] -- Symlinking: /home/mannaja/wrg2024_turtlebot3_ws/install/turtlebot3_gazebo/share/ament_index/resource_index/packages/turtlebot3_gazebo
[33.697s] -- Symlinking: /home/mannaja/wrg2024_turtlebot3_ws/install/turtlebot3_gazebo/share/turtlebot3_gazebo/cmake/ament_cmake_export_include_directories-extras.cmake
[33.711s] -- Symlinking: /home/mannaja/wrg2024_turtlebot3_ws/install/turtlebot3_gazebo/share/turtlebot3_gazebo/cmake/ament_cmake_export_dependencies-extras.cmake
[33.730s] -- Symlinking: /home/mannaja/wrg2024_turtlebot3_ws/install/turtlebot3_gazebo/share/turtlebot3_gazebo/cmake/turtlebot3_gazeboConfig.cmake
[33.744s] -- Symlinking: /home/mannaja/wrg2024_turtlebot3_ws/install/turtlebot3_gazebo/share/turtlebot3_gazebo/cmake/turtlebot3_gazeboConfig-version.cmake
[33.757s] -- Symlinking: /home/mannaja/wrg2024_turtlebot3_ws/install/turtlebot3_gazebo/share/turtlebot3_gazebo/package.xml
[33.883s] Invoked command in '/home/mannaja/wrg2024_turtlebot3_ws/build/turtlebot3_gazebo' returned '0': CMAKE_PREFIX_PATH=${CMAKE_PREFIX_PATH}:/home/mannaja/wrg2024_turtlebot3_ws/install/turtlebot3_teleop:/home/mannaja/wrg2024_turtlebot3_ws/install/turtlebot3_example:/home/mannaja/turtlebot3_ws/install/turtlebot3_teleop:/home/mannaja/turtlebot3_ws/install/turtlebot3_example:/home/mannaja/coding/project/python_minecraftDetectMob_andSendDataToRos2/ros2_ws/install/pi_node:/home/mannaja/coding/project/python_minecraftDetectMob_andSendDataToRos2/ros2_ws/install/laptop_node:/home/mannaja/coding/project/ABU2024_Manual/robot_ws/install/robot_core:/opt/ros/humble /home/mannaja/.local/bin/cmake --install /home/mannaja/wrg2024_turtlebot3_ws/build/turtlebot3_gazebo
