[0.592s] Invoking command in '/home/mannaja/wrg2024_turtlebot3_ws/build/wrg_core': CMAKE_PREFIX_PATH=${CMAKE_PREFIX_PATH}:/home/mannaja/wrg2024_turtlebot3_ws/install/turtlebot3_teleop:/home/mannaja/wrg2024_turtlebot3_ws/install/turtlebot3_example:/home/mannaja/turtlebot3_ws/install/turtlebot3_teleop:/home/mannaja/turtlebot3_ws/install/turtlebot3_example:/home/mannaja/coding/project/python_minecraftDetectMob_andSendDataToRos2/ros2_ws/install/pi_node:/home/mannaja/coding/project/python_minecraftDetectMob_andSendDataToRos2/ros2_ws/install/laptop_node:/home/mannaja/coding/project/ABU2024_Manual/robot_ws/install/robot_core:/opt/ros/humble /home/mannaja/.local/bin/cmake /home/mannaja/wrg2024_turtlebot3_ws/src/wrg_core -Wno-dev -DAMENT_CMAKE_SYMLINK_INSTALL=1 -DCMAKE_INSTALL_PREFIX=/home/mannaja/wrg2024_turtlebot3_ws/install/wrg_core
[0.833s] -- The C compiler identification is GNU 11.4.0
[0.909s] -- The CXX compiler identification is GNU 11.4.0
[0.922s] -- Detecting C compiler ABI info
[1.021s] -- Detecting C compiler ABI info - done
[1.058s] -- Check for working C compiler: /usr/bin/cc - skipped
[1.059s] -- Detecting C compile features
[1.060s] -- Detecting C compile features - done
[1.067s] -- Detecting CXX compiler ABI info
[1.233s] -- Detecting CXX compiler ABI info - done
[1.281s] -- Check for working CXX compiler: /usr/bin/c++ - skipped
[1.282s] -- Detecting CXX compile features
[1.283s] -- Detecting CXX compile features - done
[1.295s] -- Found ament_cmake: 1.3.9 (/opt/ros/humble/share/ament_cmake/cmake)
[1.654s] -- Found Python3: /usr/bin/python3 (found version "3.10.12") found components: Interpreter
[1.736s] -- Override CMake install command with custom implementation using symlinks instead of copying resources
[1.844s] [31mCMake Error at /opt/ros/humble/share/ament_cmake_core/cmake/symlink_install/install.cmake:43 (_install):
[1.844s]   _install does not recognize sub-command DESTINATION
[1.844s] Call Stack (most recent call first):
[1.844s]   CMakeLists.txt:19 (install)
[1.844s] 
[1.845s] [0m
[1.968s] -- Configuring incomplete, errors occurred!
[1.998s] Invoked command in '/home/mannaja/wrg2024_turtlebot3_ws/build/wrg_core' returned '1': CMAKE_PREFIX_PATH=${CMAKE_PREFIX_PATH}:/home/mannaja/wrg2024_turtlebot3_ws/install/turtlebot3_teleop:/home/mannaja/wrg2024_turtlebot3_ws/install/turtlebot3_example:/home/mannaja/turtlebot3_ws/install/turtlebot3_teleop:/home/mannaja/turtlebot3_ws/install/turtlebot3_example:/home/mannaja/coding/project/python_minecraftDetectMob_andSendDataToRos2/ros2_ws/install/pi_node:/home/mannaja/coding/project/python_minecraftDetectMob_andSendDataToRos2/ros2_ws/install/laptop_node:/home/mannaja/coding/project/ABU2024_Manual/robot_ws/install/robot_core:/opt/ros/humble /home/mannaja/.local/bin/cmake /home/mannaja/wrg2024_turtlebot3_ws/src/wrg_core -Wno-dev -DAMENT_CMAKE_SYMLINK_INSTALL=1 -DCMAKE_INSTALL_PREFIX=/home/mannaja/wrg2024_turtlebot3_ws/install/wrg_core
