Built target ament_cmake_python_copy_wrg_core
running egg_info
writing wrg_core.egg-info/PKG-INFO
writing dependency_links to wrg_core.egg-info/dependency_links.txt
writing top-level names to wrg_core.egg-info/top_level.txt
reading manifest file 'wrg_core.egg-info/SOURCES.txt'
writing manifest file 'wrg_core.egg-info/SOURCES.txt'
Built target ament_cmake_python_build_wrg_core_egg
-- Install configuration: ""
-- Up-to-date: /home/mannaja/wrg2024_turtlebot3_ws/install/wrg_core/share/wrg_core/launch
-- Up-to-date: /home/mannaja/wrg2024_turtlebot3_ws/install/wrg_core/share/wrg_core/launch/bot_bringup.launch.py
-- Up-to-date: /home/mannaja/wrg2024_turtlebot3_ws/install/wrg_core/share/wrg_core/launch/microros.launch.py
-- Installing: /home/mannaja/wrg2024_turtlebot3_ws/install/wrg_core/share/wrg_core/launch/state.launch.py
-- Up-to-date: /home/mannaja/wrg2024_turtlebot3_ws/install/wrg_core/share/wrg_core/launch/nav2_map.launch.py
-- Up-to-date: /home/mannaja/wrg2024_turtlebot3_ws/install/wrg_core/share/wrg_core/map
-- Up-to-date: /home/mannaja/wrg2024_turtlebot3_ws/install/wrg_core/share/wrg_core/map/map201.pgm
-- Up-to-date: /home/mannaja/wrg2024_turtlebot3_ws/install/wrg_core/share/wrg_core/map/map201.yaml
-- Up-to-date: /home/mannaja/wrg2024_turtlebot3_ws/install/wrg_core/share/wrg_core/map/maptb3.yaml
-- Up-to-date: /home/mannaja/wrg2024_turtlebot3_ws/install/wrg_core/share/wrg_core/map/maptb3.pgm
-- Up-to-date: /home/mannaja/wrg2024_turtlebot3_ws/install/wrg_core/share/wrg_core/param
-- Up-to-date: /home/mannaja/wrg2024_turtlebot3_ws/install/wrg_core/share/wrg_core/param/burger.yaml
-- Up-to-date: /home/mannaja/wrg2024_turtlebot3_ws/install/wrg_core/share/wrg_core/param/waffle.yaml
-- Up-to-date: /home/mannaja/wrg2024_turtlebot3_ws/install/wrg_core/share/wrg_core/param/waffle_pi.yaml
-- Up-to-date: /home/mannaja/wrg2024_turtlebot3_ws/install/wrg_core/share/wrg_core/param/burger copy.yaml
-- Up-to-date: /home/mannaja/wrg2024_turtlebot3_ws/install/wrg_core/share/wrg_core/scripts
-- Up-to-date: /home/mannaja/wrg2024_turtlebot3_ws/install/wrg_core/share/wrg_core/scripts/utilize.py
-- Up-to-date: /home/mannaja/wrg2024_turtlebot3_ws/install/wrg_core/share/wrg_core/scripts/talker.py
-- Up-to-date: /home/mannaja/wrg2024_turtlebot3_ws/install/wrg_core/share/wrg_core/scripts/__init__.py
-- Up-to-date: /home/mannaja/wrg2024_turtlebot3_ws/install/wrg_core/share/wrg_core/scripts/navigate.py
-- Up-to-date: /home/mannaja/wrg2024_turtlebot3_ws/install/wrg_core/share/wrg_core/scripts/robot_main_state.py
-- Up-to-date: /home/mannaja/wrg2024_turtlebot3_ws/install/wrg_core/share/wrg_core/scripts/nav2_control.py
-- Up-to-date: /home/mannaja/wrg2024_turtlebot3_ws/install/wrg_core/share/wrg_core/scripts/__pycache__
-- Up-to-date: /home/mannaja/wrg2024_turtlebot3_ws/install/wrg_core/share/wrg_core/scripts/__pycache__/utilize.cpython-310.pyc
-- Up-to-date: /home/mannaja/wrg2024_turtlebot3_ws/install/wrg_core/share/wrg_core/wrg_core
-- Up-to-date: /home/mannaja/wrg2024_turtlebot3_ws/install/wrg_core/share/wrg_core/wrg_core/__init__.py
-- Up-to-date: /home/mannaja/wrg2024_turtlebot3_ws/install/wrg_core/share/wrg_core/wrg_core/main.py
-- Up-to-date: /home/mannaja/wrg2024_turtlebot3_ws/install/wrg_core/share/wrg_core/config
-- Up-to-date: /home/mannaja/wrg2024_turtlebot3_ws/install/wrg_core/share/wrg_core/config/locations.yaml
-- Up-to-date: /home/mannaja/wrg2024_turtlebot3_ws/install/wrg_core/share/wrg_core/environment/pythonpath.sh
-- Up-to-date: /home/mannaja/wrg2024_turtlebot3_ws/install/wrg_core/share/wrg_core/environment/pythonpath.dsv
-- Up-to-date: /home/mannaja/wrg2024_turtlebot3_ws/install/wrg_core/local/lib/python3.10/dist-packages/wrg_core-2.1.5-py3.10.egg-info
-- Installing: /home/mannaja/wrg2024_turtlebot3_ws/install/wrg_core/local/lib/python3.10/dist-packages/wrg_core-2.1.5-py3.10.egg-info/SOURCES.txt
-- Installing: /home/mannaja/wrg2024_turtlebot3_ws/install/wrg_core/local/lib/python3.10/dist-packages/wrg_core-2.1.5-py3.10.egg-info/PKG-INFO
-- Installing: /home/mannaja/wrg2024_turtlebot3_ws/install/wrg_core/local/lib/python3.10/dist-packages/wrg_core-2.1.5-py3.10.egg-info/top_level.txt
-- Installing: /home/mannaja/wrg2024_turtlebot3_ws/install/wrg_core/local/lib/python3.10/dist-packages/wrg_core-2.1.5-py3.10.egg-info/dependency_links.txt
-- Up-to-date: /home/mannaja/wrg2024_turtlebot3_ws/install/wrg_core/local/lib/python3.10/dist-packages/wrg_core
-- Up-to-date: /home/mannaja/wrg2024_turtlebot3_ws/install/wrg_core/local/lib/python3.10/dist-packages/wrg_core/__init__.py
-- Up-to-date: /home/mannaja/wrg2024_turtlebot3_ws/install/wrg_core/local/lib/python3.10/dist-packages/wrg_core/main.py
Listing '/home/mannaja/wrg2024_turtlebot3_ws/install/wrg_core/local/lib/python3.10/dist-packages/wrg_core'...
-- Up-to-date: /home/mannaja/wrg2024_turtlebot3_ws/install/wrg_core/lib/wrg_core/nav2_control.py
-- Up-to-date: /home/mannaja/wrg2024_turtlebot3_ws/install/wrg_core/lib/wrg_core/robot_main_state.py
-- Up-to-date: /home/mannaja/wrg2024_turtlebot3_ws/install/wrg_core/lib/wrg_core/navigate.py
-- Up-to-date: /home/mannaja/wrg2024_turtlebot3_ws/install/wrg_core/lib/wrg_core/talker.py
-- Up-to-date: /home/mannaja/wrg2024_turtlebot3_ws/install/wrg_core/share/ament_index/resource_index/package_run_dependencies/wrg_core
-- Up-to-date: /home/mannaja/wrg2024_turtlebot3_ws/install/wrg_core/share/ament_index/resource_index/parent_prefix_path/wrg_core
-- Up-to-date: /home/mannaja/wrg2024_turtlebot3_ws/install/wrg_core/share/wrg_core/environment/ament_prefix_path.sh
-- Up-to-date: /home/mannaja/wrg2024_turtlebot3_ws/install/wrg_core/share/wrg_core/environment/ament_prefix_path.dsv
-- Up-to-date: /home/mannaja/wrg2024_turtlebot3_ws/install/wrg_core/share/wrg_core/environment/path.sh
-- Up-to-date: /home/mannaja/wrg2024_turtlebot3_ws/install/wrg_core/share/wrg_core/environment/path.dsv
-- Up-to-date: /home/mannaja/wrg2024_turtlebot3_ws/install/wrg_core/share/wrg_core/local_setup.bash
-- Up-to-date: /home/mannaja/wrg2024_turtlebot3_ws/install/wrg_core/share/wrg_core/local_setup.sh
-- Up-to-date: /home/mannaja/wrg2024_turtlebot3_ws/install/wrg_core/share/wrg_core/local_setup.zsh
-- Up-to-date: /home/mannaja/wrg2024_turtlebot3_ws/install/wrg_core/share/wrg_core/local_setup.dsv
-- Installing: /home/mannaja/wrg2024_turtlebot3_ws/install/wrg_core/share/wrg_core/package.dsv
-- Up-to-date: /home/mannaja/wrg2024_turtlebot3_ws/install/wrg_core/share/ament_index/resource_index/packages/wrg_core
-- Up-to-date: /home/mannaja/wrg2024_turtlebot3_ws/install/wrg_core/share/wrg_core/cmake/wrg_coreConfig.cmake
-- Up-to-date: /home/mannaja/wrg2024_turtlebot3_ws/install/wrg_core/share/wrg_core/cmake/wrg_coreConfig-version.cmake
-- Up-to-date: /home/mannaja/wrg2024_turtlebot3_ws/install/wrg_core/share/wrg_core/package.xml
