[0.138s] [34mcolcon[0m [1;30mDEBUG[0m [32mCommand line arguments: ['/usr/bin/colcon', 'build'][0m
[0.139s] [34mcolcon[0m [1;30mDEBUG[0m [32mParsed command line arguments: Namespace(log_base=None, log_level=None, verb_name='build', build_base='build', install_base='install', merge_install=False, symlink_install=False, test_result_base=None, continue_on_error=False, executor='parallel', parallel_workers=12, event_handlers=None, ignore_user_meta=False, metas=['./colcon.meta'], base_paths=['.'], packages_ignore=None, packages_ignore_regex=None, paths=None, packages_up_to=None, packages_up_to_regex=None, packages_above=None, packages_above_and_dependencies=None, packages_above_depth=None, packages_select_by_dep=None, packages_skip_by_dep=None, packages_skip_up_to=None, packages_select_build_failed=False, packages_skip_build_finished=False, packages_select_test_failures=False, packages_skip_test_passed=False, packages_select=None, packages_skip=None, packages_select_regex=None, packages_skip_regex=None, packages_start=None, packages_end=None, allow_overriding=[], cmake_args=None, cmake_target=None, cmake_target_skip_unavailable=False, cmake_clean_cache=False, cmake_clean_first=False, cmake_force_configure=False, ament_cmake_args=None, catkin_cmake_args=None, catkin_skip_building_tests=False, mixin_files=None, mixin=None, verb_parser=<colcon_mixin.mixin.mixin_argument.MixinArgumentDecorator object at 0x78c00ff29900>, verb_extension=<colcon_core.verb.build.BuildVerb object at 0x78c00ff293c0>, main=<bound method BuildVerb.main of <colcon_core.verb.build.BuildVerb object at 0x78c00ff293c0>>, mixin_verb=('build',))[0m
[0.176s] [34mcolcon.colcon_core.package_discovery[0m [1;30mLevel 1[0m discover_packages(colcon_meta) check parameters
[0.176s] [34mcolcon.colcon_core.package_discovery[0m [1;30mLevel 1[0m discover_packages(recursive) check parameters
[0.176s] [34mcolcon.colcon_core.package_discovery[0m [1;30mLevel 1[0m discover_packages(ignore) check parameters
[0.176s] [34mcolcon.colcon_core.package_discovery[0m [1;30mLevel 1[0m discover_packages(path) check parameters
[0.176s] [34mcolcon.colcon_core.package_discovery[0m [1;30mLevel 1[0m discover_packages(colcon_meta) discover
[0.176s] [34mcolcon.colcon_core.package_discovery[0m [1;30mLevel 1[0m discover_packages(recursive) discover
[0.176s] [34mcolcon.colcon_core.package_discovery[0m [1;30mINFO[0m Crawling recursively for packages in '/home/mannaja/wrg2024_turtlebot3_ws'
[0.177s] [34mcolcon.colcon_core.package_identification[0m [1;30mLevel 1[0m _identify(.) by extensions ['ignore', 'ignore_ament_install']
[0.177s] [34mcolcon.colcon_core.package_identification[0m [1;30mLevel 1[0m _identify(.) by extension 'ignore'
[0.177s] [34mcolcon.colcon_core.package_identification[0m [1;30mLevel 1[0m _identify(.) by extension 'ignore_ament_install'
[0.177s] [34mcolcon.colcon_core.package_identification[0m [1;30mLevel 1[0m _identify(.) by extensions ['colcon_pkg']
[0.177s] [34mcolcon.colcon_core.package_identification[0m [1;30mLevel 1[0m _identify(.) by extension 'colcon_pkg'
[0.177s] [34mcolcon.colcon_core.package_identification[0m [1;30mLevel 1[0m _identify(.) by extensions ['colcon_meta']
[0.177s] [34mcolcon.colcon_core.package_identification[0m [1;30mLevel 1[0m _identify(.) by extension 'colcon_meta'
[0.177s] [34mcolcon.colcon_core.package_identification[0m [1;30mLevel 1[0m _identify(.) by extensions ['ros']
[0.178s] [34mcolcon.colcon_core.package_identification[0m [1;30mLevel 1[0m _identify(.) by extension 'ros'
[0.198s] [34mcolcon.colcon_core.package_identification[0m [1;30mLevel 1[0m _identify(.) by extensions ['cmake', 'python']
[0.198s] [34mcolcon.colcon_core.package_identification[0m [1;30mLevel 1[0m _identify(.) by extension 'cmake'
[0.198s] [34mcolcon.colcon_core.package_identification[0m [1;30mLevel 1[0m _identify(.) by extension 'python'
[0.198s] [34mcolcon.colcon_core.package_identification[0m [1;30mLevel 1[0m _identify(.) by extensions ['python_setup_py']
[0.198s] [34mcolcon.colcon_core.package_identification[0m [1;30mLevel 1[0m _identify(.) by extension 'python_setup_py'
[0.198s] [34mcolcon.colcon_core.package_identification[0m [1;30mLevel 1[0m _identify(build) by extensions ['ignore', 'ignore_ament_install']
[0.198s] [34mcolcon.colcon_core.package_identification[0m [1;30mLevel 1[0m _identify(build) by extension 'ignore'
[0.199s] [34mcolcon.colcon_core.package_identification[0m [1;30mLevel 1[0m _identify(build) ignored
[0.199s] [34mcolcon.colcon_core.package_identification[0m [1;30mLevel 1[0m _identify(install) by extensions ['ignore', 'ignore_ament_install']
[0.199s] [34mcolcon.colcon_core.package_identification[0m [1;30mLevel 1[0m _identify(install) by extension 'ignore'
[0.199s] [34mcolcon.colcon_core.package_identification[0m [1;30mLevel 1[0m _identify(install) ignored
[0.199s] [34mcolcon.colcon_core.package_identification[0m [1;30mLevel 1[0m _identify(log) by extensions ['ignore', 'ignore_ament_install']
[0.199s] [34mcolcon.colcon_core.package_identification[0m [1;30mLevel 1[0m _identify(log) by extension 'ignore'
[0.199s] [34mcolcon.colcon_core.package_identification[0m [1;30mLevel 1[0m _identify(log) ignored
[0.199s] [34mcolcon.colcon_core.package_identification[0m [1;30mLevel 1[0m _identify(roslibjs-tutorial) by extensions ['ignore', 'ignore_ament_install']
[0.200s] [34mcolcon.colcon_core.package_identification[0m [1;30mLevel 1[0m _identify(roslibjs-tutorial) by extension 'ignore'
[0.200s] [34mcolcon.colcon_core.package_identification[0m [1;30mLevel 1[0m _identify(roslibjs-tutorial) by extension 'ignore_ament_install'
[0.200s] [34mcolcon.colcon_core.package_identification[0m [1;30mLevel 1[0m _identify(roslibjs-tutorial) by extensions ['colcon_pkg']
[0.200s] [34mcolcon.colcon_core.package_identification[0m [1;30mLevel 1[0m _identify(roslibjs-tutorial) by extension 'colcon_pkg'
[0.200s] [34mcolcon.colcon_core.package_identification[0m [1;30mLevel 1[0m _identify(roslibjs-tutorial) by extensions ['colcon_meta']
[0.200s] [34mcolcon.colcon_core.package_identification[0m [1;30mLevel 1[0m _identify(roslibjs-tutorial) by extension 'colcon_meta'
[0.200s] [34mcolcon.colcon_core.package_identification[0m [1;30mLevel 1[0m _identify(roslibjs-tutorial) by extensions ['ros']
[0.200s] [34mcolcon.colcon_core.package_identification[0m [1;30mLevel 1[0m _identify(roslibjs-tutorial) by extension 'ros'
[0.200s] [34mcolcon.colcon_core.package_identification[0m [1;30mLevel 1[0m _identify(roslibjs-tutorial) by extensions ['cmake', 'python']
[0.200s] [34mcolcon.colcon_core.package_identification[0m [1;30mLevel 1[0m _identify(roslibjs-tutorial) by extension 'cmake'
[0.200s] [34mcolcon.colcon_core.package_identification[0m [1;30mLevel 1[0m _identify(roslibjs-tutorial) by extension 'python'
[0.200s] [34mcolcon.colcon_core.package_identification[0m [1;30mLevel 1[0m _identify(roslibjs-tutorial) by extensions ['python_setup_py']
[0.200s] [34mcolcon.colcon_core.package_identification[0m [1;30mLevel 1[0m _identify(roslibjs-tutorial) by extension 'python_setup_py'
[0.201s] [34mcolcon.colcon_core.package_identification[0m [1;30mLevel 1[0m _identify(roslibjs-tutorial/2wheelrobot_simulation) by extensions ['ignore', 'ignore_ament_install']
[0.201s] [34mcolcon.colcon_core.package_identification[0m [1;30mLevel 1[0m _identify(roslibjs-tutorial/2wheelrobot_simulation) by extension 'ignore'
[0.201s] [34mcolcon.colcon_core.package_identification[0m [1;30mLevel 1[0m _identify(roslibjs-tutorial/2wheelrobot_simulation) by extension 'ignore_ament_install'
[0.201s] [34mcolcon.colcon_core.package_identification[0m [1;30mLevel 1[0m _identify(roslibjs-tutorial/2wheelrobot_simulation) by extensions ['colcon_pkg']
[0.201s] [34mcolcon.colcon_core.package_identification[0m [1;30mLevel 1[0m _identify(roslibjs-tutorial/2wheelrobot_simulation) by extension 'colcon_pkg'
[0.201s] [34mcolcon.colcon_core.package_identification[0m [1;30mLevel 1[0m _identify(roslibjs-tutorial/2wheelrobot_simulation) by extensions ['colcon_meta']
[0.201s] [34mcolcon.colcon_core.package_identification[0m [1;30mLevel 1[0m _identify(roslibjs-tutorial/2wheelrobot_simulation) by extension 'colcon_meta'
[0.201s] [34mcolcon.colcon_core.package_identification[0m [1;30mLevel 1[0m _identify(roslibjs-tutorial/2wheelrobot_simulation) by extensions ['ros']
[0.201s] [34mcolcon.colcon_core.package_identification[0m [1;30mLevel 1[0m _identify(roslibjs-tutorial/2wheelrobot_simulation) by extension 'ros'
[0.201s] [34mcolcon.colcon_core.package_identification[0m [1;30mLevel 1[0m _identify(roslibjs-tutorial/2wheelrobot_simulation) by extensions ['cmake', 'python']
[0.201s] [34mcolcon.colcon_core.package_identification[0m [1;30mLevel 1[0m _identify(roslibjs-tutorial/2wheelrobot_simulation) by extension 'cmake'
[0.201s] [34mcolcon.colcon_core.package_identification[0m [1;30mLevel 1[0m _identify(roslibjs-tutorial/2wheelrobot_simulation) by extension 'python'
[0.202s] [34mcolcon.colcon_core.package_identification[0m [1;30mLevel 1[0m _identify(roslibjs-tutorial/2wheelrobot_simulation) by extensions ['python_setup_py']
[0.202s] [34mcolcon.colcon_core.package_identification[0m [1;30mLevel 1[0m _identify(roslibjs-tutorial/2wheelrobot_simulation) by extension 'python_setup_py'
[0.202s] [34mcolcon.colcon_core.package_identification[0m [1;30mLevel 1[0m _identify(roslibjs-tutorial/2wheelrobot_simulation/ws_2wheelsrobot) by extensions ['ignore', 'ignore_ament_install']
[0.202s] [34mcolcon.colcon_core.package_identification[0m [1;30mLevel 1[0m _identify(roslibjs-tutorial/2wheelrobot_simulation/ws_2wheelsrobot) by extension 'ignore'
[0.202s] [34mcolcon.colcon_core.package_identification[0m [1;30mLevel 1[0m _identify(roslibjs-tutorial/2wheelrobot_simulation/ws_2wheelsrobot) by extension 'ignore_ament_install'
[0.202s] [34mcolcon.colcon_core.package_identification[0m [1;30mLevel 1[0m _identify(roslibjs-tutorial/2wheelrobot_simulation/ws_2wheelsrobot) by extensions ['colcon_pkg']
[0.202s] [34mcolcon.colcon_core.package_identification[0m [1;30mLevel 1[0m _identify(roslibjs-tutorial/2wheelrobot_simulation/ws_2wheelsrobot) by extension 'colcon_pkg'
[0.202s] [34mcolcon.colcon_core.package_identification[0m [1;30mLevel 1[0m _identify(roslibjs-tutorial/2wheelrobot_simulation/ws_2wheelsrobot) by extensions ['colcon_meta']
[0.202s] [34mcolcon.colcon_core.package_identification[0m [1;30mLevel 1[0m _identify(roslibjs-tutorial/2wheelrobot_simulation/ws_2wheelsrobot) by extension 'colcon_meta'
[0.202s] [34mcolcon.colcon_core.package_identification[0m [1;30mLevel 1[0m _identify(roslibjs-tutorial/2wheelrobot_simulation/ws_2wheelsrobot) by extensions ['ros']
[0.202s] [34mcolcon.colcon_core.package_identification[0m [1;30mLevel 1[0m _identify(roslibjs-tutorial/2wheelrobot_simulation/ws_2wheelsrobot) by extension 'ros'
[0.202s] [34mcolcon.colcon_core.package_identification[0m [1;30mLevel 1[0m _identify(roslibjs-tutorial/2wheelrobot_simulation/ws_2wheelsrobot) by extensions ['cmake', 'python']
[0.202s] [34mcolcon.colcon_core.package_identification[0m [1;30mLevel 1[0m _identify(roslibjs-tutorial/2wheelrobot_simulation/ws_2wheelsrobot) by extension 'cmake'
[0.203s] [34mcolcon.colcon_core.package_identification[0m [1;30mLevel 1[0m _identify(roslibjs-tutorial/2wheelrobot_simulation/ws_2wheelsrobot) by extension 'python'
[0.203s] [34mcolcon.colcon_core.package_identification[0m [1;30mLevel 1[0m _identify(roslibjs-tutorial/2wheelrobot_simulation/ws_2wheelsrobot) by extensions ['python_setup_py']
[0.203s] [34mcolcon.colcon_core.package_identification[0m [1;30mLevel 1[0m _identify(roslibjs-tutorial/2wheelrobot_simulation/ws_2wheelsrobot) by extension 'python_setup_py'
[0.203s] [34mcolcon.colcon_core.package_identification[0m [1;30mLevel 1[0m _identify(roslibjs-tutorial/2wheelrobot_simulation/ws_2wheelsrobot/build) by extensions ['ignore', 'ignore_ament_install']
[0.203s] [34mcolcon.colcon_core.package_identification[0m [1;30mLevel 1[0m _identify(roslibjs-tutorial/2wheelrobot_simulation/ws_2wheelsrobot/build) by extension 'ignore'
[0.203s] [34mcolcon.colcon_core.package_identification[0m [1;30mLevel 1[0m _identify(roslibjs-tutorial/2wheelrobot_simulation/ws_2wheelsrobot/build) by extension 'ignore_ament_install'
[0.203s] [34mcolcon.colcon_core.package_identification[0m [1;30mLevel 1[0m _identify(roslibjs-tutorial/2wheelrobot_simulation/ws_2wheelsrobot/build) by extensions ['colcon_pkg']
[0.203s] [34mcolcon.colcon_core.package_identification[0m [1;30mLevel 1[0m _identify(roslibjs-tutorial/2wheelrobot_simulation/ws_2wheelsrobot/build) by extension 'colcon_pkg'
[0.203s] [34mcolcon.colcon_core.package_identification[0m [1;30mLevel 1[0m _identify(roslibjs-tutorial/2wheelrobot_simulation/ws_2wheelsrobot/build) by extensions ['colcon_meta']
[0.203s] [34mcolcon.colcon_core.package_identification[0m [1;30mLevel 1[0m _identify(roslibjs-tutorial/2wheelrobot_simulation/ws_2wheelsrobot/build) by extension 'colcon_meta'
[0.203s] [34mcolcon.colcon_core.package_identification[0m [1;30mLevel 1[0m _identify(roslibjs-tutorial/2wheelrobot_simulation/ws_2wheelsrobot/build) by extensions ['ros']
[0.204s] [34mcolcon.colcon_core.package_identification[0m [1;30mLevel 1[0m _identify(roslibjs-tutorial/2wheelrobot_simulation/ws_2wheelsrobot/build) by extension 'ros'
[0.204s] [34mcolcon.colcon_core.package_identification[0m [1;30mLevel 1[0m _identify(roslibjs-tutorial/2wheelrobot_simulation/ws_2wheelsrobot/build) by extensions ['cmake', 'python']
[0.204s] [34mcolcon.colcon_core.package_identification[0m [1;30mLevel 1[0m _identify(roslibjs-tutorial/2wheelrobot_simulation/ws_2wheelsrobot/build) by extension 'cmake'
[0.204s] [34mcolcon.colcon_core.package_identification[0m [1;30mLevel 1[0m _identify(roslibjs-tutorial/2wheelrobot_simulation/ws_2wheelsrobot/build) by extension 'python'
[0.204s] [34mcolcon.colcon_core.package_identification[0m [1;30mLevel 1[0m _identify(roslibjs-tutorial/2wheelrobot_simulation/ws_2wheelsrobot/build) by extensions ['python_setup_py']
[0.204s] [34mcolcon.colcon_core.package_identification[0m [1;30mLevel 1[0m _identify(roslibjs-tutorial/2wheelrobot_simulation/ws_2wheelsrobot/build) by extension 'python_setup_py'
[0.204s] [34mcolcon.colcon_core.package_identification[0m [1;30mLevel 1[0m _identify(roslibjs-tutorial/2wheelrobot_simulation/ws_2wheelsrobot/build/catkin_tools_prebuild) by extensions ['ignore', 'ignore_ament_install']
[0.204s] [34mcolcon.colcon_core.package_identification[0m [1;30mLevel 1[0m _identify(roslibjs-tutorial/2wheelrobot_simulation/ws_2wheelsrobot/build/catkin_tools_prebuild) by extension 'ignore'
[0.204s] [34mcolcon.colcon_core.package_identification[0m [1;30mLevel 1[0m _identify(roslibjs-tutorial/2wheelrobot_simulation/ws_2wheelsrobot/build/catkin_tools_prebuild) by extension 'ignore_ament_install'
[0.204s] [34mcolcon.colcon_core.package_identification[0m [1;30mLevel 1[0m _identify(roslibjs-tutorial/2wheelrobot_simulation/ws_2wheelsrobot/build/catkin_tools_prebuild) by extensions ['colcon_pkg']
[0.204s] [34mcolcon.colcon_core.package_identification[0m [1;30mLevel 1[0m _identify(roslibjs-tutorial/2wheelrobot_simulation/ws_2wheelsrobot/build/catkin_tools_prebuild) by extension 'colcon_pkg'
[0.205s] [34mcolcon.colcon_core.package_identification[0m [1;30mLevel 1[0m _identify(roslibjs-tutorial/2wheelrobot_simulation/ws_2wheelsrobot/build/catkin_tools_prebuild) by extensions ['colcon_meta']
[0.205s] [34mcolcon.colcon_core.package_identification[0m [1;30mLevel 1[0m _identify(roslibjs-tutorial/2wheelrobot_simulation/ws_2wheelsrobot/build/catkin_tools_prebuild) by extension 'colcon_meta'
[0.205s] [34mcolcon.colcon_core.package_identification[0m [1;30mLevel 1[0m _identify(roslibjs-tutorial/2wheelrobot_simulation/ws_2wheelsrobot/build/catkin_tools_prebuild) by extensions ['ros']
[0.205s] [34mcolcon.colcon_core.package_identification[0m [1;30mLevel 1[0m _identify(roslibjs-tutorial/2wheelrobot_simulation/ws_2wheelsrobot/build/catkin_tools_prebuild) by extension 'ros'
[0.214s] [34mcolcon.colcon_core.package_identification[0m [1;30mDEBUG[0m [32mPackage 'roslibjs-tutorial/2wheelrobot_simulation/ws_2wheelsrobot/build/catkin_tools_prebuild' with type 'ros.catkin' and name 'catkin_tools_prebuild'[0m
[0.214s] [34mcolcon.colcon_core.package_identification[0m [1;30mLevel 1[0m _identify(roslibjs-tutorial/2wheelrobot_simulation/ws_2wheelsrobot/build/m2wr_description) by extensions ['ignore', 'ignore_ament_install']
[0.214s] [34mcolcon.colcon_core.package_identification[0m [1;30mLevel 1[0m _identify(roslibjs-tutorial/2wheelrobot_simulation/ws_2wheelsrobot/build/m2wr_description) by extension 'ignore'
[0.214s] [34mcolcon.colcon_core.package_identification[0m [1;30mLevel 1[0m _identify(roslibjs-tutorial/2wheelrobot_simulation/ws_2wheelsrobot/build/m2wr_description) by extension 'ignore_ament_install'
[0.215s] [34mcolcon.colcon_core.package_identification[0m [1;30mLevel 1[0m _identify(roslibjs-tutorial/2wheelrobot_simulation/ws_2wheelsrobot/build/m2wr_description) by extensions ['colcon_pkg']
[0.215s] [34mcolcon.colcon_core.package_identification[0m [1;30mLevel 1[0m _identify(roslibjs-tutorial/2wheelrobot_simulation/ws_2wheelsrobot/build/m2wr_description) by extension 'colcon_pkg'
[0.215s] [34mcolcon.colcon_core.package_identification[0m [1;30mLevel 1[0m _identify(roslibjs-tutorial/2wheelrobot_simulation/ws_2wheelsrobot/build/m2wr_description) by extensions ['colcon_meta']
[0.215s] [34mcolcon.colcon_core.package_identification[0m [1;30mLevel 1[0m _identify(roslibjs-tutorial/2wheelrobot_simulation/ws_2wheelsrobot/build/m2wr_description) by extension 'colcon_meta'
[0.215s] [34mcolcon.colcon_core.package_identification[0m [1;30mLevel 1[0m _identify(roslibjs-tutorial/2wheelrobot_simulation/ws_2wheelsrobot/build/m2wr_description) by extensions ['ros']
[0.215s] [34mcolcon.colcon_core.package_identification[0m [1;30mLevel 1[0m _identify(roslibjs-tutorial/2wheelrobot_simulation/ws_2wheelsrobot/build/m2wr_description) by extension 'ros'
[0.215s] [34mcolcon.colcon_core.package_identification[0m [1;30mLevel 1[0m _identify(roslibjs-tutorial/2wheelrobot_simulation/ws_2wheelsrobot/build/m2wr_description) ignored
[0.215s] [34mcolcon.colcon_core.package_identification[0m [1;30mLevel 1[0m _identify(roslibjs-tutorial/2wheelrobot_simulation/ws_2wheelsrobot/build/my_worlds) by extensions ['ignore', 'ignore_ament_install']
[0.215s] [34mcolcon.colcon_core.package_identification[0m [1;30mLevel 1[0m _identify(roslibjs-tutorial/2wheelrobot_simulation/ws_2wheelsrobot/build/my_worlds) by extension 'ignore'
[0.215s] [34mcolcon.colcon_core.package_identification[0m [1;30mLevel 1[0m _identify(roslibjs-tutorial/2wheelrobot_simulation/ws_2wheelsrobot/build/my_worlds) by extension 'ignore_ament_install'
[0.216s] [34mcolcon.colcon_core.package_identification[0m [1;30mLevel 1[0m _identify(roslibjs-tutorial/2wheelrobot_simulation/ws_2wheelsrobot/build/my_worlds) by extensions ['colcon_pkg']
[0.216s] [34mcolcon.colcon_core.package_identification[0m [1;30mLevel 1[0m _identify(roslibjs-tutorial/2wheelrobot_simulation/ws_2wheelsrobot/build/my_worlds) by extension 'colcon_pkg'
[0.216s] [34mcolcon.colcon_core.package_identification[0m [1;30mLevel 1[0m _identify(roslibjs-tutorial/2wheelrobot_simulation/ws_2wheelsrobot/build/my_worlds) by extensions ['colcon_meta']
[0.216s] [34mcolcon.colcon_core.package_identification[0m [1;30mLevel 1[0m _identify(roslibjs-tutorial/2wheelrobot_simulation/ws_2wheelsrobot/build/my_worlds) by extension 'colcon_meta'
[0.216s] [34mcolcon.colcon_core.package_identification[0m [1;30mLevel 1[0m _identify(roslibjs-tutorial/2wheelrobot_simulation/ws_2wheelsrobot/build/my_worlds) by extensions ['ros']
[0.216s] [34mcolcon.colcon_core.package_identification[0m [1;30mLevel 1[0m _identify(roslibjs-tutorial/2wheelrobot_simulation/ws_2wheelsrobot/build/my_worlds) by extension 'ros'
[0.216s] [34mcolcon.colcon_core.package_identification[0m [1;30mLevel 1[0m _identify(roslibjs-tutorial/2wheelrobot_simulation/ws_2wheelsrobot/build/my_worlds) ignored
[0.216s] [34mcolcon.colcon_core.package_identification[0m [1;30mLevel 1[0m _identify(roslibjs-tutorial/2wheelrobot_simulation/ws_2wheelsrobot/devel) by extensions ['ignore', 'ignore_ament_install']
[0.216s] [34mcolcon.colcon_core.package_identification[0m [1;30mLevel 1[0m _identify(roslibjs-tutorial/2wheelrobot_simulation/ws_2wheelsrobot/devel) by extension 'ignore'
[0.216s] [34mcolcon.colcon_core.package_identification[0m [1;30mLevel 1[0m _identify(roslibjs-tutorial/2wheelrobot_simulation/ws_2wheelsrobot/devel) by extension 'ignore_ament_install'
[0.216s] [34mcolcon.colcon_core.package_identification[0m [1;30mLevel 1[0m _identify(roslibjs-tutorial/2wheelrobot_simulation/ws_2wheelsrobot/devel) by extensions ['colcon_pkg']
[0.216s] [34mcolcon.colcon_core.package_identification[0m [1;30mLevel 1[0m _identify(roslibjs-tutorial/2wheelrobot_simulation/ws_2wheelsrobot/devel) by extension 'colcon_pkg'
[0.217s] [34mcolcon.colcon_core.package_identification[0m [1;30mLevel 1[0m _identify(roslibjs-tutorial/2wheelrobot_simulation/ws_2wheelsrobot/devel) by extensions ['colcon_meta']
[0.217s] [34mcolcon.colcon_core.package_identification[0m [1;30mLevel 1[0m _identify(roslibjs-tutorial/2wheelrobot_simulation/ws_2wheelsrobot/devel) by extension 'colcon_meta'
[0.217s] [34mcolcon.colcon_core.package_identification[0m [1;30mLevel 1[0m _identify(roslibjs-tutorial/2wheelrobot_simulation/ws_2wheelsrobot/devel) by extensions ['ros']
[0.217s] [34mcolcon.colcon_core.package_identification[0m [1;30mLevel 1[0m _identify(roslibjs-tutorial/2wheelrobot_simulation/ws_2wheelsrobot/devel) by extension 'ros'
[0.217s] [34mcolcon.colcon_core.package_identification[0m [1;30mLevel 1[0m _identify(roslibjs-tutorial/2wheelrobot_simulation/ws_2wheelsrobot/devel) by extensions ['cmake', 'python']
[0.217s] [34mcolcon.colcon_core.package_identification[0m [1;30mLevel 1[0m _identify(roslibjs-tutorial/2wheelrobot_simulation/ws_2wheelsrobot/devel) by extension 'cmake'
[0.217s] [34mcolcon.colcon_core.package_identification[0m [1;30mLevel 1[0m _identify(roslibjs-tutorial/2wheelrobot_simulation/ws_2wheelsrobot/devel) by extension 'python'
[0.217s] [34mcolcon.colcon_core.package_identification[0m [1;30mLevel 1[0m _identify(roslibjs-tutorial/2wheelrobot_simulation/ws_2wheelsrobot/devel) by extensions ['python_setup_py']
[0.217s] [34mcolcon.colcon_core.package_identification[0m [1;30mLevel 1[0m _identify(roslibjs-tutorial/2wheelrobot_simulation/ws_2wheelsrobot/devel) by extension 'python_setup_py'
[0.217s] [34mcolcon.colcon_core.package_identification[0m [1;30mLevel 1[0m _identify(roslibjs-tutorial/2wheelrobot_simulation/ws_2wheelsrobot/devel/etc) by extensions ['ignore', 'ignore_ament_install']
[0.217s] [34mcolcon.colcon_core.package_identification[0m [1;30mLevel 1[0m _identify(roslibjs-tutorial/2wheelrobot_simulation/ws_2wheelsrobot/devel/etc) by extension 'ignore'
[0.217s] [34mcolcon.colcon_core.package_identification[0m [1;30mLevel 1[0m _identify(roslibjs-tutorial/2wheelrobot_simulation/ws_2wheelsrobot/devel/etc) by extension 'ignore_ament_install'
[0.218s] [34mcolcon.colcon_core.package_identification[0m [1;30mLevel 1[0m _identify(roslibjs-tutorial/2wheelrobot_simulation/ws_2wheelsrobot/devel/etc) by extensions ['colcon_pkg']
[0.218s] [34mcolcon.colcon_core.package_identification[0m [1;30mLevel 1[0m _identify(roslibjs-tutorial/2wheelrobot_simulation/ws_2wheelsrobot/devel/etc) by extension 'colcon_pkg'
[0.218s] [34mcolcon.colcon_core.package_identification[0m [1;30mLevel 1[0m _identify(roslibjs-tutorial/2wheelrobot_simulation/ws_2wheelsrobot/devel/etc) by extensions ['colcon_meta']
[0.218s] [34mcolcon.colcon_core.package_identification[0m [1;30mLevel 1[0m _identify(roslibjs-tutorial/2wheelrobot_simulation/ws_2wheelsrobot/devel/etc) by extension 'colcon_meta'
[0.218s] [34mcolcon.colcon_core.package_identification[0m [1;30mLevel 1[0m _identify(roslibjs-tutorial/2wheelrobot_simulation/ws_2wheelsrobot/devel/etc) by extensions ['ros']
[0.218s] [34mcolcon.colcon_core.package_identification[0m [1;30mLevel 1[0m _identify(roslibjs-tutorial/2wheelrobot_simulation/ws_2wheelsrobot/devel/etc) by extension 'ros'
[0.218s] [34mcolcon.colcon_core.package_identification[0m [1;30mLevel 1[0m _identify(roslibjs-tutorial/2wheelrobot_simulation/ws_2wheelsrobot/devel/etc) by extensions ['cmake', 'python']
[0.218s] [34mcolcon.colcon_core.package_identification[0m [1;30mLevel 1[0m _identify(roslibjs-tutorial/2wheelrobot_simulation/ws_2wheelsrobot/devel/etc) by extension 'cmake'
[0.218s] [34mcolcon.colcon_core.package_identification[0m [1;30mLevel 1[0m _identify(roslibjs-tutorial/2wheelrobot_simulation/ws_2wheelsrobot/devel/etc) by extension 'python'
[0.218s] [34mcolcon.colcon_core.package_identification[0m [1;30mLevel 1[0m _identify(roslibjs-tutorial/2wheelrobot_simulation/ws_2wheelsrobot/devel/etc) by extensions ['python_setup_py']
[0.218s] [34mcolcon.colcon_core.package_identification[0m [1;30mLevel 1[0m _identify(roslibjs-tutorial/2wheelrobot_simulation/ws_2wheelsrobot/devel/etc) by extension 'python_setup_py'
[0.219s] [34mcolcon.colcon_core.package_identification[0m [1;30mLevel 1[0m _identify(roslibjs-tutorial/2wheelrobot_simulation/ws_2wheelsrobot/devel/etc/catkin) by extensions ['ignore', 'ignore_ament_install']
[0.219s] [34mcolcon.colcon_core.package_identification[0m [1;30mLevel 1[0m _identify(roslibjs-tutorial/2wheelrobot_simulation/ws_2wheelsrobot/devel/etc/catkin) by extension 'ignore'
[0.219s] [34mcolcon.colcon_core.package_identification[0m [1;30mLevel 1[0m _identify(roslibjs-tutorial/2wheelrobot_simulation/ws_2wheelsrobot/devel/etc/catkin) by extension 'ignore_ament_install'
[0.219s] [34mcolcon.colcon_core.package_identification[0m [1;30mLevel 1[0m _identify(roslibjs-tutorial/2wheelrobot_simulation/ws_2wheelsrobot/devel/etc/catkin) by extensions ['colcon_pkg']
[0.219s] [34mcolcon.colcon_core.package_identification[0m [1;30mLevel 1[0m _identify(roslibjs-tutorial/2wheelrobot_simulation/ws_2wheelsrobot/devel/etc/catkin) by extension 'colcon_pkg'
[0.219s] [34mcolcon.colcon_core.package_identification[0m [1;30mLevel 1[0m _identify(roslibjs-tutorial/2wheelrobot_simulation/ws_2wheelsrobot/devel/etc/catkin) by extensions ['colcon_meta']
[0.219s] [34mcolcon.colcon_core.package_identification[0m [1;30mLevel 1[0m _identify(roslibjs-tutorial/2wheelrobot_simulation/ws_2wheelsrobot/devel/etc/catkin) by extension 'colcon_meta'
[0.219s] [34mcolcon.colcon_core.package_identification[0m [1;30mLevel 1[0m _identify(roslibjs-tutorial/2wheelrobot_simulation/ws_2wheelsrobot/devel/etc/catkin) by extensions ['ros']
[0.219s] [34mcolcon.colcon_core.package_identification[0m [1;30mLevel 1[0m _identify(roslibjs-tutorial/2wheelrobot_simulation/ws_2wheelsrobot/devel/etc/catkin) by extension 'ros'
[0.219s] [34mcolcon.colcon_core.package_identification[0m [1;30mLevel 1[0m _identify(roslibjs-tutorial/2wheelrobot_simulation/ws_2wheelsrobot/devel/etc/catkin) by extensions ['cmake', 'python']
[0.219s] [34mcolcon.colcon_core.package_identification[0m [1;30mLevel 1[0m _identify(roslibjs-tutorial/2wheelrobot_simulation/ws_2wheelsrobot/devel/etc/catkin) by extension 'cmake'
[0.220s] [34mcolcon.colcon_core.package_identification[0m [1;30mLevel 1[0m _identify(roslibjs-tutorial/2wheelrobot_simulation/ws_2wheelsrobot/devel/etc/catkin) by extension 'python'
[0.220s] [34mcolcon.colcon_core.package_identification[0m [1;30mLevel 1[0m _identify(roslibjs-tutorial/2wheelrobot_simulation/ws_2wheelsrobot/devel/etc/catkin) by extensions ['python_setup_py']
[0.220s] [34mcolcon.colcon_core.package_identification[0m [1;30mLevel 1[0m _identify(roslibjs-tutorial/2wheelrobot_simulation/ws_2wheelsrobot/devel/etc/catkin) by extension 'python_setup_py'
[0.220s] [34mcolcon.colcon_core.package_identification[0m [1;30mLevel 1[0m _identify(roslibjs-tutorial/2wheelrobot_simulation/ws_2wheelsrobot/devel/etc/catkin/profile.d) by extensions ['ignore', 'ignore_ament_install']
[0.220s] [34mcolcon.colcon_core.package_identification[0m [1;30mLevel 1[0m _identify(roslibjs-tutorial/2wheelrobot_simulation/ws_2wheelsrobot/devel/etc/catkin/profile.d) by extension 'ignore'
[0.220s] [34mcolcon.colcon_core.package_identification[0m [1;30mLevel 1[0m _identify(roslibjs-tutorial/2wheelrobot_simulation/ws_2wheelsrobot/devel/etc/catkin/profile.d) by extension 'ignore_ament_install'
[0.220s] [34mcolcon.colcon_core.package_identification[0m [1;30mLevel 1[0m _identify(roslibjs-tutorial/2wheelrobot_simulation/ws_2wheelsrobot/devel/etc/catkin/profile.d) by extensions ['colcon_pkg']
[0.220s] [34mcolcon.colcon_core.package_identification[0m [1;30mLevel 1[0m _identify(roslibjs-tutorial/2wheelrobot_simulation/ws_2wheelsrobot/devel/etc/catkin/profile.d) by extension 'colcon_pkg'
[0.220s] [34mcolcon.colcon_core.package_identification[0m [1;30mLevel 1[0m _identify(roslibjs-tutorial/2wheelrobot_simulation/ws_2wheelsrobot/devel/etc/catkin/profile.d) by extensions ['colcon_meta']
[0.220s] [34mcolcon.colcon_core.package_identification[0m [1;30mLevel 1[0m _identify(roslibjs-tutorial/2wheelrobot_simulation/ws_2wheelsrobot/devel/etc/catkin/profile.d) by extension 'colcon_meta'
[0.220s] [34mcolcon.colcon_core.package_identification[0m [1;30mLevel 1[0m _identify(roslibjs-tutorial/2wheelrobot_simulation/ws_2wheelsrobot/devel/etc/catkin/profile.d) by extensions ['ros']
[0.220s] [34mcolcon.colcon_core.package_identification[0m [1;30mLevel 1[0m _identify(roslibjs-tutorial/2wheelrobot_simulation/ws_2wheelsrobot/devel/etc/catkin/profile.d) by extension 'ros'
[0.221s] [34mcolcon.colcon_core.package_identification[0m [1;30mLevel 1[0m _identify(roslibjs-tutorial/2wheelrobot_simulation/ws_2wheelsrobot/devel/etc/catkin/profile.d) by extensions ['cmake', 'python']
[0.221s] [34mcolcon.colcon_core.package_identification[0m [1;30mLevel 1[0m _identify(roslibjs-tutorial/2wheelrobot_simulation/ws_2wheelsrobot/devel/etc/catkin/profile.d) by extension 'cmake'
[0.221s] [34mcolcon.colcon_core.package_identification[0m [1;30mLevel 1[0m _identify(roslibjs-tutorial/2wheelrobot_simulation/ws_2wheelsrobot/devel/etc/catkin/profile.d) by extension 'python'
[0.221s] [34mcolcon.colcon_core.package_identification[0m [1;30mLevel 1[0m _identify(roslibjs-tutorial/2wheelrobot_simulation/ws_2wheelsrobot/devel/etc/catkin/profile.d) by extensions ['python_setup_py']
[0.221s] [34mcolcon.colcon_core.package_identification[0m [1;30mLevel 1[0m _identify(roslibjs-tutorial/2wheelrobot_simulation/ws_2wheelsrobot/devel/etc/catkin/profile.d) by extension 'python_setup_py'
[0.221s] [34mcolcon.colcon_core.package_identification[0m [1;30mLevel 1[0m _identify(roslibjs-tutorial/2wheelrobot_simulation/ws_2wheelsrobot/devel/lib) by extensions ['ignore', 'ignore_ament_install']
[0.221s] [34mcolcon.colcon_core.package_identification[0m [1;30mLevel 1[0m _identify(roslibjs-tutorial/2wheelrobot_simulation/ws_2wheelsrobot/devel/lib) by extension 'ignore'
[0.221s] [34mcolcon.colcon_core.package_identification[0m [1;30mLevel 1[0m _identify(roslibjs-tutorial/2wheelrobot_simulation/ws_2wheelsrobot/devel/lib) by extension 'ignore_ament_install'
[0.221s] [34mcolcon.colcon_core.package_identification[0m [1;30mLevel 1[0m _identify(roslibjs-tutorial/2wheelrobot_simulation/ws_2wheelsrobot/devel/lib) by extensions ['colcon_pkg']
[0.221s] [34mcolcon.colcon_core.package_identification[0m [1;30mLevel 1[0m _identify(roslibjs-tutorial/2wheelrobot_simulation/ws_2wheelsrobot/devel/lib) by extension 'colcon_pkg'
[0.221s] [34mcolcon.colcon_core.package_identification[0m [1;30mLevel 1[0m _identify(roslibjs-tutorial/2wheelrobot_simulation/ws_2wheelsrobot/devel/lib) by extensions ['colcon_meta']
[0.221s] [34mcolcon.colcon_core.package_identification[0m [1;30mLevel 1[0m _identify(roslibjs-tutorial/2wheelrobot_simulation/ws_2wheelsrobot/devel/lib) by extension 'colcon_meta'
[0.222s] [34mcolcon.colcon_core.package_identification[0m [1;30mLevel 1[0m _identify(roslibjs-tutorial/2wheelrobot_simulation/ws_2wheelsrobot/devel/lib) by extensions ['ros']
[0.222s] [34mcolcon.colcon_core.package_identification[0m [1;30mLevel 1[0m _identify(roslibjs-tutorial/2wheelrobot_simulation/ws_2wheelsrobot/devel/lib) by extension 'ros'
[0.222s] [34mcolcon.colcon_core.package_identification[0m [1;30mLevel 1[0m _identify(roslibjs-tutorial/2wheelrobot_simulation/ws_2wheelsrobot/devel/lib) by extensions ['cmake', 'python']
[0.222s] [34mcolcon.colcon_core.package_identification[0m [1;30mLevel 1[0m _identify(roslibjs-tutorial/2wheelrobot_simulation/ws_2wheelsrobot/devel/lib) by extension 'cmake'
[0.222s] [34mcolcon.colcon_core.package_identification[0m [1;30mLevel 1[0m _identify(roslibjs-tutorial/2wheelrobot_simulation/ws_2wheelsrobot/devel/lib) by extension 'python'
[0.222s] [34mcolcon.colcon_core.package_identification[0m [1;30mLevel 1[0m _identify(roslibjs-tutorial/2wheelrobot_simulation/ws_2wheelsrobot/devel/lib) by extensions ['python_setup_py']
[0.222s] [34mcolcon.colcon_core.package_identification[0m [1;30mLevel 1[0m _identify(roslibjs-tutorial/2wheelrobot_simulation/ws_2wheelsrobot/devel/lib) by extension 'python_setup_py'
[0.222s] [34mcolcon.colcon_core.package_identification[0m [1;30mLevel 1[0m _identify(roslibjs-tutorial/2wheelrobot_simulation/ws_2wheelsrobot/devel/lib/pkgconfig) by extensions ['ignore', 'ignore_ament_install']
[0.222s] [34mcolcon.colcon_core.package_identification[0m [1;30mLevel 1[0m _identify(roslibjs-tutorial/2wheelrobot_simulation/ws_2wheelsrobot/devel/lib/pkgconfig) by extension 'ignore'
[0.222s] [34mcolcon.colcon_core.package_identification[0m [1;30mLevel 1[0m _identify(roslibjs-tutorial/2wheelrobot_simulation/ws_2wheelsrobot/devel/lib/pkgconfig) by extension 'ignore_ament_install'
[0.223s] [34mcolcon.colcon_core.package_identification[0m [1;30mLevel 1[0m _identify(roslibjs-tutorial/2wheelrobot_simulation/ws_2wheelsrobot/devel/lib/pkgconfig) by extensions ['colcon_pkg']
[0.223s] [34mcolcon.colcon_core.package_identification[0m [1;30mLevel 1[0m _identify(roslibjs-tutorial/2wheelrobot_simulation/ws_2wheelsrobot/devel/lib/pkgconfig) by extension 'colcon_pkg'
[0.223s] [34mcolcon.colcon_core.package_identification[0m [1;30mLevel 1[0m _identify(roslibjs-tutorial/2wheelrobot_simulation/ws_2wheelsrobot/devel/lib/pkgconfig) by extensions ['colcon_meta']
[0.223s] [34mcolcon.colcon_core.package_identification[0m [1;30mLevel 1[0m _identify(roslibjs-tutorial/2wheelrobot_simulation/ws_2wheelsrobot/devel/lib/pkgconfig) by extension 'colcon_meta'
[0.223s] [34mcolcon.colcon_core.package_identification[0m [1;30mLevel 1[0m _identify(roslibjs-tutorial/2wheelrobot_simulation/ws_2wheelsrobot/devel/lib/pkgconfig) by extensions ['ros']
[0.223s] [34mcolcon.colcon_core.package_identification[0m [1;30mLevel 1[0m _identify(roslibjs-tutorial/2wheelrobot_simulation/ws_2wheelsrobot/devel/lib/pkgconfig) by extension 'ros'
[0.223s] [34mcolcon.colcon_core.package_identification[0m [1;30mLevel 1[0m _identify(roslibjs-tutorial/2wheelrobot_simulation/ws_2wheelsrobot/devel/lib/pkgconfig) by extensions ['cmake', 'python']
[0.223s] [34mcolcon.colcon_core.package_identification[0m [1;30mLevel 1[0m _identify(roslibjs-tutorial/2wheelrobot_simulation/ws_2wheelsrobot/devel/lib/pkgconfig) by extension 'cmake'
[0.223s] [34mcolcon.colcon_core.package_identification[0m [1;30mLevel 1[0m _identify(roslibjs-tutorial/2wheelrobot_simulation/ws_2wheelsrobot/devel/lib/pkgconfig) by extension 'python'
[0.223s] [34mcolcon.colcon_core.package_identification[0m [1;30mLevel 1[0m _identify(roslibjs-tutorial/2wheelrobot_simulation/ws_2wheelsrobot/devel/lib/pkgconfig) by extensions ['python_setup_py']
[0.223s] [34mcolcon.colcon_core.package_identification[0m [1;30mLevel 1[0m _identify(roslibjs-tutorial/2wheelrobot_simulation/ws_2wheelsrobot/devel/lib/pkgconfig) by extension 'python_setup_py'
[0.223s] [34mcolcon.colcon_core.package_identification[0m [1;30mLevel 1[0m _identify(roslibjs-tutorial/2wheelrobot_simulation/ws_2wheelsrobot/devel/share) by extensions ['ignore', 'ignore_ament_install']
[0.224s] [34mcolcon.colcon_core.package_identification[0m [1;30mLevel 1[0m _identify(roslibjs-tutorial/2wheelrobot_simulation/ws_2wheelsrobot/devel/share) by extension 'ignore'
[0.224s] [34mcolcon.colcon_core.package_identification[0m [1;30mLevel 1[0m _identify(roslibjs-tutorial/2wheelrobot_simulation/ws_2wheelsrobot/devel/share) by extension 'ignore_ament_install'
[0.224s] [34mcolcon.colcon_core.package_identification[0m [1;30mLevel 1[0m _identify(roslibjs-tutorial/2wheelrobot_simulation/ws_2wheelsrobot/devel/share) by extensions ['colcon_pkg']
[0.224s] [34mcolcon.colcon_core.package_identification[0m [1;30mLevel 1[0m _identify(roslibjs-tutorial/2wheelrobot_simulation/ws_2wheelsrobot/devel/share) by extension 'colcon_pkg'
[0.224s] [34mcolcon.colcon_core.package_identification[0m [1;30mLevel 1[0m _identify(roslibjs-tutorial/2wheelrobot_simulation/ws_2wheelsrobot/devel/share) by extensions ['colcon_meta']
[0.224s] [34mcolcon.colcon_core.package_identification[0m [1;30mLevel 1[0m _identify(roslibjs-tutorial/2wheelrobot_simulation/ws_2wheelsrobot/devel/share) by extension 'colcon_meta'
[0.224s] [34mcolcon.colcon_core.package_identification[0m [1;30mLevel 1[0m _identify(roslibjs-tutorial/2wheelrobot_simulation/ws_2wheelsrobot/devel/share) by extensions ['ros']
[0.224s] [34mcolcon.colcon_core.package_identification[0m [1;30mLevel 1[0m _identify(roslibjs-tutorial/2wheelrobot_simulation/ws_2wheelsrobot/devel/share) by extension 'ros'
[0.224s] [34mcolcon.colcon_core.package_identification[0m [1;30mLevel 1[0m _identify(roslibjs-tutorial/2wheelrobot_simulation/ws_2wheelsrobot/devel/share) by extensions ['cmake', 'python']
[0.224s] [34mcolcon.colcon_core.package_identification[0m [1;30mLevel 1[0m _identify(roslibjs-tutorial/2wheelrobot_simulation/ws_2wheelsrobot/devel/share) by extension 'cmake'
[0.224s] [34mcolcon.colcon_core.package_identification[0m [1;30mLevel 1[0m _identify(roslibjs-tutorial/2wheelrobot_simulation/ws_2wheelsrobot/devel/share) by extension 'python'
[0.224s] [34mcolcon.colcon_core.package_identification[0m [1;30mLevel 1[0m _identify(roslibjs-tutorial/2wheelrobot_simulation/ws_2wheelsrobot/devel/share) by extensions ['python_setup_py']
[0.224s] [34mcolcon.colcon_core.package_identification[0m [1;30mLevel 1[0m _identify(roslibjs-tutorial/2wheelrobot_simulation/ws_2wheelsrobot/devel/share) by extension 'python_setup_py'
[0.225s] [34mcolcon.colcon_core.package_identification[0m [1;30mLevel 1[0m _identify(roslibjs-tutorial/2wheelrobot_simulation/ws_2wheelsrobot/devel/share/catkin_tools_prebuild) by extensions ['ignore', 'ignore_ament_install']
[0.225s] [34mcolcon.colcon_core.package_identification[0m [1;30mLevel 1[0m _identify(roslibjs-tutorial/2wheelrobot_simulation/ws_2wheelsrobot/devel/share/catkin_tools_prebuild) by extension 'ignore'
[0.225s] [34mcolcon.colcon_core.package_identification[0m [1;30mLevel 1[0m _identify(roslibjs-tutorial/2wheelrobot_simulation/ws_2wheelsrobot/devel/share/catkin_tools_prebuild) by extension 'ignore_ament_install'
[0.225s] [34mcolcon.colcon_core.package_identification[0m [1;30mLevel 1[0m _identify(roslibjs-tutorial/2wheelrobot_simulation/ws_2wheelsrobot/devel/share/catkin_tools_prebuild) by extensions ['colcon_pkg']
[0.225s] [34mcolcon.colcon_core.package_identification[0m [1;30mLevel 1[0m _identify(roslibjs-tutorial/2wheelrobot_simulation/ws_2wheelsrobot/devel/share/catkin_tools_prebuild) by extension 'colcon_pkg'
[0.225s] [34mcolcon.colcon_core.package_identification[0m [1;30mLevel 1[0m _identify(roslibjs-tutorial/2wheelrobot_simulation/ws_2wheelsrobot/devel/share/catkin_tools_prebuild) by extensions ['colcon_meta']
[0.225s] [34mcolcon.colcon_core.package_identification[0m [1;30mLevel 1[0m _identify(roslibjs-tutorial/2wheelrobot_simulation/ws_2wheelsrobot/devel/share/catkin_tools_prebuild) by extension 'colcon_meta'
[0.225s] [34mcolcon.colcon_core.package_identification[0m [1;30mLevel 1[0m _identify(roslibjs-tutorial/2wheelrobot_simulation/ws_2wheelsrobot/devel/share/catkin_tools_prebuild) by extensions ['ros']
[0.225s] [34mcolcon.colcon_core.package_identification[0m [1;30mLevel 1[0m _identify(roslibjs-tutorial/2wheelrobot_simulation/ws_2wheelsrobot/devel/share/catkin_tools_prebuild) by extension 'ros'
[0.225s] [34mcolcon.colcon_core.package_identification[0m [1;30mLevel 1[0m _identify(roslibjs-tutorial/2wheelrobot_simulation/ws_2wheelsrobot/devel/share/catkin_tools_prebuild) by extensions ['cmake', 'python']
[0.225s] [34mcolcon.colcon_core.package_identification[0m [1;30mLevel 1[0m _identify(roslibjs-tutorial/2wheelrobot_simulation/ws_2wheelsrobot/devel/share/catkin_tools_prebuild) by extension 'cmake'
[0.226s] [34mcolcon.colcon_core.package_identification[0m [1;30mLevel 1[0m _identify(roslibjs-tutorial/2wheelrobot_simulation/ws_2wheelsrobot/devel/share/catkin_tools_prebuild) by extension 'python'
[0.226s] [34mcolcon.colcon_core.package_identification[0m [1;30mLevel 1[0m _identify(roslibjs-tutorial/2wheelrobot_simulation/ws_2wheelsrobot/devel/share/catkin_tools_prebuild) by extensions ['python_setup_py']
[0.226s] [34mcolcon.colcon_core.package_identification[0m [1;30mLevel 1[0m _identify(roslibjs-tutorial/2wheelrobot_simulation/ws_2wheelsrobot/devel/share/catkin_tools_prebuild) by extension 'python_setup_py'
[0.226s] [34mcolcon.colcon_core.package_identification[0m [1;30mLevel 1[0m _identify(roslibjs-tutorial/2wheelrobot_simulation/ws_2wheelsrobot/devel/share/catkin_tools_prebuild/cmake) by extensions ['ignore', 'ignore_ament_install']
[0.226s] [34mcolcon.colcon_core.package_identification[0m [1;30mLevel 1[0m _identify(roslibjs-tutorial/2wheelrobot_simulation/ws_2wheelsrobot/devel/share/catkin_tools_prebuild/cmake) by extension 'ignore'
[0.226s] [34mcolcon.colcon_core.package_identification[0m [1;30mLevel 1[0m _identify(roslibjs-tutorial/2wheelrobot_simulation/ws_2wheelsrobot/devel/share/catkin_tools_prebuild/cmake) by extension 'ignore_ament_install'
[0.226s] [34mcolcon.colcon_core.package_identification[0m [1;30mLevel 1[0m _identify(roslibjs-tutorial/2wheelrobot_simulation/ws_2wheelsrobot/devel/share/catkin_tools_prebuild/cmake) by extensions ['colcon_pkg']
[0.226s] [34mcolcon.colcon_core.package_identification[0m [1;30mLevel 1[0m _identify(roslibjs-tutorial/2wheelrobot_simulation/ws_2wheelsrobot/devel/share/catkin_tools_prebuild/cmake) by extension 'colcon_pkg'
[0.226s] [34mcolcon.colcon_core.package_identification[0m [1;30mLevel 1[0m _identify(roslibjs-tutorial/2wheelrobot_simulation/ws_2wheelsrobot/devel/share/catkin_tools_prebuild/cmake) by extensions ['colcon_meta']
[0.226s] [34mcolcon.colcon_core.package_identification[0m [1;30mLevel 1[0m _identify(roslibjs-tutorial/2wheelrobot_simulation/ws_2wheelsrobot/devel/share/catkin_tools_prebuild/cmake) by extension 'colcon_meta'
[0.226s] [34mcolcon.colcon_core.package_identification[0m [1;30mLevel 1[0m _identify(roslibjs-tutorial/2wheelrobot_simulation/ws_2wheelsrobot/devel/share/catkin_tools_prebuild/cmake) by extensions ['ros']
[0.226s] [34mcolcon.colcon_core.package_identification[0m [1;30mLevel 1[0m _identify(roslibjs-tutorial/2wheelrobot_simulation/ws_2wheelsrobot/devel/share/catkin_tools_prebuild/cmake) by extension 'ros'
[0.227s] [34mcolcon.colcon_core.package_identification[0m [1;30mLevel 1[0m _identify(roslibjs-tutorial/2wheelrobot_simulation/ws_2wheelsrobot/devel/share/catkin_tools_prebuild/cmake) by extensions ['cmake', 'python']
[0.227s] [34mcolcon.colcon_core.package_identification[0m [1;30mLevel 1[0m _identify(roslibjs-tutorial/2wheelrobot_simulation/ws_2wheelsrobot/devel/share/catkin_tools_prebuild/cmake) by extension 'cmake'
[0.227s] [34mcolcon.colcon_core.package_identification[0m [1;30mLevel 1[0m _identify(roslibjs-tutorial/2wheelrobot_simulation/ws_2wheelsrobot/devel/share/catkin_tools_prebuild/cmake) by extension 'python'
[0.227s] [34mcolcon.colcon_core.package_identification[0m [1;30mLevel 1[0m _identify(roslibjs-tutorial/2wheelrobot_simulation/ws_2wheelsrobot/devel/share/catkin_tools_prebuild/cmake) by extensions ['python_setup_py']
[0.227s] [34mcolcon.colcon_core.package_identification[0m [1;30mLevel 1[0m _identify(roslibjs-tutorial/2wheelrobot_simulation/ws_2wheelsrobot/devel/share/catkin_tools_prebuild/cmake) by extension 'python_setup_py'
[0.227s] [34mcolcon.colcon_core.package_identification[0m [1;30mLevel 1[0m _identify(roslibjs-tutorial/2wheelrobot_simulation/ws_2wheelsrobot/devel/share/m2wr_description) by extensions ['ignore', 'ignore_ament_install']
[0.227s] [34mcolcon.colcon_core.package_identification[0m [1;30mLevel 1[0m _identify(roslibjs-tutorial/2wheelrobot_simulation/ws_2wheelsrobot/devel/share/m2wr_description) by extension 'ignore'
[0.227s] [34mcolcon.colcon_core.package_identification[0m [1;30mLevel 1[0m _identify(roslibjs-tutorial/2wheelrobot_simulation/ws_2wheelsrobot/devel/share/m2wr_description) by extension 'ignore_ament_install'
[0.227s] [34mcolcon.colcon_core.package_identification[0m [1;30mLevel 1[0m _identify(roslibjs-tutorial/2wheelrobot_simulation/ws_2wheelsrobot/devel/share/m2wr_description) by extensions ['colcon_pkg']
[0.227s] [34mcolcon.colcon_core.package_identification[0m [1;30mLevel 1[0m _identify(roslibjs-tutorial/2wheelrobot_simulation/ws_2wheelsrobot/devel/share/m2wr_description) by extension 'colcon_pkg'
[0.228s] [34mcolcon.colcon_core.package_identification[0m [1;30mLevel 1[0m _identify(roslibjs-tutorial/2wheelrobot_simulation/ws_2wheelsrobot/devel/share/m2wr_description) by extensions ['colcon_meta']
[0.228s] [34mcolcon.colcon_core.package_identification[0m [1;30mLevel 1[0m _identify(roslibjs-tutorial/2wheelrobot_simulation/ws_2wheelsrobot/devel/share/m2wr_description) by extension 'colcon_meta'
[0.228s] [34mcolcon.colcon_core.package_identification[0m [1;30mLevel 1[0m _identify(roslibjs-tutorial/2wheelrobot_simulation/ws_2wheelsrobot/devel/share/m2wr_description) by extensions ['ros']
[0.228s] [34mcolcon.colcon_core.package_identification[0m [1;30mLevel 1[0m _identify(roslibjs-tutorial/2wheelrobot_simulation/ws_2wheelsrobot/devel/share/m2wr_description) by extension 'ros'
[0.228s] [34mcolcon.colcon_core.package_identification[0m [1;30mLevel 1[0m _identify(roslibjs-tutorial/2wheelrobot_simulation/ws_2wheelsrobot/devel/share/m2wr_description) by extensions ['cmake', 'python']
[0.228s] [34mcolcon.colcon_core.package_identification[0m [1;30mLevel 1[0m _identify(roslibjs-tutorial/2wheelrobot_simulation/ws_2wheelsrobot/devel/share/m2wr_description) by extension 'cmake'
[0.228s] [34mcolcon.colcon_core.package_identification[0m [1;30mLevel 1[0m _identify(roslibjs-tutorial/2wheelrobot_simulation/ws_2wheelsrobot/devel/share/m2wr_description) by extension 'python'
[0.228s] [34mcolcon.colcon_core.package_identification[0m [1;30mLevel 1[0m _identify(roslibjs-tutorial/2wheelrobot_simulation/ws_2wheelsrobot/devel/share/m2wr_description) by extensions ['python_setup_py']
[0.228s] [34mcolcon.colcon_core.package_identification[0m [1;30mLevel 1[0m _identify(roslibjs-tutorial/2wheelrobot_simulation/ws_2wheelsrobot/devel/share/m2wr_description) by extension 'python_setup_py'
[0.228s] [34mcolcon.colcon_core.package_identification[0m [1;30mLevel 1[0m _identify(roslibjs-tutorial/2wheelrobot_simulation/ws_2wheelsrobot/devel/share/m2wr_description/cmake) by extensions ['ignore', 'ignore_ament_install']
[0.228s] [34mcolcon.colcon_core.package_identification[0m [1;30mLevel 1[0m _identify(roslibjs-tutorial/2wheelrobot_simulation/ws_2wheelsrobot/devel/share/m2wr_description/cmake) by extension 'ignore'
[0.229s] [34mcolcon.colcon_core.package_identification[0m [1;30mLevel 1[0m _identify(roslibjs-tutorial/2wheelrobot_simulation/ws_2wheelsrobot/devel/share/m2wr_description/cmake) by extension 'ignore_ament_install'
[0.229s] [34mcolcon.colcon_core.package_identification[0m [1;30mLevel 1[0m _identify(roslibjs-tutorial/2wheelrobot_simulation/ws_2wheelsrobot/devel/share/m2wr_description/cmake) by extensions ['colcon_pkg']
[0.229s] [34mcolcon.colcon_core.package_identification[0m [1;30mLevel 1[0m _identify(roslibjs-tutorial/2wheelrobot_simulation/ws_2wheelsrobot/devel/share/m2wr_description/cmake) by extension 'colcon_pkg'
[0.229s] [34mcolcon.colcon_core.package_identification[0m [1;30mLevel 1[0m _identify(roslibjs-tutorial/2wheelrobot_simulation/ws_2wheelsrobot/devel/share/m2wr_description/cmake) by extensions ['colcon_meta']
[0.229s] [34mcolcon.colcon_core.package_identification[0m [1;30mLevel 1[0m _identify(roslibjs-tutorial/2wheelrobot_simulation/ws_2wheelsrobot/devel/share/m2wr_description/cmake) by extension 'colcon_meta'
[0.229s] [34mcolcon.colcon_core.package_identification[0m [1;30mLevel 1[0m _identify(roslibjs-tutorial/2wheelrobot_simulation/ws_2wheelsrobot/devel/share/m2wr_description/cmake) by extensions ['ros']
[0.229s] [34mcolcon.colcon_core.package_identification[0m [1;30mLevel 1[0m _identify(roslibjs-tutorial/2wheelrobot_simulation/ws_2wheelsrobot/devel/share/m2wr_description/cmake) by extension 'ros'
[0.229s] [34mcolcon.colcon_core.package_identification[0m [1;30mLevel 1[0m _identify(roslibjs-tutorial/2wheelrobot_simulation/ws_2wheelsrobot/devel/share/m2wr_description/cmake) by extensions ['cmake', 'python']
[0.229s] [34mcolcon.colcon_core.package_identification[0m [1;30mLevel 1[0m _identify(roslibjs-tutorial/2wheelrobot_simulation/ws_2wheelsrobot/devel/share/m2wr_description/cmake) by extension 'cmake'
[0.229s] [34mcolcon.colcon_core.package_identification[0m [1;30mLevel 1[0m _identify(roslibjs-tutorial/2wheelrobot_simulation/ws_2wheelsrobot/devel/share/m2wr_description/cmake) by extension 'python'
[0.229s] [34mcolcon.colcon_core.package_identification[0m [1;30mLevel 1[0m _identify(roslibjs-tutorial/2wheelrobot_simulation/ws_2wheelsrobot/devel/share/m2wr_description/cmake) by extensions ['python_setup_py']
[0.229s] [34mcolcon.colcon_core.package_identification[0m [1;30mLevel 1[0m _identify(roslibjs-tutorial/2wheelrobot_simulation/ws_2wheelsrobot/devel/share/m2wr_description/cmake) by extension 'python_setup_py'
[0.230s] [34mcolcon.colcon_core.package_identification[0m [1;30mLevel 1[0m _identify(roslibjs-tutorial/2wheelrobot_simulation/ws_2wheelsrobot/devel/share/my_worlds) by extensions ['ignore', 'ignore_ament_install']
[0.230s] [34mcolcon.colcon_core.package_identification[0m [1;30mLevel 1[0m _identify(roslibjs-tutorial/2wheelrobot_simulation/ws_2wheelsrobot/devel/share/my_worlds) by extension 'ignore'
[0.230s] [34mcolcon.colcon_core.package_identification[0m [1;30mLevel 1[0m _identify(roslibjs-tutorial/2wheelrobot_simulation/ws_2wheelsrobot/devel/share/my_worlds) by extension 'ignore_ament_install'
[0.230s] [34mcolcon.colcon_core.package_identification[0m [1;30mLevel 1[0m _identify(roslibjs-tutorial/2wheelrobot_simulation/ws_2wheelsrobot/devel/share/my_worlds) by extensions ['colcon_pkg']
[0.230s] [34mcolcon.colcon_core.package_identification[0m [1;30mLevel 1[0m _identify(roslibjs-tutorial/2wheelrobot_simulation/ws_2wheelsrobot/devel/share/my_worlds) by extension 'colcon_pkg'
[0.230s] [34mcolcon.colcon_core.package_identification[0m [1;30mLevel 1[0m _identify(roslibjs-tutorial/2wheelrobot_simulation/ws_2wheelsrobot/devel/share/my_worlds) by extensions ['colcon_meta']
[0.230s] [34mcolcon.colcon_core.package_identification[0m [1;30mLevel 1[0m _identify(roslibjs-tutorial/2wheelrobot_simulation/ws_2wheelsrobot/devel/share/my_worlds) by extension 'colcon_meta'
[0.230s] [34mcolcon.colcon_core.package_identification[0m [1;30mLevel 1[0m _identify(roslibjs-tutorial/2wheelrobot_simulation/ws_2wheelsrobot/devel/share/my_worlds) by extensions ['ros']
[0.230s] [34mcolcon.colcon_core.package_identification[0m [1;30mLevel 1[0m _identify(roslibjs-tutorial/2wheelrobot_simulation/ws_2wheelsrobot/devel/share/my_worlds) by extension 'ros'
[0.230s] [34mcolcon.colcon_core.package_identification[0m [1;30mLevel 1[0m _identify(roslibjs-tutorial/2wheelrobot_simulation/ws_2wheelsrobot/devel/share/my_worlds) by extensions ['cmake', 'python']
[0.231s] [34mcolcon.colcon_core.package_identification[0m [1;30mLevel 1[0m _identify(roslibjs-tutorial/2wheelrobot_simulation/ws_2wheelsrobot/devel/share/my_worlds) by extension 'cmake'
[0.231s] [34mcolcon.colcon_core.package_identification[0m [1;30mLevel 1[0m _identify(roslibjs-tutorial/2wheelrobot_simulation/ws_2wheelsrobot/devel/share/my_worlds) by extension 'python'
[0.231s] [34mcolcon.colcon_core.package_identification[0m [1;30mLevel 1[0m _identify(roslibjs-tutorial/2wheelrobot_simulation/ws_2wheelsrobot/devel/share/my_worlds) by extensions ['python_setup_py']
[0.231s] [34mcolcon.colcon_core.package_identification[0m [1;30mLevel 1[0m _identify(roslibjs-tutorial/2wheelrobot_simulation/ws_2wheelsrobot/devel/share/my_worlds) by extension 'python_setup_py'
[0.231s] [34mcolcon.colcon_core.package_identification[0m [1;30mLevel 1[0m _identify(roslibjs-tutorial/2wheelrobot_simulation/ws_2wheelsrobot/devel/share/my_worlds/cmake) by extensions ['ignore', 'ignore_ament_install']
[0.231s] [34mcolcon.colcon_core.package_identification[0m [1;30mLevel 1[0m _identify(roslibjs-tutorial/2wheelrobot_simulation/ws_2wheelsrobot/devel/share/my_worlds/cmake) by extension 'ignore'
[0.231s] [34mcolcon.colcon_core.package_identification[0m [1;30mLevel 1[0m _identify(roslibjs-tutorial/2wheelrobot_simulation/ws_2wheelsrobot/devel/share/my_worlds/cmake) by extension 'ignore_ament_install'
[0.231s] [34mcolcon.colcon_core.package_identification[0m [1;30mLevel 1[0m _identify(roslibjs-tutorial/2wheelrobot_simulation/ws_2wheelsrobot/devel/share/my_worlds/cmake) by extensions ['colcon_pkg']
[0.231s] [34mcolcon.colcon_core.package_identification[0m [1;30mLevel 1[0m _identify(roslibjs-tutorial/2wheelrobot_simulation/ws_2wheelsrobot/devel/share/my_worlds/cmake) by extension 'colcon_pkg'
[0.231s] [34mcolcon.colcon_core.package_identification[0m [1;30mLevel 1[0m _identify(roslibjs-tutorial/2wheelrobot_simulation/ws_2wheelsrobot/devel/share/my_worlds/cmake) by extensions ['colcon_meta']
[0.231s] [34mcolcon.colcon_core.package_identification[0m [1;30mLevel 1[0m _identify(roslibjs-tutorial/2wheelrobot_simulation/ws_2wheelsrobot/devel/share/my_worlds/cmake) by extension 'colcon_meta'
[0.232s] [34mcolcon.colcon_core.package_identification[0m [1;30mLevel 1[0m _identify(roslibjs-tutorial/2wheelrobot_simulation/ws_2wheelsrobot/devel/share/my_worlds/cmake) by extensions ['ros']
[0.232s] [34mcolcon.colcon_core.package_identification[0m [1;30mLevel 1[0m _identify(roslibjs-tutorial/2wheelrobot_simulation/ws_2wheelsrobot/devel/share/my_worlds/cmake) by extension 'ros'
[0.232s] [34mcolcon.colcon_core.package_identification[0m [1;30mLevel 1[0m _identify(roslibjs-tutorial/2wheelrobot_simulation/ws_2wheelsrobot/devel/share/my_worlds/cmake) by extensions ['cmake', 'python']
[0.232s] [34mcolcon.colcon_core.package_identification[0m [1;30mLevel 1[0m _identify(roslibjs-tutorial/2wheelrobot_simulation/ws_2wheelsrobot/devel/share/my_worlds/cmake) by extension 'cmake'
[0.232s] [34mcolcon.colcon_core.package_identification[0m [1;30mLevel 1[0m _identify(roslibjs-tutorial/2wheelrobot_simulation/ws_2wheelsrobot/devel/share/my_worlds/cmake) by extension 'python'
[0.232s] [34mcolcon.colcon_core.package_identification[0m [1;30mLevel 1[0m _identify(roslibjs-tutorial/2wheelrobot_simulation/ws_2wheelsrobot/devel/share/my_worlds/cmake) by extensions ['python_setup_py']
[0.232s] [34mcolcon.colcon_core.package_identification[0m [1;30mLevel 1[0m _identify(roslibjs-tutorial/2wheelrobot_simulation/ws_2wheelsrobot/devel/share/my_worlds/cmake) by extension 'python_setup_py'
[0.232s] [34mcolcon.colcon_core.package_identification[0m [1;30mLevel 1[0m _identify(roslibjs-tutorial/2wheelrobot_simulation/ws_2wheelsrobot/logs) by extensions ['ignore', 'ignore_ament_install']
[0.232s] [34mcolcon.colcon_core.package_identification[0m [1;30mLevel 1[0m _identify(roslibjs-tutorial/2wheelrobot_simulation/ws_2wheelsrobot/logs) by extension 'ignore'
[0.232s] [34mcolcon.colcon_core.package_identification[0m [1;30mLevel 1[0m _identify(roslibjs-tutorial/2wheelrobot_simulation/ws_2wheelsrobot/logs) by extension 'ignore_ament_install'
[0.232s] [34mcolcon.colcon_core.package_identification[0m [1;30mLevel 1[0m _identify(roslibjs-tutorial/2wheelrobot_simulation/ws_2wheelsrobot/logs) by extensions ['colcon_pkg']
[0.233s] [34mcolcon.colcon_core.package_identification[0m [1;30mLevel 1[0m _identify(roslibjs-tutorial/2wheelrobot_simulation/ws_2wheelsrobot/logs) by extension 'colcon_pkg'
[0.233s] [34mcolcon.colcon_core.package_identification[0m [1;30mLevel 1[0m _identify(roslibjs-tutorial/2wheelrobot_simulation/ws_2wheelsrobot/logs) by extensions ['colcon_meta']
[0.233s] [34mcolcon.colcon_core.package_identification[0m [1;30mLevel 1[0m _identify(roslibjs-tutorial/2wheelrobot_simulation/ws_2wheelsrobot/logs) by extension 'colcon_meta'
[0.233s] [34mcolcon.colcon_core.package_identification[0m [1;30mLevel 1[0m _identify(roslibjs-tutorial/2wheelrobot_simulation/ws_2wheelsrobot/logs) by extensions ['ros']
[0.233s] [34mcolcon.colcon_core.package_identification[0m [1;30mLevel 1[0m _identify(roslibjs-tutorial/2wheelrobot_simulation/ws_2wheelsrobot/logs) by extension 'ros'
[0.233s] [34mcolcon.colcon_core.package_identification[0m [1;30mLevel 1[0m _identify(roslibjs-tutorial/2wheelrobot_simulation/ws_2wheelsrobot/logs) by extensions ['cmake', 'python']
[0.233s] [34mcolcon.colcon_core.package_identification[0m [1;30mLevel 1[0m _identify(roslibjs-tutorial/2wheelrobot_simulation/ws_2wheelsrobot/logs) by extension 'cmake'
[0.233s] [34mcolcon.colcon_core.package_identification[0m [1;30mLevel 1[0m _identify(roslibjs-tutorial/2wheelrobot_simulation/ws_2wheelsrobot/logs) by extension 'python'
[0.233s] [34mcolcon.colcon_core.package_identification[0m [1;30mLevel 1[0m _identify(roslibjs-tutorial/2wheelrobot_simulation/ws_2wheelsrobot/logs) by extensions ['python_setup_py']
[0.233s] [34mcolcon.colcon_core.package_identification[0m [1;30mLevel 1[0m _identify(roslibjs-tutorial/2wheelrobot_simulation/ws_2wheelsrobot/logs) by extension 'python_setup_py'
[0.233s] [34mcolcon.colcon_core.package_identification[0m [1;30mLevel 1[0m _identify(roslibjs-tutorial/2wheelrobot_simulation/ws_2wheelsrobot/logs/catkin_tools_prebuild) by extensions ['ignore', 'ignore_ament_install']
[0.234s] [34mcolcon.colcon_core.package_identification[0m [1;30mLevel 1[0m _identify(roslibjs-tutorial/2wheelrobot_simulation/ws_2wheelsrobot/logs/catkin_tools_prebuild) by extension 'ignore'
[0.234s] [34mcolcon.colcon_core.package_identification[0m [1;30mLevel 1[0m _identify(roslibjs-tutorial/2wheelrobot_simulation/ws_2wheelsrobot/logs/catkin_tools_prebuild) by extension 'ignore_ament_install'
[0.234s] [34mcolcon.colcon_core.package_identification[0m [1;30mLevel 1[0m _identify(roslibjs-tutorial/2wheelrobot_simulation/ws_2wheelsrobot/logs/catkin_tools_prebuild) by extensions ['colcon_pkg']
[0.234s] [34mcolcon.colcon_core.package_identification[0m [1;30mLevel 1[0m _identify(roslibjs-tutorial/2wheelrobot_simulation/ws_2wheelsrobot/logs/catkin_tools_prebuild) by extension 'colcon_pkg'
[0.234s] [34mcolcon.colcon_core.package_identification[0m [1;30mLevel 1[0m _identify(roslibjs-tutorial/2wheelrobot_simulation/ws_2wheelsrobot/logs/catkin_tools_prebuild) by extensions ['colcon_meta']
[0.234s] [34mcolcon.colcon_core.package_identification[0m [1;30mLevel 1[0m _identify(roslibjs-tutorial/2wheelrobot_simulation/ws_2wheelsrobot/logs/catkin_tools_prebuild) by extension 'colcon_meta'
[0.234s] [34mcolcon.colcon_core.package_identification[0m [1;30mLevel 1[0m _identify(roslibjs-tutorial/2wheelrobot_simulation/ws_2wheelsrobot/logs/catkin_tools_prebuild) by extensions ['ros']
[0.234s] [34mcolcon.colcon_core.package_identification[0m [1;30mLevel 1[0m _identify(roslibjs-tutorial/2wheelrobot_simulation/ws_2wheelsrobot/logs/catkin_tools_prebuild) by extension 'ros'
[0.234s] [34mcolcon.colcon_core.package_identification[0m [1;30mLevel 1[0m _identify(roslibjs-tutorial/2wheelrobot_simulation/ws_2wheelsrobot/logs/catkin_tools_prebuild) by extensions ['cmake', 'python']
[0.234s] [34mcolcon.colcon_core.package_identification[0m [1;30mLevel 1[0m _identify(roslibjs-tutorial/2wheelrobot_simulation/ws_2wheelsrobot/logs/catkin_tools_prebuild) by extension 'cmake'
[0.234s] [34mcolcon.colcon_core.package_identification[0m [1;30mLevel 1[0m _identify(roslibjs-tutorial/2wheelrobot_simulation/ws_2wheelsrobot/logs/catkin_tools_prebuild) by extension 'python'
[0.234s] [34mcolcon.colcon_core.package_identification[0m [1;30mLevel 1[0m _identify(roslibjs-tutorial/2wheelrobot_simulation/ws_2wheelsrobot/logs/catkin_tools_prebuild) by extensions ['python_setup_py']
[0.235s] [34mcolcon.colcon_core.package_identification[0m [1;30mLevel 1[0m _identify(roslibjs-tutorial/2wheelrobot_simulation/ws_2wheelsrobot/logs/catkin_tools_prebuild) by extension 'python_setup_py'
[0.235s] [34mcolcon.colcon_core.package_identification[0m [1;30mLevel 1[0m _identify(roslibjs-tutorial/2wheelrobot_simulation/ws_2wheelsrobot/logs/m2wr_description) by extensions ['ignore', 'ignore_ament_install']
[0.235s] [34mcolcon.colcon_core.package_identification[0m [1;30mLevel 1[0m _identify(roslibjs-tutorial/2wheelrobot_simulation/ws_2wheelsrobot/logs/m2wr_description) by extension 'ignore'
[0.235s] [34mcolcon.colcon_core.package_identification[0m [1;30mLevel 1[0m _identify(roslibjs-tutorial/2wheelrobot_simulation/ws_2wheelsrobot/logs/m2wr_description) by extension 'ignore_ament_install'
[0.235s] [34mcolcon.colcon_core.package_identification[0m [1;30mLevel 1[0m _identify(roslibjs-tutorial/2wheelrobot_simulation/ws_2wheelsrobot/logs/m2wr_description) by extensions ['colcon_pkg']
[0.235s] [34mcolcon.colcon_core.package_identification[0m [1;30mLevel 1[0m _identify(roslibjs-tutorial/2wheelrobot_simulation/ws_2wheelsrobot/logs/m2wr_description) by extension 'colcon_pkg'
[0.235s] [34mcolcon.colcon_core.package_identification[0m [1;30mLevel 1[0m _identify(roslibjs-tutorial/2wheelrobot_simulation/ws_2wheelsrobot/logs/m2wr_description) by extensions ['colcon_meta']
[0.235s] [34mcolcon.colcon_core.package_identification[0m [1;30mLevel 1[0m _identify(roslibjs-tutorial/2wheelrobot_simulation/ws_2wheelsrobot/logs/m2wr_description) by extension 'colcon_meta'
[0.235s] [34mcolcon.colcon_core.package_identification[0m [1;30mLevel 1[0m _identify(roslibjs-tutorial/2wheelrobot_simulation/ws_2wheelsrobot/logs/m2wr_description) by extensions ['ros']
[0.235s] [34mcolcon.colcon_core.package_identification[0m [1;30mLevel 1[0m _identify(roslibjs-tutorial/2wheelrobot_simulation/ws_2wheelsrobot/logs/m2wr_description) by extension 'ros'
[0.235s] [34mcolcon.colcon_core.package_identification[0m [1;30mLevel 1[0m _identify(roslibjs-tutorial/2wheelrobot_simulation/ws_2wheelsrobot/logs/m2wr_description) by extensions ['cmake', 'python']
[0.236s] [34mcolcon.colcon_core.package_identification[0m [1;30mLevel 1[0m _identify(roslibjs-tutorial/2wheelrobot_simulation/ws_2wheelsrobot/logs/m2wr_description) by extension 'cmake'
[0.236s] [34mcolcon.colcon_core.package_identification[0m [1;30mLevel 1[0m _identify(roslibjs-tutorial/2wheelrobot_simulation/ws_2wheelsrobot/logs/m2wr_description) by extension 'python'
[0.236s] [34mcolcon.colcon_core.package_identification[0m [1;30mLevel 1[0m _identify(roslibjs-tutorial/2wheelrobot_simulation/ws_2wheelsrobot/logs/m2wr_description) by extensions ['python_setup_py']
[0.236s] [34mcolcon.colcon_core.package_identification[0m [1;30mLevel 1[0m _identify(roslibjs-tutorial/2wheelrobot_simulation/ws_2wheelsrobot/logs/m2wr_description) by extension 'python_setup_py'
[0.236s] [34mcolcon.colcon_core.package_identification[0m [1;30mLevel 1[0m _identify(roslibjs-tutorial/2wheelrobot_simulation/ws_2wheelsrobot/logs/my_worlds) by extensions ['ignore', 'ignore_ament_install']
[0.236s] [34mcolcon.colcon_core.package_identification[0m [1;30mLevel 1[0m _identify(roslibjs-tutorial/2wheelrobot_simulation/ws_2wheelsrobot/logs/my_worlds) by extension 'ignore'
[0.236s] [34mcolcon.colcon_core.package_identification[0m [1;30mLevel 1[0m _identify(roslibjs-tutorial/2wheelrobot_simulation/ws_2wheelsrobot/logs/my_worlds) by extension 'ignore_ament_install'
[0.236s] [34mcolcon.colcon_core.package_identification[0m [1;30mLevel 1[0m _identify(roslibjs-tutorial/2wheelrobot_simulation/ws_2wheelsrobot/logs/my_worlds) by extensions ['colcon_pkg']
[0.236s] [34mcolcon.colcon_core.package_identification[0m [1;30mLevel 1[0m _identify(roslibjs-tutorial/2wheelrobot_simulation/ws_2wheelsrobot/logs/my_worlds) by extension 'colcon_pkg'
[0.236s] [34mcolcon.colcon_core.package_identification[0m [1;30mLevel 1[0m _identify(roslibjs-tutorial/2wheelrobot_simulation/ws_2wheelsrobot/logs/my_worlds) by extensions ['colcon_meta']
[0.236s] [34mcolcon.colcon_core.package_identification[0m [1;30mLevel 1[0m _identify(roslibjs-tutorial/2wheelrobot_simulation/ws_2wheelsrobot/logs/my_worlds) by extension 'colcon_meta'
[0.237s] [34mcolcon.colcon_core.package_identification[0m [1;30mLevel 1[0m _identify(roslibjs-tutorial/2wheelrobot_simulation/ws_2wheelsrobot/logs/my_worlds) by extensions ['ros']
[0.237s] [34mcolcon.colcon_core.package_identification[0m [1;30mLevel 1[0m _identify(roslibjs-tutorial/2wheelrobot_simulation/ws_2wheelsrobot/logs/my_worlds) by extension 'ros'
[0.237s] [34mcolcon.colcon_core.package_identification[0m [1;30mLevel 1[0m _identify(roslibjs-tutorial/2wheelrobot_simulation/ws_2wheelsrobot/logs/my_worlds) by extensions ['cmake', 'python']
[0.237s] [34mcolcon.colcon_core.package_identification[0m [1;30mLevel 1[0m _identify(roslibjs-tutorial/2wheelrobot_simulation/ws_2wheelsrobot/logs/my_worlds) by extension 'cmake'
[0.237s] [34mcolcon.colcon_core.package_identification[0m [1;30mLevel 1[0m _identify(roslibjs-tutorial/2wheelrobot_simulation/ws_2wheelsrobot/logs/my_worlds) by extension 'python'
[0.237s] [34mcolcon.colcon_core.package_identification[0m [1;30mLevel 1[0m _identify(roslibjs-tutorial/2wheelrobot_simulation/ws_2wheelsrobot/logs/my_worlds) by extensions ['python_setup_py']
[0.237s] [34mcolcon.colcon_core.package_identification[0m [1;30mLevel 1[0m _identify(roslibjs-tutorial/2wheelrobot_simulation/ws_2wheelsrobot/logs/my_worlds) by extension 'python_setup_py'
[0.237s] [34mcolcon.colcon_core.package_identification[0m [1;30mLevel 1[0m _identify(roslibjs-tutorial/2wheelrobot_simulation/ws_2wheelsrobot/src) by extensions ['ignore', 'ignore_ament_install']
[0.237s] [34mcolcon.colcon_core.package_identification[0m [1;30mLevel 1[0m _identify(roslibjs-tutorial/2wheelrobot_simulation/ws_2wheelsrobot/src) by extension 'ignore'
[0.237s] [34mcolcon.colcon_core.package_identification[0m [1;30mLevel 1[0m _identify(roslibjs-tutorial/2wheelrobot_simulation/ws_2wheelsrobot/src) by extension 'ignore_ament_install'
[0.237s] [34mcolcon.colcon_core.package_identification[0m [1;30mLevel 1[0m _identify(roslibjs-tutorial/2wheelrobot_simulation/ws_2wheelsrobot/src) by extensions ['colcon_pkg']
[0.237s] [34mcolcon.colcon_core.package_identification[0m [1;30mLevel 1[0m _identify(roslibjs-tutorial/2wheelrobot_simulation/ws_2wheelsrobot/src) by extension 'colcon_pkg'
[0.238s] [34mcolcon.colcon_core.package_identification[0m [1;30mLevel 1[0m _identify(roslibjs-tutorial/2wheelrobot_simulation/ws_2wheelsrobot/src) by extensions ['colcon_meta']
[0.238s] [34mcolcon.colcon_core.package_identification[0m [1;30mLevel 1[0m _identify(roslibjs-tutorial/2wheelrobot_simulation/ws_2wheelsrobot/src) by extension 'colcon_meta'
[0.238s] [34mcolcon.colcon_core.package_identification[0m [1;30mLevel 1[0m _identify(roslibjs-tutorial/2wheelrobot_simulation/ws_2wheelsrobot/src) by extensions ['ros']
[0.238s] [34mcolcon.colcon_core.package_identification[0m [1;30mLevel 1[0m _identify(roslibjs-tutorial/2wheelrobot_simulation/ws_2wheelsrobot/src) by extension 'ros'
[0.238s] [34mcolcon.colcon_core.package_identification[0m [1;30mLevel 1[0m _identify(roslibjs-tutorial/2wheelrobot_simulation/ws_2wheelsrobot/src) by extensions ['cmake', 'python']
[0.238s] [34mcolcon.colcon_core.package_identification[0m [1;30mLevel 1[0m _identify(roslibjs-tutorial/2wheelrobot_simulation/ws_2wheelsrobot/src) by extension 'cmake'
[0.238s] [34mcolcon.colcon_core.package_identification[0m [1;30mLevel 1[0m _identify(roslibjs-tutorial/2wheelrobot_simulation/ws_2wheelsrobot/src) by extension 'python'
[0.238s] [34mcolcon.colcon_core.package_identification[0m [1;30mLevel 1[0m _identify(roslibjs-tutorial/2wheelrobot_simulation/ws_2wheelsrobot/src) by extensions ['python_setup_py']
[0.238s] [34mcolcon.colcon_core.package_identification[0m [1;30mLevel 1[0m _identify(roslibjs-tutorial/2wheelrobot_simulation/ws_2wheelsrobot/src) by extension 'python_setup_py'
[0.238s] [34mcolcon.colcon_core.package_identification[0m [1;30mLevel 1[0m _identify(roslibjs-tutorial/2wheelrobot_simulation/ws_2wheelsrobot/src/two-wheeled-robot-simulation) by extensions ['ignore', 'ignore_ament_install']
[0.239s] [34mcolcon.colcon_core.package_identification[0m [1;30mLevel 1[0m _identify(roslibjs-tutorial/2wheelrobot_simulation/ws_2wheelsrobot/src/two-wheeled-robot-simulation) by extension 'ignore'
[0.239s] [34mcolcon.colcon_core.package_identification[0m [1;30mLevel 1[0m _identify(roslibjs-tutorial/2wheelrobot_simulation/ws_2wheelsrobot/src/two-wheeled-robot-simulation) by extension 'ignore_ament_install'
[0.239s] [34mcolcon.colcon_core.package_identification[0m [1;30mLevel 1[0m _identify(roslibjs-tutorial/2wheelrobot_simulation/ws_2wheelsrobot/src/two-wheeled-robot-simulation) by extensions ['colcon_pkg']
[0.239s] [34mcolcon.colcon_core.package_identification[0m [1;30mLevel 1[0m _identify(roslibjs-tutorial/2wheelrobot_simulation/ws_2wheelsrobot/src/two-wheeled-robot-simulation) by extension 'colcon_pkg'
[0.239s] [34mcolcon.colcon_core.package_identification[0m [1;30mLevel 1[0m _identify(roslibjs-tutorial/2wheelrobot_simulation/ws_2wheelsrobot/src/two-wheeled-robot-simulation) by extensions ['colcon_meta']
[0.239s] [34mcolcon.colcon_core.package_identification[0m [1;30mLevel 1[0m _identify(roslibjs-tutorial/2wheelrobot_simulation/ws_2wheelsrobot/src/two-wheeled-robot-simulation) by extension 'colcon_meta'
[0.239s] [34mcolcon.colcon_core.package_identification[0m [1;30mLevel 1[0m _identify(roslibjs-tutorial/2wheelrobot_simulation/ws_2wheelsrobot/src/two-wheeled-robot-simulation) by extensions ['ros']
[0.239s] [34mcolcon.colcon_core.package_identification[0m [1;30mLevel 1[0m _identify(roslibjs-tutorial/2wheelrobot_simulation/ws_2wheelsrobot/src/two-wheeled-robot-simulation) by extension 'ros'
[0.239s] [34mcolcon.colcon_core.package_identification[0m [1;30mLevel 1[0m _identify(roslibjs-tutorial/2wheelrobot_simulation/ws_2wheelsrobot/src/two-wheeled-robot-simulation) by extensions ['cmake', 'python']
[0.240s] [34mcolcon.colcon_core.package_identification[0m [1;30mLevel 1[0m _identify(roslibjs-tutorial/2wheelrobot_simulation/ws_2wheelsrobot/src/two-wheeled-robot-simulation) by extension 'cmake'
[0.240s] [34mcolcon.colcon_core.package_identification[0m [1;30mLevel 1[0m _identify(roslibjs-tutorial/2wheelrobot_simulation/ws_2wheelsrobot/src/two-wheeled-robot-simulation) by extension 'python'
[0.240s] [34mcolcon.colcon_core.package_identification[0m [1;30mLevel 1[0m _identify(roslibjs-tutorial/2wheelrobot_simulation/ws_2wheelsrobot/src/two-wheeled-robot-simulation) by extensions ['python_setup_py']
[0.240s] [34mcolcon.colcon_core.package_identification[0m [1;30mLevel 1[0m _identify(roslibjs-tutorial/2wheelrobot_simulation/ws_2wheelsrobot/src/two-wheeled-robot-simulation) by extension 'python_setup_py'
[0.240s] [34mcolcon.colcon_core.package_identification[0m [1;30mLevel 1[0m _identify(roslibjs-tutorial/introduction) by extensions ['ignore', 'ignore_ament_install']
[0.240s] [34mcolcon.colcon_core.package_identification[0m [1;30mLevel 1[0m _identify(roslibjs-tutorial/introduction) by extension 'ignore'
[0.240s] [34mcolcon.colcon_core.package_identification[0m [1;30mLevel 1[0m _identify(roslibjs-tutorial/introduction) by extension 'ignore_ament_install'
[0.240s] [34mcolcon.colcon_core.package_identification[0m [1;30mLevel 1[0m _identify(roslibjs-tutorial/introduction) by extensions ['colcon_pkg']
[0.241s] [34mcolcon.colcon_core.package_identification[0m [1;30mLevel 1[0m _identify(roslibjs-tutorial/introduction) by extension 'colcon_pkg'
[0.241s] [34mcolcon.colcon_core.package_identification[0m [1;30mLevel 1[0m _identify(roslibjs-tutorial/introduction) by extensions ['colcon_meta']
[0.241s] [34mcolcon.colcon_core.package_identification[0m [1;30mLevel 1[0m _identify(roslibjs-tutorial/introduction) by extension 'colcon_meta'
[0.241s] [34mcolcon.colcon_core.package_identification[0m [1;30mLevel 1[0m _identify(roslibjs-tutorial/introduction) by extensions ['ros']
[0.241s] [34mcolcon.colcon_core.package_identification[0m [1;30mLevel 1[0m _identify(roslibjs-tutorial/introduction) by extension 'ros'
[0.241s] [34mcolcon.colcon_core.package_identification[0m [1;30mLevel 1[0m _identify(roslibjs-tutorial/introduction) by extensions ['cmake', 'python']
[0.241s] [34mcolcon.colcon_core.package_identification[0m [1;30mLevel 1[0m _identify(roslibjs-tutorial/introduction) by extension 'cmake'
[0.241s] [34mcolcon.colcon_core.package_identification[0m [1;30mLevel 1[0m _identify(roslibjs-tutorial/introduction) by extension 'python'
[0.241s] [34mcolcon.colcon_core.package_identification[0m [1;30mLevel 1[0m _identify(roslibjs-tutorial/introduction) by extensions ['python_setup_py']
[0.241s] [34mcolcon.colcon_core.package_identification[0m [1;30mLevel 1[0m _identify(roslibjs-tutorial/introduction) by extension 'python_setup_py'
[0.241s] [34mcolcon.colcon_core.package_identification[0m [1;30mLevel 1[0m _identify(roslibjs-tutorial/turtle_joystick) by extensions ['ignore', 'ignore_ament_install']
[0.242s] [34mcolcon.colcon_core.package_identification[0m [1;30mLevel 1[0m _identify(roslibjs-tutorial/turtle_joystick) by extension 'ignore'
[0.242s] [34mcolcon.colcon_core.package_identification[0m [1;30mLevel 1[0m _identify(roslibjs-tutorial/turtle_joystick) by extension 'ignore_ament_install'
[0.242s] [34mcolcon.colcon_core.package_identification[0m [1;30mLevel 1[0m _identify(roslibjs-tutorial/turtle_joystick) by extensions ['colcon_pkg']
[0.242s] [34mcolcon.colcon_core.package_identification[0m [1;30mLevel 1[0m _identify(roslibjs-tutorial/turtle_joystick) by extension 'colcon_pkg'
[0.242s] [34mcolcon.colcon_core.package_identification[0m [1;30mLevel 1[0m _identify(roslibjs-tutorial/turtle_joystick) by extensions ['colcon_meta']
[0.242s] [34mcolcon.colcon_core.package_identification[0m [1;30mLevel 1[0m _identify(roslibjs-tutorial/turtle_joystick) by extension 'colcon_meta'
[0.242s] [34mcolcon.colcon_core.package_identification[0m [1;30mLevel 1[0m _identify(roslibjs-tutorial/turtle_joystick) by extensions ['ros']
[0.242s] [34mcolcon.colcon_core.package_identification[0m [1;30mLevel 1[0m _identify(roslibjs-tutorial/turtle_joystick) by extension 'ros'
[0.242s] [34mcolcon.colcon_core.package_identification[0m [1;30mLevel 1[0m _identify(roslibjs-tutorial/turtle_joystick) by extensions ['cmake', 'python']
[0.242s] [34mcolcon.colcon_core.package_identification[0m [1;30mLevel 1[0m _identify(roslibjs-tutorial/turtle_joystick) by extension 'cmake'
[0.242s] [34mcolcon.colcon_core.package_identification[0m [1;30mLevel 1[0m _identify(roslibjs-tutorial/turtle_joystick) by extension 'python'
[0.242s] [34mcolcon.colcon_core.package_identification[0m [1;30mLevel 1[0m _identify(roslibjs-tutorial/turtle_joystick) by extensions ['python_setup_py']
[0.243s] [34mcolcon.colcon_core.package_identification[0m [1;30mLevel 1[0m _identify(roslibjs-tutorial/turtle_joystick) by extension 'python_setup_py'
[0.243s] [34mcolcon.colcon_core.package_identification[0m [1;30mLevel 1[0m _identify(src) by extensions ['ignore', 'ignore_ament_install']
[0.243s] [34mcolcon.colcon_core.package_identification[0m [1;30mLevel 1[0m _identify(src) by extension 'ignore'
[0.243s] [34mcolcon.colcon_core.package_identification[0m [1;30mLevel 1[0m _identify(src) by extension 'ignore_ament_install'
[0.243s] [34mcolcon.colcon_core.package_identification[0m [1;30mLevel 1[0m _identify(src) by extensions ['colcon_pkg']
[0.243s] [34mcolcon.colcon_core.package_identification[0m [1;30mLevel 1[0m _identify(src) by extension 'colcon_pkg'
[0.243s] [34mcolcon.colcon_core.package_identification[0m [1;30mLevel 1[0m _identify(src) by extensions ['colcon_meta']
[0.243s] [34mcolcon.colcon_core.package_identification[0m [1;30mLevel 1[0m _identify(src) by extension 'colcon_meta'
[0.243s] [34mcolcon.colcon_core.package_identification[0m [1;30mLevel 1[0m _identify(src) by extensions ['ros']
[0.243s] [34mcolcon.colcon_core.package_identification[0m [1;30mLevel 1[0m _identify(src) by extension 'ros'
[0.244s] [34mcolcon.colcon_core.package_identification[0m [1;30mLevel 1[0m _identify(src) by extensions ['cmake', 'python']
[0.244s] [34mcolcon.colcon_core.package_identification[0m [1;30mLevel 1[0m _identify(src) by extension 'cmake'
[0.244s] [34mcolcon.colcon_core.package_identification[0m [1;30mLevel 1[0m _identify(src) by extension 'python'
[0.244s] [34mcolcon.colcon_core.package_identification[0m [1;30mLevel 1[0m _identify(src) by extensions ['python_setup_py']
[0.244s] [34mcolcon.colcon_core.package_identification[0m [1;30mLevel 1[0m _identify(src) by extension 'python_setup_py'
[0.244s] [34mcolcon.colcon_core.package_identification[0m [1;30mLevel 1[0m _identify(src/wrg_core) by extensions ['ignore', 'ignore_ament_install']
[0.244s] [34mcolcon.colcon_core.package_identification[0m [1;30mLevel 1[0m _identify(src/wrg_core) by extension 'ignore'
[0.244s] [34mcolcon.colcon_core.package_identification[0m [1;30mLevel 1[0m _identify(src/wrg_core) by extension 'ignore_ament_install'
[0.244s] [34mcolcon.colcon_core.package_identification[0m [1;30mLevel 1[0m _identify(src/wrg_core) by extensions ['colcon_pkg']
[0.244s] [34mcolcon.colcon_core.package_identification[0m [1;30mLevel 1[0m _identify(src/wrg_core) by extension 'colcon_pkg'
[0.244s] [34mcolcon.colcon_core.package_identification[0m [1;30mLevel 1[0m _identify(src/wrg_core) by extensions ['colcon_meta']
[0.245s] [34mcolcon.colcon_core.package_identification[0m [1;30mLevel 1[0m _identify(src/wrg_core) by extension 'colcon_meta'
[0.245s] [34mcolcon.colcon_core.package_identification[0m [1;30mLevel 1[0m _identify(src/wrg_core) by extensions ['ros']
[0.245s] [34mcolcon.colcon_core.package_identification[0m [1;30mLevel 1[0m _identify(src/wrg_core) by extension 'ros'
[0.246s] [34mcolcon.colcon_core.package_identification[0m [1;30mDEBUG[0m [32mPackage 'src/wrg_core' with type 'ros.ament_cmake' and name 'wrg_core'[0m
[0.246s] [34mcolcon.colcon_core.package_discovery[0m [1;30mLevel 1[0m discover_packages(recursive) using defaults
[0.246s] [34mcolcon.colcon_core.package_discovery[0m [1;30mLevel 1[0m discover_packages(ignore) discover
[0.246s] [34mcolcon.colcon_core.package_discovery[0m [1;30mLevel 1[0m discover_packages(ignore) using defaults
[0.246s] [34mcolcon.colcon_core.package_discovery[0m [1;30mLevel 1[0m discover_packages(path) discover
[0.246s] [34mcolcon.colcon_core.package_discovery[0m [1;30mLevel 1[0m discover_packages(path) using defaults
[0.264s] [34mcolcon.colcon_core.package_discovery[0m [1;30mLevel 1[0m discover_packages(prefix_path) check parameters
[0.264s] [34mcolcon.colcon_core.package_discovery[0m [1;30mLevel 1[0m discover_packages(prefix_path) discover
[0.266s] [34mcolcon.colcon_installed_package_information.package_discovery[0m [1;30mDEBUG[0m [32mFound 1 installed packages in /home/mannaja/wrg2024_turtlebot3_ws/install[0m
[0.267s] [34mcolcon.colcon_installed_package_information.package_discovery[0m [1;30mDEBUG[0m [32mFound 15 installed packages in /home/mannaja/turtlebot3_ws/install[0m
[0.268s] [34mcolcon.colcon_installed_package_information.package_discovery[0m [1;30mDEBUG[0m [32mFound 3 installed packages in /home/mannaja/microros_ws/install[0m
[0.268s] [34mcolcon.colcon_installed_package_information.package_discovery[0m [1;30mDEBUG[0m [32mFound 2 installed packages in /home/mannaja/coding/project/python_minecraftDetectMob_andSendDataToRos2/ros2_ws/install[0m
[0.268s] [34mcolcon.colcon_installed_package_information.package_discovery[0m [1;30mDEBUG[0m [32mFound 1 installed packages in /home/mannaja/coding/project/ABU2024_Manual/robot_ws/install[0m
[0.270s] [34mcolcon.colcon_installed_package_information.package_discovery[0m [1;30mDEBUG[0m [32mFound 361 installed packages in /opt/ros/humble[0m
[0.271s] [34mcolcon.colcon_core.package_discovery[0m [1;30mLevel 1[0m discover_packages(prefix_path) using defaults
[0.322s] [34mcolcon.colcon_core.verb[0m [1;30mLevel 5[0m set package 'catkin_tools_prebuild' build argument 'cmake_args' from command line to 'None'
[0.322s] [34mcolcon.colcon_core.verb[0m [1;30mLevel 5[0m set package 'catkin_tools_prebuild' build argument 'cmake_target' from command line to 'None'
[0.322s] [34mcolcon.colcon_core.verb[0m [1;30mLevel 5[0m set package 'catkin_tools_prebuild' build argument 'cmake_target_skip_unavailable' from command line to 'False'
[0.322s] [34mcolcon.colcon_core.verb[0m [1;30mLevel 5[0m set package 'catkin_tools_prebuild' build argument 'cmake_clean_cache' from command line to 'False'
[0.322s] [34mcolcon.colcon_core.verb[0m [1;30mLevel 5[0m set package 'catkin_tools_prebuild' build argument 'cmake_clean_first' from command line to 'False'
[0.322s] [34mcolcon.colcon_core.verb[0m [1;30mLevel 5[0m set package 'catkin_tools_prebuild' build argument 'cmake_force_configure' from command line to 'False'
[0.322s] [34mcolcon.colcon_core.verb[0m [1;30mLevel 5[0m set package 'catkin_tools_prebuild' build argument 'ament_cmake_args' from command line to 'None'
[0.322s] [34mcolcon.colcon_core.verb[0m [1;30mLevel 5[0m set package 'catkin_tools_prebuild' build argument 'catkin_cmake_args' from command line to 'None'
[0.322s] [34mcolcon.colcon_core.verb[0m [1;30mLevel 5[0m set package 'catkin_tools_prebuild' build argument 'catkin_skip_building_tests' from command line to 'False'
[0.322s] [34mcolcon.colcon_core.verb[0m [1;30mDEBUG[0m [32mBuilding package 'catkin_tools_prebuild' with the following arguments: {'ament_cmake_args': None, 'build_base': '/home/mannaja/wrg2024_turtlebot3_ws/build/catkin_tools_prebuild', 'catkin_cmake_args': None, 'catkin_skip_building_tests': False, 'cmake_args': None, 'cmake_clean_cache': False, 'cmake_clean_first': False, 'cmake_force_configure': False, 'cmake_target': None, 'cmake_target_skip_unavailable': False, 'install_base': '/home/mannaja/wrg2024_turtlebot3_ws/install/catkin_tools_prebuild', 'merge_install': False, 'path': '/home/mannaja/wrg2024_turtlebot3_ws/roslibjs-tutorial/2wheelrobot_simulation/ws_2wheelsrobot/build/catkin_tools_prebuild', 'symlink_install': False, 'test_result_base': None}[0m
[0.323s] [34mcolcon.colcon_core.verb[0m [1;30mLevel 5[0m set package 'wrg_core' build argument 'cmake_args' from command line to 'None'
[0.323s] [34mcolcon.colcon_core.verb[0m [1;30mLevel 5[0m set package 'wrg_core' build argument 'cmake_target' from command line to 'None'
[0.323s] [34mcolcon.colcon_core.verb[0m [1;30mLevel 5[0m set package 'wrg_core' build argument 'cmake_target_skip_unavailable' from command line to 'False'
[0.323s] [34mcolcon.colcon_core.verb[0m [1;30mLevel 5[0m set package 'wrg_core' build argument 'cmake_clean_cache' from command line to 'False'
[0.323s] [34mcolcon.colcon_core.verb[0m [1;30mLevel 5[0m set package 'wrg_core' build argument 'cmake_clean_first' from command line to 'False'
[0.323s] [34mcolcon.colcon_core.verb[0m [1;30mLevel 5[0m set package 'wrg_core' build argument 'cmake_force_configure' from command line to 'False'
[0.323s] [34mcolcon.colcon_core.verb[0m [1;30mLevel 5[0m set package 'wrg_core' build argument 'ament_cmake_args' from command line to 'None'
[0.323s] [34mcolcon.colcon_core.verb[0m [1;30mLevel 5[0m set package 'wrg_core' build argument 'catkin_cmake_args' from command line to 'None'
[0.323s] [34mcolcon.colcon_core.verb[0m [1;30mLevel 5[0m set package 'wrg_core' build argument 'catkin_skip_building_tests' from command line to 'False'
[0.323s] [34mcolcon.colcon_core.verb[0m [1;30mDEBUG[0m [32mBuilding package 'wrg_core' with the following arguments: {'ament_cmake_args': None, 'build_base': '/home/mannaja/wrg2024_turtlebot3_ws/build/wrg_core', 'catkin_cmake_args': None, 'catkin_skip_building_tests': False, 'cmake_args': None, 'cmake_clean_cache': False, 'cmake_clean_first': False, 'cmake_force_configure': False, 'cmake_target': None, 'cmake_target_skip_unavailable': False, 'install_base': '/home/mannaja/wrg2024_turtlebot3_ws/install/wrg_core', 'merge_install': False, 'path': '/home/mannaja/wrg2024_turtlebot3_ws/src/wrg_core', 'symlink_install': False, 'test_result_base': None}[0m
[0.324s] [34mcolcon.colcon_core.executor[0m [1;30mINFO[0m Executing jobs using 'parallel' executor
[0.324s] [34mcolcon.colcon_parallel_executor.executor.parallel[0m [1;30mDEBUG[0m [32mrun_until_complete[0m
[0.325s] [34mcolcon.colcon_ros.task.catkin.build[0m [1;30mINFO[0m Building ROS package in '/home/mannaja/wrg2024_turtlebot3_ws/roslibjs-tutorial/2wheelrobot_simulation/ws_2wheelsrobot/build/catkin_tools_prebuild' with build type 'catkin'
[0.325s] [34mcolcon.colcon_cmake.task.cmake.build[0m [1;30mINFO[0m Building CMake package in '/home/mannaja/wrg2024_turtlebot3_ws/roslibjs-tutorial/2wheelrobot_simulation/ws_2wheelsrobot/build/catkin_tools_prebuild'
[0.327s] [34mcolcon.colcon_core.plugin_system[0m [1;30mINFO[0m Skipping extension 'colcon_core.shell.bat': Not used on non-Windows systems
[0.328s] [34mcolcon.colcon_core.shell[0m [1;30mINFO[0m Skip shell extension 'powershell' for command environment: Not usable outside of PowerShell
[0.328s] [34mcolcon.colcon_core.shell[0m [1;30mDEBUG[0m [32mSkip shell extension 'dsv' for command environment[0m
[0.334s] [34mcolcon.colcon_ros.task.ament_cmake.build[0m [1;30mINFO[0m Building ROS package in '/home/mannaja/wrg2024_turtlebot3_ws/src/wrg_core' with build type 'ament_cmake'
[0.334s] [34mcolcon.colcon_cmake.task.cmake.build[0m [1;30mINFO[0m Building CMake package in '/home/mannaja/wrg2024_turtlebot3_ws/src/wrg_core'
[0.334s] [34mcolcon.colcon_core.shell[0m [1;30mINFO[0m Skip shell extension 'powershell' for command environment: Not usable outside of PowerShell
[0.334s] [34mcolcon.colcon_core.shell[0m [1;30mDEBUG[0m [32mSkip shell extension 'dsv' for command environment[0m
[0.342s] [34mcolcon.colcon_core.event_handler.log_command[0m [1;30mDEBUG[0m [32mInvoking command in '/home/mannaja/wrg2024_turtlebot3_ws/build/catkin_tools_prebuild': /home/mannaja/.local/bin/cmake /home/mannaja/wrg2024_turtlebot3_ws/roslibjs-tutorial/2wheelrobot_simulation/ws_2wheelsrobot/build/catkin_tools_prebuild -DCATKIN_INSTALL_INTO_PREFIX_ROOT=0 -DCMAKE_INSTALL_PREFIX=/home/mannaja/wrg2024_turtlebot3_ws/install/catkin_tools_prebuild[0m
[0.349s] [34mcolcon.colcon_core.event_handler.log_command[0m [1;30mDEBUG[0m [32mInvoking command in '/home/mannaja/wrg2024_turtlebot3_ws/build/wrg_core': CMAKE_PREFIX_PATH=${CMAKE_PREFIX_PATH}:/home/mannaja/turtlebot3_ws/install/turtlebot3_teleop:/home/mannaja/turtlebot3_ws/install/turtlebot3_example:/home/mannaja/coding/project/python_minecraftDetectMob_andSendDataToRos2/ros2_ws/install/pi_node:/home/mannaja/coding/project/python_minecraftDetectMob_andSendDataToRos2/ros2_ws/install/laptop_node:/home/mannaja/coding/project/ABU2024_Manual/robot_ws/install/robot_core:/opt/ros/humble /home/mannaja/.local/bin/cmake --build /home/mannaja/wrg2024_turtlebot3_ws/build/wrg_core -- -j12 -l12[0m
[0.433s] [34mcolcon.colcon_core.event_handler.log_command[0m [1;30mDEBUG[0m [32mInvoked command in '/home/mannaja/wrg2024_turtlebot3_ws/build/catkin_tools_prebuild' returned '1': /home/mannaja/.local/bin/cmake /home/mannaja/wrg2024_turtlebot3_ws/roslibjs-tutorial/2wheelrobot_simulation/ws_2wheelsrobot/build/catkin_tools_prebuild -DCATKIN_INSTALL_INTO_PREFIX_ROOT=0 -DCMAKE_INSTALL_PREFIX=/home/mannaja/wrg2024_turtlebot3_ws/install/catkin_tools_prebuild[0m
[1.122s] [34mcolcon.colcon_parallel_executor.executor.parallel[0m [1;30mDEBUG[0m [32mclosing loop[0m
[1.123s] [34mcolcon.colcon_parallel_executor.executor.parallel[0m [1;30mDEBUG[0m [32mloop closed[0m
[1.123s] [34mcolcon.colcon_parallel_executor.executor.parallel[0m [1;30mDEBUG[0m [32mrun_until_complete finished with 'argument of type 'NoneType' is not iterable'[0m
[1.123s] [34mcolcon.colcon_core.event_reactor[0m [1;30mDEBUG[0m [32mjoining thread[0m
[1.128s] [34mcolcon.colcon_core.plugin_system[0m [1;30mINFO[0m Skipping extension 'colcon_notification.desktop_notification.terminal_notifier': Not used on non-Darwin systems
[1.128s] [34mcolcon.colcon_core.plugin_system[0m [1;30mINFO[0m Skipping extension 'colcon_notification.desktop_notification.win32': Not used on non-Windows systems
[1.128s] [34mcolcon.colcon_notification.desktop_notification[0m [1;30mINFO[0m Sending desktop notification using 'notify2'
[1.140s] [34mcolcon.colcon_core.event_reactor[0m [1;30mDEBUG[0m [32mjoined thread[0m
[1.141s] [34mcolcon.colcon_core.shell[0m [1;30mINFO[0m Creating prefix script '/home/mannaja/wrg2024_turtlebot3_ws/install/local_setup.ps1'
[1.142s] [34mcolcon.colcon_core.shell[0m [1;30mINFO[0m Creating prefix util module '/home/mannaja/wrg2024_turtlebot3_ws/install/_local_setup_util_ps1.py'
[1.143s] [34mcolcon.colcon_core.shell[0m [1;30mINFO[0m Creating prefix chain script '/home/mannaja/wrg2024_turtlebot3_ws/install/setup.ps1'
[1.145s] [34mcolcon.colcon_core.shell[0m [1;30mINFO[0m Creating prefix script '/home/mannaja/wrg2024_turtlebot3_ws/install/local_setup.sh'
[1.146s] [34mcolcon.colcon_core.shell[0m [1;30mINFO[0m Creating prefix util module '/home/mannaja/wrg2024_turtlebot3_ws/install/_local_setup_util_sh.py'
[1.146s] [34mcolcon.colcon_core.shell[0m [1;30mINFO[0m Creating prefix chain script '/home/mannaja/wrg2024_turtlebot3_ws/install/setup.sh'
[1.149s] [34mcolcon.colcon_core.shell[0m [1;30mINFO[0m Creating prefix script '/home/mannaja/wrg2024_turtlebot3_ws/install/local_setup.bash'
[1.149s] [34mcolcon.colcon_core.shell[0m [1;30mINFO[0m Creating prefix chain script '/home/mannaja/wrg2024_turtlebot3_ws/install/setup.bash'
[1.151s] [34mcolcon.colcon_core.shell[0m [1;30mINFO[0m Creating prefix script '/home/mannaja/wrg2024_turtlebot3_ws/install/local_setup.zsh'
[1.152s] [34mcolcon.colcon_core.shell[0m [1;30mINFO[0m Creating prefix chain script '/home/mannaja/wrg2024_turtlebot3_ws/install/setup.zsh'
