[0.525s] Invoking command in '/home/mannaja/wrg2024_turtlebot3_ws/build/turtlebot3_fake_node': CMAKE_PREFIX_PATH=/home/mannaja/wrg2024_turtlebot3_ws/install/turtlebot3_msgs:/home/mannaja/wrg2024_turtlebot3_ws/install/turtlebot3:/home/mannaja/wrg2024_turtlebot3_ws/install/turtlebot3_simulations:/home/mannaja/wrg2024_turtlebot3_ws/install/turtlebot3_bringup:/home/mannaja/wrg2024_turtlebot3_ws/install/turtlebot3_node:/home/mannaja/wrg2024_turtlebot3_ws/install/turtlebot3_navigation2:/home/mannaja/wrg2024_turtlebot3_ws/install/turtlebot3_fake_node:/home/mannaja/wrg2024_turtlebot3_ws/install/turtlebot3_gazebo:/home/mannaja/wrg2024_turtlebot3_ws/install/turtlebot3_description:/home/mannaja/wrg2024_turtlebot3_ws/install/turtlebot3_cartographer:/home/mannaja/wrg2024_turtlebot3_ws/install/dynamixel_sdk_examples:/home/mannaja/wrg2024_turtlebot3_ws/install/dynamixel_sdk_custom_interfaces:/home/mannaja/wrg2024_turtlebot3_ws/install/dynamixel_sdk:/home/mannaja/turtlebot3_ws/install/turtlebot3:/home/mannaja/turtlebot3_ws/install/turtlebot3_simulations:/home/mannaja/turtlebot3_ws/install/turtlebot3_bringup:/home/mannaja/turtlebot3_ws/install/turtlebot3_node:/home/mannaja/turtlebot3_ws/install/turtlebot3_navigation2:/home/mannaja/turtlebot3_ws/install/turtlebot3_fake_node:/home/mannaja/turtlebot3_ws/install/turtlebot3_msgs:/home/mannaja/turtlebot3_ws/install/turtlebot3_gazebo:/home/mannaja/turtlebot3_ws/install/turtlebot3_description:/home/mannaja/turtlebot3_ws/install/turtlebot3_cartographer:/home/mannaja/turtlebot3_ws/install/dynamixel_sdk_examples:/home/mannaja/turtlebot3_ws/install/dynamixel_sdk_custom_interfaces:/home/mannaja/turtlebot3_ws/install/dynamixel_sdk:/home/mannaja/microros_ws/install/micro_ros_setup:/home/mannaja/microros_ws/install/micro_ros_agent:/home/mannaja/microros_ws/install/micro_ros_msgs:/home/mannaja/wrg2024_turtlebot3_ws/install/turtlebot3_teleop:/home/mannaja/wrg2024_turtlebot3_ws/install/turtlebot3_example:/home/mannaja/turtlebot3_ws/install/turtlebot3_teleop:/home/mannaja/turtlebot3_ws/install/turtlebot3_example:/home/mannaja/coding/project/python_minecraftDetectMob_andSendDataToRos2/ros2_ws/install/pi_node:/home/mannaja/coding/project/python_minecraftDetectMob_andSendDataToRos2/ros2_ws/install/laptop_node:/home/mannaja/coding/project/ABU2024_Manual/robot_ws/install/robot_core:/opt/ros/humble /home/mannaja/.local/bin/cmake /home/mannaja/wrg2024_turtlebot3_ws/src/turtlebot3_simulations/turtlebot3_fake_node -Wno-dev -DAMENT_CMAKE_SYMLINK_INSTALL=1 -DCMAKE_INSTALL_PREFIX=/home/mannaja/wrg2024_turtlebot3_ws/install/turtlebot3_fake_node
[0.802s] -- The C compiler identification is GNU 11.4.0
[0.944s] -- The CXX compiler identification is GNU 11.4.0
[0.971s] -- Detecting C compiler ABI info
[1.112s] -- Detecting C compiler ABI info - done
[1.159s] -- Check for working C compiler: /usr/bin/cc - skipped
[1.160s] -- Detecting C compile features
[1.161s] -- Detecting C compile features - done
[1.171s] -- Detecting CXX compiler ABI info
[1.340s] -- Detecting CXX compiler ABI info - done
[1.386s] -- Check for working CXX compiler: /usr/bin/c++ - skipped
[1.387s] -- Detecting CXX compile features
[1.388s] -- Detecting CXX compile features - done
[1.400s] -- Found ament_cmake: 1.3.9 (/opt/ros/humble/share/ament_cmake/cmake)
[1.835s] -- Found Python3: /usr/bin/python3 (found version "3.10.12") found components: Interpreter
[2.008s] -- Override CMake install command with custom implementation using symlinks instead of copying resources
[2.173s] -- Found geometry_msgs: 4.2.4 (/opt/ros/humble/share/geometry_msgs/cmake)
[2.347s] -- Found rosidl_generator_c: 3.1.5 (/opt/ros/humble/share/rosidl_generator_c/cmake)
[2.374s] -- Found rosidl_adapter: 3.1.5 (/opt/ros/humble/share/rosidl_adapter/cmake)
[2.418s] -- Found rosidl_generator_cpp: 3.1.5 (/opt/ros/humble/share/rosidl_generator_cpp/cmake)
[2.476s] -- Using all available rosidl_typesupport_c: rosidl_typesupport_fastrtps_c;rosidl_typesupport_introspection_c
[2.549s] -- Using all available rosidl_typesupport_cpp: rosidl_typesupport_fastrtps_cpp;rosidl_typesupport_introspection_cpp
[2.890s] -- Found nav_msgs: 4.2.4 (/opt/ros/humble/share/nav_msgs/cmake)
[3.136s] -- Found rclcpp: 16.0.9 (/opt/ros/humble/share/rclcpp/cmake)
[3.336s] -- Found rmw_implementation_cmake: 6.1.2 (/opt/ros/humble/share/rmw_implementation_cmake/cmake)
[3.355s] -- Found rmw_fastrtps_cpp: 6.2.6 (/opt/ros/humble/share/rmw_fastrtps_cpp/cmake)
[3.730s] -- Found OpenSSL: /usr/lib/x86_64-linux-gnu/libcrypto.so (found version "3.0.2")
[3.818s] -- Found FastRTPS: /opt/ros/humble/include
[3.963s] -- Using RMW implementation 'rmw_fastrtps_cpp' as default
[4.004s] -- Performing Test CMAKE_HAVE_LIBC_PTHREAD
[4.170s] -- Performing Test CMAKE_HAVE_LIBC_PTHREAD - Success
[4.175s] -- Found Threads: TRUE
[4.686s] -- Found sensor_msgs: 4.2.4 (/opt/ros/humble/share/sensor_msgs/cmake)
[4.978s] -- Found tf2: 0.25.7 (/opt/ros/humble/share/tf2/cmake)
[5.043s] -- Found tf2_msgs: 0.25.7 (/opt/ros/humble/share/tf2_msgs/cmake)
[5.554s] -- Found turtlebot3_msgs: 2.2.3 (/home/mannaja/wrg2024_turtlebot3_ws/install/turtlebot3_msgs/share/turtlebot3_msgs/cmake)
[6.088s] -- Configuring done (5.4s)
[6.212s] -- Generating done (0.1s)
[6.230s] -- Build files have been written to: /home/mannaja/wrg2024_turtlebot3_ws/build/turtlebot3_fake_node
[6.309s] Invoked command in '/home/mannaja/wrg2024_turtlebot3_ws/build/turtlebot3_fake_node' returned '0': CMAKE_PREFIX_PATH=/home/mannaja/wrg2024_turtlebot3_ws/install/turtlebot3_msgs:/home/mannaja/wrg2024_turtlebot3_ws/install/turtlebot3:/home/mannaja/wrg2024_turtlebot3_ws/install/turtlebot3_simulations:/home/mannaja/wrg2024_turtlebot3_ws/install/turtlebot3_bringup:/home/mannaja/wrg2024_turtlebot3_ws/install/turtlebot3_node:/home/mannaja/wrg2024_turtlebot3_ws/install/turtlebot3_navigation2:/home/mannaja/wrg2024_turtlebot3_ws/install/turtlebot3_fake_node:/home/mannaja/wrg2024_turtlebot3_ws/install/turtlebot3_gazebo:/home/mannaja/wrg2024_turtlebot3_ws/install/turtlebot3_description:/home/mannaja/wrg2024_turtlebot3_ws/install/turtlebot3_cartographer:/home/mannaja/wrg2024_turtlebot3_ws/install/dynamixel_sdk_examples:/home/mannaja/wrg2024_turtlebot3_ws/install/dynamixel_sdk_custom_interfaces:/home/mannaja/wrg2024_turtlebot3_ws/install/dynamixel_sdk:/home/mannaja/turtlebot3_ws/install/turtlebot3:/home/mannaja/turtlebot3_ws/install/turtlebot3_simulations:/home/mannaja/turtlebot3_ws/install/turtlebot3_bringup:/home/mannaja/turtlebot3_ws/install/turtlebot3_node:/home/mannaja/turtlebot3_ws/install/turtlebot3_navigation2:/home/mannaja/turtlebot3_ws/install/turtlebot3_fake_node:/home/mannaja/turtlebot3_ws/install/turtlebot3_msgs:/home/mannaja/turtlebot3_ws/install/turtlebot3_gazebo:/home/mannaja/turtlebot3_ws/install/turtlebot3_description:/home/mannaja/turtlebot3_ws/install/turtlebot3_cartographer:/home/mannaja/turtlebot3_ws/install/dynamixel_sdk_examples:/home/mannaja/turtlebot3_ws/install/dynamixel_sdk_custom_interfaces:/home/mannaja/turtlebot3_ws/install/dynamixel_sdk:/home/mannaja/microros_ws/install/micro_ros_setup:/home/mannaja/microros_ws/install/micro_ros_agent:/home/mannaja/microros_ws/install/micro_ros_msgs:/home/mannaja/wrg2024_turtlebot3_ws/install/turtlebot3_teleop:/home/mannaja/wrg2024_turtlebot3_ws/install/turtlebot3_example:/home/mannaja/turtlebot3_ws/install/turtlebot3_teleop:/home/mannaja/turtlebot3_ws/install/turtlebot3_example:/home/mannaja/coding/project/python_minecraftDetectMob_andSendDataToRos2/ros2_ws/install/pi_node:/home/mannaja/coding/project/python_minecraftDetectMob_andSendDataToRos2/ros2_ws/install/laptop_node:/home/mannaja/coding/project/ABU2024_Manual/robot_ws/install/robot_core:/opt/ros/humble /home/mannaja/.local/bin/cmake /home/mannaja/wrg2024_turtlebot3_ws/src/turtlebot3_simulations/turtlebot3_fake_node -Wno-dev -DAMENT_CMAKE_SYMLINK_INSTALL=1 -DCMAKE_INSTALL_PREFIX=/home/mannaja/wrg2024_turtlebot3_ws/install/turtlebot3_fake_node
[6.311s] Invoking command in '/home/mannaja/wrg2024_turtlebot3_ws/build/turtlebot3_fake_node': CMAKE_PREFIX_PATH=/home/mannaja/wrg2024_turtlebot3_ws/install/turtlebot3_msgs:/home/mannaja/wrg2024_turtlebot3_ws/install/turtlebot3:/home/mannaja/wrg2024_turtlebot3_ws/install/turtlebot3_simulations:/home/mannaja/wrg2024_turtlebot3_ws/install/turtlebot3_bringup:/home/mannaja/wrg2024_turtlebot3_ws/install/turtlebot3_node:/home/mannaja/wrg2024_turtlebot3_ws/install/turtlebot3_navigation2:/home/mannaja/wrg2024_turtlebot3_ws/install/turtlebot3_fake_node:/home/mannaja/wrg2024_turtlebot3_ws/install/turtlebot3_gazebo:/home/mannaja/wrg2024_turtlebot3_ws/install/turtlebot3_description:/home/mannaja/wrg2024_turtlebot3_ws/install/turtlebot3_cartographer:/home/mannaja/wrg2024_turtlebot3_ws/install/dynamixel_sdk_examples:/home/mannaja/wrg2024_turtlebot3_ws/install/dynamixel_sdk_custom_interfaces:/home/mannaja/wrg2024_turtlebot3_ws/install/dynamixel_sdk:/home/mannaja/turtlebot3_ws/install/turtlebot3:/home/mannaja/turtlebot3_ws/install/turtlebot3_simulations:/home/mannaja/turtlebot3_ws/install/turtlebot3_bringup:/home/mannaja/turtlebot3_ws/install/turtlebot3_node:/home/mannaja/turtlebot3_ws/install/turtlebot3_navigation2:/home/mannaja/turtlebot3_ws/install/turtlebot3_fake_node:/home/mannaja/turtlebot3_ws/install/turtlebot3_msgs:/home/mannaja/turtlebot3_ws/install/turtlebot3_gazebo:/home/mannaja/turtlebot3_ws/install/turtlebot3_description:/home/mannaja/turtlebot3_ws/install/turtlebot3_cartographer:/home/mannaja/turtlebot3_ws/install/dynamixel_sdk_examples:/home/mannaja/turtlebot3_ws/install/dynamixel_sdk_custom_interfaces:/home/mannaja/turtlebot3_ws/install/dynamixel_sdk:/home/mannaja/microros_ws/install/micro_ros_setup:/home/mannaja/microros_ws/install/micro_ros_agent:/home/mannaja/microros_ws/install/micro_ros_msgs:/home/mannaja/wrg2024_turtlebot3_ws/install/turtlebot3_teleop:/home/mannaja/wrg2024_turtlebot3_ws/install/turtlebot3_example:/home/mannaja/turtlebot3_ws/install/turtlebot3_teleop:/home/mannaja/turtlebot3_ws/install/turtlebot3_example:/home/mannaja/coding/project/python_minecraftDetectMob_andSendDataToRos2/ros2_ws/install/pi_node:/home/mannaja/coding/project/python_minecraftDetectMob_andSendDataToRos2/ros2_ws/install/laptop_node:/home/mannaja/coding/project/ABU2024_Manual/robot_ws/install/robot_core:/opt/ros/humble /home/mannaja/.local/bin/cmake --build /home/mannaja/wrg2024_turtlebot3_ws/build/turtlebot3_fake_node -- -j12 -l12
[6.618s] gmake[1]: Entering directory '/home/mannaja/wrg2024_turtlebot3_ws/build/turtlebot3_fake_node'
[6.706s] gmake[2]: Entering directory '/home/mannaja/wrg2024_turtlebot3_ws/build/turtlebot3_fake_node'
[6.721s] gmake[3]: Entering directory '/home/mannaja/wrg2024_turtlebot3_ws/build/turtlebot3_fake_node'
[6.758s] gmake[3]: Leaving directory '/home/mannaja/wrg2024_turtlebot3_ws/build/turtlebot3_fake_node'
[6.780s] gmake[3]: Entering directory '/home/mannaja/wrg2024_turtlebot3_ws/build/turtlebot3_fake_node'
[6.829s] [ 50%] [32mBuilding CXX object CMakeFiles/turtlebot3_fake_node.dir/src/turtlebot3_fake_node.cpp.o[0m
[28.197s] [100%] [32m[1mLinking CXX executable turtlebot3_fake_node[0m
[29.044s] gmake[3]: Leaving directory '/home/mannaja/wrg2024_turtlebot3_ws/build/turtlebot3_fake_node'
[29.050s] [100%] Built target turtlebot3_fake_node
[29.051s] gmake[2]: Leaving directory '/home/mannaja/wrg2024_turtlebot3_ws/build/turtlebot3_fake_node'
[29.062s] gmake[1]: Leaving directory '/home/mannaja/wrg2024_turtlebot3_ws/build/turtlebot3_fake_node'
[29.086s] Invoked command in '/home/mannaja/wrg2024_turtlebot3_ws/build/turtlebot3_fake_node' returned '0': CMAKE_PREFIX_PATH=/home/mannaja/wrg2024_turtlebot3_ws/install/turtlebot3_msgs:/home/mannaja/wrg2024_turtlebot3_ws/install/turtlebot3:/home/mannaja/wrg2024_turtlebot3_ws/install/turtlebot3_simulations:/home/mannaja/wrg2024_turtlebot3_ws/install/turtlebot3_bringup:/home/mannaja/wrg2024_turtlebot3_ws/install/turtlebot3_node:/home/mannaja/wrg2024_turtlebot3_ws/install/turtlebot3_navigation2:/home/mannaja/wrg2024_turtlebot3_ws/install/turtlebot3_fake_node:/home/mannaja/wrg2024_turtlebot3_ws/install/turtlebot3_gazebo:/home/mannaja/wrg2024_turtlebot3_ws/install/turtlebot3_description:/home/mannaja/wrg2024_turtlebot3_ws/install/turtlebot3_cartographer:/home/mannaja/wrg2024_turtlebot3_ws/install/dynamixel_sdk_examples:/home/mannaja/wrg2024_turtlebot3_ws/install/dynamixel_sdk_custom_interfaces:/home/mannaja/wrg2024_turtlebot3_ws/install/dynamixel_sdk:/home/mannaja/turtlebot3_ws/install/turtlebot3:/home/mannaja/turtlebot3_ws/install/turtlebot3_simulations:/home/mannaja/turtlebot3_ws/install/turtlebot3_bringup:/home/mannaja/turtlebot3_ws/install/turtlebot3_node:/home/mannaja/turtlebot3_ws/install/turtlebot3_navigation2:/home/mannaja/turtlebot3_ws/install/turtlebot3_fake_node:/home/mannaja/turtlebot3_ws/install/turtlebot3_msgs:/home/mannaja/turtlebot3_ws/install/turtlebot3_gazebo:/home/mannaja/turtlebot3_ws/install/turtlebot3_description:/home/mannaja/turtlebot3_ws/install/turtlebot3_cartographer:/home/mannaja/turtlebot3_ws/install/dynamixel_sdk_examples:/home/mannaja/turtlebot3_ws/install/dynamixel_sdk_custom_interfaces:/home/mannaja/turtlebot3_ws/install/dynamixel_sdk:/home/mannaja/microros_ws/install/micro_ros_setup:/home/mannaja/microros_ws/install/micro_ros_agent:/home/mannaja/microros_ws/install/micro_ros_msgs:/home/mannaja/wrg2024_turtlebot3_ws/install/turtlebot3_teleop:/home/mannaja/wrg2024_turtlebot3_ws/install/turtlebot3_example:/home/mannaja/turtlebot3_ws/install/turtlebot3_teleop:/home/mannaja/turtlebot3_ws/install/turtlebot3_example:/home/mannaja/coding/project/python_minecraftDetectMob_andSendDataToRos2/ros2_ws/install/pi_node:/home/mannaja/coding/project/python_minecraftDetectMob_andSendDataToRos2/ros2_ws/install/laptop_node:/home/mannaja/coding/project/ABU2024_Manual/robot_ws/install/robot_core:/opt/ros/humble /home/mannaja/.local/bin/cmake --build /home/mannaja/wrg2024_turtlebot3_ws/build/turtlebot3_fake_node -- -j12 -l12
[29.267s] Invoking command in '/home/mannaja/wrg2024_turtlebot3_ws/build/turtlebot3_fake_node': CMAKE_PREFIX_PATH=/home/mannaja/wrg2024_turtlebot3_ws/install/turtlebot3_msgs:/home/mannaja/wrg2024_turtlebot3_ws/install/turtlebot3:/home/mannaja/wrg2024_turtlebot3_ws/install/turtlebot3_simulations:/home/mannaja/wrg2024_turtlebot3_ws/install/turtlebot3_bringup:/home/mannaja/wrg2024_turtlebot3_ws/install/turtlebot3_node:/home/mannaja/wrg2024_turtlebot3_ws/install/turtlebot3_navigation2:/home/mannaja/wrg2024_turtlebot3_ws/install/turtlebot3_fake_node:/home/mannaja/wrg2024_turtlebot3_ws/install/turtlebot3_gazebo:/home/mannaja/wrg2024_turtlebot3_ws/install/turtlebot3_description:/home/mannaja/wrg2024_turtlebot3_ws/install/turtlebot3_cartographer:/home/mannaja/wrg2024_turtlebot3_ws/install/dynamixel_sdk_examples:/home/mannaja/wrg2024_turtlebot3_ws/install/dynamixel_sdk_custom_interfaces:/home/mannaja/wrg2024_turtlebot3_ws/install/dynamixel_sdk:/home/mannaja/turtlebot3_ws/install/turtlebot3:/home/mannaja/turtlebot3_ws/install/turtlebot3_simulations:/home/mannaja/turtlebot3_ws/install/turtlebot3_bringup:/home/mannaja/turtlebot3_ws/install/turtlebot3_node:/home/mannaja/turtlebot3_ws/install/turtlebot3_navigation2:/home/mannaja/turtlebot3_ws/install/turtlebot3_fake_node:/home/mannaja/turtlebot3_ws/install/turtlebot3_msgs:/home/mannaja/turtlebot3_ws/install/turtlebot3_gazebo:/home/mannaja/turtlebot3_ws/install/turtlebot3_description:/home/mannaja/turtlebot3_ws/install/turtlebot3_cartographer:/home/mannaja/turtlebot3_ws/install/dynamixel_sdk_examples:/home/mannaja/turtlebot3_ws/install/dynamixel_sdk_custom_interfaces:/home/mannaja/turtlebot3_ws/install/dynamixel_sdk:/home/mannaja/microros_ws/install/micro_ros_setup:/home/mannaja/microros_ws/install/micro_ros_agent:/home/mannaja/microros_ws/install/micro_ros_msgs:/home/mannaja/wrg2024_turtlebot3_ws/install/turtlebot3_teleop:/home/mannaja/wrg2024_turtlebot3_ws/install/turtlebot3_example:/home/mannaja/turtlebot3_ws/install/turtlebot3_teleop:/home/mannaja/turtlebot3_ws/install/turtlebot3_example:/home/mannaja/coding/project/python_minecraftDetectMob_andSendDataToRos2/ros2_ws/install/pi_node:/home/mannaja/coding/project/python_minecraftDetectMob_andSendDataToRos2/ros2_ws/install/laptop_node:/home/mannaja/coding/project/ABU2024_Manual/robot_ws/install/robot_core:/opt/ros/humble /home/mannaja/.local/bin/cmake --install /home/mannaja/wrg2024_turtlebot3_ws/build/turtlebot3_fake_node
[29.374s] -- Install configuration: ""
[29.374s] -- Execute custom install script
[29.374s] -- Symlinking: /home/mannaja/wrg2024_turtlebot3_ws/install/turtlebot3_fake_node/lib/turtlebot3_fake_node/turtlebot3_fake_node
[29.379s] -- Symlinking: /home/mannaja/wrg2024_turtlebot3_ws/install/turtlebot3_fake_node/share/turtlebot3_fake_node/launch/rviz2.launch.py
[29.383s] -- Symlinking: /home/mannaja/wrg2024_turtlebot3_ws/install/turtlebot3_fake_node/share/turtlebot3_fake_node/launch/turtlebot3_fake_node.launch.py
[29.387s] -- Symlinking: /home/mannaja/wrg2024_turtlebot3_ws/install/turtlebot3_fake_node/share/turtlebot3_fake_node/param/burger.yaml
[29.391s] -- Symlinking: /home/mannaja/wrg2024_turtlebot3_ws/install/turtlebot3_fake_node/share/turtlebot3_fake_node/param/waffle.yaml
[29.394s] -- Symlinking: /home/mannaja/wrg2024_turtlebot3_ws/install/turtlebot3_fake_node/share/turtlebot3_fake_node/param/waffle_pi.yaml
[29.404s] -- Symlinking: /home/mannaja/wrg2024_turtlebot3_ws/install/turtlebot3_fake_node/include//turtlebot3_fake_node/turtlebot3_fake_node.hpp
[29.408s] -- Symlinking: /home/mannaja/wrg2024_turtlebot3_ws/install/turtlebot3_fake_node/share/ament_index/resource_index/package_run_dependencies/turtlebot3_fake_node
[29.412s] -- Symlinking: /home/mannaja/wrg2024_turtlebot3_ws/install/turtlebot3_fake_node/share/ament_index/resource_index/parent_prefix_path/turtlebot3_fake_node
[29.416s] -- Symlinking: /home/mannaja/wrg2024_turtlebot3_ws/install/turtlebot3_fake_node/share/turtlebot3_fake_node/environment/ament_prefix_path.sh
[29.420s] -- Symlinking: /home/mannaja/wrg2024_turtlebot3_ws/install/turtlebot3_fake_node/share/turtlebot3_fake_node/environment/ament_prefix_path.dsv
[29.426s] -- Symlinking: /home/mannaja/wrg2024_turtlebot3_ws/install/turtlebot3_fake_node/share/turtlebot3_fake_node/environment/path.sh
[29.431s] -- Symlinking: /home/mannaja/wrg2024_turtlebot3_ws/install/turtlebot3_fake_node/share/turtlebot3_fake_node/environment/path.dsv
[29.435s] -- Symlinking: /home/mannaja/wrg2024_turtlebot3_ws/install/turtlebot3_fake_node/share/turtlebot3_fake_node/local_setup.bash
[29.439s] -- Symlinking: /home/mannaja/wrg2024_turtlebot3_ws/install/turtlebot3_fake_node/share/turtlebot3_fake_node/local_setup.sh
[29.443s] -- Symlinking: /home/mannaja/wrg2024_turtlebot3_ws/install/turtlebot3_fake_node/share/turtlebot3_fake_node/local_setup.zsh
[29.448s] -- Symlinking: /home/mannaja/wrg2024_turtlebot3_ws/install/turtlebot3_fake_node/share/turtlebot3_fake_node/local_setup.dsv
[29.452s] -- Symlinking: /home/mannaja/wrg2024_turtlebot3_ws/install/turtlebot3_fake_node/share/turtlebot3_fake_node/package.dsv
[29.456s] -- Symlinking: /home/mannaja/wrg2024_turtlebot3_ws/install/turtlebot3_fake_node/share/ament_index/resource_index/packages/turtlebot3_fake_node
[29.460s] -- Symlinking: /home/mannaja/wrg2024_turtlebot3_ws/install/turtlebot3_fake_node/share/turtlebot3_fake_node/cmake/ament_cmake_export_include_directories-extras.cmake
[29.464s] -- Symlinking: /home/mannaja/wrg2024_turtlebot3_ws/install/turtlebot3_fake_node/share/turtlebot3_fake_node/cmake/ament_cmake_export_dependencies-extras.cmake
[29.469s] -- Symlinking: /home/mannaja/wrg2024_turtlebot3_ws/install/turtlebot3_fake_node/share/turtlebot3_fake_node/cmake/turtlebot3_fake_nodeConfig.cmake
[29.473s] -- Symlinking: /home/mannaja/wrg2024_turtlebot3_ws/install/turtlebot3_fake_node/share/turtlebot3_fake_node/cmake/turtlebot3_fake_nodeConfig-version.cmake
[29.478s] -- Symlinking: /home/mannaja/wrg2024_turtlebot3_ws/install/turtlebot3_fake_node/share/turtlebot3_fake_node/package.xml
[29.503s] Invoked command in '/home/mannaja/wrg2024_turtlebot3_ws/build/turtlebot3_fake_node' returned '0': CMAKE_PREFIX_PATH=/home/mannaja/wrg2024_turtlebot3_ws/install/turtlebot3_msgs:/home/mannaja/wrg2024_turtlebot3_ws/install/turtlebot3:/home/mannaja/wrg2024_turtlebot3_ws/install/turtlebot3_simulations:/home/mannaja/wrg2024_turtlebot3_ws/install/turtlebot3_bringup:/home/mannaja/wrg2024_turtlebot3_ws/install/turtlebot3_node:/home/mannaja/wrg2024_turtlebot3_ws/install/turtlebot3_navigation2:/home/mannaja/wrg2024_turtlebot3_ws/install/turtlebot3_fake_node:/home/mannaja/wrg2024_turtlebot3_ws/install/turtlebot3_gazebo:/home/mannaja/wrg2024_turtlebot3_ws/install/turtlebot3_description:/home/mannaja/wrg2024_turtlebot3_ws/install/turtlebot3_cartographer:/home/mannaja/wrg2024_turtlebot3_ws/install/dynamixel_sdk_examples:/home/mannaja/wrg2024_turtlebot3_ws/install/dynamixel_sdk_custom_interfaces:/home/mannaja/wrg2024_turtlebot3_ws/install/dynamixel_sdk:/home/mannaja/turtlebot3_ws/install/turtlebot3:/home/mannaja/turtlebot3_ws/install/turtlebot3_simulations:/home/mannaja/turtlebot3_ws/install/turtlebot3_bringup:/home/mannaja/turtlebot3_ws/install/turtlebot3_node:/home/mannaja/turtlebot3_ws/install/turtlebot3_navigation2:/home/mannaja/turtlebot3_ws/install/turtlebot3_fake_node:/home/mannaja/turtlebot3_ws/install/turtlebot3_msgs:/home/mannaja/turtlebot3_ws/install/turtlebot3_gazebo:/home/mannaja/turtlebot3_ws/install/turtlebot3_description:/home/mannaja/turtlebot3_ws/install/turtlebot3_cartographer:/home/mannaja/turtlebot3_ws/install/dynamixel_sdk_examples:/home/mannaja/turtlebot3_ws/install/dynamixel_sdk_custom_interfaces:/home/mannaja/turtlebot3_ws/install/dynamixel_sdk:/home/mannaja/microros_ws/install/micro_ros_setup:/home/mannaja/microros_ws/install/micro_ros_agent:/home/mannaja/microros_ws/install/micro_ros_msgs:/home/mannaja/wrg2024_turtlebot3_ws/install/turtlebot3_teleop:/home/mannaja/wrg2024_turtlebot3_ws/install/turtlebot3_example:/home/mannaja/turtlebot3_ws/install/turtlebot3_teleop:/home/mannaja/turtlebot3_ws/install/turtlebot3_example:/home/mannaja/coding/project/python_minecraftDetectMob_andSendDataToRos2/ros2_ws/install/pi_node:/home/mannaja/coding/project/python_minecraftDetectMob_andSendDataToRos2/ros2_ws/install/laptop_node:/home/mannaja/coding/project/ABU2024_Manual/robot_ws/install/robot_core:/opt/ros/humble /home/mannaja/.local/bin/cmake --install /home/mannaja/wrg2024_turtlebot3_ws/build/turtlebot3_fake_node
