[0.691s] DEBUG:colcon:Command line arguments: ['/usr/bin/colcon', 'build', '--symlink-install', '--cmake-args', '-Wno-dev', '--packages-select', 'wrg_core']
[0.692s] DEBUG:colcon:Parsed command line arguments: Namespace(log_base=None, log_level=None, verb_name='build', build_base='build', install_base='install', merge_install=False, symlink_install=True, test_result_base=None, continue_on_error=False, executor='parallel', parallel_workers=4, event_handlers=None, ignore_user_meta=False, metas=['./colcon.meta'], base_paths=['.'], packages_ignore=None, packages_ignore_regex=None, paths=None, packages_up_to=None, packages_up_to_regex=None, packages_above=None, packages_above_and_dependencies=None, packages_above_depth=None, packages_select_by_dep=None, packages_skip_by_dep=None, packages_skip_up_to=None, packages_select_build_failed=False, packages_skip_build_finished=False, packages_select_test_failures=False, packages_skip_test_passed=False, packages_select=['wrg_core'], packages_skip=None, packages_select_regex=None, packages_skip_regex=None, packages_start=None, packages_end=None, allow_overriding=[], cmake_args=['-Wno-dev'], cmake_target=None, cmake_target_skip_unavailable=False, cmake_clean_cache=False, cmake_clean_first=False, cmake_force_configure=False, ament_cmake_args=None, catkin_cmake_args=None, catkin_skip_building_tests=False, mixin_files=None, mixin=None, verb_parser=<colcon_mixin.mixin.mixin_argument.MixinArgumentDecorator object at 0xffff7e21e560>, verb_extension=<colcon_core.verb.build.BuildVerb object at 0xffff7e35ab90>, main=<bound method BuildVerb.main of <colcon_core.verb.build.BuildVerb object at 0xffff7e35ab90>>, mixin_verb=('build',))
[1.993s] Level 1:colcon.colcon_core.package_discovery:discover_packages(colcon_meta) check parameters
[1.994s] Level 1:colcon.colcon_core.package_discovery:discover_packages(recursive) check parameters
[1.994s] Level 1:colcon.colcon_core.package_discovery:discover_packages(ignore) check parameters
[1.994s] Level 1:colcon.colcon_core.package_discovery:discover_packages(path) check parameters
[1.995s] Level 1:colcon.colcon_core.package_discovery:discover_packages(colcon_meta) discover
[1.995s] Level 1:colcon.colcon_core.package_discovery:discover_packages(recursive) discover
[1.995s] INFO:colcon.colcon_core.package_discovery:Crawling recursively for packages in '/home/cmu/wrg2024_turtlebot3_ws/robot_ws'
[1.996s] Level 1:colcon.colcon_core.package_identification:_identify(.) by extensions ['ignore', 'ignore_ament_install']
[1.997s] Level 1:colcon.colcon_core.package_identification:_identify(.) by extension 'ignore'
[1.997s] Level 1:colcon.colcon_core.package_identification:_identify(.) by extension 'ignore_ament_install'
[1.997s] Level 1:colcon.colcon_core.package_identification:_identify(.) by extensions ['colcon_pkg']
[1.998s] Level 1:colcon.colcon_core.package_identification:_identify(.) by extension 'colcon_pkg'
[1.998s] Level 1:colcon.colcon_core.package_identification:_identify(.) by extensions ['colcon_meta']
[1.998s] Level 1:colcon.colcon_core.package_identification:_identify(.) by extension 'colcon_meta'
[1.998s] Level 1:colcon.colcon_core.package_identification:_identify(.) by extensions ['ros']
[1.998s] Level 1:colcon.colcon_core.package_identification:_identify(.) by extension 'ros'
[2.108s] Level 1:colcon.colcon_core.package_identification:_identify(.) by extensions ['cmake', 'python']
[2.108s] Level 1:colcon.colcon_core.package_identification:_identify(.) by extension 'cmake'
[2.109s] Level 1:colcon.colcon_core.package_identification:_identify(.) by extension 'python'
[2.109s] Level 1:colcon.colcon_core.package_identification:_identify(.) by extensions ['python_setup_py']
[2.109s] Level 1:colcon.colcon_core.package_identification:_identify(.) by extension 'python_setup_py'
[2.110s] Level 1:colcon.colcon_core.package_identification:_identify(build) by extensions ['ignore', 'ignore_ament_install']
[2.110s] Level 1:colcon.colcon_core.package_identification:_identify(build) by extension 'ignore'
[2.110s] Level 1:colcon.colcon_core.package_identification:_identify(build) ignored
[2.111s] Level 1:colcon.colcon_core.package_identification:_identify(install) by extensions ['ignore', 'ignore_ament_install']
[2.111s] Level 1:colcon.colcon_core.package_identification:_identify(install) by extension 'ignore'
[2.112s] Level 1:colcon.colcon_core.package_identification:_identify(install) ignored
[2.112s] Level 1:colcon.colcon_core.package_identification:_identify(log) by extensions ['ignore', 'ignore_ament_install']
[2.112s] Level 1:colcon.colcon_core.package_identification:_identify(log) by extension 'ignore'
[2.113s] Level 1:colcon.colcon_core.package_identification:_identify(log) ignored
[2.113s] Level 1:colcon.colcon_core.package_identification:_identify(src) by extensions ['ignore', 'ignore_ament_install']
[2.113s] Level 1:colcon.colcon_core.package_identification:_identify(src) by extension 'ignore'
[2.114s] Level 1:colcon.colcon_core.package_identification:_identify(src) by extension 'ignore_ament_install'
[2.114s] Level 1:colcon.colcon_core.package_identification:_identify(src) by extensions ['colcon_pkg']
[2.114s] Level 1:colcon.colcon_core.package_identification:_identify(src) by extension 'colcon_pkg'
[2.114s] Level 1:colcon.colcon_core.package_identification:_identify(src) by extensions ['colcon_meta']
[2.114s] Level 1:colcon.colcon_core.package_identification:_identify(src) by extension 'colcon_meta'
[2.115s] Level 1:colcon.colcon_core.package_identification:_identify(src) by extensions ['ros']
[2.115s] Level 1:colcon.colcon_core.package_identification:_identify(src) by extension 'ros'
[2.115s] Level 1:colcon.colcon_core.package_identification:_identify(src) by extensions ['cmake', 'python']
[2.115s] Level 1:colcon.colcon_core.package_identification:_identify(src) by extension 'cmake'
[2.115s] Level 1:colcon.colcon_core.package_identification:_identify(src) by extension 'python'
[2.116s] Level 1:colcon.colcon_core.package_identification:_identify(src) by extensions ['python_setup_py']
[2.116s] Level 1:colcon.colcon_core.package_identification:_identify(src) by extension 'python_setup_py'
[2.116s] Level 1:colcon.colcon_core.package_identification:_identify(src/wrg_core) by extensions ['ignore', 'ignore_ament_install']
[2.117s] Level 1:colcon.colcon_core.package_identification:_identify(src/wrg_core) by extension 'ignore'
[2.117s] Level 1:colcon.colcon_core.package_identification:_identify(src/wrg_core) by extension 'ignore_ament_install'
[2.117s] Level 1:colcon.colcon_core.package_identification:_identify(src/wrg_core) by extensions ['colcon_pkg']
[2.117s] Level 1:colcon.colcon_core.package_identification:_identify(src/wrg_core) by extension 'colcon_pkg'
[2.118s] Level 1:colcon.colcon_core.package_identification:_identify(src/wrg_core) by extensions ['colcon_meta']
[2.118s] Level 1:colcon.colcon_core.package_identification:_identify(src/wrg_core) by extension 'colcon_meta'
[2.118s] Level 1:colcon.colcon_core.package_identification:_identify(src/wrg_core) by extensions ['ros']
[2.118s] Level 1:colcon.colcon_core.package_identification:_identify(src/wrg_core) by extension 'ros'
[2.131s] DEBUG:colcon.colcon_core.package_identification:Package 'src/wrg_core' with type 'ros.ament_cmake' and name 'wrg_core'
[2.132s] Level 1:colcon.colcon_core.package_identification:_identify(src/wrg_turtlebot3_gazebo) by extensions ['ignore', 'ignore_ament_install']
[2.132s] Level 1:colcon.colcon_core.package_identification:_identify(src/wrg_turtlebot3_gazebo) by extension 'ignore'
[2.133s] Level 1:colcon.colcon_core.package_identification:_identify(src/wrg_turtlebot3_gazebo) by extension 'ignore_ament_install'
[2.133s] Level 1:colcon.colcon_core.package_identification:_identify(src/wrg_turtlebot3_gazebo) by extensions ['colcon_pkg']
[2.133s] Level 1:colcon.colcon_core.package_identification:_identify(src/wrg_turtlebot3_gazebo) by extension 'colcon_pkg'
[2.133s] Level 1:colcon.colcon_core.package_identification:_identify(src/wrg_turtlebot3_gazebo) by extensions ['colcon_meta']
[2.134s] Level 1:colcon.colcon_core.package_identification:_identify(src/wrg_turtlebot3_gazebo) by extension 'colcon_meta'
[2.134s] Level 1:colcon.colcon_core.package_identification:_identify(src/wrg_turtlebot3_gazebo) by extensions ['ros']
[2.134s] Level 1:colcon.colcon_core.package_identification:_identify(src/wrg_turtlebot3_gazebo) by extension 'ros'
[2.139s] DEBUG:colcon.colcon_core.package_identification:Package 'src/wrg_turtlebot3_gazebo' with type 'ros.ament_cmake' and name 'wrg_turtlebot3_gazebo'
[2.140s] Level 1:colcon.colcon_core.package_discovery:discover_packages(recursive) using defaults
[2.140s] Level 1:colcon.colcon_core.package_discovery:discover_packages(ignore) discover
[2.140s] Level 1:colcon.colcon_core.package_discovery:discover_packages(ignore) using defaults
[2.140s] Level 1:colcon.colcon_core.package_discovery:discover_packages(path) discover
[2.140s] Level 1:colcon.colcon_core.package_discovery:discover_packages(path) using defaults
[2.264s] INFO:colcon.colcon_core.package_selection:Skipping not selected package 'wrg_turtlebot3_gazebo' in 'src/wrg_turtlebot3_gazebo'
[2.268s] Level 1:colcon.colcon_core.package_discovery:discover_packages(prefix_path) check parameters
[2.269s] Level 1:colcon.colcon_core.package_discovery:discover_packages(prefix_path) discover
[2.288s] DEBUG:colcon.colcon_installed_package_information.package_discovery:Found 1 installed packages in /home/cmu/wrg2024_turtlebot3_ws/robot_ws/install
[2.292s] DEBUG:colcon.colcon_installed_package_information.package_discovery:Found 7 installed packages in /home/cmu/turtlebot3_ws/install
[2.295s] DEBUG:colcon.colcon_installed_package_information.package_discovery:Found 3 installed packages in /home/cmu/microros_ws/install
[2.306s] DEBUG:colcon.colcon_installed_package_information.package_discovery:Found 326 installed packages in /opt/ros/humble
[2.355s] Level 1:colcon.colcon_core.package_discovery:discover_packages(prefix_path) using defaults
[2.562s] Level 5:colcon.colcon_core.verb:set package 'wrg_core' build argument 'cmake_args' from command line to '['-Wno-dev']'
[2.563s] Level 5:colcon.colcon_core.verb:set package 'wrg_core' build argument 'cmake_target' from command line to 'None'
[2.563s] Level 5:colcon.colcon_core.verb:set package 'wrg_core' build argument 'cmake_target_skip_unavailable' from command line to 'False'
[2.563s] Level 5:colcon.colcon_core.verb:set package 'wrg_core' build argument 'cmake_clean_cache' from command line to 'False'
[2.563s] Level 5:colcon.colcon_core.verb:set package 'wrg_core' build argument 'cmake_clean_first' from command line to 'False'
[2.563s] Level 5:colcon.colcon_core.verb:set package 'wrg_core' build argument 'cmake_force_configure' from command line to 'False'
[2.563s] Level 5:colcon.colcon_core.verb:set package 'wrg_core' build argument 'ament_cmake_args' from command line to 'None'
[2.563s] Level 5:colcon.colcon_core.verb:set package 'wrg_core' build argument 'catkin_cmake_args' from command line to 'None'
[2.563s] Level 5:colcon.colcon_core.verb:set package 'wrg_core' build argument 'catkin_skip_building_tests' from command line to 'False'
[2.564s] DEBUG:colcon.colcon_core.verb:Building package 'wrg_core' with the following arguments: {'ament_cmake_args': None, 'build_base': '/home/cmu/wrg2024_turtlebot3_ws/robot_ws/build/wrg_core', 'catkin_cmake_args': None, 'catkin_skip_building_tests': False, 'cmake_args': ['-Wno-dev'], 'cmake_clean_cache': False, 'cmake_clean_first': False, 'cmake_force_configure': False, 'cmake_target': None, 'cmake_target_skip_unavailable': False, 'install_base': '/home/cmu/wrg2024_turtlebot3_ws/robot_ws/install/wrg_core', 'merge_install': False, 'path': '/home/cmu/wrg2024_turtlebot3_ws/robot_ws/src/wrg_core', 'symlink_install': True, 'test_result_base': None}
[2.564s] INFO:colcon.colcon_core.executor:Executing jobs using 'parallel' executor
[2.568s] DEBUG:colcon.colcon_parallel_executor.executor.parallel:run_until_complete
[2.569s] INFO:colcon.colcon_ros.task.ament_cmake.build:Building ROS package in '/home/cmu/wrg2024_turtlebot3_ws/robot_ws/src/wrg_core' with build type 'ament_cmake'
[2.569s] INFO:colcon.colcon_cmake.task.cmake.build:Building CMake package in '/home/cmu/wrg2024_turtlebot3_ws/robot_ws/src/wrg_core'
[2.589s] INFO:colcon.colcon_core.plugin_system:Skipping extension 'colcon_core.shell.bat': Not used on non-Windows systems
[2.590s] INFO:colcon.colcon_core.shell:Skip shell extension 'powershell' for command environment: Not usable outside of PowerShell
[2.590s] DEBUG:colcon.colcon_core.shell:Skip shell extension 'dsv' for command environment
[2.644s] DEBUG:colcon.colcon_core.event_handler.log_command:Invoking command in '/home/cmu/wrg2024_turtlebot3_ws/robot_ws/build/wrg_core': CMAKE_PREFIX_PATH=${CMAKE_PREFIX_PATH}:/home/cmu/turtlebot3_ws/install/turtlebot3_teleop:/home/cmu/turtlebot3_ws/install/turtlebot3_example:/opt/ros/humble /usr/bin/cmake --build /home/cmu/wrg2024_turtlebot3_ws/robot_ws/build/wrg_core -- -j4 -l4
[4.569s] DEBUG:colcon.colcon_core.event_handler.log_command:Invoked command in '/home/cmu/wrg2024_turtlebot3_ws/robot_ws/build/wrg_core' returned '0': CMAKE_PREFIX_PATH=${CMAKE_PREFIX_PATH}:/home/cmu/turtlebot3_ws/install/turtlebot3_teleop:/home/cmu/turtlebot3_ws/install/turtlebot3_example:/opt/ros/humble /usr/bin/cmake --build /home/cmu/wrg2024_turtlebot3_ws/robot_ws/build/wrg_core -- -j4 -l4
[4.751s] DEBUG:colcon.colcon_core.event_handler.log_command:Invoking command in '/home/cmu/wrg2024_turtlebot3_ws/robot_ws/build/wrg_core': CMAKE_PREFIX_PATH=${CMAKE_PREFIX_PATH}:/home/cmu/turtlebot3_ws/install/turtlebot3_teleop:/home/cmu/turtlebot3_ws/install/turtlebot3_example:/opt/ros/humble /usr/bin/cmake --install /home/cmu/wrg2024_turtlebot3_ws/robot_ws/build/wrg_core
[5.068s] Level 1:colcon.colcon_core.environment:create_environment_scripts_only(wrg_core)
[5.070s] DEBUG:colcon.colcon_core.event_handler.log_command:Invoked command in '/home/cmu/wrg2024_turtlebot3_ws/robot_ws/build/wrg_core' returned '0': CMAKE_PREFIX_PATH=${CMAKE_PREFIX_PATH}:/home/cmu/turtlebot3_ws/install/turtlebot3_teleop:/home/cmu/turtlebot3_ws/install/turtlebot3_example:/opt/ros/humble /usr/bin/cmake --install /home/cmu/wrg2024_turtlebot3_ws/robot_ws/build/wrg_core
[5.095s] Level 1:colcon.colcon_core.environment:checking '/home/cmu/wrg2024_turtlebot3_ws/robot_ws/install/wrg_core' for CMake module files
[5.100s] Level 1:colcon.colcon_core.environment:checking '/home/cmu/wrg2024_turtlebot3_ws/robot_ws/install/wrg_core' for CMake config files
[5.107s] Level 1:colcon.colcon_core.shell:create_environment_hook('wrg_core', 'cmake_prefix_path')
[5.108s] INFO:colcon.colcon_core.shell:Creating environment hook '/home/cmu/wrg2024_turtlebot3_ws/robot_ws/install/wrg_core/share/wrg_core/hook/cmake_prefix_path.ps1'
[5.112s] INFO:colcon.colcon_core.shell:Creating environment descriptor '/home/cmu/wrg2024_turtlebot3_ws/robot_ws/install/wrg_core/share/wrg_core/hook/cmake_prefix_path.dsv'
[5.115s] INFO:colcon.colcon_core.shell:Creating environment hook '/home/cmu/wrg2024_turtlebot3_ws/robot_ws/install/wrg_core/share/wrg_core/hook/cmake_prefix_path.sh'
[5.121s] Level 1:colcon.colcon_core.environment:checking '/home/cmu/wrg2024_turtlebot3_ws/robot_ws/install/wrg_core/lib'
[5.122s] Level 1:colcon.colcon_core.environment:checking '/home/cmu/wrg2024_turtlebot3_ws/robot_ws/install/wrg_core/bin'
[5.123s] Level 1:colcon.colcon_core.environment:checking '/home/cmu/wrg2024_turtlebot3_ws/robot_ws/install/wrg_core/lib/pkgconfig/wrg_core.pc'
[5.124s] Level 1:colcon.colcon_core.environment:checking '/home/cmu/wrg2024_turtlebot3_ws/robot_ws/install/wrg_core/lib/python3.10/site-packages'
[5.125s] Level 1:colcon.colcon_core.environment:checking '/home/cmu/wrg2024_turtlebot3_ws/robot_ws/install/wrg_core/bin'
[5.126s] INFO:colcon.colcon_core.shell:Creating package script '/home/cmu/wrg2024_turtlebot3_ws/robot_ws/install/wrg_core/share/wrg_core/package.ps1'
[5.131s] INFO:colcon.colcon_core.shell:Creating package descriptor '/home/cmu/wrg2024_turtlebot3_ws/robot_ws/install/wrg_core/share/wrg_core/package.dsv'
[5.136s] INFO:colcon.colcon_core.shell:Creating package script '/home/cmu/wrg2024_turtlebot3_ws/robot_ws/install/wrg_core/share/wrg_core/package.sh'
[5.140s] INFO:colcon.colcon_core.shell:Creating package script '/home/cmu/wrg2024_turtlebot3_ws/robot_ws/install/wrg_core/share/wrg_core/package.bash'
[5.147s] INFO:colcon.colcon_core.shell:Creating package script '/home/cmu/wrg2024_turtlebot3_ws/robot_ws/install/wrg_core/share/wrg_core/package.zsh'
[5.153s] Level 1:colcon.colcon_core.environment:create_file_with_runtime_dependencies(/home/cmu/wrg2024_turtlebot3_ws/robot_ws/install/wrg_core/share/colcon-core/packages/wrg_core)
[5.294s] Level 1:colcon.colcon_core.environment:create_environment_scripts_only(wrg_core)
[5.295s] Level 1:colcon.colcon_core.environment:checking '/home/cmu/wrg2024_turtlebot3_ws/robot_ws/install/wrg_core' for CMake module files
[5.299s] Level 1:colcon.colcon_core.environment:checking '/home/cmu/wrg2024_turtlebot3_ws/robot_ws/install/wrg_core' for CMake config files
[5.307s] Level 1:colcon.colcon_core.shell:create_environment_hook('wrg_core', 'cmake_prefix_path')
[5.308s] INFO:colcon.colcon_core.shell:Creating environment hook '/home/cmu/wrg2024_turtlebot3_ws/robot_ws/install/wrg_core/share/wrg_core/hook/cmake_prefix_path.ps1'
[5.310s] INFO:colcon.colcon_core.shell:Creating environment descriptor '/home/cmu/wrg2024_turtlebot3_ws/robot_ws/install/wrg_core/share/wrg_core/hook/cmake_prefix_path.dsv'
[5.312s] INFO:colcon.colcon_core.shell:Creating environment hook '/home/cmu/wrg2024_turtlebot3_ws/robot_ws/install/wrg_core/share/wrg_core/hook/cmake_prefix_path.sh'
[5.315s] Level 1:colcon.colcon_core.environment:checking '/home/cmu/wrg2024_turtlebot3_ws/robot_ws/install/wrg_core/lib'
[5.316s] Level 1:colcon.colcon_core.environment:checking '/home/cmu/wrg2024_turtlebot3_ws/robot_ws/install/wrg_core/bin'
[5.316s] Level 1:colcon.colcon_core.environment:checking '/home/cmu/wrg2024_turtlebot3_ws/robot_ws/install/wrg_core/lib/pkgconfig/wrg_core.pc'
[5.317s] Level 1:colcon.colcon_core.environment:checking '/home/cmu/wrg2024_turtlebot3_ws/robot_ws/install/wrg_core/lib/python3.10/site-packages'
[5.318s] Level 1:colcon.colcon_core.environment:checking '/home/cmu/wrg2024_turtlebot3_ws/robot_ws/install/wrg_core/bin'
[5.319s] INFO:colcon.colcon_core.shell:Creating package script '/home/cmu/wrg2024_turtlebot3_ws/robot_ws/install/wrg_core/share/wrg_core/package.ps1'
[5.322s] INFO:colcon.colcon_core.shell:Creating package descriptor '/home/cmu/wrg2024_turtlebot3_ws/robot_ws/install/wrg_core/share/wrg_core/package.dsv'
[5.325s] INFO:colcon.colcon_core.shell:Creating package script '/home/cmu/wrg2024_turtlebot3_ws/robot_ws/install/wrg_core/share/wrg_core/package.sh'
[5.328s] INFO:colcon.colcon_core.shell:Creating package script '/home/cmu/wrg2024_turtlebot3_ws/robot_ws/install/wrg_core/share/wrg_core/package.bash'
[5.331s] INFO:colcon.colcon_core.shell:Creating package script '/home/cmu/wrg2024_turtlebot3_ws/robot_ws/install/wrg_core/share/wrg_core/package.zsh'
[5.333s] Level 1:colcon.colcon_core.environment:create_file_with_runtime_dependencies(/home/cmu/wrg2024_turtlebot3_ws/robot_ws/install/wrg_core/share/colcon-core/packages/wrg_core)
[5.335s] DEBUG:colcon.colcon_parallel_executor.executor.parallel:closing loop
[5.336s] DEBUG:colcon.colcon_parallel_executor.executor.parallel:loop closed
[5.337s] DEBUG:colcon.colcon_parallel_executor.executor.parallel:run_until_complete finished with '0'
[5.337s] DEBUG:colcon.colcon_core.event_reactor:joining thread
[5.364s] INFO:colcon.colcon_core.plugin_system:Skipping extension 'colcon_notification.desktop_notification.terminal_notifier': Not used on non-Darwin systems
[5.364s] INFO:colcon.colcon_core.plugin_system:Skipping extension 'colcon_notification.desktop_notification.win32': Not used on non-Windows systems
[5.364s] INFO:colcon.colcon_notification.desktop_notification:Sending desktop notification using 'notify2'
[5.460s] DEBUG:colcon.colcon_notification.desktop_notification.notify2:Failed to initialize notify2: org.freedesktop.DBus.Error.ServiceUnknown: The name org.freedesktop.Notifications was not provided by any .service files
[5.461s] DEBUG:colcon.colcon_core.event_reactor:joined thread
[5.462s] INFO:colcon.colcon_core.shell:Creating prefix script '/home/cmu/wrg2024_turtlebot3_ws/robot_ws/install/local_setup.ps1'
[5.467s] INFO:colcon.colcon_core.shell:Creating prefix util module '/home/cmu/wrg2024_turtlebot3_ws/robot_ws/install/_local_setup_util_ps1.py'
[5.510s] INFO:colcon.colcon_core.shell:Creating prefix chain script '/home/cmu/wrg2024_turtlebot3_ws/robot_ws/install/setup.ps1'
[5.551s] INFO:colcon.colcon_core.shell:Creating prefix script '/home/cmu/wrg2024_turtlebot3_ws/robot_ws/install/local_setup.sh'
[5.589s] INFO:colcon.colcon_core.shell:Creating prefix util module '/home/cmu/wrg2024_turtlebot3_ws/robot_ws/install/_local_setup_util_sh.py'
[5.594s] INFO:colcon.colcon_core.shell:Creating prefix chain script '/home/cmu/wrg2024_turtlebot3_ws/robot_ws/install/setup.sh'
[5.618s] INFO:colcon.colcon_core.shell:Creating prefix script '/home/cmu/wrg2024_turtlebot3_ws/robot_ws/install/local_setup.bash'
[5.623s] INFO:colcon.colcon_core.shell:Creating prefix chain script '/home/cmu/wrg2024_turtlebot3_ws/robot_ws/install/setup.bash'
[5.633s] INFO:colcon.colcon_core.shell:Creating prefix script '/home/cmu/wrg2024_turtlebot3_ws/robot_ws/install/local_setup.zsh'
[5.637s] INFO:colcon.colcon_core.shell:Creating prefix chain script '/home/cmu/wrg2024_turtlebot3_ws/robot_ws/install/setup.zsh'
