[2.225s] Invoking command in '/home/mannaja/wrg2024_turtlebot3_ws/build/turtlebot3_teleop': PYTHONPATH=/home/mannaja/wrg2024_turtlebot3_ws/build/turtlebot3_teleop/prefix_override:/usr/lib/python3/dist-packages/colcon_core/task/python/colcon_distutils_commands:/home/mannaja/wrg2024_turtlebot3_ws/install/turtlebot3_teleop/lib/python3.10/site-packages:${PYTHONPATH} /usr/bin/python3 -W ignore:setup.py install is deprecated setup.py develop --editable --build-directory /home/mannaja/wrg2024_turtlebot3_ws/build/turtlebot3_teleop/build --no-deps symlink_data
[2.787s] running develop
[2.788s] /home/mannaja/.local/lib/python3.10/site-packages/setuptools/command/develop.py:42: EasyInstallDeprecationWarning: easy_install command is deprecated.
[2.789s] !!
[2.790s] 
[2.790s]         ********************************************************************************
[2.790s]         Please avoid running ``setup.py`` and ``easy_install``.
[2.790s]         Instead, use pypa/build, pypa/installer or other
[2.791s]         standards-based tools.
[2.791s] 
[2.791s]         See https://github.com/pypa/setuptools/issues/917 for details.
[2.791s]         ********************************************************************************
[2.792s] 
[2.792s] !!
[2.792s]   easy_install.initialize_options(self)
[3.412s] running egg_info
[3.450s] writing turtlebot3_teleop.egg-info/PKG-INFO
[3.455s] writing dependency_links to turtlebot3_teleop.egg-info/dependency_links.txt
[3.455s] writing entry points to turtlebot3_teleop.egg-info/entry_points.txt
[3.455s] writing requirements to turtlebot3_teleop.egg-info/requires.txt
[3.455s] writing top-level names to turtlebot3_teleop.egg-info/top_level.txt
[3.521s] reading manifest file 'turtlebot3_teleop.egg-info/SOURCES.txt'
[3.522s] writing manifest file 'turtlebot3_teleop.egg-info/SOURCES.txt'
[3.634s] running build_ext
[3.634s] Creating /home/mannaja/wrg2024_turtlebot3_ws/install/turtlebot3_teleop/lib/python3.10/site-packages/turtlebot3-teleop.egg-link (link to .)
[3.635s] Installing teleop_keyboard script to /home/mannaja/wrg2024_turtlebot3_ws/install/turtlebot3_teleop/lib/turtlebot3_teleop
[3.636s] 
[3.636s] Installed /home/mannaja/wrg2024_turtlebot3_ws/build/turtlebot3_teleop
[3.636s] running symlink_data
[3.688s] Invoked command in '/home/mannaja/wrg2024_turtlebot3_ws/build/turtlebot3_teleop' returned '0': PYTHONPATH=/home/mannaja/wrg2024_turtlebot3_ws/build/turtlebot3_teleop/prefix_override:/usr/lib/python3/dist-packages/colcon_core/task/python/colcon_distutils_commands:/home/mannaja/wrg2024_turtlebot3_ws/install/turtlebot3_teleop/lib/python3.10/site-packages:${PYTHONPATH} /usr/bin/python3 -W ignore:setup.py install is deprecated setup.py develop --editable --build-directory /home/mannaja/wrg2024_turtlebot3_ws/build/turtlebot3_teleop/build --no-deps symlink_data
