[0.063s] Invoking command in '/home/mannaja/wrg2024_turtlebot3_ws/build/dynamixel_sdk_custom_interfaces': CMAKE_PREFIX_PATH=${CMAKE_PREFIX_PATH}:/home/mannaja/wrg2024_turtlebot3_ws/install/turtlebot3_teleop:/home/mannaja/wrg2024_turtlebot3_ws/install/turtlebot3_example:/home/mannaja/turtlebot3_ws/install/turtlebot3_teleop:/home/mannaja/turtlebot3_ws/install/turtlebot3_example:/home/mannaja/coding/project/python_minecraftDetectMob_andSendDataToRos2/ros2_ws/install/pi_node:/home/mannaja/coding/project/python_minecraftDetectMob_andSendDataToRos2/ros2_ws/install/laptop_node:/home/mannaja/coding/project/ABU2024_Manual/robot_ws/install/robot_core:/opt/ros/humble /home/mannaja/.local/bin/cmake --build /home/mannaja/wrg2024_turtlebot3_ws/build/dynamixel_sdk_custom_interfaces -- -j12 -l12
[0.601s] gmake[1]: Entering directory '/home/mannaja/wrg2024_turtlebot3_ws/build/dynamixel_sdk_custom_interfaces'
[0.601s] gmake[2]: Entering directory '/home/mannaja/wrg2024_turtlebot3_ws/build/dynamixel_sdk_custom_interfaces'
[0.603s] gmake[3]: Entering directory '/home/mannaja/wrg2024_turtlebot3_ws/build/dynamixel_sdk_custom_interfaces'
[0.603s] gmake[3]: Entering directory '/home/mannaja/wrg2024_turtlebot3_ws/build/dynamixel_sdk_custom_interfaces'
[0.603s] gmake[3]: Entering directory '/home/mannaja/wrg2024_turtlebot3_ws/build/dynamixel_sdk_custom_interfaces'
[0.603s] gmake[3]: Leaving directory '/home/mannaja/wrg2024_turtlebot3_ws/build/dynamixel_sdk_custom_interfaces'
[0.603s] gmake[3]: Leaving directory '/home/mannaja/wrg2024_turtlebot3_ws/build/dynamixel_sdk_custom_interfaces'
[0.604s] gmake[3]: Entering directory '/home/mannaja/wrg2024_turtlebot3_ws/build/dynamixel_sdk_custom_interfaces'
[0.604s] gmake[3]: Leaving directory '/home/mannaja/wrg2024_turtlebot3_ws/build/dynamixel_sdk_custom_interfaces'
[0.604s] [  2%] Built target dynamixel_sdk_custom_interfaces__cpp
[0.604s] gmake[3]: Entering directory '/home/mannaja/wrg2024_turtlebot3_ws/build/dynamixel_sdk_custom_interfaces'
[0.604s] [ 12%] Built target dynamixel_sdk_custom_interfaces__rosidl_generator_c
[0.604s] gmake[3]: Leaving directory '/home/mannaja/wrg2024_turtlebot3_ws/build/dynamixel_sdk_custom_interfaces'
[0.604s] gmake[3]: Entering directory '/home/mannaja/wrg2024_turtlebot3_ws/build/dynamixel_sdk_custom_interfaces'
[0.605s] gmake[3]: Entering directory '/home/mannaja/wrg2024_turtlebot3_ws/build/dynamixel_sdk_custom_interfaces'
[0.605s] gmake[3]: Leaving directory '/home/mannaja/wrg2024_turtlebot3_ws/build/dynamixel_sdk_custom_interfaces'
[0.605s] gmake[3]: Entering directory '/home/mannaja/wrg2024_turtlebot3_ws/build/dynamixel_sdk_custom_interfaces'
[0.605s] gmake[3]: Entering directory '/home/mannaja/wrg2024_turtlebot3_ws/build/dynamixel_sdk_custom_interfaces'
[0.605s] [ 12%] Built target ament_cmake_python_symlink_dynamixel_sdk_custom_interfaces
[0.606s] gmake[3]: Leaving directory '/home/mannaja/wrg2024_turtlebot3_ws/build/dynamixel_sdk_custom_interfaces'
[0.606s] gmake[3]: Entering directory '/home/mannaja/wrg2024_turtlebot3_ws/build/dynamixel_sdk_custom_interfaces'
[0.606s] gmake[3]: Entering directory '/home/mannaja/wrg2024_turtlebot3_ws/build/dynamixel_sdk_custom_interfaces'
[0.606s] gmake[3]: Leaving directory '/home/mannaja/wrg2024_turtlebot3_ws/build/dynamixel_sdk_custom_interfaces'
[0.606s] gmake[3]: Leaving directory '/home/mannaja/wrg2024_turtlebot3_ws/build/dynamixel_sdk_custom_interfaces'
[0.606s] gmake[3]: Leaving directory '/home/mannaja/wrg2024_turtlebot3_ws/build/dynamixel_sdk_custom_interfaces'
[0.608s] gmake[3]: Leaving directory '/home/mannaja/wrg2024_turtlebot3_ws/build/dynamixel_sdk_custom_interfaces'
[0.608s] [ 23%] Built target dynamixel_sdk_custom_interfaces__rosidl_typesupport_introspection_cpp
[0.609s] gmake[3]: Leaving directory '/home/mannaja/wrg2024_turtlebot3_ws/build/dynamixel_sdk_custom_interfaces'
[0.609s] gmake[3]: Entering directory '/home/mannaja/wrg2024_turtlebot3_ws/build/dynamixel_sdk_custom_interfaces'
[0.610s] [ 33%] Built target dynamixel_sdk_custom_interfaces__rosidl_typesupport_fastrtps_cpp
[0.610s] [ 43%] Built target dynamixel_sdk_custom_interfaces__rosidl_typesupport_cpp
[0.610s] [ 53%] Built target dynamixel_sdk_custom_interfaces__rosidl_typesupport_c
[0.611s] [ 64%] Built target dynamixel_sdk_custom_interfaces__rosidl_typesupport_fastrtps_c
[0.613s] [ 74%] Built target dynamixel_sdk_custom_interfaces__rosidl_typesupport_introspection_c
[0.614s] gmake[3]: Entering directory '/home/mannaja/wrg2024_turtlebot3_ws/build/dynamixel_sdk_custom_interfaces'
[0.615s] gmake[3]: Leaving directory '/home/mannaja/wrg2024_turtlebot3_ws/build/dynamixel_sdk_custom_interfaces'
[0.615s] [ 74%] Built target dynamixel_sdk_custom_interfaces
[0.615s] gmake[3]: Entering directory '/home/mannaja/wrg2024_turtlebot3_ws/build/dynamixel_sdk_custom_interfaces'
[0.616s] gmake[3]: Leaving directory '/home/mannaja/wrg2024_turtlebot3_ws/build/dynamixel_sdk_custom_interfaces'
[0.616s] [ 76%] Built target dynamixel_sdk_custom_interfaces__py
[0.617s] gmake[3]: Entering directory '/home/mannaja/wrg2024_turtlebot3_ws/build/dynamixel_sdk_custom_interfaces'
[0.617s] gmake[3]: Leaving directory '/home/mannaja/wrg2024_turtlebot3_ws/build/dynamixel_sdk_custom_interfaces'
[0.617s] [ 84%] Built target dynamixel_sdk_custom_interfaces__rosidl_generator_py
[0.618s] gmake[3]: Entering directory '/home/mannaja/wrg2024_turtlebot3_ws/build/dynamixel_sdk_custom_interfaces'
[0.618s] gmake[3]: Entering directory '/home/mannaja/wrg2024_turtlebot3_ws/build/dynamixel_sdk_custom_interfaces'
[0.619s] gmake[3]: Entering directory '/home/mannaja/wrg2024_turtlebot3_ws/build/dynamixel_sdk_custom_interfaces'
[0.619s] gmake[3]: Leaving directory '/home/mannaja/wrg2024_turtlebot3_ws/build/dynamixel_sdk_custom_interfaces'
[0.620s] gmake[3]: Leaving directory '/home/mannaja/wrg2024_turtlebot3_ws/build/dynamixel_sdk_custom_interfaces'
[0.620s] gmake[3]: Leaving directory '/home/mannaja/wrg2024_turtlebot3_ws/build/dynamixel_sdk_custom_interfaces'
[0.620s] [ 89%] Built target dynamixel_sdk_custom_interfaces__rosidl_typesupport_fastrtps_c__pyext
[0.621s] [ 94%] Built target dynamixel_sdk_custom_interfaces__rosidl_typesupport_introspection_c__pyext
[0.621s] [100%] Built target dynamixel_sdk_custom_interfaces__rosidl_typesupport_c__pyext
[0.696s] running egg_info
[0.982s] writing dynamixel_sdk_custom_interfaces.egg-info/PKG-INFO
[0.985s] writing dependency_links to dynamixel_sdk_custom_interfaces.egg-info/dependency_links.txt
[0.987s] writing top-level names to dynamixel_sdk_custom_interfaces.egg-info/top_level.txt
[1.152s] reading manifest file 'dynamixel_sdk_custom_interfaces.egg-info/SOURCES.txt'
[1.154s] writing manifest file 'dynamixel_sdk_custom_interfaces.egg-info/SOURCES.txt'
[1.206s] gmake[3]: Leaving directory '/home/mannaja/wrg2024_turtlebot3_ws/build/dynamixel_sdk_custom_interfaces'
[1.211s] [100%] Built target ament_cmake_python_build_dynamixel_sdk_custom_interfaces_egg
[1.211s] gmake[2]: Leaving directory '/home/mannaja/wrg2024_turtlebot3_ws/build/dynamixel_sdk_custom_interfaces'
[1.225s] gmake[1]: Leaving directory '/home/mannaja/wrg2024_turtlebot3_ws/build/dynamixel_sdk_custom_interfaces'
[1.296s] Invoked command in '/home/mannaja/wrg2024_turtlebot3_ws/build/dynamixel_sdk_custom_interfaces' returned '0': CMAKE_PREFIX_PATH=${CMAKE_PREFIX_PATH}:/home/mannaja/wrg2024_turtlebot3_ws/install/turtlebot3_teleop:/home/mannaja/wrg2024_turtlebot3_ws/install/turtlebot3_example:/home/mannaja/turtlebot3_ws/install/turtlebot3_teleop:/home/mannaja/turtlebot3_ws/install/turtlebot3_example:/home/mannaja/coding/project/python_minecraftDetectMob_andSendDataToRos2/ros2_ws/install/pi_node:/home/mannaja/coding/project/python_minecraftDetectMob_andSendDataToRos2/ros2_ws/install/laptop_node:/home/mannaja/coding/project/ABU2024_Manual/robot_ws/install/robot_core:/opt/ros/humble /home/mannaja/.local/bin/cmake --build /home/mannaja/wrg2024_turtlebot3_ws/build/dynamixel_sdk_custom_interfaces -- -j12 -l12
[1.673s] Invoking command in '/home/mannaja/wrg2024_turtlebot3_ws/build/dynamixel_sdk_custom_interfaces': CMAKE_PREFIX_PATH=${CMAKE_PREFIX_PATH}:/home/mannaja/wrg2024_turtlebot3_ws/install/turtlebot3_teleop:/home/mannaja/wrg2024_turtlebot3_ws/install/turtlebot3_example:/home/mannaja/turtlebot3_ws/install/turtlebot3_teleop:/home/mannaja/turtlebot3_ws/install/turtlebot3_example:/home/mannaja/coding/project/python_minecraftDetectMob_andSendDataToRos2/ros2_ws/install/pi_node:/home/mannaja/coding/project/python_minecraftDetectMob_andSendDataToRos2/ros2_ws/install/laptop_node:/home/mannaja/coding/project/ABU2024_Manual/robot_ws/install/robot_core:/opt/ros/humble /home/mannaja/.local/bin/cmake --install /home/mannaja/wrg2024_turtlebot3_ws/build/dynamixel_sdk_custom_interfaces
[1.791s] -- Install configuration: ""
[1.793s] -- Execute custom install script
[1.793s] -- Up-to-date symlink: /home/mannaja/wrg2024_turtlebot3_ws/install/dynamixel_sdk_custom_interfaces/share/ament_index/resource_index/rosidl_interfaces/dynamixel_sdk_custom_interfaces
[1.794s] -- Up-to-date symlink: /home/mannaja/wrg2024_turtlebot3_ws/install/dynamixel_sdk_custom_interfaces/include/dynamixel_sdk_custom_interfaces/dynamixel_sdk_custom_interfaces/msg/detail/set_position__functions.h
[1.794s] -- Up-to-date symlink: /home/mannaja/wrg2024_turtlebot3_ws/install/dynamixel_sdk_custom_interfaces/include/dynamixel_sdk_custom_interfaces/dynamixel_sdk_custom_interfaces/msg/detail/set_position__struct.h
[1.795s] -- Up-to-date symlink: /home/mannaja/wrg2024_turtlebot3_ws/install/dynamixel_sdk_custom_interfaces/include/dynamixel_sdk_custom_interfaces/dynamixel_sdk_custom_interfaces/msg/detail/set_position__type_support.h
[1.795s] -- Up-to-date symlink: /home/mannaja/wrg2024_turtlebot3_ws/install/dynamixel_sdk_custom_interfaces/include/dynamixel_sdk_custom_interfaces/dynamixel_sdk_custom_interfaces/msg/rosidl_generator_c__visibility_control.h
[1.796s] -- Up-to-date symlink: /home/mannaja/wrg2024_turtlebot3_ws/install/dynamixel_sdk_custom_interfaces/include/dynamixel_sdk_custom_interfaces/dynamixel_sdk_custom_interfaces/msg/set_position.h
[1.796s] -- Up-to-date symlink: /home/mannaja/wrg2024_turtlebot3_ws/install/dynamixel_sdk_custom_interfaces/include/dynamixel_sdk_custom_interfaces/dynamixel_sdk_custom_interfaces/srv/detail/get_position__functions.h
[1.796s] -- Up-to-date symlink: /home/mannaja/wrg2024_turtlebot3_ws/install/dynamixel_sdk_custom_interfaces/include/dynamixel_sdk_custom_interfaces/dynamixel_sdk_custom_interfaces/srv/detail/get_position__struct.h
[1.796s] -- Up-to-date symlink: /home/mannaja/wrg2024_turtlebot3_ws/install/dynamixel_sdk_custom_interfaces/include/dynamixel_sdk_custom_interfaces/dynamixel_sdk_custom_interfaces/srv/detail/get_position__type_support.h
[1.797s] -- Up-to-date symlink: /home/mannaja/wrg2024_turtlebot3_ws/install/dynamixel_sdk_custom_interfaces/include/dynamixel_sdk_custom_interfaces/dynamixel_sdk_custom_interfaces/srv/get_position.h
[1.797s] -- Up-to-date symlink: /home/mannaja/wrg2024_turtlebot3_ws/install/dynamixel_sdk_custom_interfaces/share/dynamixel_sdk_custom_interfaces/environment/library_path.sh
[1.798s] -- Up-to-date symlink: /home/mannaja/wrg2024_turtlebot3_ws/install/dynamixel_sdk_custom_interfaces/share/dynamixel_sdk_custom_interfaces/environment/library_path.dsv
[1.798s] -- Up-to-date symlink: /home/mannaja/wrg2024_turtlebot3_ws/install/dynamixel_sdk_custom_interfaces/include/dynamixel_sdk_custom_interfaces/dynamixel_sdk_custom_interfaces/msg/detail/set_position__rosidl_typesupport_fastrtps_c.h
[1.799s] -- Up-to-date symlink: /home/mannaja/wrg2024_turtlebot3_ws/install/dynamixel_sdk_custom_interfaces/include/dynamixel_sdk_custom_interfaces/dynamixel_sdk_custom_interfaces/msg/rosidl_typesupport_fastrtps_c__visibility_control.h
[1.799s] -- Up-to-date symlink: /home/mannaja/wrg2024_turtlebot3_ws/install/dynamixel_sdk_custom_interfaces/include/dynamixel_sdk_custom_interfaces/dynamixel_sdk_custom_interfaces/srv/detail/get_position__rosidl_typesupport_fastrtps_c.h
[1.800s] -- Up-to-date symlink: /home/mannaja/wrg2024_turtlebot3_ws/install/dynamixel_sdk_custom_interfaces/include/dynamixel_sdk_custom_interfaces/dynamixel_sdk_custom_interfaces/msg/detail/set_position__builder.hpp
[1.800s] -- Up-to-date symlink: /home/mannaja/wrg2024_turtlebot3_ws/install/dynamixel_sdk_custom_interfaces/include/dynamixel_sdk_custom_interfaces/dynamixel_sdk_custom_interfaces/msg/detail/set_position__struct.hpp
[1.800s] -- Up-to-date symlink: /home/mannaja/wrg2024_turtlebot3_ws/install/dynamixel_sdk_custom_interfaces/include/dynamixel_sdk_custom_interfaces/dynamixel_sdk_custom_interfaces/msg/detail/set_position__traits.hpp
[1.801s] -- Up-to-date symlink: /home/mannaja/wrg2024_turtlebot3_ws/install/dynamixel_sdk_custom_interfaces/include/dynamixel_sdk_custom_interfaces/dynamixel_sdk_custom_interfaces/msg/set_position.hpp
[1.801s] -- Up-to-date symlink: /home/mannaja/wrg2024_turtlebot3_ws/install/dynamixel_sdk_custom_interfaces/include/dynamixel_sdk_custom_interfaces/dynamixel_sdk_custom_interfaces/srv/detail/get_position__builder.hpp
[1.801s] -- Up-to-date symlink: /home/mannaja/wrg2024_turtlebot3_ws/install/dynamixel_sdk_custom_interfaces/include/dynamixel_sdk_custom_interfaces/dynamixel_sdk_custom_interfaces/srv/detail/get_position__struct.hpp
[1.802s] -- Up-to-date symlink: /home/mannaja/wrg2024_turtlebot3_ws/install/dynamixel_sdk_custom_interfaces/include/dynamixel_sdk_custom_interfaces/dynamixel_sdk_custom_interfaces/srv/detail/get_position__traits.hpp
[1.802s] -- Up-to-date symlink: /home/mannaja/wrg2024_turtlebot3_ws/install/dynamixel_sdk_custom_interfaces/include/dynamixel_sdk_custom_interfaces/dynamixel_sdk_custom_interfaces/srv/get_position.hpp
[1.804s] -- Up-to-date symlink: /home/mannaja/wrg2024_turtlebot3_ws/install/dynamixel_sdk_custom_interfaces/include/dynamixel_sdk_custom_interfaces/dynamixel_sdk_custom_interfaces/msg/detail/set_position__rosidl_typesupport_fastrtps_cpp.hpp
[1.804s] -- Up-to-date symlink: /home/mannaja/wrg2024_turtlebot3_ws/install/dynamixel_sdk_custom_interfaces/include/dynamixel_sdk_custom_interfaces/dynamixel_sdk_custom_interfaces/msg/rosidl_typesupport_fastrtps_cpp__visibility_control.h
[1.804s] -- Up-to-date symlink: /home/mannaja/wrg2024_turtlebot3_ws/install/dynamixel_sdk_custom_interfaces/include/dynamixel_sdk_custom_interfaces/dynamixel_sdk_custom_interfaces/srv/detail/get_position__rosidl_typesupport_fastrtps_cpp.hpp
[1.805s] -- Up-to-date symlink: /home/mannaja/wrg2024_turtlebot3_ws/install/dynamixel_sdk_custom_interfaces/include/dynamixel_sdk_custom_interfaces/dynamixel_sdk_custom_interfaces/msg/detail/set_position__rosidl_typesupport_introspection_c.h
[1.805s] -- Up-to-date symlink: /home/mannaja/wrg2024_turtlebot3_ws/install/dynamixel_sdk_custom_interfaces/include/dynamixel_sdk_custom_interfaces/dynamixel_sdk_custom_interfaces/msg/rosidl_typesupport_introspection_c__visibility_control.h
[1.806s] -- Up-to-date symlink: /home/mannaja/wrg2024_turtlebot3_ws/install/dynamixel_sdk_custom_interfaces/include/dynamixel_sdk_custom_interfaces/dynamixel_sdk_custom_interfaces/srv/detail/get_position__rosidl_typesupport_introspection_c.h
[1.807s] -- Up-to-date symlink: /home/mannaja/wrg2024_turtlebot3_ws/install/dynamixel_sdk_custom_interfaces/include/dynamixel_sdk_custom_interfaces/dynamixel_sdk_custom_interfaces/msg/detail/set_position__rosidl_typesupport_introspection_cpp.hpp
[1.807s] -- Up-to-date symlink: /home/mannaja/wrg2024_turtlebot3_ws/install/dynamixel_sdk_custom_interfaces/include/dynamixel_sdk_custom_interfaces/dynamixel_sdk_custom_interfaces/srv/detail/get_position__rosidl_typesupport_introspection_cpp.hpp
[1.808s] -- Up-to-date symlink: /home/mannaja/wrg2024_turtlebot3_ws/install/dynamixel_sdk_custom_interfaces/share/dynamixel_sdk_custom_interfaces/environment/pythonpath.sh
[1.808s] -- Up-to-date symlink: /home/mannaja/wrg2024_turtlebot3_ws/install/dynamixel_sdk_custom_interfaces/share/dynamixel_sdk_custom_interfaces/environment/pythonpath.dsv
[1.809s] -- Up-to-date symlink: /home/mannaja/wrg2024_turtlebot3_ws/install/dynamixel_sdk_custom_interfaces/local/lib/python3.10/dist-packages/dynamixel_sdk_custom_interfaces-3.7.60-py3.10.egg-info/PKG-INFO
[1.810s] -- Up-to-date symlink: /home/mannaja/wrg2024_turtlebot3_ws/install/dynamixel_sdk_custom_interfaces/local/lib/python3.10/dist-packages/dynamixel_sdk_custom_interfaces-3.7.60-py3.10.egg-info/SOURCES.txt
[1.810s] -- Up-to-date symlink: /home/mannaja/wrg2024_turtlebot3_ws/install/dynamixel_sdk_custom_interfaces/local/lib/python3.10/dist-packages/dynamixel_sdk_custom_interfaces-3.7.60-py3.10.egg-info/dependency_links.txt
[1.810s] -- Up-to-date symlink: /home/mannaja/wrg2024_turtlebot3_ws/install/dynamixel_sdk_custom_interfaces/local/lib/python3.10/dist-packages/dynamixel_sdk_custom_interfaces-3.7.60-py3.10.egg-info/top_level.txt
[1.811s] -- Up-to-date symlink: /home/mannaja/wrg2024_turtlebot3_ws/install/dynamixel_sdk_custom_interfaces/local/lib/python3.10/dist-packages/dynamixel_sdk_custom_interfaces/__init__.py
[1.812s] -- Up-to-date symlink: /home/mannaja/wrg2024_turtlebot3_ws/install/dynamixel_sdk_custom_interfaces/local/lib/python3.10/dist-packages/dynamixel_sdk_custom_interfaces/_dynamixel_sdk_custom_interfaces_s.ep.rosidl_typesupport_c.c
[1.812s] -- Up-to-date symlink: /home/mannaja/wrg2024_turtlebot3_ws/install/dynamixel_sdk_custom_interfaces/local/lib/python3.10/dist-packages/dynamixel_sdk_custom_interfaces/_dynamixel_sdk_custom_interfaces_s.ep.rosidl_typesupport_fastrtps_c.c
[1.812s] -- Up-to-date symlink: /home/mannaja/wrg2024_turtlebot3_ws/install/dynamixel_sdk_custom_interfaces/local/lib/python3.10/dist-packages/dynamixel_sdk_custom_interfaces/_dynamixel_sdk_custom_interfaces_s.ep.rosidl_typesupport_introspection_c.c
[1.812s] -- Up-to-date symlink: /home/mannaja/wrg2024_turtlebot3_ws/install/dynamixel_sdk_custom_interfaces/local/lib/python3.10/dist-packages/dynamixel_sdk_custom_interfaces/dynamixel_sdk_custom_interfaces_s__rosidl_typesupport_c.cpython-310-x86_64-linux-gnu.so
[1.813s] -- Up-to-date symlink: /home/mannaja/wrg2024_turtlebot3_ws/install/dynamixel_sdk_custom_interfaces/local/lib/python3.10/dist-packages/dynamixel_sdk_custom_interfaces/dynamixel_sdk_custom_interfaces_s__rosidl_typesupport_fastrtps_c.cpython-310-x86_64-linux-gnu.so
[1.813s] -- Up-to-date symlink: /home/mannaja/wrg2024_turtlebot3_ws/install/dynamixel_sdk_custom_interfaces/local/lib/python3.10/dist-packages/dynamixel_sdk_custom_interfaces/dynamixel_sdk_custom_interfaces_s__rosidl_typesupport_introspection_c.cpython-310-x86_64-linux-gnu.so
[1.814s] -- Up-to-date symlink: /home/mannaja/wrg2024_turtlebot3_ws/install/dynamixel_sdk_custom_interfaces/local/lib/python3.10/dist-packages/dynamixel_sdk_custom_interfaces/libdynamixel_sdk_custom_interfaces__rosidl_generator_py.so
[1.814s] -- Up-to-date symlink: /home/mannaja/wrg2024_turtlebot3_ws/install/dynamixel_sdk_custom_interfaces/local/lib/python3.10/dist-packages/dynamixel_sdk_custom_interfaces/msg/__init__.py
[1.814s] -- Up-to-date symlink: /home/mannaja/wrg2024_turtlebot3_ws/install/dynamixel_sdk_custom_interfaces/local/lib/python3.10/dist-packages/dynamixel_sdk_custom_interfaces/msg/_set_position.py
[1.814s] -- Up-to-date symlink: /home/mannaja/wrg2024_turtlebot3_ws/install/dynamixel_sdk_custom_interfaces/local/lib/python3.10/dist-packages/dynamixel_sdk_custom_interfaces/msg/_set_position_s.c
[1.815s] -- Up-to-date symlink: /home/mannaja/wrg2024_turtlebot3_ws/install/dynamixel_sdk_custom_interfaces/local/lib/python3.10/dist-packages/dynamixel_sdk_custom_interfaces/srv/__init__.py
[1.815s] -- Up-to-date symlink: /home/mannaja/wrg2024_turtlebot3_ws/install/dynamixel_sdk_custom_interfaces/local/lib/python3.10/dist-packages/dynamixel_sdk_custom_interfaces/srv/_get_position.py
[1.816s] -- Up-to-date symlink: /home/mannaja/wrg2024_turtlebot3_ws/install/dynamixel_sdk_custom_interfaces/local/lib/python3.10/dist-packages/dynamixel_sdk_custom_interfaces/srv/_get_position_s.c
[1.817s] -- Up-to-date symlink: /home/mannaja/wrg2024_turtlebot3_ws/install/dynamixel_sdk_custom_interfaces/local/lib/python3.10/dist-packages/dynamixel_sdk_custom_interfaces/dynamixel_sdk_custom_interfaces_s__rosidl_typesupport_fastrtps_c.cpython-310-x86_64-linux-gnu.so
[1.819s] -- Up-to-date symlink: /home/mannaja/wrg2024_turtlebot3_ws/install/dynamixel_sdk_custom_interfaces/local/lib/python3.10/dist-packages/dynamixel_sdk_custom_interfaces/dynamixel_sdk_custom_interfaces_s__rosidl_typesupport_introspection_c.cpython-310-x86_64-linux-gnu.so
[1.823s] -- Up-to-date symlink: /home/mannaja/wrg2024_turtlebot3_ws/install/dynamixel_sdk_custom_interfaces/local/lib/python3.10/dist-packages/dynamixel_sdk_custom_interfaces/dynamixel_sdk_custom_interfaces_s__rosidl_typesupport_c.cpython-310-x86_64-linux-gnu.so
[1.824s] -- Up-to-date symlink: /home/mannaja/wrg2024_turtlebot3_ws/install/dynamixel_sdk_custom_interfaces/share/dynamixel_sdk_custom_interfaces/msg/SetPosition.idl
[1.824s] -- Up-to-date symlink: /home/mannaja/wrg2024_turtlebot3_ws/install/dynamixel_sdk_custom_interfaces/share/dynamixel_sdk_custom_interfaces/srv/GetPosition.idl
[1.824s] -- Up-to-date symlink: /home/mannaja/wrg2024_turtlebot3_ws/install/dynamixel_sdk_custom_interfaces/share/dynamixel_sdk_custom_interfaces/msg/SetPosition.msg
[1.825s] -- Up-to-date symlink: /home/mannaja/wrg2024_turtlebot3_ws/install/dynamixel_sdk_custom_interfaces/share/dynamixel_sdk_custom_interfaces/srv/GetPosition.srv
[1.825s] -- Up-to-date symlink: /home/mannaja/wrg2024_turtlebot3_ws/install/dynamixel_sdk_custom_interfaces/share/dynamixel_sdk_custom_interfaces/srv/GetPosition_Request.msg
[1.825s] -- Up-to-date symlink: /home/mannaja/wrg2024_turtlebot3_ws/install/dynamixel_sdk_custom_interfaces/share/dynamixel_sdk_custom_interfaces/srv/GetPosition_Response.msg
[1.826s] -- Up-to-date symlink: /home/mannaja/wrg2024_turtlebot3_ws/install/dynamixel_sdk_custom_interfaces/share/ament_index/resource_index/package_run_dependencies/dynamixel_sdk_custom_interfaces
[1.826s] -- Up-to-date symlink: /home/mannaja/wrg2024_turtlebot3_ws/install/dynamixel_sdk_custom_interfaces/share/ament_index/resource_index/parent_prefix_path/dynamixel_sdk_custom_interfaces
[1.827s] -- Up-to-date symlink: /home/mannaja/wrg2024_turtlebot3_ws/install/dynamixel_sdk_custom_interfaces/share/dynamixel_sdk_custom_interfaces/environment/ament_prefix_path.sh
[1.827s] -- Up-to-date symlink: /home/mannaja/wrg2024_turtlebot3_ws/install/dynamixel_sdk_custom_interfaces/share/dynamixel_sdk_custom_interfaces/environment/ament_prefix_path.dsv
[1.827s] -- Up-to-date symlink: /home/mannaja/wrg2024_turtlebot3_ws/install/dynamixel_sdk_custom_interfaces/share/dynamixel_sdk_custom_interfaces/environment/path.sh
[1.828s] -- Up-to-date symlink: /home/mannaja/wrg2024_turtlebot3_ws/install/dynamixel_sdk_custom_interfaces/share/dynamixel_sdk_custom_interfaces/environment/path.dsv
[1.828s] -- Up-to-date symlink: /home/mannaja/wrg2024_turtlebot3_ws/install/dynamixel_sdk_custom_interfaces/share/dynamixel_sdk_custom_interfaces/local_setup.bash
[1.829s] -- Up-to-date symlink: /home/mannaja/wrg2024_turtlebot3_ws/install/dynamixel_sdk_custom_interfaces/share/dynamixel_sdk_custom_interfaces/local_setup.sh
[1.829s] -- Up-to-date symlink: /home/mannaja/wrg2024_turtlebot3_ws/install/dynamixel_sdk_custom_interfaces/share/dynamixel_sdk_custom_interfaces/local_setup.zsh
[1.830s] -- Up-to-date symlink: /home/mannaja/wrg2024_turtlebot3_ws/install/dynamixel_sdk_custom_interfaces/share/dynamixel_sdk_custom_interfaces/local_setup.dsv
[1.830s] -- Symlinking: /home/mannaja/wrg2024_turtlebot3_ws/install/dynamixel_sdk_custom_interfaces/share/dynamixel_sdk_custom_interfaces/package.dsv
[1.835s] -- Up-to-date symlink: /home/mannaja/wrg2024_turtlebot3_ws/install/dynamixel_sdk_custom_interfaces/share/ament_index/resource_index/packages/dynamixel_sdk_custom_interfaces
[1.835s] -- Up-to-date symlink: /home/mannaja/wrg2024_turtlebot3_ws/install/dynamixel_sdk_custom_interfaces/share/dynamixel_sdk_custom_interfaces/cmake/rosidl_cmake-extras.cmake
[1.835s] -- Up-to-date symlink: /home/mannaja/wrg2024_turtlebot3_ws/install/dynamixel_sdk_custom_interfaces/share/dynamixel_sdk_custom_interfaces/cmake/ament_cmake_export_dependencies-extras.cmake
[1.835s] -- Up-to-date symlink: /home/mannaja/wrg2024_turtlebot3_ws/install/dynamixel_sdk_custom_interfaces/share/dynamixel_sdk_custom_interfaces/cmake/ament_cmake_export_include_directories-extras.cmake
[1.835s] -- Up-to-date symlink: /home/mannaja/wrg2024_turtlebot3_ws/install/dynamixel_sdk_custom_interfaces/share/dynamixel_sdk_custom_interfaces/cmake/ament_cmake_export_libraries-extras.cmake
[1.836s] -- Up-to-date symlink: /home/mannaja/wrg2024_turtlebot3_ws/install/dynamixel_sdk_custom_interfaces/share/dynamixel_sdk_custom_interfaces/cmake/ament_cmake_export_targets-extras.cmake
[1.836s] -- Up-to-date symlink: /home/mannaja/wrg2024_turtlebot3_ws/install/dynamixel_sdk_custom_interfaces/share/dynamixel_sdk_custom_interfaces/cmake/rosidl_cmake_export_typesupport_targets-extras.cmake
[1.837s] -- Up-to-date symlink: /home/mannaja/wrg2024_turtlebot3_ws/install/dynamixel_sdk_custom_interfaces/share/dynamixel_sdk_custom_interfaces/cmake/rosidl_cmake_export_typesupport_libraries-extras.cmake
[1.837s] -- Up-to-date symlink: /home/mannaja/wrg2024_turtlebot3_ws/install/dynamixel_sdk_custom_interfaces/share/dynamixel_sdk_custom_interfaces/cmake/dynamixel_sdk_custom_interfacesConfig.cmake
[1.837s] -- Up-to-date symlink: /home/mannaja/wrg2024_turtlebot3_ws/install/dynamixel_sdk_custom_interfaces/share/dynamixel_sdk_custom_interfaces/cmake/dynamixel_sdk_custom_interfacesConfig-version.cmake
[1.838s] -- Up-to-date symlink: /home/mannaja/wrg2024_turtlebot3_ws/install/dynamixel_sdk_custom_interfaces/share/dynamixel_sdk_custom_interfaces/package.xml
[1.838s] -- Up-to-date: /home/mannaja/wrg2024_turtlebot3_ws/install/dynamixel_sdk_custom_interfaces/lib/libdynamixel_sdk_custom_interfaces__rosidl_generator_c.so
[1.839s] -- Up-to-date: /home/mannaja/wrg2024_turtlebot3_ws/install/dynamixel_sdk_custom_interfaces/lib/libdynamixel_sdk_custom_interfaces__rosidl_typesupport_fastrtps_c.so
[1.839s] -- Up-to-date: /home/mannaja/wrg2024_turtlebot3_ws/install/dynamixel_sdk_custom_interfaces/lib/libdynamixel_sdk_custom_interfaces__rosidl_typesupport_fastrtps_cpp.so
[1.840s] -- Up-to-date: /home/mannaja/wrg2024_turtlebot3_ws/install/dynamixel_sdk_custom_interfaces/lib/libdynamixel_sdk_custom_interfaces__rosidl_typesupport_introspection_c.so
[1.840s] -- Up-to-date: /home/mannaja/wrg2024_turtlebot3_ws/install/dynamixel_sdk_custom_interfaces/lib/libdynamixel_sdk_custom_interfaces__rosidl_typesupport_c.so
[1.841s] -- Up-to-date: /home/mannaja/wrg2024_turtlebot3_ws/install/dynamixel_sdk_custom_interfaces/lib/libdynamixel_sdk_custom_interfaces__rosidl_typesupport_introspection_cpp.so
[1.842s] -- Up-to-date: /home/mannaja/wrg2024_turtlebot3_ws/install/dynamixel_sdk_custom_interfaces/lib/libdynamixel_sdk_custom_interfaces__rosidl_typesupport_cpp.so
[1.896s] Listing '/home/mannaja/wrg2024_turtlebot3_ws/install/dynamixel_sdk_custom_interfaces/local/lib/python3.10/dist-packages/dynamixel_sdk_custom_interfaces'...
[1.896s] Listing '/home/mannaja/wrg2024_turtlebot3_ws/install/dynamixel_sdk_custom_interfaces/local/lib/python3.10/dist-packages/dynamixel_sdk_custom_interfaces/msg'...
[1.896s] Listing '/home/mannaja/wrg2024_turtlebot3_ws/install/dynamixel_sdk_custom_interfaces/local/lib/python3.10/dist-packages/dynamixel_sdk_custom_interfaces/srv'...
[1.903s] -- Up-to-date: /home/mannaja/wrg2024_turtlebot3_ws/install/dynamixel_sdk_custom_interfaces/lib/libdynamixel_sdk_custom_interfaces__rosidl_generator_py.so
[1.903s] -- Up-to-date: /home/mannaja/wrg2024_turtlebot3_ws/install/dynamixel_sdk_custom_interfaces/share/dynamixel_sdk_custom_interfaces/cmake/export_dynamixel_sdk_custom_interfaces__rosidl_generator_cExport.cmake
[1.903s] -- Up-to-date: /home/mannaja/wrg2024_turtlebot3_ws/install/dynamixel_sdk_custom_interfaces/share/dynamixel_sdk_custom_interfaces/cmake/export_dynamixel_sdk_custom_interfaces__rosidl_generator_cExport-noconfig.cmake
[1.903s] -- Up-to-date: /home/mannaja/wrg2024_turtlebot3_ws/install/dynamixel_sdk_custom_interfaces/share/dynamixel_sdk_custom_interfaces/cmake/export_dynamixel_sdk_custom_interfaces__rosidl_typesupport_fastrtps_cExport.cmake
[1.904s] -- Up-to-date: /home/mannaja/wrg2024_turtlebot3_ws/install/dynamixel_sdk_custom_interfaces/share/dynamixel_sdk_custom_interfaces/cmake/export_dynamixel_sdk_custom_interfaces__rosidl_typesupport_fastrtps_cExport-noconfig.cmake
[1.907s] -- Up-to-date: /home/mannaja/wrg2024_turtlebot3_ws/install/dynamixel_sdk_custom_interfaces/share/dynamixel_sdk_custom_interfaces/cmake/export_dynamixel_sdk_custom_interfaces__rosidl_generator_cppExport.cmake
[1.907s] -- Up-to-date: /home/mannaja/wrg2024_turtlebot3_ws/install/dynamixel_sdk_custom_interfaces/share/dynamixel_sdk_custom_interfaces/cmake/export_dynamixel_sdk_custom_interfaces__rosidl_typesupport_fastrtps_cppExport.cmake
[1.907s] -- Up-to-date: /home/mannaja/wrg2024_turtlebot3_ws/install/dynamixel_sdk_custom_interfaces/share/dynamixel_sdk_custom_interfaces/cmake/export_dynamixel_sdk_custom_interfaces__rosidl_typesupport_fastrtps_cppExport-noconfig.cmake
[1.909s] -- Up-to-date: /home/mannaja/wrg2024_turtlebot3_ws/install/dynamixel_sdk_custom_interfaces/share/dynamixel_sdk_custom_interfaces/cmake/dynamixel_sdk_custom_interfaces__rosidl_typesupport_introspection_cExport.cmake
[1.909s] -- Up-to-date: /home/mannaja/wrg2024_turtlebot3_ws/install/dynamixel_sdk_custom_interfaces/share/dynamixel_sdk_custom_interfaces/cmake/dynamixel_sdk_custom_interfaces__rosidl_typesupport_introspection_cExport-noconfig.cmake
[1.909s] -- Up-to-date: /home/mannaja/wrg2024_turtlebot3_ws/install/dynamixel_sdk_custom_interfaces/share/dynamixel_sdk_custom_interfaces/cmake/dynamixel_sdk_custom_interfaces__rosidl_typesupport_cExport.cmake
[1.909s] -- Up-to-date: /home/mannaja/wrg2024_turtlebot3_ws/install/dynamixel_sdk_custom_interfaces/share/dynamixel_sdk_custom_interfaces/cmake/dynamixel_sdk_custom_interfaces__rosidl_typesupport_cExport-noconfig.cmake
[1.909s] -- Up-to-date: /home/mannaja/wrg2024_turtlebot3_ws/install/dynamixel_sdk_custom_interfaces/share/dynamixel_sdk_custom_interfaces/cmake/dynamixel_sdk_custom_interfaces__rosidl_typesupport_introspection_cppExport.cmake
[1.910s] -- Up-to-date: /home/mannaja/wrg2024_turtlebot3_ws/install/dynamixel_sdk_custom_interfaces/share/dynamixel_sdk_custom_interfaces/cmake/dynamixel_sdk_custom_interfaces__rosidl_typesupport_introspection_cppExport-noconfig.cmake
[1.910s] -- Up-to-date: /home/mannaja/wrg2024_turtlebot3_ws/install/dynamixel_sdk_custom_interfaces/share/dynamixel_sdk_custom_interfaces/cmake/dynamixel_sdk_custom_interfaces__rosidl_typesupport_cppExport.cmake
[1.910s] -- Up-to-date: /home/mannaja/wrg2024_turtlebot3_ws/install/dynamixel_sdk_custom_interfaces/share/dynamixel_sdk_custom_interfaces/cmake/dynamixel_sdk_custom_interfaces__rosidl_typesupport_cppExport-noconfig.cmake
[1.910s] -- Up-to-date: /home/mannaja/wrg2024_turtlebot3_ws/install/dynamixel_sdk_custom_interfaces/share/dynamixel_sdk_custom_interfaces/cmake/export_dynamixel_sdk_custom_interfaces__rosidl_generator_pyExport.cmake
[1.911s] -- Up-to-date: /home/mannaja/wrg2024_turtlebot3_ws/install/dynamixel_sdk_custom_interfaces/share/dynamixel_sdk_custom_interfaces/cmake/export_dynamixel_sdk_custom_interfaces__rosidl_generator_pyExport-noconfig.cmake
[1.929s] Invoked command in '/home/mannaja/wrg2024_turtlebot3_ws/build/dynamixel_sdk_custom_interfaces' returned '0': CMAKE_PREFIX_PATH=${CMAKE_PREFIX_PATH}:/home/mannaja/wrg2024_turtlebot3_ws/install/turtlebot3_teleop:/home/mannaja/wrg2024_turtlebot3_ws/install/turtlebot3_example:/home/mannaja/turtlebot3_ws/install/turtlebot3_teleop:/home/mannaja/turtlebot3_ws/install/turtlebot3_example:/home/mannaja/coding/project/python_minecraftDetectMob_andSendDataToRos2/ros2_ws/install/pi_node:/home/mannaja/coding/project/python_minecraftDetectMob_andSendDataToRos2/ros2_ws/install/laptop_node:/home/mannaja/coding/project/ABU2024_Manual/robot_ws/install/robot_core:/opt/ros/humble /home/mannaja/.local/bin/cmake --install /home/mannaja/wrg2024_turtlebot3_ws/build/dynamixel_sdk_custom_interfaces
