gmake[1]: Entering directory '/home/mannaja/wrg2024_turtlebot3_ws/build/dynamixel_sdk_custom_interfaces'
gmake[2]: Entering directory '/home/mannaja/wrg2024_turtlebot3_ws/build/dynamixel_sdk_custom_interfaces'
gmake[3]: Entering directory '/home/mannaja/wrg2024_turtlebot3_ws/build/dynamixel_sdk_custom_interfaces'
gmake[3]: Leaving directory '/home/mannaja/wrg2024_turtlebot3_ws/build/dynamixel_sdk_custom_interfaces'
gmake[3]: Entering directory '/home/mannaja/wrg2024_turtlebot3_ws/build/dynamixel_sdk_custom_interfaces'
gmake[3]: Leaving directory '/home/mannaja/wrg2024_turtlebot3_ws/build/dynamixel_sdk_custom_interfaces'
[  2%] Built target dynamixel_sdk_custom_interfaces__cpp
gmake[3]: Entering directory '/home/mannaja/wrg2024_turtlebot3_ws/build/dynamixel_sdk_custom_interfaces'
gmake[3]: Entering directory '/home/mannaja/wrg2024_turtlebot3_ws/build/dynamixel_sdk_custom_interfaces'
gmake[3]: Leaving directory '/home/mannaja/wrg2024_turtlebot3_ws/build/dynamixel_sdk_custom_interfaces'
gmake[3]: Entering directory '/home/mannaja/wrg2024_turtlebot3_ws/build/dynamixel_sdk_custom_interfaces'
[ 12%] Built target dynamixel_sdk_custom_interfaces__rosidl_generator_c
gmake[3]: Entering directory '/home/mannaja/wrg2024_turtlebot3_ws/build/dynamixel_sdk_custom_interfaces'
gmake[3]: Entering directory '/home/mannaja/wrg2024_turtlebot3_ws/build/dynamixel_sdk_custom_interfaces'
gmake[3]: Entering directory '/home/mannaja/wrg2024_turtlebot3_ws/build/dynamixel_sdk_custom_interfaces'
gmake[3]: Entering directory '/home/mannaja/wrg2024_turtlebot3_ws/build/dynamixel_sdk_custom_interfaces'
gmake[3]: Leaving directory '/home/mannaja/wrg2024_turtlebot3_ws/build/dynamixel_sdk_custom_interfaces'
gmake[3]: Leaving directory '/home/mannaja/wrg2024_turtlebot3_ws/build/dynamixel_sdk_custom_interfaces'
gmake[3]: Entering directory '/home/mannaja/wrg2024_turtlebot3_ws/build/dynamixel_sdk_custom_interfaces'
[ 12%] Built target ament_cmake_python_symlink_dynamixel_sdk_custom_interfaces
gmake[3]: Leaving directory '/home/mannaja/wrg2024_turtlebot3_ws/build/dynamixel_sdk_custom_interfaces'
gmake[3]: Leaving directory '/home/mannaja/wrg2024_turtlebot3_ws/build/dynamixel_sdk_custom_interfaces'
gmake[3]: Leaving directory '/home/mannaja/wrg2024_turtlebot3_ws/build/dynamixel_sdk_custom_interfaces'
[ 23%] Built target dynamixel_sdk_custom_interfaces__rosidl_typesupport_introspection_cpp
gmake[3]: Leaving directory '/home/mannaja/wrg2024_turtlebot3_ws/build/dynamixel_sdk_custom_interfaces'
gmake[3]: Leaving directory '/home/mannaja/wrg2024_turtlebot3_ws/build/dynamixel_sdk_custom_interfaces'
[ 33%] Built target dynamixel_sdk_custom_interfaces__rosidl_typesupport_c
[ 43%] Built target dynamixel_sdk_custom_interfaces__rosidl_typesupport_cpp
gmake[3]: Entering directory '/home/mannaja/wrg2024_turtlebot3_ws/build/dynamixel_sdk_custom_interfaces'
[ 53%] Built target dynamixel_sdk_custom_interfaces__rosidl_typesupport_fastrtps_cpp
[ 64%] Built target dynamixel_sdk_custom_interfaces__rosidl_typesupport_fastrtps_c
[ 74%] Built target dynamixel_sdk_custom_interfaces__rosidl_typesupport_introspection_c
gmake[3]: Leaving directory '/home/mannaja/wrg2024_turtlebot3_ws/build/dynamixel_sdk_custom_interfaces'
gmake[3]: Entering directory '/home/mannaja/wrg2024_turtlebot3_ws/build/dynamixel_sdk_custom_interfaces'
gmake[3]: Entering directory '/home/mannaja/wrg2024_turtlebot3_ws/build/dynamixel_sdk_custom_interfaces'
gmake[3]: Leaving directory '/home/mannaja/wrg2024_turtlebot3_ws/build/dynamixel_sdk_custom_interfaces'
[ 74%] Built target dynamixel_sdk_custom_interfaces
gmake[3]: Entering directory '/home/mannaja/wrg2024_turtlebot3_ws/build/dynamixel_sdk_custom_interfaces'
gmake[3]: Leaving directory '/home/mannaja/wrg2024_turtlebot3_ws/build/dynamixel_sdk_custom_interfaces'
[ 76%] Built target dynamixel_sdk_custom_interfaces__py
gmake[3]: Entering directory '/home/mannaja/wrg2024_turtlebot3_ws/build/dynamixel_sdk_custom_interfaces'
gmake[3]: Leaving directory '/home/mannaja/wrg2024_turtlebot3_ws/build/dynamixel_sdk_custom_interfaces'
[ 84%] Built target dynamixel_sdk_custom_interfaces__rosidl_generator_py
gmake[3]: Entering directory '/home/mannaja/wrg2024_turtlebot3_ws/build/dynamixel_sdk_custom_interfaces'
gmake[3]: Entering directory '/home/mannaja/wrg2024_turtlebot3_ws/build/dynamixel_sdk_custom_interfaces'
gmake[3]: Entering directory '/home/mannaja/wrg2024_turtlebot3_ws/build/dynamixel_sdk_custom_interfaces'
gmake[3]: Leaving directory '/home/mannaja/wrg2024_turtlebot3_ws/build/dynamixel_sdk_custom_interfaces'
gmake[3]: Leaving directory '/home/mannaja/wrg2024_turtlebot3_ws/build/dynamixel_sdk_custom_interfaces'
gmake[3]: Leaving directory '/home/mannaja/wrg2024_turtlebot3_ws/build/dynamixel_sdk_custom_interfaces'
[ 89%] Built target dynamixel_sdk_custom_interfaces__rosidl_typesupport_c__pyext
[ 94%] Built target dynamixel_sdk_custom_interfaces__rosidl_typesupport_fastrtps_c__pyext
[100%] Built target dynamixel_sdk_custom_interfaces__rosidl_typesupport_introspection_c__pyext
