[0.059s] Invoking command in '/home/mannaja/wrg2024_turtlebot3_ws/build/dynamixel_sdk_custom_interfaces': CMAKE_PREFIX_PATH=${CMAKE_PREFIX_PATH}:/home/mannaja/wrg2024_turtlebot3_ws/install/turtlebot3_teleop:/home/mannaja/wrg2024_turtlebot3_ws/install/turtlebot3_example:/home/mannaja/turtlebot3_ws/install/turtlebot3_teleop:/home/mannaja/turtlebot3_ws/install/turtlebot3_example:/home/mannaja/coding/project/python_minecraftDetectMob_andSendDataToRos2/ros2_ws/install/pi_node:/home/mannaja/coding/project/python_minecraftDetectMob_andSendDataToRos2/ros2_ws/install/laptop_node:/home/mannaja/coding/project/ABU2024_Manual/robot_ws/install/robot_core:/opt/ros/humble /home/mannaja/.local/bin/cmake --build /home/mannaja/wrg2024_turtlebot3_ws/build/dynamixel_sdk_custom_interfaces -- -j12 -l12
[0.221s] gmake[1]: Entering directory '/home/mannaja/wrg2024_turtlebot3_ws/build/dynamixel_sdk_custom_interfaces'
[0.252s] gmake[2]: Entering directory '/home/mannaja/wrg2024_turtlebot3_ws/build/dynamixel_sdk_custom_interfaces'
[0.258s] gmake[3]: Entering directory '/home/mannaja/wrg2024_turtlebot3_ws/build/dynamixel_sdk_custom_interfaces'
[0.268s] gmake[3]: Leaving directory '/home/mannaja/wrg2024_turtlebot3_ws/build/dynamixel_sdk_custom_interfaces'
[0.274s] gmake[3]: Entering directory '/home/mannaja/wrg2024_turtlebot3_ws/build/dynamixel_sdk_custom_interfaces'
[0.295s] gmake[3]: Leaving directory '/home/mannaja/wrg2024_turtlebot3_ws/build/dynamixel_sdk_custom_interfaces'
[0.301s] [  2%] Built target dynamixel_sdk_custom_interfaces__cpp
[0.302s] gmake[3]: Entering directory '/home/mannaja/wrg2024_turtlebot3_ws/build/dynamixel_sdk_custom_interfaces'
[0.318s] gmake[3]: Entering directory '/home/mannaja/wrg2024_turtlebot3_ws/build/dynamixel_sdk_custom_interfaces'
[0.323s] gmake[3]: Leaving directory '/home/mannaja/wrg2024_turtlebot3_ws/build/dynamixel_sdk_custom_interfaces'
[0.330s] gmake[3]: Entering directory '/home/mannaja/wrg2024_turtlebot3_ws/build/dynamixel_sdk_custom_interfaces'
[0.334s] [ 12%] Built target dynamixel_sdk_custom_interfaces__rosidl_generator_c
[0.336s] gmake[3]: Entering directory '/home/mannaja/wrg2024_turtlebot3_ws/build/dynamixel_sdk_custom_interfaces'
[0.342s] gmake[3]: Entering directory '/home/mannaja/wrg2024_turtlebot3_ws/build/dynamixel_sdk_custom_interfaces'
[0.348s] gmake[3]: Entering directory '/home/mannaja/wrg2024_turtlebot3_ws/build/dynamixel_sdk_custom_interfaces'
[0.360s] gmake[3]: Entering directory '/home/mannaja/wrg2024_turtlebot3_ws/build/dynamixel_sdk_custom_interfaces'
[0.361s] gmake[3]: Leaving directory '/home/mannaja/wrg2024_turtlebot3_ws/build/dynamixel_sdk_custom_interfaces'
[0.362s] gmake[3]: Leaving directory '/home/mannaja/wrg2024_turtlebot3_ws/build/dynamixel_sdk_custom_interfaces'
[0.374s] gmake[3]: Entering directory '/home/mannaja/wrg2024_turtlebot3_ws/build/dynamixel_sdk_custom_interfaces'
[0.395s] [ 12%] Built target ament_cmake_python_symlink_dynamixel_sdk_custom_interfaces
[0.396s] gmake[3]: Leaving directory '/home/mannaja/wrg2024_turtlebot3_ws/build/dynamixel_sdk_custom_interfaces'
[0.398s] gmake[3]: Leaving directory '/home/mannaja/wrg2024_turtlebot3_ws/build/dynamixel_sdk_custom_interfaces'
[0.400s] gmake[3]: Leaving directory '/home/mannaja/wrg2024_turtlebot3_ws/build/dynamixel_sdk_custom_interfaces'
[0.404s] [ 23%] Built target dynamixel_sdk_custom_interfaces__rosidl_typesupport_introspection_cpp
[0.409s] gmake[3]: Leaving directory '/home/mannaja/wrg2024_turtlebot3_ws/build/dynamixel_sdk_custom_interfaces'
[0.436s] gmake[3]: Leaving directory '/home/mannaja/wrg2024_turtlebot3_ws/build/dynamixel_sdk_custom_interfaces'
[0.447s] [ 33%] Built target dynamixel_sdk_custom_interfaces__rosidl_typesupport_c
[0.451s] [ 43%] Built target dynamixel_sdk_custom_interfaces__rosidl_typesupport_cpp
[0.456s] gmake[3]: Entering directory '/home/mannaja/wrg2024_turtlebot3_ws/build/dynamixel_sdk_custom_interfaces'
[0.457s] [ 53%] Built target dynamixel_sdk_custom_interfaces__rosidl_typesupport_fastrtps_cpp
[0.460s] [ 64%] Built target dynamixel_sdk_custom_interfaces__rosidl_typesupport_fastrtps_c
[0.465s] [ 74%] Built target dynamixel_sdk_custom_interfaces__rosidl_typesupport_introspection_c
[0.465s] gmake[3]: Leaving directory '/home/mannaja/wrg2024_turtlebot3_ws/build/dynamixel_sdk_custom_interfaces'
[0.469s] gmake[3]: Entering directory '/home/mannaja/wrg2024_turtlebot3_ws/build/dynamixel_sdk_custom_interfaces'
[0.469s] gmake[3]: Entering directory '/home/mannaja/wrg2024_turtlebot3_ws/build/dynamixel_sdk_custom_interfaces'
[0.480s] gmake[3]: Leaving directory '/home/mannaja/wrg2024_turtlebot3_ws/build/dynamixel_sdk_custom_interfaces'
[0.491s] [ 74%] Built target dynamixel_sdk_custom_interfaces
[0.496s] gmake[3]: Entering directory '/home/mannaja/wrg2024_turtlebot3_ws/build/dynamixel_sdk_custom_interfaces'
[0.507s] gmake[3]: Leaving directory '/home/mannaja/wrg2024_turtlebot3_ws/build/dynamixel_sdk_custom_interfaces'
[0.519s] [ 76%] Built target dynamixel_sdk_custom_interfaces__py
[0.525s] gmake[3]: Entering directory '/home/mannaja/wrg2024_turtlebot3_ws/build/dynamixel_sdk_custom_interfaces'
[0.546s] gmake[3]: Leaving directory '/home/mannaja/wrg2024_turtlebot3_ws/build/dynamixel_sdk_custom_interfaces'
[0.561s] [ 84%] Built target dynamixel_sdk_custom_interfaces__rosidl_generator_py
[0.566s] gmake[3]: Entering directory '/home/mannaja/wrg2024_turtlebot3_ws/build/dynamixel_sdk_custom_interfaces'
[0.567s] gmake[3]: Entering directory '/home/mannaja/wrg2024_turtlebot3_ws/build/dynamixel_sdk_custom_interfaces'
[0.567s] gmake[3]: Entering directory '/home/mannaja/wrg2024_turtlebot3_ws/build/dynamixel_sdk_custom_interfaces'
[0.582s] gmake[3]: Leaving directory '/home/mannaja/wrg2024_turtlebot3_ws/build/dynamixel_sdk_custom_interfaces'
[0.582s] gmake[3]: Leaving directory '/home/mannaja/wrg2024_turtlebot3_ws/build/dynamixel_sdk_custom_interfaces'
[0.584s] gmake[3]: Leaving directory '/home/mannaja/wrg2024_turtlebot3_ws/build/dynamixel_sdk_custom_interfaces'
[0.596s] [ 89%] Built target dynamixel_sdk_custom_interfaces__rosidl_typesupport_c__pyext
[0.597s] [ 94%] Built target dynamixel_sdk_custom_interfaces__rosidl_typesupport_fastrtps_c__pyext
[0.601s] [100%] Built target dynamixel_sdk_custom_interfaces__rosidl_typesupport_introspection_c__pyext
[0.886s] Traceback (most recent call last):
[0.887s]   File "/home/mannaja/wrg2024_turtlebot3_ws/build/dynamixel_sdk_custom_interfaces/ament_cmake_python/dynamixel_sdk_custom_interfaces/setup.py", line 4, in <module>
[0.888s]     setup(
[0.888s]   File "/home/mannaja/.local/lib/python3.10/site-packages/setuptools/__init__.py", line 103, in setup
[0.889s]     return distutils.core.setup(**attrs)
[0.889s]   File "/home/mannaja/.local/lib/python3.10/site-packages/setuptools/_distutils/core.py", line 146, in setup
[0.890s]     _setup_distribution = dist = klass(attrs)
[0.891s]   File "/home/mannaja/.local/lib/python3.10/site-packages/setuptools/dist.py", line 301, in __init__
[0.891s] Traceback (most recent call last):
[0.891s]   File "/home/mannaja/.local/bin/cmake", line 8, in <module>
[0.891s]     sys.exit(cmake())
[0.891s]   File "/home/mannaja/.local/lib/python3.10/site-packages/cmake/__init__.py", line 51, in cmake
[0.891s]     for ep in metadata.entry_points(group='distutils.setup_keywords'):
[0.892s]   File "/usr/lib/python3.10/importlib/metadata/__init__.py", line 1021, in entry_points
[0.892s]     raise SystemExit(_program('cmake', sys.argv[1:]))
[0.892s]   File "/home/mannaja/.local/lib/python3.10/site-packages/cmake/__init__.py", line 47, in _program
[0.892s]     return subprocess.call([os.path.join(CMAKE_BIN_DIR, name), *args], close_fds=False)
[0.892s]   File "/usr/lib/python3.10/subprocess.py", line 347, in call
[0.894s]     return SelectableGroups.load(eps).select(**params)
[0.894s]   File "/usr/lib/python3.10/importlib/metadata/__init__.py", line 459, in load
[0.895s]     return p.wait(timeout=timeout)
[0.895s]   File "/usr/lib/python3.10/subprocess.py", line 1209, in wait
[0.895s]     ordered = sorted(eps, key=by_group)
[0.895s]   File "/usr/lib/python3.10/importlib/metadata/__init__.py", line 1019, in <genexpr>
[0.895s]     return self._wait(timeout=timeout)
[0.895s]   File "/usr/lib/python3.10/subprocess.py", line 1959, in _wait
[0.896s]     dist.entry_points for dist in unique(distributions())
[0.896s]   File "/usr/lib/python3.10/importlib/metadata/__init__.py", line 631, in entry_points
[0.898s]     return EntryPoints._from_text_for(self.read_text('entry_points.txt'), self)
[0.899s]   File "/usr/lib/python3.10/importlib/metadata/__init__.py", line 927, in read_text
[0.899s]     (pid, sts) = self._try_wait(0)
[0.899s]   File "/usr/lib/python3.10/subprocess.py", line 1917, in _try_wait
[0.899s]     return self._path.joinpath(filename).read_text(encoding='utf-8')
[0.900s]   File "/usr/lib/python3.10/pathlib.py", line 851, in joinpath
[0.900s]     (pid, sts) = os.waitpid(self.pid, wait_flags)
[0.900s] KeyboardInterrupt
[0.901s]     return self._make_child(args)
[0.901s]   File "/usr/lib/python3.10/pathlib.py", line 617, in _make_child
[0.901s]     drv, root, parts = self._flavour.join_parsed_parts(
[0.901s]   File "/usr/lib/python3.10/pathlib.py", line 94, in join_parsed_parts
[0.901s]     def join_parsed_parts(self, drv, root, parts, drv2, root2, parts2):
[0.901s] KeyboardInterrupt
[0.931s] gmake[3]: *** [CMakeFiles/ament_cmake_python_build_dynamixel_sdk_custom_interfaces_egg.dir/build.make:70: CMakeFiles/ament_cmake_python_build_dynamixel_sdk_custom_interfaces_egg] Interrupt
[0.931s] gmake[2]: *** [CMakeFiles/Makefile2:447: CMakeFiles/ament_cmake_python_build_dynamixel_sdk_custom_interfaces_egg.dir/all] Interrupt
[0.931s] gmake[1]: *** [Makefile:146: all] Interrupt
