running develop
/home/mannaja/.local/lib/python3.10/site-packages/setuptools/command/develop.py:42: EasyInstallDeprecationWarning: easy_install command is deprecated.
!!

        ********************************************************************************
        Please avoid running ``setup.py`` and ``easy_install``.
        Instead, use pypa/build, pypa/installer or other
        standards-based tools.

        See https://github.com/pypa/setuptools/issues/917 for details.
        ********************************************************************************

!!
  easy_install.initialize_options(self)
running egg_info
creating turtlebot3_example.egg-info
writing turtlebot3_example.egg-info/PKG-INFO
writing dependency_links to turtlebot3_example.egg-info/dependency_links.txt
writing entry points to turtlebot3_example.egg-info/entry_points.txt
writing requirements to turtlebot3_example.egg-info/requires.txt
writing top-level names to turtlebot3_example.egg-info/top_level.txt
writing manifest file 'turtlebot3_example.egg-info/SOURCES.txt'
reading manifest file 'turtlebot3_example.egg-info/SOURCES.txt'
writing manifest file 'turtlebot3_example.egg-info/SOURCES.txt'
running build_ext
Creating /home/mannaja/wrg2024_turtlebot3_ws/install/turtlebot3_example/lib/python3.10/site-packages/turtlebot3-example.egg-link (link to .)
Installing turtlebot3_obstacle_detection script to /home/mannaja/wrg2024_turtlebot3_ws/install/turtlebot3_example/lib/turtlebot3_example
Installing turtlebot3_patrol_client script to /home/mannaja/wrg2024_turtlebot3_ws/install/turtlebot3_example/lib/turtlebot3_example
Installing turtlebot3_patrol_server script to /home/mannaja/wrg2024_turtlebot3_ws/install/turtlebot3_example/lib/turtlebot3_example
Installing turtlebot3_position_control script to /home/mannaja/wrg2024_turtlebot3_ws/install/turtlebot3_example/lib/turtlebot3_example

Installed /home/mannaja/wrg2024_turtlebot3_ws/build/turtlebot3_example
running symlink_data
creating /home/mannaja/wrg2024_turtlebot3_ws/install/turtlebot3_example/share/ament_index
creating /home/mannaja/wrg2024_turtlebot3_ws/install/turtlebot3_example/share/ament_index/resource_index
creating /home/mannaja/wrg2024_turtlebot3_ws/install/turtlebot3_example/share/ament_index/resource_index/packages
symbolically linking /home/mannaja/wrg2024_turtlebot3_ws/build/turtlebot3_example/resource/turtlebot3_example -> /home/mannaja/wrg2024_turtlebot3_ws/install/turtlebot3_example/share/ament_index/resource_index/packages
symbolically linking /home/mannaja/wrg2024_turtlebot3_ws/build/turtlebot3_example/package.xml -> /home/mannaja/wrg2024_turtlebot3_ws/install/turtlebot3_example/share/turtlebot3_example
