[0.013s] Invoking command in '/home/mannaja/wrg2024_turtlebot3_ws/robot_ws/build/wrg_turtlebot3_gazebo': CMAKE_PREFIX_PATH=${CMAKE_PREFIX_PATH}:/home/mannaja/turtlebot3_ws/install/turtlebot3_teleop:/home/mannaja/turtlebot3_ws/install/turtlebot3_example:/home/mannaja/coding/project/python_minecraftDetectMob_andSendDataToRos2/ros2_ws/install/pi_node:/home/mannaja/coding/project/python_minecraftDetectMob_andSendDataToRos2/ros2_ws/install/laptop_node:/home/mannaja/coding/project/ABU2024_Manual/robot_ws/install/robot_core:/opt/ros/humble /home/mannaja/.local/bin/cmake /home/mannaja/wrg2024_turtlebot3_ws/robot_ws/src/wrg_turtlebot3_gazebo -DCMAKE_INSTALL_PREFIX=/home/mannaja/wrg2024_turtlebot3_ws/robot_ws/install/wrg_turtlebot3_gazebo
[0.140s] -- The C compiler identification is GNU 11.4.0
[0.199s] -- The CXX compiler identification is GNU 11.4.0
[0.213s] -- Detecting C compiler ABI info
[0.274s] -- Detecting C compiler ABI info - done
[0.296s] -- Check for working C compiler: /usr/bin/cc - skipped
[0.296s] -- Detecting C compile features
[0.297s] -- Detecting C compile features - done
[0.303s] -- Detecting CXX compiler ABI info
[0.385s] -- Detecting CXX compiler ABI info - done
[0.409s] -- Check for working CXX compiler: /usr/bin/c++ - skipped
[0.409s] -- Detecting CXX compile features
[0.410s] -- Detecting CXX compile features - done
[0.416s] -- Found ament_cmake: 1.3.9 (/opt/ros/humble/share/ament_cmake/cmake)
[0.572s] -- Found Python3: /usr/bin/python3 (found version "3.10.12") found components: Interpreter
[0.689s] [33mCMake Warning (dev) at /home/mannaja/.local/lib/python3.10/site-packages/cmake/data/share/cmake-3.29/Modules/FindPackageHandleStandardArgs.cmake:438 (message):
[0.689s]   The package name passed to `find_package_handle_standard_args` (PkgConfig)
[0.690s]   does not match the name of the calling package (gazebo).  This can lead to
[0.690s]   problems in calling code that expects `find_package` result variables
[0.690s]   (e.g., `_FOUND`) to follow a certain pattern.
[0.690s] Call Stack (most recent call first):
[0.690s]   /home/mannaja/.local/lib/python3.10/site-packages/cmake/data/share/cmake-3.29/Modules/FindPkgConfig.cmake:114 (find_package_handle_standard_args)
[0.690s]   /usr/lib/x86_64-linux-gnu/cmake/gazebo/gazebo-config.cmake:72 (include)
[0.690s]   CMakeLists.txt:23 (find_package)
[0.690s] This warning is for project developers.  Use -Wno-dev to suppress it.
[0.691s] [0m
[0.691s] -- Found PkgConfig: /usr/bin/pkg-config (found version "0.29.2")
[0.694s] -- Checking for module 'bullet>=2.82'
[0.706s] --   Found bullet, version 3.05
[0.804s] -- Found fcl: /usr/include (found suitable version "0.7.0", minimum required is "0.5.0")
[0.848s] -- Found assimp: /usr/include (found version "5.2.0")
[0.877s] -- Found DART: /usr/include (Required is at least version "6.6") found components: dart
[0.986s] -- Found Boost: /usr/lib/x86_64-linux-gnu/cmake/Boost-1.74.0/BoostConfig.cmake (found suitable version "1.74.0", minimum required is "1.40.0") found components: thread system filesystem program_options regex iostreams date_time
[1.014s] -- Found Protobuf: /usr/lib/x86_64-linux-gnu/libprotobuf.so (found version "3.12.4")
[1.023s] -- Looking for ignition-math6 -- found version 6.15.1
[1.032s] -- Searching for dependencies of ignition-math6
[1.033s] -- Looking for OGRE...
[1.034s] -- OGRE_PREFIX_WATCH changed.
[1.040s] -- Checking for module 'OGRE'
[1.053s] --   Found OGRE, version 1.9.0
[1.083s] -- Found Ogre Ghadamon (1.9.0)
[1.101s] -- Found OGRE: optimized;/usr/lib/x86_64-linux-gnu/libOgreMain.so;debug;/usr/lib/x86_64-linux-gnu/libOgreMain.so
[1.115s] -- Looking for OGRE_Paging...
[1.129s] -- Found OGRE_Paging: optimized;/usr/lib/x86_64-linux-gnu/libOgrePaging.so;debug;/usr/lib/x86_64-linux-gnu/libOgrePaging.so
[1.129s] -- Looking for OGRE_Terrain...
[1.142s] -- Found OGRE_Terrain: optimized;/usr/lib/x86_64-linux-gnu/libOgreTerrain.so;debug;/usr/lib/x86_64-linux-gnu/libOgreTerrain.so
[1.142s] -- Looking for OGRE_Property...
[1.154s] -- Found OGRE_Property: optimized;/usr/lib/x86_64-linux-gnu/libOgreProperty.so;debug;/usr/lib/x86_64-linux-gnu/libOgreProperty.so
[1.154s] -- Looking for OGRE_RTShaderSystem...
[1.166s] -- Found OGRE_RTShaderSystem: optimized;/usr/lib/x86_64-linux-gnu/libOgreRTShaderSystem.so;debug;/usr/lib/x86_64-linux-gnu/libOgreRTShaderSystem.so
[1.166s] -- Looking for OGRE_Volume...
[1.178s] -- Found OGRE_Volume: optimized;/usr/lib/x86_64-linux-gnu/libOgreVolume.so;debug;/usr/lib/x86_64-linux-gnu/libOgreVolume.so
[1.178s] -- Looking for OGRE_Overlay...
[1.191s] -- Found OGRE_Overlay: optimized;/usr/lib/x86_64-linux-gnu/libOgreOverlay.so;debug;/usr/lib/x86_64-linux-gnu/libOgreOverlay.so
[1.484s] -- Looking for ignition-math6 -- found version 6.15.1
[1.488s] -- Looking for ignition-transport8 -- found version 8.2.1
[1.489s] -- Searching for dependencies of ignition-transport8
[1.509s] -- Found Protobuf: /usr/lib/x86_64-linux-gnu/libprotobuf.so (found suitable version "3.12.4", minimum required is "3")
[1.523s] -- Config-file not installed for ZeroMQ -- checking for pkg-config
[1.528s] -- Checking for module 'libzmq >= 4'
[1.541s] --   Found libzmq, version 4.3.4
[1.572s] -- Found ZeroMQ: TRUE (Required is at least version "4")
[1.578s] -- Checking for module 'uuid'
[1.590s] --   Found uuid, version 2.37.2
[1.617s] -- Found UUID: TRUE
[1.621s] -- Looking for ignition-msgs5 -- found version 5.8.1
[1.622s] -- Searching for dependencies of ignition-msgs5
[1.643s] -- Looking for ignition-math6 -- found version 6.15.1
[1.648s] -- Checking for module 'tinyxml2'
[1.661s] --   Found tinyxml2, version 9.0.0
[1.689s] -- Looking for ignition-msgs5 -- found version 5.8.1
[1.693s] -- Looking for ignition-common3 -- found version 3.14.0
[1.694s] -- Searching for dependencies of ignition-common3
[1.694s] -- Looking for dlfcn.h - found
[1.697s] -- Looking for libdl - found
[1.698s] -- Found DL: TRUE
[1.713s] -- Found tinyobjloader: /usr/lib/x86_64-linux-gnu/cmake/tinyobjloader/tinyobjloader-config.cmake (found version "2.0.0")
[1.713s] -- Searching for <ignition-common3> component [graphics]
[1.717s] -- Looking for ignition-common3-graphics -- found version 3.14.0
[1.717s] -- Searching for dependencies of ignition-common3-graphics
[1.718s] -- Looking for ignition-math6 -- found version 6.15.1
[1.723s] -- Looking for ignition-fuel_tools4 -- found version 4.4.0
[1.723s] -- Searching for dependencies of ignition-fuel_tools4
[1.802s] -- Found CURL: /usr/lib/x86_64-linux-gnu/libcurl.so (found version "7.81.0")
[1.807s] [0mCMake Deprecation Warning at /usr/lib/x86_64-linux-gnu/cmake/jsoncpp/jsoncppConfig.cmake:2 (cmake_policy):
[1.807s]   Compatibility with CMake < 3.5 will be removed from a future version of
[1.807s]   CMake.
[1.807s] 
[1.807s]   Update the VERSION argument <min> value or use a ...<max> suffix to tell
[1.807s]   CMake that the project does not need compatibility with older versions.
[1.807s] Call Stack (most recent call first):
[1.808s]   /usr/share/cmake/ignition-cmake2/cmake2/FindJSONCPP.cmake:34 (find_package)
[1.808s]   /usr/lib/x86_64-linux-gnu/cmake/ignition-fuel_tools4/ignition-fuel_tools4-config.cmake:94 (find_package)
[1.808s]   /usr/lib/x86_64-linux-gnu/cmake/gazebo/gazebo-config.cmake:251 (find_package)
[1.808s]   CMakeLists.txt:23 (find_package)
[1.808s] 
[1.808s] [0m
[1.813s] -- Checking for module 'jsoncpp'
[1.826s] --   Found jsoncpp, version 1.9.5
[1.857s] -- Found JSONCPP: TRUE
[1.865s] -- Checking for module 'libzip'
[1.878s] --   Found libzip, version 1.7.3
[1.907s] -- Found ZIP: TRUE
[1.908s] -- Looking for ignition-common3 -- found version 3.14.0
[1.909s] -- Looking for ignition-math6 -- found version 6.15.1
[1.909s] -- Looking for ignition-msgs5 -- found version 5.8.1
[1.918s] -- Found gazebo_ros_pkgs: 3.7.0 (/opt/ros/humble/share/gazebo_ros_pkgs/cmake)
[1.921s] -- Found geometry_msgs: 4.2.4 (/opt/ros/humble/share/geometry_msgs/cmake)
[1.975s] -- Found rosidl_generator_c: 3.1.5 (/opt/ros/humble/share/rosidl_generator_c/cmake)
[1.985s] -- Found rosidl_adapter: 3.1.5 (/opt/ros/humble/share/rosidl_adapter/cmake)
[1.999s] -- Found rosidl_generator_cpp: 3.1.5 (/opt/ros/humble/share/rosidl_generator_cpp/cmake)
[2.020s] -- Using all available rosidl_typesupport_c: rosidl_typesupport_fastrtps_c;rosidl_typesupport_introspection_c
[2.050s] -- Using all available rosidl_typesupport_cpp: rosidl_typesupport_fastrtps_cpp;rosidl_typesupport_introspection_cpp
[2.199s] -- Found nav_msgs: 4.2.4 (/opt/ros/humble/share/nav_msgs/cmake)
[2.295s] -- Found rclcpp: 16.0.9 (/opt/ros/humble/share/rclcpp/cmake)
[2.382s] -- Found rmw_implementation_cmake: 6.1.2 (/opt/ros/humble/share/rmw_implementation_cmake/cmake)
[2.387s] -- Found rmw_fastrtps_cpp: 6.2.6 (/opt/ros/humble/share/rmw_fastrtps_cpp/cmake)
[2.513s] -- Found OpenSSL: /usr/lib/x86_64-linux-gnu/libcrypto.so (found version "3.0.2")
[2.553s] -- Found FastRTPS: /opt/ros/humble/include
[2.619s] -- Using RMW implementation 'rmw_fastrtps_cpp' as default
[2.636s] -- Found Threads: TRUE
[2.799s] -- Found sensor_msgs: 4.2.4 (/opt/ros/humble/share/sensor_msgs/cmake)
[2.898s] -- Found tf2: 0.25.7 (/opt/ros/humble/share/tf2/cmake)
[3.007s] -- Configuring done (2.9s)
[3.027s] -- Generating done (0.0s)
[3.033s] -- Build files have been written to: /home/mannaja/wrg2024_turtlebot3_ws/robot_ws/build/wrg_turtlebot3_gazebo
[3.064s] Invoked command in '/home/mannaja/wrg2024_turtlebot3_ws/robot_ws/build/wrg_turtlebot3_gazebo' returned '0': CMAKE_PREFIX_PATH=${CMAKE_PREFIX_PATH}:/home/mannaja/turtlebot3_ws/install/turtlebot3_teleop:/home/mannaja/turtlebot3_ws/install/turtlebot3_example:/home/mannaja/coding/project/python_minecraftDetectMob_andSendDataToRos2/ros2_ws/install/pi_node:/home/mannaja/coding/project/python_minecraftDetectMob_andSendDataToRos2/ros2_ws/install/laptop_node:/home/mannaja/coding/project/ABU2024_Manual/robot_ws/install/robot_core:/opt/ros/humble /home/mannaja/.local/bin/cmake /home/mannaja/wrg2024_turtlebot3_ws/robot_ws/src/wrg_turtlebot3_gazebo -DCMAKE_INSTALL_PREFIX=/home/mannaja/wrg2024_turtlebot3_ws/robot_ws/install/wrg_turtlebot3_gazebo
[3.066s] Invoking command in '/home/mannaja/wrg2024_turtlebot3_ws/robot_ws/build/wrg_turtlebot3_gazebo': CMAKE_PREFIX_PATH=${CMAKE_PREFIX_PATH}:/home/mannaja/turtlebot3_ws/install/turtlebot3_teleop:/home/mannaja/turtlebot3_ws/install/turtlebot3_example:/home/mannaja/coding/project/python_minecraftDetectMob_andSendDataToRos2/ros2_ws/install/pi_node:/home/mannaja/coding/project/python_minecraftDetectMob_andSendDataToRos2/ros2_ws/install/laptop_node:/home/mannaja/coding/project/ABU2024_Manual/robot_ws/install/robot_core:/opt/ros/humble /home/mannaja/.local/bin/cmake --build /home/mannaja/wrg2024_turtlebot3_ws/robot_ws/build/wrg_turtlebot3_gazebo -- -j12 -l12
[3.179s] [ 50%] [32mBuilding CXX object CMakeFiles/turtlebot3_drive.dir/src/turtlebot3_drive.cpp.o[0m
[13.238s] [100%] [32m[1mLinking CXX executable turtlebot3_drive[0m
[13.724s] [100%] Built target turtlebot3_drive
[13.749s] Invoked command in '/home/mannaja/wrg2024_turtlebot3_ws/robot_ws/build/wrg_turtlebot3_gazebo' returned '0': CMAKE_PREFIX_PATH=${CMAKE_PREFIX_PATH}:/home/mannaja/turtlebot3_ws/install/turtlebot3_teleop:/home/mannaja/turtlebot3_ws/install/turtlebot3_example:/home/mannaja/coding/project/python_minecraftDetectMob_andSendDataToRos2/ros2_ws/install/pi_node:/home/mannaja/coding/project/python_minecraftDetectMob_andSendDataToRos2/ros2_ws/install/laptop_node:/home/mannaja/coding/project/ABU2024_Manual/robot_ws/install/robot_core:/opt/ros/humble /home/mannaja/.local/bin/cmake --build /home/mannaja/wrg2024_turtlebot3_ws/robot_ws/build/wrg_turtlebot3_gazebo -- -j12 -l12
[13.854s] Invoking command in '/home/mannaja/wrg2024_turtlebot3_ws/robot_ws/build/wrg_turtlebot3_gazebo': CMAKE_PREFIX_PATH=${CMAKE_PREFIX_PATH}:/home/mannaja/turtlebot3_ws/install/turtlebot3_teleop:/home/mannaja/turtlebot3_ws/install/turtlebot3_example:/home/mannaja/coding/project/python_minecraftDetectMob_andSendDataToRos2/ros2_ws/install/pi_node:/home/mannaja/coding/project/python_minecraftDetectMob_andSendDataToRos2/ros2_ws/install/laptop_node:/home/mannaja/coding/project/ABU2024_Manual/robot_ws/install/robot_core:/opt/ros/humble /home/mannaja/.local/bin/cmake --install /home/mannaja/wrg2024_turtlebot3_ws/robot_ws/build/wrg_turtlebot3_gazebo
[13.930s] -- Install configuration: ""
[13.930s] -- Installing: /home/mannaja/wrg2024_turtlebot3_ws/robot_ws/install/wrg_turtlebot3_gazebo/lib/wrg_turtlebot3_gazebo/turtlebot3_drive
[13.937s] -- Set non-toolchain portion of runtime path of "/home/mannaja/wrg2024_turtlebot3_ws/robot_ws/install/wrg_turtlebot3_gazebo/lib/wrg_turtlebot3_gazebo/turtlebot3_drive" to ""
[13.938s] -- Installing: /home/mannaja/wrg2024_turtlebot3_ws/robot_ws/install/wrg_turtlebot3_gazebo/share/wrg_turtlebot3_gazebo//launch
[13.938s] -- Installing: /home/mannaja/wrg2024_turtlebot3_ws/robot_ws/install/wrg_turtlebot3_gazebo/share/wrg_turtlebot3_gazebo//launch/robot_state_publisher.launch.py
[13.938s] -- Installing: /home/mannaja/wrg2024_turtlebot3_ws/robot_ws/install/wrg_turtlebot3_gazebo/share/wrg_turtlebot3_gazebo//launch/turtlebot3_world.launch.py
[13.938s] -- Installing: /home/mannaja/wrg2024_turtlebot3_ws/robot_ws/install/wrg_turtlebot3_gazebo/share/wrg_turtlebot3_gazebo//launch/wrg_world.launch.py
[13.938s] -- Installing: /home/mannaja/wrg2024_turtlebot3_ws/robot_ws/install/wrg_turtlebot3_gazebo/share/wrg_turtlebot3_gazebo//launch/spawn_turtlebot3.launch.py
[13.938s] -- Installing: /home/mannaja/wrg2024_turtlebot3_ws/robot_ws/install/wrg_turtlebot3_gazebo/share/wrg_turtlebot3_gazebo//models
[13.938s] -- Installing: /home/mannaja/wrg2024_turtlebot3_ws/robot_ws/install/wrg_turtlebot3_gazebo/share/wrg_turtlebot3_gazebo//models/turtlebot3_world
[13.939s] -- Installing: /home/mannaja/wrg2024_turtlebot3_ws/robot_ws/install/wrg_turtlebot3_gazebo/share/wrg_turtlebot3_gazebo//models/turtlebot3_world/model.sdf
[13.944s] -- Installing: /home/mannaja/wrg2024_turtlebot3_ws/robot_ws/install/wrg_turtlebot3_gazebo/share/wrg_turtlebot3_gazebo//models/turtlebot3_world/meshes
[13.944s] -- Installing: /home/mannaja/wrg2024_turtlebot3_ws/robot_ws/install/wrg_turtlebot3_gazebo/share/wrg_turtlebot3_gazebo//models/turtlebot3_world/meshes/wall.dae
[13.944s] -- Installing: /home/mannaja/wrg2024_turtlebot3_ws/robot_ws/install/wrg_turtlebot3_gazebo/share/wrg_turtlebot3_gazebo//models/turtlebot3_world/meshes/hexagon.dae
[13.945s] -- Installing: /home/mannaja/wrg2024_turtlebot3_ws/robot_ws/install/wrg_turtlebot3_gazebo/share/wrg_turtlebot3_gazebo//models/turtlebot3_world/model.config
[13.947s] -- Installing: /home/mannaja/wrg2024_turtlebot3_ws/robot_ws/install/wrg_turtlebot3_gazebo/share/wrg_turtlebot3_gazebo//models/turtlebot3_world/model-1_4.sdf
[13.949s] -- Installing: /home/mannaja/wrg2024_turtlebot3_ws/robot_ws/install/wrg_turtlebot3_gazebo/share/wrg_turtlebot3_gazebo//models/turtlebot3_common
[13.949s] -- Installing: /home/mannaja/wrg2024_turtlebot3_ws/robot_ws/install/wrg_turtlebot3_gazebo/share/wrg_turtlebot3_gazebo//models/turtlebot3_common/meshes
[13.949s] -- Installing: /home/mannaja/wrg2024_turtlebot3_ws/robot_ws/install/wrg_turtlebot3_gazebo/share/wrg_turtlebot3_gazebo//models/turtlebot3_common/meshes/tire.dae
[13.949s] -- Installing: /home/mannaja/wrg2024_turtlebot3_ws/robot_ws/install/wrg_turtlebot3_gazebo/share/wrg_turtlebot3_gazebo//models/turtlebot3_common/meshes/waffle_base.dae
[13.949s] -- Installing: /home/mannaja/wrg2024_turtlebot3_ws/robot_ws/install/wrg_turtlebot3_gazebo/share/wrg_turtlebot3_gazebo//models/turtlebot3_common/meshes/waffle_pi_base.dae
[13.949s] -- Installing: /home/mannaja/wrg2024_turtlebot3_ws/robot_ws/install/wrg_turtlebot3_gazebo/share/wrg_turtlebot3_gazebo//models/turtlebot3_common/meshes/r200.dae
[13.950s] -- Installing: /home/mannaja/wrg2024_turtlebot3_ws/robot_ws/install/wrg_turtlebot3_gazebo/share/wrg_turtlebot3_gazebo//models/turtlebot3_common/meshes/lds.dae
[13.950s] -- Installing: /home/mannaja/wrg2024_turtlebot3_ws/robot_ws/install/wrg_turtlebot3_gazebo/share/wrg_turtlebot3_gazebo//models/turtlebot3_common/meshes/burger_base.dae
[13.950s] -- Installing: /home/mannaja/wrg2024_turtlebot3_ws/robot_ws/install/wrg_turtlebot3_gazebo/share/wrg_turtlebot3_gazebo//models/turtlebot3_common/model.config
[13.951s] -- Installing: /home/mannaja/wrg2024_turtlebot3_ws/robot_ws/install/wrg_turtlebot3_gazebo/share/wrg_turtlebot3_gazebo//models/turtlebot3_dqn_world
[13.951s] -- Installing: /home/mannaja/wrg2024_turtlebot3_ws/robot_ws/install/wrg_turtlebot3_gazebo/share/wrg_turtlebot3_gazebo//models/turtlebot3_dqn_world/obstacle1
[13.951s] -- Installing: /home/mannaja/wrg2024_turtlebot3_ws/robot_ws/install/wrg_turtlebot3_gazebo/share/wrg_turtlebot3_gazebo//models/turtlebot3_dqn_world/obstacle1/model.sdf
[13.953s] -- Installing: /home/mannaja/wrg2024_turtlebot3_ws/robot_ws/install/wrg_turtlebot3_gazebo/share/wrg_turtlebot3_gazebo//models/turtlebot3_dqn_world/obstacle1/model.config
[13.954s] -- Installing: /home/mannaja/wrg2024_turtlebot3_ws/robot_ws/install/wrg_turtlebot3_gazebo/share/wrg_turtlebot3_gazebo//models/turtlebot3_dqn_world/model.sdf
[13.955s] -- Installing: /home/mannaja/wrg2024_turtlebot3_ws/robot_ws/install/wrg_turtlebot3_gazebo/share/wrg_turtlebot3_gazebo//models/turtlebot3_dqn_world/goal_box
[13.956s] -- Installing: /home/mannaja/wrg2024_turtlebot3_ws/robot_ws/install/wrg_turtlebot3_gazebo/share/wrg_turtlebot3_gazebo//models/turtlebot3_dqn_world/goal_box/model.sdf
[13.956s] -- Installing: /home/mannaja/wrg2024_turtlebot3_ws/robot_ws/install/wrg_turtlebot3_gazebo/share/wrg_turtlebot3_gazebo//models/turtlebot3_dqn_world/goal_box/model.config
[13.959s] -- Installing: /home/mannaja/wrg2024_turtlebot3_ws/robot_ws/install/wrg_turtlebot3_gazebo/share/wrg_turtlebot3_gazebo//models/turtlebot3_dqn_world/obstacles
[13.959s] -- Installing: /home/mannaja/wrg2024_turtlebot3_ws/robot_ws/install/wrg_turtlebot3_gazebo/share/wrg_turtlebot3_gazebo//models/turtlebot3_dqn_world/obstacles/model.sdf
[13.960s] -- Installing: /home/mannaja/wrg2024_turtlebot3_ws/robot_ws/install/wrg_turtlebot3_gazebo/share/wrg_turtlebot3_gazebo//models/turtlebot3_dqn_world/obstacles/model.config
[13.963s] -- Installing: /home/mannaja/wrg2024_turtlebot3_ws/robot_ws/install/wrg_turtlebot3_gazebo/share/wrg_turtlebot3_gazebo//models/turtlebot3_dqn_world/inner_walls
[13.963s] -- Installing: /home/mannaja/wrg2024_turtlebot3_ws/robot_ws/install/wrg_turtlebot3_gazebo/share/wrg_turtlebot3_gazebo//models/turtlebot3_dqn_world/inner_walls/model.sdf
[13.963s] -- Installing: /home/mannaja/wrg2024_turtlebot3_ws/robot_ws/install/wrg_turtlebot3_gazebo/share/wrg_turtlebot3_gazebo//models/turtlebot3_dqn_world/inner_walls/model.config
[13.964s] -- Installing: /home/mannaja/wrg2024_turtlebot3_ws/robot_ws/install/wrg_turtlebot3_gazebo/share/wrg_turtlebot3_gazebo//models/turtlebot3_dqn_world/model.config
[13.966s] -- Installing: /home/mannaja/wrg2024_turtlebot3_ws/robot_ws/install/wrg_turtlebot3_gazebo/share/wrg_turtlebot3_gazebo//models/turtlebot3_dqn_world/obstacle2
[13.966s] -- Installing: /home/mannaja/wrg2024_turtlebot3_ws/robot_ws/install/wrg_turtlebot3_gazebo/share/wrg_turtlebot3_gazebo//models/turtlebot3_dqn_world/obstacle2/model.sdf
[13.967s] -- Installing: /home/mannaja/wrg2024_turtlebot3_ws/robot_ws/install/wrg_turtlebot3_gazebo/share/wrg_turtlebot3_gazebo//models/turtlebot3_dqn_world/obstacle2/model.config
[13.967s] -- Installing: /home/mannaja/wrg2024_turtlebot3_ws/robot_ws/install/wrg_turtlebot3_gazebo/share/wrg_turtlebot3_gazebo//models/turtlebot3_dqn_world/obstacle_plugin
[13.967s] -- Installing: /home/mannaja/wrg2024_turtlebot3_ws/robot_ws/install/wrg_turtlebot3_gazebo/share/wrg_turtlebot3_gazebo//models/turtlebot3_dqn_world/obstacle_plugin/obstacles.cc
[13.967s] -- Installing: /home/mannaja/wrg2024_turtlebot3_ws/robot_ws/install/wrg_turtlebot3_gazebo/share/wrg_turtlebot3_gazebo//models/turtlebot3_dqn_world/obstacle_plugin/obstacle1.cc
[13.968s] -- Installing: /home/mannaja/wrg2024_turtlebot3_ws/robot_ws/install/wrg_turtlebot3_gazebo/share/wrg_turtlebot3_gazebo//models/turtlebot3_dqn_world/obstacle_plugin/CMakeLists.txt
[13.969s] -- Installing: /home/mannaja/wrg2024_turtlebot3_ws/robot_ws/install/wrg_turtlebot3_gazebo/share/wrg_turtlebot3_gazebo//models/turtlebot3_dqn_world/obstacle_plugin/obstacle2.cc
[13.969s] -- Installing: /home/mannaja/wrg2024_turtlebot3_ws/robot_ws/install/wrg_turtlebot3_gazebo/share/wrg_turtlebot3_gazebo//models/turtlebot3_burger
[13.969s] -- Installing: /home/mannaja/wrg2024_turtlebot3_ws/robot_ws/install/wrg_turtlebot3_gazebo/share/wrg_turtlebot3_gazebo//models/turtlebot3_burger/model.sdf
[13.970s] -- Installing: /home/mannaja/wrg2024_turtlebot3_ws/robot_ws/install/wrg_turtlebot3_gazebo/share/wrg_turtlebot3_gazebo//models/turtlebot3_burger/model.config
[13.973s] -- Installing: /home/mannaja/wrg2024_turtlebot3_ws/robot_ws/install/wrg_turtlebot3_gazebo/share/wrg_turtlebot3_gazebo//models/turtlebot3_burger/model-1_4.sdf
[13.973s] -- Installing: /home/mannaja/wrg2024_turtlebot3_ws/robot_ws/install/wrg_turtlebot3_gazebo/share/wrg_turtlebot3_gazebo//rviz
[13.973s] -- Installing: /home/mannaja/wrg2024_turtlebot3_ws/robot_ws/install/wrg_turtlebot3_gazebo/share/wrg_turtlebot3_gazebo//rviz/tb3_gazebo.rviz
[13.973s] -- Installing: /home/mannaja/wrg2024_turtlebot3_ws/robot_ws/install/wrg_turtlebot3_gazebo/share/wrg_turtlebot3_gazebo//urdf
[13.974s] -- Installing: /home/mannaja/wrg2024_turtlebot3_ws/robot_ws/install/wrg_turtlebot3_gazebo/share/wrg_turtlebot3_gazebo//urdf/common_properties.urdf
[13.974s] -- Installing: /home/mannaja/wrg2024_turtlebot3_ws/robot_ws/install/wrg_turtlebot3_gazebo/share/wrg_turtlebot3_gazebo//urdf/turtlebot3_burger.urdf
[13.974s] -- Installing: /home/mannaja/wrg2024_turtlebot3_ws/robot_ws/install/wrg_turtlebot3_gazebo/share/wrg_turtlebot3_gazebo//worlds
[13.974s] -- Installing: /home/mannaja/wrg2024_turtlebot3_ws/robot_ws/install/wrg_turtlebot3_gazebo/share/wrg_turtlebot3_gazebo//worlds/turtlebot3_world.world
[13.977s] -- Installing: /home/mannaja/wrg2024_turtlebot3_ws/robot_ws/install/wrg_turtlebot3_gazebo/share/wrg_turtlebot3_gazebo//worlds/wrg2024_map.world
[13.977s] -- Installing: /home/mannaja/wrg2024_turtlebot3_ws/robot_ws/install/wrg_turtlebot3_gazebo/include/
[13.978s] -- Installing: /home/mannaja/wrg2024_turtlebot3_ws/robot_ws/install/wrg_turtlebot3_gazebo/include//turtlebot3_gazebo
[13.978s] -- Installing: /home/mannaja/wrg2024_turtlebot3_ws/robot_ws/install/wrg_turtlebot3_gazebo/include//turtlebot3_gazebo/turtlebot3_drive.hpp
[13.978s] -- Installing: /home/mannaja/wrg2024_turtlebot3_ws/robot_ws/install/wrg_turtlebot3_gazebo/share/ament_index/resource_index/package_run_dependencies/wrg_turtlebot3_gazebo
[13.978s] -- Installing: /home/mannaja/wrg2024_turtlebot3_ws/robot_ws/install/wrg_turtlebot3_gazebo/share/ament_index/resource_index/parent_prefix_path/wrg_turtlebot3_gazebo
[13.978s] -- Installing: /home/mannaja/wrg2024_turtlebot3_ws/robot_ws/install/wrg_turtlebot3_gazebo/share/wrg_turtlebot3_gazebo/environment/ament_prefix_path.sh
[13.979s] -- Installing: /home/mannaja/wrg2024_turtlebot3_ws/robot_ws/install/wrg_turtlebot3_gazebo/share/wrg_turtlebot3_gazebo/environment/ament_prefix_path.dsv
[13.979s] -- Installing: /home/mannaja/wrg2024_turtlebot3_ws/robot_ws/install/wrg_turtlebot3_gazebo/share/wrg_turtlebot3_gazebo/environment/path.sh
[13.979s] -- Installing: /home/mannaja/wrg2024_turtlebot3_ws/robot_ws/install/wrg_turtlebot3_gazebo/share/wrg_turtlebot3_gazebo/environment/path.dsv
[13.979s] -- Installing: /home/mannaja/wrg2024_turtlebot3_ws/robot_ws/install/wrg_turtlebot3_gazebo/share/wrg_turtlebot3_gazebo/local_setup.bash
[13.979s] -- Installing: /home/mannaja/wrg2024_turtlebot3_ws/robot_ws/install/wrg_turtlebot3_gazebo/share/wrg_turtlebot3_gazebo/local_setup.sh
[13.979s] -- Installing: /home/mannaja/wrg2024_turtlebot3_ws/robot_ws/install/wrg_turtlebot3_gazebo/share/wrg_turtlebot3_gazebo/local_setup.zsh
[13.980s] -- Installing: /home/mannaja/wrg2024_turtlebot3_ws/robot_ws/install/wrg_turtlebot3_gazebo/share/wrg_turtlebot3_gazebo/local_setup.dsv
[13.980s] -- Installing: /home/mannaja/wrg2024_turtlebot3_ws/robot_ws/install/wrg_turtlebot3_gazebo/share/wrg_turtlebot3_gazebo/package.dsv
[13.980s] -- Installing: /home/mannaja/wrg2024_turtlebot3_ws/robot_ws/install/wrg_turtlebot3_gazebo/share/ament_index/resource_index/packages/wrg_turtlebot3_gazebo
[13.980s] -- Installing: /home/mannaja/wrg2024_turtlebot3_ws/robot_ws/install/wrg_turtlebot3_gazebo/share/wrg_turtlebot3_gazebo/cmake/ament_cmake_export_include_directories-extras.cmake
[13.980s] -- Installing: /home/mannaja/wrg2024_turtlebot3_ws/robot_ws/install/wrg_turtlebot3_gazebo/share/wrg_turtlebot3_gazebo/cmake/ament_cmake_export_dependencies-extras.cmake
[13.981s] -- Installing: /home/mannaja/wrg2024_turtlebot3_ws/robot_ws/install/wrg_turtlebot3_gazebo/share/wrg_turtlebot3_gazebo/cmake/wrg_turtlebot3_gazeboConfig.cmake
[13.981s] -- Installing: /home/mannaja/wrg2024_turtlebot3_ws/robot_ws/install/wrg_turtlebot3_gazebo/share/wrg_turtlebot3_gazebo/cmake/wrg_turtlebot3_gazeboConfig-version.cmake
[13.981s] -- Installing: /home/mannaja/wrg2024_turtlebot3_ws/robot_ws/install/wrg_turtlebot3_gazebo/share/wrg_turtlebot3_gazebo/package.xml
[14.000s] Invoked command in '/home/mannaja/wrg2024_turtlebot3_ws/robot_ws/build/wrg_turtlebot3_gazebo' returned '0': CMAKE_PREFIX_PATH=${CMAKE_PREFIX_PATH}:/home/mannaja/turtlebot3_ws/install/turtlebot3_teleop:/home/mannaja/turtlebot3_ws/install/turtlebot3_example:/home/mannaja/coding/project/python_minecraftDetectMob_andSendDataToRos2/ros2_ws/install/pi_node:/home/mannaja/coding/project/python_minecraftDetectMob_andSendDataToRos2/ros2_ws/install/laptop_node:/home/mannaja/coding/project/ABU2024_Manual/robot_ws/install/robot_core:/opt/ros/humble /home/mannaja/.local/bin/cmake --install /home/mannaja/wrg2024_turtlebot3_ws/robot_ws/build/wrg_turtlebot3_gazebo
