[0.109s] Invoking command in '/home/mannaja/wrg2024_turtlebot3_ws/build/turtlebot3_navigation2': CMAKE_PREFIX_PATH=${CMAKE_PREFIX_PATH}:/home/mannaja/wrg2024_turtlebot3_ws/install/turtlebot3_teleop:/home/mannaja/wrg2024_turtlebot3_ws/install/turtlebot3_example:/home/mannaja/turtlebot3_ws/install/turtlebot3_teleop:/home/mannaja/turtlebot3_ws/install/turtlebot3_example:/home/mannaja/coding/project/python_minecraftDetectMob_andSendDataToRos2/ros2_ws/install/pi_node:/home/mannaja/coding/project/python_minecraftDetectMob_andSendDataToRos2/ros2_ws/install/laptop_node:/home/mannaja/coding/project/ABU2024_Manual/robot_ws/install/robot_core:/opt/ros/humble /home/mannaja/.local/bin/cmake --build /home/mannaja/wrg2024_turtlebot3_ws/build/turtlebot3_navigation2 -- -j12 -l12
[0.606s] gmake[1]: Entering directory '/home/mannaja/wrg2024_turtlebot3_ws/build/turtlebot3_navigation2'
[0.606s] gmake[1]: Leaving directory '/home/mannaja/wrg2024_turtlebot3_ws/build/turtlebot3_navigation2'
[0.613s] Invoked command in '/home/mannaja/wrg2024_turtlebot3_ws/build/turtlebot3_navigation2' returned '0': CMAKE_PREFIX_PATH=${CMAKE_PREFIX_PATH}:/home/mannaja/wrg2024_turtlebot3_ws/install/turtlebot3_teleop:/home/mannaja/wrg2024_turtlebot3_ws/install/turtlebot3_example:/home/mannaja/turtlebot3_ws/install/turtlebot3_teleop:/home/mannaja/turtlebot3_ws/install/turtlebot3_example:/home/mannaja/coding/project/python_minecraftDetectMob_andSendDataToRos2/ros2_ws/install/pi_node:/home/mannaja/coding/project/python_minecraftDetectMob_andSendDataToRos2/ros2_ws/install/laptop_node:/home/mannaja/coding/project/ABU2024_Manual/robot_ws/install/robot_core:/opt/ros/humble /home/mannaja/.local/bin/cmake --build /home/mannaja/wrg2024_turtlebot3_ws/build/turtlebot3_navigation2 -- -j12 -l12
[0.975s] Invoking command in '/home/mannaja/wrg2024_turtlebot3_ws/build/turtlebot3_navigation2': CMAKE_PREFIX_PATH=${CMAKE_PREFIX_PATH}:/home/mannaja/wrg2024_turtlebot3_ws/install/turtlebot3_teleop:/home/mannaja/wrg2024_turtlebot3_ws/install/turtlebot3_example:/home/mannaja/turtlebot3_ws/install/turtlebot3_teleop:/home/mannaja/turtlebot3_ws/install/turtlebot3_example:/home/mannaja/coding/project/python_minecraftDetectMob_andSendDataToRos2/ros2_ws/install/pi_node:/home/mannaja/coding/project/python_minecraftDetectMob_andSendDataToRos2/ros2_ws/install/laptop_node:/home/mannaja/coding/project/ABU2024_Manual/robot_ws/install/robot_core:/opt/ros/humble /home/mannaja/.local/bin/cmake --install /home/mannaja/wrg2024_turtlebot3_ws/build/turtlebot3_navigation2
[1.194s] -- Install configuration: ""
[1.200s] -- Execute custom install script
[1.201s] -- Up-to-date symlink: /home/mannaja/wrg2024_turtlebot3_ws/install/turtlebot3_navigation2/share/turtlebot3_navigation2/launch/navigation2.launch.py
[1.201s] -- Up-to-date symlink: /home/mannaja/wrg2024_turtlebot3_ws/install/turtlebot3_navigation2/share/turtlebot3_navigation2/map/map.pgm
[1.201s] -- Up-to-date symlink: /home/mannaja/wrg2024_turtlebot3_ws/install/turtlebot3_navigation2/share/turtlebot3_navigation2/map/map.yaml
[1.201s] -- Up-to-date symlink: /home/mannaja/wrg2024_turtlebot3_ws/install/turtlebot3_navigation2/share/turtlebot3_navigation2/param/burger.yaml
[1.202s] -- Up-to-date symlink: /home/mannaja/wrg2024_turtlebot3_ws/install/turtlebot3_navigation2/share/turtlebot3_navigation2/param/waffle.yaml
[1.202s] -- Up-to-date symlink: /home/mannaja/wrg2024_turtlebot3_ws/install/turtlebot3_navigation2/share/turtlebot3_navigation2/param/waffle_pi.yaml
[1.202s] -- Up-to-date symlink: /home/mannaja/wrg2024_turtlebot3_ws/install/turtlebot3_navigation2/share/turtlebot3_navigation2/rviz/tb3_navigation2.rviz
[1.202s] -- Up-to-date symlink: /home/mannaja/wrg2024_turtlebot3_ws/install/turtlebot3_navigation2/share/ament_index/resource_index/package_run_dependencies/turtlebot3_navigation2
[1.203s] -- Up-to-date symlink: /home/mannaja/wrg2024_turtlebot3_ws/install/turtlebot3_navigation2/share/ament_index/resource_index/parent_prefix_path/turtlebot3_navigation2
[1.204s] -- Up-to-date symlink: /home/mannaja/wrg2024_turtlebot3_ws/install/turtlebot3_navigation2/share/turtlebot3_navigation2/environment/ament_prefix_path.sh
[1.204s] -- Up-to-date symlink: /home/mannaja/wrg2024_turtlebot3_ws/install/turtlebot3_navigation2/share/turtlebot3_navigation2/environment/ament_prefix_path.dsv
[1.205s] -- Up-to-date symlink: /home/mannaja/wrg2024_turtlebot3_ws/install/turtlebot3_navigation2/share/turtlebot3_navigation2/environment/path.sh
[1.205s] -- Up-to-date symlink: /home/mannaja/wrg2024_turtlebot3_ws/install/turtlebot3_navigation2/share/turtlebot3_navigation2/environment/path.dsv
[1.206s] -- Up-to-date symlink: /home/mannaja/wrg2024_turtlebot3_ws/install/turtlebot3_navigation2/share/turtlebot3_navigation2/local_setup.bash
[1.206s] -- Up-to-date symlink: /home/mannaja/wrg2024_turtlebot3_ws/install/turtlebot3_navigation2/share/turtlebot3_navigation2/local_setup.sh
[1.206s] -- Up-to-date symlink: /home/mannaja/wrg2024_turtlebot3_ws/install/turtlebot3_navigation2/share/turtlebot3_navigation2/local_setup.zsh
[1.207s] -- Up-to-date symlink: /home/mannaja/wrg2024_turtlebot3_ws/install/turtlebot3_navigation2/share/turtlebot3_navigation2/local_setup.dsv
[1.207s] -- Symlinking: /home/mannaja/wrg2024_turtlebot3_ws/install/turtlebot3_navigation2/share/turtlebot3_navigation2/package.dsv
[1.212s] -- Up-to-date symlink: /home/mannaja/wrg2024_turtlebot3_ws/install/turtlebot3_navigation2/share/ament_index/resource_index/packages/turtlebot3_navigation2
[1.214s] -- Up-to-date symlink: /home/mannaja/wrg2024_turtlebot3_ws/install/turtlebot3_navigation2/share/turtlebot3_navigation2/cmake/turtlebot3_navigation2Config.cmake
[1.214s] -- Up-to-date symlink: /home/mannaja/wrg2024_turtlebot3_ws/install/turtlebot3_navigation2/share/turtlebot3_navigation2/cmake/turtlebot3_navigation2Config-version.cmake
[1.214s] -- Up-to-date symlink: /home/mannaja/wrg2024_turtlebot3_ws/install/turtlebot3_navigation2/share/turtlebot3_navigation2/package.xml
[1.279s] Invoked command in '/home/mannaja/wrg2024_turtlebot3_ws/build/turtlebot3_navigation2' returned '0': CMAKE_PREFIX_PATH=${CMAKE_PREFIX_PATH}:/home/mannaja/wrg2024_turtlebot3_ws/install/turtlebot3_teleop:/home/mannaja/wrg2024_turtlebot3_ws/install/turtlebot3_example:/home/mannaja/turtlebot3_ws/install/turtlebot3_teleop:/home/mannaja/turtlebot3_ws/install/turtlebot3_example:/home/mannaja/coding/project/python_minecraftDetectMob_andSendDataToRos2/ros2_ws/install/pi_node:/home/mannaja/coding/project/python_minecraftDetectMob_andSendDataToRos2/ros2_ws/install/laptop_node:/home/mannaja/coding/project/ABU2024_Manual/robot_ws/install/robot_core:/opt/ros/humble /home/mannaja/.local/bin/cmake --install /home/mannaja/wrg2024_turtlebot3_ws/build/turtlebot3_navigation2
