[0.073s] Invoking command in '/home/mannaja/wrg2024_turtlebot3_ws/build/dynamixel_sdk_custom_interfaces': CMAKE_PREFIX_PATH=${CMAKE_PREFIX_PATH}:/home/mannaja/wrg2024_turtlebot3_ws/install/turtlebot3_teleop:/home/mannaja/wrg2024_turtlebot3_ws/install/turtlebot3_example:/home/mannaja/turtlebot3_ws/install/turtlebot3_teleop:/home/mannaja/turtlebot3_ws/install/turtlebot3_example:/home/mannaja/coding/project/python_minecraftDetectMob_andSendDataToRos2/ros2_ws/install/pi_node:/home/mannaja/coding/project/python_minecraftDetectMob_andSendDataToRos2/ros2_ws/install/laptop_node:/home/mannaja/coding/project/ABU2024_Manual/robot_ws/install/robot_core:/opt/ros/humble /home/mannaja/.local/bin/cmake --build /home/mannaja/wrg2024_turtlebot3_ws/build/dynamixel_sdk_custom_interfaces -- -j12 -l12
[0.623s] gmake[1]: Entering directory '/home/mannaja/wrg2024_turtlebot3_ws/build/dynamixel_sdk_custom_interfaces'
[0.625s] gmake[2]: Entering directory '/home/mannaja/wrg2024_turtlebot3_ws/build/dynamixel_sdk_custom_interfaces'
[0.626s] gmake[3]: Entering directory '/home/mannaja/wrg2024_turtlebot3_ws/build/dynamixel_sdk_custom_interfaces'
[0.628s] gmake[3]: Entering directory '/home/mannaja/wrg2024_turtlebot3_ws/build/dynamixel_sdk_custom_interfaces'
[0.628s] gmake[3]: Entering directory '/home/mannaja/wrg2024_turtlebot3_ws/build/dynamixel_sdk_custom_interfaces'
[0.628s] gmake[3]: Leaving directory '/home/mannaja/wrg2024_turtlebot3_ws/build/dynamixel_sdk_custom_interfaces'
[0.629s] gmake[3]: Leaving directory '/home/mannaja/wrg2024_turtlebot3_ws/build/dynamixel_sdk_custom_interfaces'
[0.629s] gmake[3]: Leaving directory '/home/mannaja/wrg2024_turtlebot3_ws/build/dynamixel_sdk_custom_interfaces'
[0.629s] [ 10%] Built target dynamixel_sdk_custom_interfaces__rosidl_generator_c
[0.629s] [ 12%] Built target dynamixel_sdk_custom_interfaces__cpp
[0.629s] gmake[3]: Entering directory '/home/mannaja/wrg2024_turtlebot3_ws/build/dynamixel_sdk_custom_interfaces'
[0.629s] gmake[3]: Entering directory '/home/mannaja/wrg2024_turtlebot3_ws/build/dynamixel_sdk_custom_interfaces'
[0.630s] gmake[3]: Leaving directory '/home/mannaja/wrg2024_turtlebot3_ws/build/dynamixel_sdk_custom_interfaces'
[0.630s] gmake[3]: Entering directory '/home/mannaja/wrg2024_turtlebot3_ws/build/dynamixel_sdk_custom_interfaces'
[0.630s] gmake[3]: Leaving directory '/home/mannaja/wrg2024_turtlebot3_ws/build/dynamixel_sdk_custom_interfaces'
[0.630s] gmake[3]: Entering directory '/home/mannaja/wrg2024_turtlebot3_ws/build/dynamixel_sdk_custom_interfaces'
[0.630s] gmake[3]: Entering directory '/home/mannaja/wrg2024_turtlebot3_ws/build/dynamixel_sdk_custom_interfaces'
[0.630s] [ 12%] Built target ament_cmake_python_symlink_dynamixel_sdk_custom_interfaces
[0.633s] gmake[3]: Leaving directory '/home/mannaja/wrg2024_turtlebot3_ws/build/dynamixel_sdk_custom_interfaces'
[0.635s] gmake[3]: Entering directory '/home/mannaja/wrg2024_turtlebot3_ws/build/dynamixel_sdk_custom_interfaces'
[0.636s] gmake[3]: Leaving directory '/home/mannaja/wrg2024_turtlebot3_ws/build/dynamixel_sdk_custom_interfaces'
[0.636s] gmake[3]: Leaving directory '/home/mannaja/wrg2024_turtlebot3_ws/build/dynamixel_sdk_custom_interfaces'
[0.636s] gmake[3]: Leaving directory '/home/mannaja/wrg2024_turtlebot3_ws/build/dynamixel_sdk_custom_interfaces'
[0.639s] [ 23%] Built target dynamixel_sdk_custom_interfaces__rosidl_typesupport_c
[0.639s] [ 33%] Built target dynamixel_sdk_custom_interfaces__rosidl_typesupport_fastrtps_c
[0.639s] gmake[3]: Entering directory '/home/mannaja/wrg2024_turtlebot3_ws/build/dynamixel_sdk_custom_interfaces'
[0.639s] gmake[3]: Leaving directory '/home/mannaja/wrg2024_turtlebot3_ws/build/dynamixel_sdk_custom_interfaces'
[0.639s] gmake[3]: Entering directory '/home/mannaja/wrg2024_turtlebot3_ws/build/dynamixel_sdk_custom_interfaces'
[0.640s] [ 48%] Built target dynamixel_sdk_custom_interfaces__rosidl_typesupport_fastrtps_cpp
[0.640s] gmake[3]: Leaving directory '/home/mannaja/wrg2024_turtlebot3_ws/build/dynamixel_sdk_custom_interfaces'
[0.640s] [ 56%] Built target dynamixel_sdk_custom_interfaces__rosidl_typesupport_introspection_c
[0.640s] gmake[3]: Entering directory '/home/mannaja/wrg2024_turtlebot3_ws/build/dynamixel_sdk_custom_interfaces'
[0.640s] [ 71%] Built target dynamixel_sdk_custom_interfaces__rosidl_typesupport_introspection_cpp
[0.640s] [ 74%] Built target dynamixel_sdk_custom_interfaces__rosidl_typesupport_cpp
[0.641s] gmake[3]: Entering directory '/home/mannaja/wrg2024_turtlebot3_ws/build/dynamixel_sdk_custom_interfaces'
[0.641s] gmake[3]: Leaving directory '/home/mannaja/wrg2024_turtlebot3_ws/build/dynamixel_sdk_custom_interfaces'
[0.641s] [ 74%] Built target dynamixel_sdk_custom_interfaces
[0.641s] gmake[3]: Entering directory '/home/mannaja/wrg2024_turtlebot3_ws/build/dynamixel_sdk_custom_interfaces'
[0.641s] gmake[3]: Leaving directory '/home/mannaja/wrg2024_turtlebot3_ws/build/dynamixel_sdk_custom_interfaces'
[0.641s] [ 76%] Built target dynamixel_sdk_custom_interfaces__py
[0.641s] gmake[3]: Entering directory '/home/mannaja/wrg2024_turtlebot3_ws/build/dynamixel_sdk_custom_interfaces'
[0.642s] gmake[3]: Leaving directory '/home/mannaja/wrg2024_turtlebot3_ws/build/dynamixel_sdk_custom_interfaces'
[0.642s] [ 84%] Built target dynamixel_sdk_custom_interfaces__rosidl_generator_py
[0.642s] gmake[3]: Entering directory '/home/mannaja/wrg2024_turtlebot3_ws/build/dynamixel_sdk_custom_interfaces'
[0.642s] gmake[3]: Entering directory '/home/mannaja/wrg2024_turtlebot3_ws/build/dynamixel_sdk_custom_interfaces'
[0.642s] gmake[3]: Entering directory '/home/mannaja/wrg2024_turtlebot3_ws/build/dynamixel_sdk_custom_interfaces'
[0.642s] gmake[3]: Leaving directory '/home/mannaja/wrg2024_turtlebot3_ws/build/dynamixel_sdk_custom_interfaces'
[0.642s] gmake[3]: Leaving directory '/home/mannaja/wrg2024_turtlebot3_ws/build/dynamixel_sdk_custom_interfaces'
[0.643s] gmake[3]: Leaving directory '/home/mannaja/wrg2024_turtlebot3_ws/build/dynamixel_sdk_custom_interfaces'
[0.643s] [ 94%] Built target dynamixel_sdk_custom_interfaces__rosidl_typesupport_introspection_c__pyext
[0.643s] [ 94%] Built target dynamixel_sdk_custom_interfaces__rosidl_typesupport_fastrtps_c__pyext
[0.643s] [100%] Built target dynamixel_sdk_custom_interfaces__rosidl_typesupport_c__pyext
[0.699s] running egg_info
[0.972s] writing dynamixel_sdk_custom_interfaces.egg-info/PKG-INFO
[0.973s] writing dependency_links to dynamixel_sdk_custom_interfaces.egg-info/dependency_links.txt
[0.973s] writing top-level names to dynamixel_sdk_custom_interfaces.egg-info/top_level.txt
[1.092s] reading manifest file 'dynamixel_sdk_custom_interfaces.egg-info/SOURCES.txt'
[1.093s] writing manifest file 'dynamixel_sdk_custom_interfaces.egg-info/SOURCES.txt'
[1.131s] gmake[3]: Leaving directory '/home/mannaja/wrg2024_turtlebot3_ws/build/dynamixel_sdk_custom_interfaces'
[1.136s] [100%] Built target ament_cmake_python_build_dynamixel_sdk_custom_interfaces_egg
[1.137s] gmake[2]: Leaving directory '/home/mannaja/wrg2024_turtlebot3_ws/build/dynamixel_sdk_custom_interfaces'
[1.143s] gmake[1]: Leaving directory '/home/mannaja/wrg2024_turtlebot3_ws/build/dynamixel_sdk_custom_interfaces'
[1.173s] Invoked command in '/home/mannaja/wrg2024_turtlebot3_ws/build/dynamixel_sdk_custom_interfaces' returned '0': CMAKE_PREFIX_PATH=${CMAKE_PREFIX_PATH}:/home/mannaja/wrg2024_turtlebot3_ws/install/turtlebot3_teleop:/home/mannaja/wrg2024_turtlebot3_ws/install/turtlebot3_example:/home/mannaja/turtlebot3_ws/install/turtlebot3_teleop:/home/mannaja/turtlebot3_ws/install/turtlebot3_example:/home/mannaja/coding/project/python_minecraftDetectMob_andSendDataToRos2/ros2_ws/install/pi_node:/home/mannaja/coding/project/python_minecraftDetectMob_andSendDataToRos2/ros2_ws/install/laptop_node:/home/mannaja/coding/project/ABU2024_Manual/robot_ws/install/robot_core:/opt/ros/humble /home/mannaja/.local/bin/cmake --build /home/mannaja/wrg2024_turtlebot3_ws/build/dynamixel_sdk_custom_interfaces -- -j12 -l12
[1.567s] Invoking command in '/home/mannaja/wrg2024_turtlebot3_ws/build/dynamixel_sdk_custom_interfaces': CMAKE_PREFIX_PATH=${CMAKE_PREFIX_PATH}:/home/mannaja/wrg2024_turtlebot3_ws/install/turtlebot3_teleop:/home/mannaja/wrg2024_turtlebot3_ws/install/turtlebot3_example:/home/mannaja/turtlebot3_ws/install/turtlebot3_teleop:/home/mannaja/turtlebot3_ws/install/turtlebot3_example:/home/mannaja/coding/project/python_minecraftDetectMob_andSendDataToRos2/ros2_ws/install/pi_node:/home/mannaja/coding/project/python_minecraftDetectMob_andSendDataToRos2/ros2_ws/install/laptop_node:/home/mannaja/coding/project/ABU2024_Manual/robot_ws/install/robot_core:/opt/ros/humble /home/mannaja/.local/bin/cmake --install /home/mannaja/wrg2024_turtlebot3_ws/build/dynamixel_sdk_custom_interfaces
[1.699s] -- Install configuration: ""
[1.700s] -- Execute custom install script
[1.701s] -- Up-to-date symlink: /home/mannaja/wrg2024_turtlebot3_ws/install/dynamixel_sdk_custom_interfaces/share/ament_index/resource_index/rosidl_interfaces/dynamixel_sdk_custom_interfaces
[1.702s] -- Up-to-date symlink: /home/mannaja/wrg2024_turtlebot3_ws/install/dynamixel_sdk_custom_interfaces/include/dynamixel_sdk_custom_interfaces/dynamixel_sdk_custom_interfaces/msg/detail/set_position__functions.h
[1.703s] -- Up-to-date symlink: /home/mannaja/wrg2024_turtlebot3_ws/install/dynamixel_sdk_custom_interfaces/include/dynamixel_sdk_custom_interfaces/dynamixel_sdk_custom_interfaces/msg/detail/set_position__struct.h
[1.703s] -- Up-to-date symlink: /home/mannaja/wrg2024_turtlebot3_ws/install/dynamixel_sdk_custom_interfaces/include/dynamixel_sdk_custom_interfaces/dynamixel_sdk_custom_interfaces/msg/detail/set_position__type_support.h
[1.703s] -- Up-to-date symlink: /home/mannaja/wrg2024_turtlebot3_ws/install/dynamixel_sdk_custom_interfaces/include/dynamixel_sdk_custom_interfaces/dynamixel_sdk_custom_interfaces/msg/rosidl_generator_c__visibility_control.h
[1.703s] -- Up-to-date symlink: /home/mannaja/wrg2024_turtlebot3_ws/install/dynamixel_sdk_custom_interfaces/include/dynamixel_sdk_custom_interfaces/dynamixel_sdk_custom_interfaces/msg/set_position.h
[1.703s] -- Up-to-date symlink: /home/mannaja/wrg2024_turtlebot3_ws/install/dynamixel_sdk_custom_interfaces/include/dynamixel_sdk_custom_interfaces/dynamixel_sdk_custom_interfaces/srv/detail/get_position__functions.h
[1.704s] -- Up-to-date symlink: /home/mannaja/wrg2024_turtlebot3_ws/install/dynamixel_sdk_custom_interfaces/include/dynamixel_sdk_custom_interfaces/dynamixel_sdk_custom_interfaces/srv/detail/get_position__struct.h
[1.704s] -- Up-to-date symlink: /home/mannaja/wrg2024_turtlebot3_ws/install/dynamixel_sdk_custom_interfaces/include/dynamixel_sdk_custom_interfaces/dynamixel_sdk_custom_interfaces/srv/detail/get_position__type_support.h
[1.704s] -- Up-to-date symlink: /home/mannaja/wrg2024_turtlebot3_ws/install/dynamixel_sdk_custom_interfaces/include/dynamixel_sdk_custom_interfaces/dynamixel_sdk_custom_interfaces/srv/get_position.h
[1.704s] -- Up-to-date symlink: /home/mannaja/wrg2024_turtlebot3_ws/install/dynamixel_sdk_custom_interfaces/share/dynamixel_sdk_custom_interfaces/environment/library_path.sh
[1.705s] -- Up-to-date symlink: /home/mannaja/wrg2024_turtlebot3_ws/install/dynamixel_sdk_custom_interfaces/share/dynamixel_sdk_custom_interfaces/environment/library_path.dsv
[1.706s] -- Up-to-date symlink: /home/mannaja/wrg2024_turtlebot3_ws/install/dynamixel_sdk_custom_interfaces/include/dynamixel_sdk_custom_interfaces/dynamixel_sdk_custom_interfaces/msg/detail/set_position__rosidl_typesupport_fastrtps_c.h
[1.706s] -- Up-to-date symlink: /home/mannaja/wrg2024_turtlebot3_ws/install/dynamixel_sdk_custom_interfaces/include/dynamixel_sdk_custom_interfaces/dynamixel_sdk_custom_interfaces/msg/rosidl_typesupport_fastrtps_c__visibility_control.h
[1.706s] -- Up-to-date symlink: /home/mannaja/wrg2024_turtlebot3_ws/install/dynamixel_sdk_custom_interfaces/include/dynamixel_sdk_custom_interfaces/dynamixel_sdk_custom_interfaces/srv/detail/get_position__rosidl_typesupport_fastrtps_c.h
[1.707s] -- Up-to-date symlink: /home/mannaja/wrg2024_turtlebot3_ws/install/dynamixel_sdk_custom_interfaces/include/dynamixel_sdk_custom_interfaces/dynamixel_sdk_custom_interfaces/msg/detail/set_position__builder.hpp
[1.708s] -- Up-to-date symlink: /home/mannaja/wrg2024_turtlebot3_ws/install/dynamixel_sdk_custom_interfaces/include/dynamixel_sdk_custom_interfaces/dynamixel_sdk_custom_interfaces/msg/detail/set_position__struct.hpp
[1.708s] -- Up-to-date symlink: /home/mannaja/wrg2024_turtlebot3_ws/install/dynamixel_sdk_custom_interfaces/include/dynamixel_sdk_custom_interfaces/dynamixel_sdk_custom_interfaces/msg/detail/set_position__traits.hpp
[1.708s] -- Up-to-date symlink: /home/mannaja/wrg2024_turtlebot3_ws/install/dynamixel_sdk_custom_interfaces/include/dynamixel_sdk_custom_interfaces/dynamixel_sdk_custom_interfaces/msg/set_position.hpp
[1.709s] -- Up-to-date symlink: /home/mannaja/wrg2024_turtlebot3_ws/install/dynamixel_sdk_custom_interfaces/include/dynamixel_sdk_custom_interfaces/dynamixel_sdk_custom_interfaces/srv/detail/get_position__builder.hpp
[1.709s] -- Up-to-date symlink: /home/mannaja/wrg2024_turtlebot3_ws/install/dynamixel_sdk_custom_interfaces/include/dynamixel_sdk_custom_interfaces/dynamixel_sdk_custom_interfaces/srv/detail/get_position__struct.hpp
[1.709s] -- Up-to-date symlink: /home/mannaja/wrg2024_turtlebot3_ws/install/dynamixel_sdk_custom_interfaces/include/dynamixel_sdk_custom_interfaces/dynamixel_sdk_custom_interfaces/srv/detail/get_position__traits.hpp
[1.710s] -- Up-to-date symlink: /home/mannaja/wrg2024_turtlebot3_ws/install/dynamixel_sdk_custom_interfaces/include/dynamixel_sdk_custom_interfaces/dynamixel_sdk_custom_interfaces/srv/get_position.hpp
[1.711s] -- Up-to-date symlink: /home/mannaja/wrg2024_turtlebot3_ws/install/dynamixel_sdk_custom_interfaces/include/dynamixel_sdk_custom_interfaces/dynamixel_sdk_custom_interfaces/msg/detail/set_position__rosidl_typesupport_fastrtps_cpp.hpp
[1.711s] -- Up-to-date symlink: /home/mannaja/wrg2024_turtlebot3_ws/install/dynamixel_sdk_custom_interfaces/include/dynamixel_sdk_custom_interfaces/dynamixel_sdk_custom_interfaces/msg/rosidl_typesupport_fastrtps_cpp__visibility_control.h
[1.711s] -- Up-to-date symlink: /home/mannaja/wrg2024_turtlebot3_ws/install/dynamixel_sdk_custom_interfaces/include/dynamixel_sdk_custom_interfaces/dynamixel_sdk_custom_interfaces/srv/detail/get_position__rosidl_typesupport_fastrtps_cpp.hpp
[1.712s] -- Up-to-date symlink: /home/mannaja/wrg2024_turtlebot3_ws/install/dynamixel_sdk_custom_interfaces/include/dynamixel_sdk_custom_interfaces/dynamixel_sdk_custom_interfaces/msg/detail/set_position__rosidl_typesupport_introspection_c.h
[1.713s] -- Up-to-date symlink: /home/mannaja/wrg2024_turtlebot3_ws/install/dynamixel_sdk_custom_interfaces/include/dynamixel_sdk_custom_interfaces/dynamixel_sdk_custom_interfaces/msg/rosidl_typesupport_introspection_c__visibility_control.h
[1.713s] -- Up-to-date symlink: /home/mannaja/wrg2024_turtlebot3_ws/install/dynamixel_sdk_custom_interfaces/include/dynamixel_sdk_custom_interfaces/dynamixel_sdk_custom_interfaces/srv/detail/get_position__rosidl_typesupport_introspection_c.h
[1.714s] -- Up-to-date symlink: /home/mannaja/wrg2024_turtlebot3_ws/install/dynamixel_sdk_custom_interfaces/include/dynamixel_sdk_custom_interfaces/dynamixel_sdk_custom_interfaces/msg/detail/set_position__rosidl_typesupport_introspection_cpp.hpp
[1.714s] -- Up-to-date symlink: /home/mannaja/wrg2024_turtlebot3_ws/install/dynamixel_sdk_custom_interfaces/include/dynamixel_sdk_custom_interfaces/dynamixel_sdk_custom_interfaces/srv/detail/get_position__rosidl_typesupport_introspection_cpp.hpp
[1.714s] -- Up-to-date symlink: /home/mannaja/wrg2024_turtlebot3_ws/install/dynamixel_sdk_custom_interfaces/share/dynamixel_sdk_custom_interfaces/environment/pythonpath.sh
[1.715s] -- Up-to-date symlink: /home/mannaja/wrg2024_turtlebot3_ws/install/dynamixel_sdk_custom_interfaces/share/dynamixel_sdk_custom_interfaces/environment/pythonpath.dsv
[1.716s] -- Up-to-date symlink: /home/mannaja/wrg2024_turtlebot3_ws/install/dynamixel_sdk_custom_interfaces/local/lib/python3.10/dist-packages/dynamixel_sdk_custom_interfaces-3.7.60-py3.10.egg-info/PKG-INFO
[1.716s] -- Up-to-date symlink: /home/mannaja/wrg2024_turtlebot3_ws/install/dynamixel_sdk_custom_interfaces/local/lib/python3.10/dist-packages/dynamixel_sdk_custom_interfaces-3.7.60-py3.10.egg-info/SOURCES.txt
[1.716s] -- Up-to-date symlink: /home/mannaja/wrg2024_turtlebot3_ws/install/dynamixel_sdk_custom_interfaces/local/lib/python3.10/dist-packages/dynamixel_sdk_custom_interfaces-3.7.60-py3.10.egg-info/dependency_links.txt
[1.716s] -- Up-to-date symlink: /home/mannaja/wrg2024_turtlebot3_ws/install/dynamixel_sdk_custom_interfaces/local/lib/python3.10/dist-packages/dynamixel_sdk_custom_interfaces-3.7.60-py3.10.egg-info/top_level.txt
[1.718s] -- Up-to-date symlink: /home/mannaja/wrg2024_turtlebot3_ws/install/dynamixel_sdk_custom_interfaces/local/lib/python3.10/dist-packages/dynamixel_sdk_custom_interfaces/__init__.py
[1.718s] -- Up-to-date symlink: /home/mannaja/wrg2024_turtlebot3_ws/install/dynamixel_sdk_custom_interfaces/local/lib/python3.10/dist-packages/dynamixel_sdk_custom_interfaces/_dynamixel_sdk_custom_interfaces_s.ep.rosidl_typesupport_c.c
[1.718s] -- Up-to-date symlink: /home/mannaja/wrg2024_turtlebot3_ws/install/dynamixel_sdk_custom_interfaces/local/lib/python3.10/dist-packages/dynamixel_sdk_custom_interfaces/_dynamixel_sdk_custom_interfaces_s.ep.rosidl_typesupport_fastrtps_c.c
[1.719s] -- Up-to-date symlink: /home/mannaja/wrg2024_turtlebot3_ws/install/dynamixel_sdk_custom_interfaces/local/lib/python3.10/dist-packages/dynamixel_sdk_custom_interfaces/_dynamixel_sdk_custom_interfaces_s.ep.rosidl_typesupport_introspection_c.c
[1.719s] -- Up-to-date symlink: /home/mannaja/wrg2024_turtlebot3_ws/install/dynamixel_sdk_custom_interfaces/local/lib/python3.10/dist-packages/dynamixel_sdk_custom_interfaces/dynamixel_sdk_custom_interfaces_s__rosidl_typesupport_c.cpython-310-x86_64-linux-gnu.so
[1.719s] -- Up-to-date symlink: /home/mannaja/wrg2024_turtlebot3_ws/install/dynamixel_sdk_custom_interfaces/local/lib/python3.10/dist-packages/dynamixel_sdk_custom_interfaces/dynamixel_sdk_custom_interfaces_s__rosidl_typesupport_fastrtps_c.cpython-310-x86_64-linux-gnu.so
[1.720s] -- Up-to-date symlink: /home/mannaja/wrg2024_turtlebot3_ws/install/dynamixel_sdk_custom_interfaces/local/lib/python3.10/dist-packages/dynamixel_sdk_custom_interfaces/dynamixel_sdk_custom_interfaces_s__rosidl_typesupport_introspection_c.cpython-310-x86_64-linux-gnu.so
[1.720s] -- Up-to-date symlink: /home/mannaja/wrg2024_turtlebot3_ws/install/dynamixel_sdk_custom_interfaces/local/lib/python3.10/dist-packages/dynamixel_sdk_custom_interfaces/libdynamixel_sdk_custom_interfaces__rosidl_generator_py.so
[1.720s] -- Up-to-date symlink: /home/mannaja/wrg2024_turtlebot3_ws/install/dynamixel_sdk_custom_interfaces/local/lib/python3.10/dist-packages/dynamixel_sdk_custom_interfaces/msg/__init__.py
[1.721s] -- Up-to-date symlink: /home/mannaja/wrg2024_turtlebot3_ws/install/dynamixel_sdk_custom_interfaces/local/lib/python3.10/dist-packages/dynamixel_sdk_custom_interfaces/msg/_set_position.py
[1.721s] -- Up-to-date symlink: /home/mannaja/wrg2024_turtlebot3_ws/install/dynamixel_sdk_custom_interfaces/local/lib/python3.10/dist-packages/dynamixel_sdk_custom_interfaces/msg/_set_position_s.c
[1.721s] -- Up-to-date symlink: /home/mannaja/wrg2024_turtlebot3_ws/install/dynamixel_sdk_custom_interfaces/local/lib/python3.10/dist-packages/dynamixel_sdk_custom_interfaces/srv/__init__.py
[1.721s] -- Up-to-date symlink: /home/mannaja/wrg2024_turtlebot3_ws/install/dynamixel_sdk_custom_interfaces/local/lib/python3.10/dist-packages/dynamixel_sdk_custom_interfaces/srv/_get_position.py
[1.722s] -- Up-to-date symlink: /home/mannaja/wrg2024_turtlebot3_ws/install/dynamixel_sdk_custom_interfaces/local/lib/python3.10/dist-packages/dynamixel_sdk_custom_interfaces/srv/_get_position_s.c
[1.723s] -- Up-to-date symlink: /home/mannaja/wrg2024_turtlebot3_ws/install/dynamixel_sdk_custom_interfaces/local/lib/python3.10/dist-packages/dynamixel_sdk_custom_interfaces/dynamixel_sdk_custom_interfaces_s__rosidl_typesupport_fastrtps_c.cpython-310-x86_64-linux-gnu.so
[1.723s] -- Up-to-date symlink: /home/mannaja/wrg2024_turtlebot3_ws/install/dynamixel_sdk_custom_interfaces/local/lib/python3.10/dist-packages/dynamixel_sdk_custom_interfaces/dynamixel_sdk_custom_interfaces_s__rosidl_typesupport_introspection_c.cpython-310-x86_64-linux-gnu.so
[1.723s] -- Up-to-date symlink: /home/mannaja/wrg2024_turtlebot3_ws/install/dynamixel_sdk_custom_interfaces/local/lib/python3.10/dist-packages/dynamixel_sdk_custom_interfaces/dynamixel_sdk_custom_interfaces_s__rosidl_typesupport_c.cpython-310-x86_64-linux-gnu.so
[1.724s] -- Up-to-date symlink: /home/mannaja/wrg2024_turtlebot3_ws/install/dynamixel_sdk_custom_interfaces/share/dynamixel_sdk_custom_interfaces/msg/SetPosition.idl
[1.725s] -- Up-to-date symlink: /home/mannaja/wrg2024_turtlebot3_ws/install/dynamixel_sdk_custom_interfaces/share/dynamixel_sdk_custom_interfaces/srv/GetPosition.idl
[1.725s] -- Up-to-date symlink: /home/mannaja/wrg2024_turtlebot3_ws/install/dynamixel_sdk_custom_interfaces/share/dynamixel_sdk_custom_interfaces/msg/SetPosition.msg
[1.725s] -- Up-to-date symlink: /home/mannaja/wrg2024_turtlebot3_ws/install/dynamixel_sdk_custom_interfaces/share/dynamixel_sdk_custom_interfaces/srv/GetPosition.srv
[1.726s] -- Up-to-date symlink: /home/mannaja/wrg2024_turtlebot3_ws/install/dynamixel_sdk_custom_interfaces/share/dynamixel_sdk_custom_interfaces/srv/GetPosition_Request.msg
[1.726s] -- Up-to-date symlink: /home/mannaja/wrg2024_turtlebot3_ws/install/dynamixel_sdk_custom_interfaces/share/dynamixel_sdk_custom_interfaces/srv/GetPosition_Response.msg
[1.727s] -- Up-to-date symlink: /home/mannaja/wrg2024_turtlebot3_ws/install/dynamixel_sdk_custom_interfaces/share/ament_index/resource_index/package_run_dependencies/dynamixel_sdk_custom_interfaces
[1.727s] -- Up-to-date symlink: /home/mannaja/wrg2024_turtlebot3_ws/install/dynamixel_sdk_custom_interfaces/share/ament_index/resource_index/parent_prefix_path/dynamixel_sdk_custom_interfaces
[1.727s] -- Up-to-date symlink: /home/mannaja/wrg2024_turtlebot3_ws/install/dynamixel_sdk_custom_interfaces/share/dynamixel_sdk_custom_interfaces/environment/ament_prefix_path.sh
[1.728s] -- Up-to-date symlink: /home/mannaja/wrg2024_turtlebot3_ws/install/dynamixel_sdk_custom_interfaces/share/dynamixel_sdk_custom_interfaces/environment/ament_prefix_path.dsv
[1.729s] -- Up-to-date symlink: /home/mannaja/wrg2024_turtlebot3_ws/install/dynamixel_sdk_custom_interfaces/share/dynamixel_sdk_custom_interfaces/environment/path.sh
[1.729s] -- Up-to-date symlink: /home/mannaja/wrg2024_turtlebot3_ws/install/dynamixel_sdk_custom_interfaces/share/dynamixel_sdk_custom_interfaces/environment/path.dsv
[1.730s] -- Up-to-date symlink: /home/mannaja/wrg2024_turtlebot3_ws/install/dynamixel_sdk_custom_interfaces/share/dynamixel_sdk_custom_interfaces/local_setup.bash
[1.731s] -- Up-to-date symlink: /home/mannaja/wrg2024_turtlebot3_ws/install/dynamixel_sdk_custom_interfaces/share/dynamixel_sdk_custom_interfaces/local_setup.sh
[1.731s] -- Up-to-date symlink: /home/mannaja/wrg2024_turtlebot3_ws/install/dynamixel_sdk_custom_interfaces/share/dynamixel_sdk_custom_interfaces/local_setup.zsh
[1.732s] -- Up-to-date symlink: /home/mannaja/wrg2024_turtlebot3_ws/install/dynamixel_sdk_custom_interfaces/share/dynamixel_sdk_custom_interfaces/local_setup.dsv
[1.732s] -- Symlinking: /home/mannaja/wrg2024_turtlebot3_ws/install/dynamixel_sdk_custom_interfaces/share/dynamixel_sdk_custom_interfaces/package.dsv
[1.739s] -- Up-to-date symlink: /home/mannaja/wrg2024_turtlebot3_ws/install/dynamixel_sdk_custom_interfaces/share/ament_index/resource_index/packages/dynamixel_sdk_custom_interfaces
[1.739s] -- Up-to-date symlink: /home/mannaja/wrg2024_turtlebot3_ws/install/dynamixel_sdk_custom_interfaces/share/dynamixel_sdk_custom_interfaces/cmake/rosidl_cmake-extras.cmake
[1.740s] -- Up-to-date symlink: /home/mannaja/wrg2024_turtlebot3_ws/install/dynamixel_sdk_custom_interfaces/share/dynamixel_sdk_custom_interfaces/cmake/ament_cmake_export_dependencies-extras.cmake
[1.740s] -- Up-to-date symlink: /home/mannaja/wrg2024_turtlebot3_ws/install/dynamixel_sdk_custom_interfaces/share/dynamixel_sdk_custom_interfaces/cmake/ament_cmake_export_include_directories-extras.cmake
[1.741s] -- Up-to-date symlink: /home/mannaja/wrg2024_turtlebot3_ws/install/dynamixel_sdk_custom_interfaces/share/dynamixel_sdk_custom_interfaces/cmake/ament_cmake_export_libraries-extras.cmake
[1.741s] -- Up-to-date symlink: /home/mannaja/wrg2024_turtlebot3_ws/install/dynamixel_sdk_custom_interfaces/share/dynamixel_sdk_custom_interfaces/cmake/ament_cmake_export_targets-extras.cmake
[1.741s] -- Up-to-date symlink: /home/mannaja/wrg2024_turtlebot3_ws/install/dynamixel_sdk_custom_interfaces/share/dynamixel_sdk_custom_interfaces/cmake/rosidl_cmake_export_typesupport_targets-extras.cmake
[1.742s] -- Up-to-date symlink: /home/mannaja/wrg2024_turtlebot3_ws/install/dynamixel_sdk_custom_interfaces/share/dynamixel_sdk_custom_interfaces/cmake/rosidl_cmake_export_typesupport_libraries-extras.cmake
[1.742s] -- Up-to-date symlink: /home/mannaja/wrg2024_turtlebot3_ws/install/dynamixel_sdk_custom_interfaces/share/dynamixel_sdk_custom_interfaces/cmake/dynamixel_sdk_custom_interfacesConfig.cmake
[1.743s] -- Up-to-date symlink: /home/mannaja/wrg2024_turtlebot3_ws/install/dynamixel_sdk_custom_interfaces/share/dynamixel_sdk_custom_interfaces/cmake/dynamixel_sdk_custom_interfacesConfig-version.cmake
[1.743s] -- Up-to-date symlink: /home/mannaja/wrg2024_turtlebot3_ws/install/dynamixel_sdk_custom_interfaces/share/dynamixel_sdk_custom_interfaces/package.xml
[1.744s] -- Up-to-date: /home/mannaja/wrg2024_turtlebot3_ws/install/dynamixel_sdk_custom_interfaces/lib/libdynamixel_sdk_custom_interfaces__rosidl_generator_c.so
[1.745s] -- Up-to-date: /home/mannaja/wrg2024_turtlebot3_ws/install/dynamixel_sdk_custom_interfaces/lib/libdynamixel_sdk_custom_interfaces__rosidl_typesupport_fastrtps_c.so
[1.746s] -- Up-to-date: /home/mannaja/wrg2024_turtlebot3_ws/install/dynamixel_sdk_custom_interfaces/lib/libdynamixel_sdk_custom_interfaces__rosidl_typesupport_fastrtps_cpp.so
[1.747s] -- Up-to-date: /home/mannaja/wrg2024_turtlebot3_ws/install/dynamixel_sdk_custom_interfaces/lib/libdynamixel_sdk_custom_interfaces__rosidl_typesupport_introspection_c.so
[1.747s] -- Up-to-date: /home/mannaja/wrg2024_turtlebot3_ws/install/dynamixel_sdk_custom_interfaces/lib/libdynamixel_sdk_custom_interfaces__rosidl_typesupport_c.so
[1.748s] -- Up-to-date: /home/mannaja/wrg2024_turtlebot3_ws/install/dynamixel_sdk_custom_interfaces/lib/libdynamixel_sdk_custom_interfaces__rosidl_typesupport_introspection_cpp.so
[1.749s] -- Up-to-date: /home/mannaja/wrg2024_turtlebot3_ws/install/dynamixel_sdk_custom_interfaces/lib/libdynamixel_sdk_custom_interfaces__rosidl_typesupport_cpp.so
[1.798s] Listing '/home/mannaja/wrg2024_turtlebot3_ws/install/dynamixel_sdk_custom_interfaces/local/lib/python3.10/dist-packages/dynamixel_sdk_custom_interfaces'...
[1.798s] Listing '/home/mannaja/wrg2024_turtlebot3_ws/install/dynamixel_sdk_custom_interfaces/local/lib/python3.10/dist-packages/dynamixel_sdk_custom_interfaces/msg'...
[1.798s] Listing '/home/mannaja/wrg2024_turtlebot3_ws/install/dynamixel_sdk_custom_interfaces/local/lib/python3.10/dist-packages/dynamixel_sdk_custom_interfaces/srv'...
[1.804s] -- Up-to-date: /home/mannaja/wrg2024_turtlebot3_ws/install/dynamixel_sdk_custom_interfaces/lib/libdynamixel_sdk_custom_interfaces__rosidl_generator_py.so
[1.805s] -- Up-to-date: /home/mannaja/wrg2024_turtlebot3_ws/install/dynamixel_sdk_custom_interfaces/share/dynamixel_sdk_custom_interfaces/cmake/export_dynamixel_sdk_custom_interfaces__rosidl_generator_cExport.cmake
[1.805s] -- Up-to-date: /home/mannaja/wrg2024_turtlebot3_ws/install/dynamixel_sdk_custom_interfaces/share/dynamixel_sdk_custom_interfaces/cmake/export_dynamixel_sdk_custom_interfaces__rosidl_generator_cExport-noconfig.cmake
[1.805s] -- Up-to-date: /home/mannaja/wrg2024_turtlebot3_ws/install/dynamixel_sdk_custom_interfaces/share/dynamixel_sdk_custom_interfaces/cmake/export_dynamixel_sdk_custom_interfaces__rosidl_typesupport_fastrtps_cExport.cmake
[1.806s] -- Up-to-date: /home/mannaja/wrg2024_turtlebot3_ws/install/dynamixel_sdk_custom_interfaces/share/dynamixel_sdk_custom_interfaces/cmake/export_dynamixel_sdk_custom_interfaces__rosidl_typesupport_fastrtps_cExport-noconfig.cmake
[1.806s] -- Up-to-date: /home/mannaja/wrg2024_turtlebot3_ws/install/dynamixel_sdk_custom_interfaces/share/dynamixel_sdk_custom_interfaces/cmake/export_dynamixel_sdk_custom_interfaces__rosidl_generator_cppExport.cmake
[1.806s] -- Up-to-date: /home/mannaja/wrg2024_turtlebot3_ws/install/dynamixel_sdk_custom_interfaces/share/dynamixel_sdk_custom_interfaces/cmake/export_dynamixel_sdk_custom_interfaces__rosidl_typesupport_fastrtps_cppExport.cmake
[1.807s] -- Up-to-date: /home/mannaja/wrg2024_turtlebot3_ws/install/dynamixel_sdk_custom_interfaces/share/dynamixel_sdk_custom_interfaces/cmake/export_dynamixel_sdk_custom_interfaces__rosidl_typesupport_fastrtps_cppExport-noconfig.cmake
[1.807s] -- Up-to-date: /home/mannaja/wrg2024_turtlebot3_ws/install/dynamixel_sdk_custom_interfaces/share/dynamixel_sdk_custom_interfaces/cmake/dynamixel_sdk_custom_interfaces__rosidl_typesupport_introspection_cExport.cmake
[1.807s] -- Up-to-date: /home/mannaja/wrg2024_turtlebot3_ws/install/dynamixel_sdk_custom_interfaces/share/dynamixel_sdk_custom_interfaces/cmake/dynamixel_sdk_custom_interfaces__rosidl_typesupport_introspection_cExport-noconfig.cmake
[1.807s] -- Up-to-date: /home/mannaja/wrg2024_turtlebot3_ws/install/dynamixel_sdk_custom_interfaces/share/dynamixel_sdk_custom_interfaces/cmake/dynamixel_sdk_custom_interfaces__rosidl_typesupport_cExport.cmake
[1.807s] -- Up-to-date: /home/mannaja/wrg2024_turtlebot3_ws/install/dynamixel_sdk_custom_interfaces/share/dynamixel_sdk_custom_interfaces/cmake/dynamixel_sdk_custom_interfaces__rosidl_typesupport_cExport-noconfig.cmake
[1.807s] -- Up-to-date: /home/mannaja/wrg2024_turtlebot3_ws/install/dynamixel_sdk_custom_interfaces/share/dynamixel_sdk_custom_interfaces/cmake/dynamixel_sdk_custom_interfaces__rosidl_typesupport_introspection_cppExport.cmake
[1.808s] -- Up-to-date: /home/mannaja/wrg2024_turtlebot3_ws/install/dynamixel_sdk_custom_interfaces/share/dynamixel_sdk_custom_interfaces/cmake/dynamixel_sdk_custom_interfaces__rosidl_typesupport_introspection_cppExport-noconfig.cmake
[1.809s] -- Up-to-date: /home/mannaja/wrg2024_turtlebot3_ws/install/dynamixel_sdk_custom_interfaces/share/dynamixel_sdk_custom_interfaces/cmake/dynamixel_sdk_custom_interfaces__rosidl_typesupport_cppExport.cmake
[1.809s] -- Up-to-date: /home/mannaja/wrg2024_turtlebot3_ws/install/dynamixel_sdk_custom_interfaces/share/dynamixel_sdk_custom_interfaces/cmake/dynamixel_sdk_custom_interfaces__rosidl_typesupport_cppExport-noconfig.cmake
[1.809s] -- Up-to-date: /home/mannaja/wrg2024_turtlebot3_ws/install/dynamixel_sdk_custom_interfaces/share/dynamixel_sdk_custom_interfaces/cmake/export_dynamixel_sdk_custom_interfaces__rosidl_generator_pyExport.cmake
[1.809s] -- Up-to-date: /home/mannaja/wrg2024_turtlebot3_ws/install/dynamixel_sdk_custom_interfaces/share/dynamixel_sdk_custom_interfaces/cmake/export_dynamixel_sdk_custom_interfaces__rosidl_generator_pyExport-noconfig.cmake
[1.830s] Invoked command in '/home/mannaja/wrg2024_turtlebot3_ws/build/dynamixel_sdk_custom_interfaces' returned '0': CMAKE_PREFIX_PATH=${CMAKE_PREFIX_PATH}:/home/mannaja/wrg2024_turtlebot3_ws/install/turtlebot3_teleop:/home/mannaja/wrg2024_turtlebot3_ws/install/turtlebot3_example:/home/mannaja/turtlebot3_ws/install/turtlebot3_teleop:/home/mannaja/turtlebot3_ws/install/turtlebot3_example:/home/mannaja/coding/project/python_minecraftDetectMob_andSendDataToRos2/ros2_ws/install/pi_node:/home/mannaja/coding/project/python_minecraftDetectMob_andSendDataToRos2/ros2_ws/install/laptop_node:/home/mannaja/coding/project/ABU2024_Manual/robot_ws/install/robot_core:/opt/ros/humble /home/mannaja/.local/bin/cmake --install /home/mannaja/wrg2024_turtlebot3_ws/build/dynamixel_sdk_custom_interfaces
