[0.071s] Invoking command in '/home/mannaja/wrg2024_turtlebot3_ws/build/turtlebot3_description': CMAKE_PREFIX_PATH=${CMAKE_PREFIX_PATH}:/home/mannaja/wrg2024_turtlebot3_ws/install/turtlebot3_teleop:/home/mannaja/wrg2024_turtlebot3_ws/install/turtlebot3_example:/home/mannaja/turtlebot3_ws/install/turtlebot3_teleop:/home/mannaja/turtlebot3_ws/install/turtlebot3_example:/home/mannaja/coding/project/python_minecraftDetectMob_andSendDataToRos2/ros2_ws/install/pi_node:/home/mannaja/coding/project/python_minecraftDetectMob_andSendDataToRos2/ros2_ws/install/laptop_node:/home/mannaja/coding/project/ABU2024_Manual/robot_ws/install/robot_core:/opt/ros/humble /home/mannaja/.local/bin/cmake --build /home/mannaja/wrg2024_turtlebot3_ws/build/turtlebot3_description -- -j12 -l12
[0.624s] gmake[1]: Entering directory '/home/mannaja/wrg2024_turtlebot3_ws/build/turtlebot3_description'
[0.624s] gmake[1]: Leaving directory '/home/mannaja/wrg2024_turtlebot3_ws/build/turtlebot3_description'
[0.657s] Invoked command in '/home/mannaja/wrg2024_turtlebot3_ws/build/turtlebot3_description' returned '0': CMAKE_PREFIX_PATH=${CMAKE_PREFIX_PATH}:/home/mannaja/wrg2024_turtlebot3_ws/install/turtlebot3_teleop:/home/mannaja/wrg2024_turtlebot3_ws/install/turtlebot3_example:/home/mannaja/turtlebot3_ws/install/turtlebot3_teleop:/home/mannaja/turtlebot3_ws/install/turtlebot3_example:/home/mannaja/coding/project/python_minecraftDetectMob_andSendDataToRos2/ros2_ws/install/pi_node:/home/mannaja/coding/project/python_minecraftDetectMob_andSendDataToRos2/ros2_ws/install/laptop_node:/home/mannaja/coding/project/ABU2024_Manual/robot_ws/install/robot_core:/opt/ros/humble /home/mannaja/.local/bin/cmake --build /home/mannaja/wrg2024_turtlebot3_ws/build/turtlebot3_description -- -j12 -l12
[1.005s] Invoking command in '/home/mannaja/wrg2024_turtlebot3_ws/build/turtlebot3_description': CMAKE_PREFIX_PATH=${CMAKE_PREFIX_PATH}:/home/mannaja/wrg2024_turtlebot3_ws/install/turtlebot3_teleop:/home/mannaja/wrg2024_turtlebot3_ws/install/turtlebot3_example:/home/mannaja/turtlebot3_ws/install/turtlebot3_teleop:/home/mannaja/turtlebot3_ws/install/turtlebot3_example:/home/mannaja/coding/project/python_minecraftDetectMob_andSendDataToRos2/ros2_ws/install/pi_node:/home/mannaja/coding/project/python_minecraftDetectMob_andSendDataToRos2/ros2_ws/install/laptop_node:/home/mannaja/coding/project/ABU2024_Manual/robot_ws/install/robot_core:/opt/ros/humble /home/mannaja/.local/bin/cmake --install /home/mannaja/wrg2024_turtlebot3_ws/build/turtlebot3_description
[1.225s] -- Install configuration: ""
[1.226s] -- Execute custom install script
[1.228s] -- Up-to-date symlink: /home/mannaja/wrg2024_turtlebot3_ws/install/turtlebot3_description/share/turtlebot3_description/meshes/bases/burger_base.stl
[1.228s] -- Up-to-date symlink: /home/mannaja/wrg2024_turtlebot3_ws/install/turtlebot3_description/share/turtlebot3_description/meshes/bases/waffle_base.stl
[1.229s] -- Up-to-date symlink: /home/mannaja/wrg2024_turtlebot3_ws/install/turtlebot3_description/share/turtlebot3_description/meshes/bases/waffle_pi_base.stl
[1.229s] -- Up-to-date symlink: /home/mannaja/wrg2024_turtlebot3_ws/install/turtlebot3_description/share/turtlebot3_description/meshes/sensors/astra.dae
[1.230s] -- Up-to-date symlink: /home/mannaja/wrg2024_turtlebot3_ws/install/turtlebot3_description/share/turtlebot3_description/meshes/sensors/astra.jpg
[1.230s] -- Up-to-date symlink: /home/mannaja/wrg2024_turtlebot3_ws/install/turtlebot3_description/share/turtlebot3_description/meshes/sensors/lds.stl
[1.230s] -- Up-to-date symlink: /home/mannaja/wrg2024_turtlebot3_ws/install/turtlebot3_description/share/turtlebot3_description/meshes/sensors/r200.dae
[1.231s] -- Up-to-date symlink: /home/mannaja/wrg2024_turtlebot3_ws/install/turtlebot3_description/share/turtlebot3_description/meshes/sensors/r200.jpg
[1.232s] -- Up-to-date symlink: /home/mannaja/wrg2024_turtlebot3_ws/install/turtlebot3_description/share/turtlebot3_description/meshes/wheels/left_tire.stl
[1.232s] -- Up-to-date symlink: /home/mannaja/wrg2024_turtlebot3_ws/install/turtlebot3_description/share/turtlebot3_description/meshes/wheels/right_tire.stl
[1.235s] -- Up-to-date symlink: /home/mannaja/wrg2024_turtlebot3_ws/install/turtlebot3_description/share/turtlebot3_description/rviz/model.rviz
[1.237s] -- Up-to-date symlink: /home/mannaja/wrg2024_turtlebot3_ws/install/turtlebot3_description/share/turtlebot3_description/urdf/common_properties.urdf
[1.238s] -- Up-to-date symlink: /home/mannaja/wrg2024_turtlebot3_ws/install/turtlebot3_description/share/turtlebot3_description/urdf/turtlebot3_burger.urdf
[1.239s] -- Up-to-date symlink: /home/mannaja/wrg2024_turtlebot3_ws/install/turtlebot3_description/share/turtlebot3_description/urdf/turtlebot3_waffle.urdf
[1.240s] -- Up-to-date symlink: /home/mannaja/wrg2024_turtlebot3_ws/install/turtlebot3_description/share/turtlebot3_description/urdf/turtlebot3_waffle_pi.urdf
[1.245s] -- Up-to-date symlink: /home/mannaja/wrg2024_turtlebot3_ws/install/turtlebot3_description/share/ament_index/resource_index/package_run_dependencies/turtlebot3_description
[1.245s] -- Up-to-date symlink: /home/mannaja/wrg2024_turtlebot3_ws/install/turtlebot3_description/share/ament_index/resource_index/parent_prefix_path/turtlebot3_description
[1.246s] -- Up-to-date symlink: /home/mannaja/wrg2024_turtlebot3_ws/install/turtlebot3_description/share/turtlebot3_description/environment/ament_prefix_path.sh
[1.246s] -- Up-to-date symlink: /home/mannaja/wrg2024_turtlebot3_ws/install/turtlebot3_description/share/turtlebot3_description/environment/ament_prefix_path.dsv
[1.254s] -- Up-to-date symlink: /home/mannaja/wrg2024_turtlebot3_ws/install/turtlebot3_description/share/turtlebot3_description/environment/path.sh
[1.254s] -- Up-to-date symlink: /home/mannaja/wrg2024_turtlebot3_ws/install/turtlebot3_description/share/turtlebot3_description/environment/path.dsv
[1.255s] -- Up-to-date symlink: /home/mannaja/wrg2024_turtlebot3_ws/install/turtlebot3_description/share/turtlebot3_description/local_setup.bash
[1.255s] -- Up-to-date symlink: /home/mannaja/wrg2024_turtlebot3_ws/install/turtlebot3_description/share/turtlebot3_description/local_setup.sh
[1.255s] -- Up-to-date symlink: /home/mannaja/wrg2024_turtlebot3_ws/install/turtlebot3_description/share/turtlebot3_description/local_setup.zsh
[1.256s] -- Up-to-date symlink: /home/mannaja/wrg2024_turtlebot3_ws/install/turtlebot3_description/share/turtlebot3_description/local_setup.dsv
[1.256s] -- Symlinking: /home/mannaja/wrg2024_turtlebot3_ws/install/turtlebot3_description/share/turtlebot3_description/package.dsv
[1.256s] -- Up-to-date symlink: /home/mannaja/wrg2024_turtlebot3_ws/install/turtlebot3_description/share/ament_index/resource_index/packages/turtlebot3_description
[1.256s] -- Up-to-date symlink: /home/mannaja/wrg2024_turtlebot3_ws/install/turtlebot3_description/share/turtlebot3_description/cmake/turtlebot3_descriptionConfig.cmake
[1.256s] -- Up-to-date symlink: /home/mannaja/wrg2024_turtlebot3_ws/install/turtlebot3_description/share/turtlebot3_description/cmake/turtlebot3_descriptionConfig-version.cmake
[1.256s] -- Up-to-date symlink: /home/mannaja/wrg2024_turtlebot3_ws/install/turtlebot3_description/share/turtlebot3_description/package.xml
[1.294s] Invoked command in '/home/mannaja/wrg2024_turtlebot3_ws/build/turtlebot3_description' returned '0': CMAKE_PREFIX_PATH=${CMAKE_PREFIX_PATH}:/home/mannaja/wrg2024_turtlebot3_ws/install/turtlebot3_teleop:/home/mannaja/wrg2024_turtlebot3_ws/install/turtlebot3_example:/home/mannaja/turtlebot3_ws/install/turtlebot3_teleop:/home/mannaja/turtlebot3_ws/install/turtlebot3_example:/home/mannaja/coding/project/python_minecraftDetectMob_andSendDataToRos2/ros2_ws/install/pi_node:/home/mannaja/coding/project/python_minecraftDetectMob_andSendDataToRos2/ros2_ws/install/laptop_node:/home/mannaja/coding/project/ABU2024_Manual/robot_ws/install/robot_core:/opt/ros/humble /home/mannaja/.local/bin/cmake --install /home/mannaja/wrg2024_turtlebot3_ws/build/turtlebot3_description
