[0.017s] Invoking command in '/home/mannaja/wrg2024_turtlebot3_ws/robot_ws/build/wrg_core': CMAKE_PREFIX_PATH=${CMAKE_PREFIX_PATH}:/home/mannaja/turtlebot3_ws/install/turtlebot3_teleop:/home/mannaja/turtlebot3_ws/install/turtlebot3_example:/home/mannaja/coding/project/python_minecraftDetectMob_andSendDataToRos2/ros2_ws/install/pi_node:/home/mannaja/coding/project/python_minecraftDetectMob_andSendDataToRos2/ros2_ws/install/laptop_node:/home/mannaja/coding/project/ABU2024_Manual/robot_ws/install/robot_core:/opt/ros/humble /home/mannaja/.local/bin/cmake /home/mannaja/wrg2024_turtlebot3_ws/robot_ws/src/wrg_core -DCMAKE_INSTALL_PREFIX=/home/mannaja/wrg2024_turtlebot3_ws/robot_ws/install/wrg_core
[0.150s] -- The C compiler identification is GNU 11.4.0
[0.209s] -- The CXX compiler identification is GNU 11.4.0
[0.220s] -- Detecting C compiler ABI info
[0.288s] -- Detecting C compiler ABI info - done
[0.309s] -- Check for working C compiler: /usr/bin/cc - skipped
[0.309s] -- Detecting C compile features
[0.309s] -- Detecting C compile features - done
[0.315s] -- Detecting CXX compiler ABI info
[0.390s] -- Detecting CXX compiler ABI info - done
[0.414s] -- Check for working CXX compiler: /usr/bin/c++ - skipped
[0.414s] -- Detecting CXX compile features
[0.414s] -- Detecting CXX compile features - done
[0.419s] -- Found ament_cmake: 1.3.9 (/opt/ros/humble/share/ament_cmake/cmake)
[0.577s] -- Found Python3: /usr/bin/python3 (found version "3.10.12") found components: Interpreter
[0.694s] -- Found tf2: 0.25.7 (/opt/ros/humble/share/tf2/cmake)
[0.767s] -- Found rosidl_generator_c: 3.1.5 (/opt/ros/humble/share/rosidl_generator_c/cmake)
[0.776s] -- Found rosidl_adapter: 3.1.5 (/opt/ros/humble/share/rosidl_adapter/cmake)
[0.789s] -- Found rosidl_generator_cpp: 3.1.5 (/opt/ros/humble/share/rosidl_generator_cpp/cmake)
[0.810s] -- Using all available rosidl_typesupport_c: rosidl_typesupport_fastrtps_c;rosidl_typesupport_introspection_c
[0.840s] -- Using all available rosidl_typesupport_cpp: rosidl_typesupport_fastrtps_cpp;rosidl_typesupport_introspection_cpp
[1.009s] -- Found rclpy: 3.3.13 (/opt/ros/humble/share/rclpy/cmake)
[1.013s] -- Found rclcpp: 16.0.9 (/opt/ros/humble/share/rclcpp/cmake)
[1.103s] -- Found rmw_implementation_cmake: 6.1.2 (/opt/ros/humble/share/rmw_implementation_cmake/cmake)
[1.108s] -- Found rmw_fastrtps_cpp: 6.2.6 (/opt/ros/humble/share/rmw_fastrtps_cpp/cmake)
[1.225s] -- Found OpenSSL: /usr/lib/x86_64-linux-gnu/libcrypto.so (found version "3.0.2")
[1.260s] -- Found FastRTPS: /opt/ros/humble/include
[1.317s] -- Using RMW implementation 'rmw_fastrtps_cpp' as default
[1.333s] -- Performing Test CMAKE_HAVE_LIBC_PTHREAD
[1.396s] -- Performing Test CMAKE_HAVE_LIBC_PTHREAD - Success
[1.398s] -- Found Threads: TRUE
[1.567s] -- Found nav2_msgs: 1.1.15 (/opt/ros/humble/share/nav2_msgs/cmake)
[1.965s] -- Found rclcpp_action: 16.0.9 (/opt/ros/humble/share/rclcpp_action/cmake)
[2.007s] -- Found tf2_geometry_msgs: 0.25.7 (/opt/ros/humble/share/tf2_geometry_msgs/cmake)
[2.030s] -- Found eigen3_cmake_module: 0.1.1 (/opt/ros/humble/share/eigen3_cmake_module/cmake)
[2.032s] -- Found Eigen3: TRUE (found version "3.4.0")
[2.033s] -- Ensuring Eigen3 include directory is part of orocos-kdl CMake target
[2.436s] -- Found ament_lint_auto: 0.12.11 (/opt/ros/humble/share/ament_lint_auto/cmake)
[2.522s] -- Configuring done (2.4s)
[2.530s] -- Generating done (0.0s)
[2.535s] -- Build files have been written to: /home/mannaja/wrg2024_turtlebot3_ws/robot_ws/build/wrg_core
[2.558s] Invoked command in '/home/mannaja/wrg2024_turtlebot3_ws/robot_ws/build/wrg_core' returned '0': CMAKE_PREFIX_PATH=${CMAKE_PREFIX_PATH}:/home/mannaja/turtlebot3_ws/install/turtlebot3_teleop:/home/mannaja/turtlebot3_ws/install/turtlebot3_example:/home/mannaja/coding/project/python_minecraftDetectMob_andSendDataToRos2/ros2_ws/install/pi_node:/home/mannaja/coding/project/python_minecraftDetectMob_andSendDataToRos2/ros2_ws/install/laptop_node:/home/mannaja/coding/project/ABU2024_Manual/robot_ws/install/robot_core:/opt/ros/humble /home/mannaja/.local/bin/cmake /home/mannaja/wrg2024_turtlebot3_ws/robot_ws/src/wrg_core -DCMAKE_INSTALL_PREFIX=/home/mannaja/wrg2024_turtlebot3_ws/robot_ws/install/wrg_core
[2.560s] Invoking command in '/home/mannaja/wrg2024_turtlebot3_ws/robot_ws/build/wrg_core': CMAKE_PREFIX_PATH=${CMAKE_PREFIX_PATH}:/home/mannaja/turtlebot3_ws/install/turtlebot3_teleop:/home/mannaja/turtlebot3_ws/install/turtlebot3_example:/home/mannaja/coding/project/python_minecraftDetectMob_andSendDataToRos2/ros2_ws/install/pi_node:/home/mannaja/coding/project/python_minecraftDetectMob_andSendDataToRos2/ros2_ws/install/laptop_node:/home/mannaja/coding/project/ABU2024_Manual/robot_ws/install/robot_core:/opt/ros/humble /home/mannaja/.local/bin/cmake --build /home/mannaja/wrg2024_turtlebot3_ws/robot_ws/build/wrg_core -- -j12 -l12
[2.666s] Built target ament_cmake_python_copy_wrg_core
[2.935s] running egg_info
[2.936s] creating wrg_core.egg-info
[3.156s] writing wrg_core.egg-info/PKG-INFO
[3.156s] writing dependency_links to wrg_core.egg-info/dependency_links.txt
[3.156s] writing top-level names to wrg_core.egg-info/top_level.txt
[3.157s] writing manifest file 'wrg_core.egg-info/SOURCES.txt'
[3.248s] reading manifest file 'wrg_core.egg-info/SOURCES.txt'
[3.248s] writing manifest file 'wrg_core.egg-info/SOURCES.txt'
[3.277s] Built target ament_cmake_python_build_wrg_core_egg
[3.294s] Invoked command in '/home/mannaja/wrg2024_turtlebot3_ws/robot_ws/build/wrg_core' returned '0': CMAKE_PREFIX_PATH=${CMAKE_PREFIX_PATH}:/home/mannaja/turtlebot3_ws/install/turtlebot3_teleop:/home/mannaja/turtlebot3_ws/install/turtlebot3_example:/home/mannaja/coding/project/python_minecraftDetectMob_andSendDataToRos2/ros2_ws/install/pi_node:/home/mannaja/coding/project/python_minecraftDetectMob_andSendDataToRos2/ros2_ws/install/laptop_node:/home/mannaja/coding/project/ABU2024_Manual/robot_ws/install/robot_core:/opt/ros/humble /home/mannaja/.local/bin/cmake --build /home/mannaja/wrg2024_turtlebot3_ws/robot_ws/build/wrg_core -- -j12 -l12
[3.486s] Invoking command in '/home/mannaja/wrg2024_turtlebot3_ws/robot_ws/build/wrg_core': CMAKE_PREFIX_PATH=${CMAKE_PREFIX_PATH}:/home/mannaja/turtlebot3_ws/install/turtlebot3_teleop:/home/mannaja/turtlebot3_ws/install/turtlebot3_example:/home/mannaja/coding/project/python_minecraftDetectMob_andSendDataToRos2/ros2_ws/install/pi_node:/home/mannaja/coding/project/python_minecraftDetectMob_andSendDataToRos2/ros2_ws/install/laptop_node:/home/mannaja/coding/project/ABU2024_Manual/robot_ws/install/robot_core:/opt/ros/humble /home/mannaja/.local/bin/cmake --install /home/mannaja/wrg2024_turtlebot3_ws/robot_ws/build/wrg_core
[3.561s] -- Install configuration: ""
[3.561s] -- Installing: /home/mannaja/wrg2024_turtlebot3_ws/robot_ws/install/wrg_core/share/wrg_core/launch
[3.561s] -- Installing: /home/mannaja/wrg2024_turtlebot3_ws/robot_ws/install/wrg_core/share/wrg_core/launch/monitor.launch.py
[3.561s] -- Installing: /home/mannaja/wrg2024_turtlebot3_ws/robot_ws/install/wrg_core/share/wrg_core/launch/bot_bringup.launch.py
[3.561s] -- Installing: /home/mannaja/wrg2024_turtlebot3_ws/robot_ws/install/wrg_core/share/wrg_core/launch/navigate.launch.py
[3.562s] -- Installing: /home/mannaja/wrg2024_turtlebot3_ws/robot_ws/install/wrg_core/share/wrg_core/launch/microros.launch.py
[3.562s] -- Installing: /home/mannaja/wrg2024_turtlebot3_ws/robot_ws/install/wrg_core/share/wrg_core/launch/rviz.launch.py
[3.562s] -- Installing: /home/mannaja/wrg2024_turtlebot3_ws/robot_ws/install/wrg_core/share/wrg_core/launch/state.launch.py
[3.562s] -- Installing: /home/mannaja/wrg2024_turtlebot3_ws/robot_ws/install/wrg_core/share/wrg_core/launch/gazebosim.launch.py
[3.562s] -- Installing: /home/mannaja/wrg2024_turtlebot3_ws/robot_ws/install/wrg_core/share/wrg_core/map
[3.562s] -- Installing: /home/mannaja/wrg2024_turtlebot3_ws/robot_ws/install/wrg_core/share/wrg_core/map/tb3_map.yaml
[3.568s] -- Installing: /home/mannaja/wrg2024_turtlebot3_ws/robot_ws/install/wrg_core/share/wrg_core/map/wrg2024_map.yaml
[3.568s] -- Installing: /home/mannaja/wrg2024_turtlebot3_ws/robot_ws/install/wrg_core/share/wrg_core/map/tb3_map.pgm
[3.568s] -- Installing: /home/mannaja/wrg2024_turtlebot3_ws/robot_ws/install/wrg_core/share/wrg_core/map/map201.pgm
[3.574s] -- Installing: /home/mannaja/wrg2024_turtlebot3_ws/robot_ws/install/wrg_core/share/wrg_core/map/map201.yaml
[3.575s] -- Installing: /home/mannaja/wrg2024_turtlebot3_ws/robot_ws/install/wrg_core/share/wrg_core/map/maptb3.yaml
[3.578s] -- Installing: /home/mannaja/wrg2024_turtlebot3_ws/robot_ws/install/wrg_core/share/wrg_core/map/wrg_map.pgm
[3.579s] -- Installing: /home/mannaja/wrg2024_turtlebot3_ws/robot_ws/install/wrg_core/share/wrg_core/map/wrg_map.yaml
[3.579s] -- Installing: /home/mannaja/wrg2024_turtlebot3_ws/robot_ws/install/wrg_core/share/wrg_core/map/maptb3.pgm
[3.584s] -- Installing: /home/mannaja/wrg2024_turtlebot3_ws/robot_ws/install/wrg_core/share/wrg_core/map/wrg2024_map.pgm
[3.584s] -- Installing: /home/mannaja/wrg2024_turtlebot3_ws/robot_ws/install/wrg_core/share/wrg_core/param
[3.584s] -- Installing: /home/mannaja/wrg2024_turtlebot3_ws/robot_ws/install/wrg_core/share/wrg_core/param/burger_native.yaml
[3.586s] -- Installing: /home/mannaja/wrg2024_turtlebot3_ws/robot_ws/install/wrg_core/share/wrg_core/param/sim_not_good_enound.yaml
[3.587s] -- Installing: /home/mannaja/wrg2024_turtlebot3_ws/robot_ws/install/wrg_core/share/wrg_core/param/burger.yaml
[3.587s] -- Installing: /home/mannaja/wrg2024_turtlebot3_ws/robot_ws/install/wrg_core/share/wrg_core/param/newburger.yaml
[3.591s] -- Installing: /home/mannaja/wrg2024_turtlebot3_ws/robot_ws/install/wrg_core/share/wrg_core/param/waffle.yaml
[3.591s] -- Installing: /home/mannaja/wrg2024_turtlebot3_ws/robot_ws/install/wrg_core/share/wrg_core/param/burger copy 3.yaml
[3.593s] -- Installing: /home/mannaja/wrg2024_turtlebot3_ws/robot_ws/install/wrg_core/share/wrg_core/param/good4.yaml
[3.596s] -- Installing: /home/mannaja/wrg2024_turtlebot3_ws/robot_ws/install/wrg_core/share/wrg_core/param/burger copy 2.yaml
[3.597s] -- Installing: /home/mannaja/wrg2024_turtlebot3_ws/robot_ws/install/wrg_core/share/wrg_core/param/waffle_pi.yaml
[3.597s] -- Installing: /home/mannaja/wrg2024_turtlebot3_ws/robot_ws/install/wrg_core/share/wrg_core/param/good2_simtime.yaml
[3.600s] -- Installing: /home/mannaja/wrg2024_turtlebot3_ws/robot_ws/install/wrg_core/share/wrg_core/param/burger copy 4.yaml
[3.601s] -- Installing: /home/mannaja/wrg2024_turtlebot3_ws/robot_ws/install/wrg_core/share/wrg_core/param/burger copy.yaml
[3.604s] -- Installing: /home/mannaja/wrg2024_turtlebot3_ws/robot_ws/install/wrg_core/share/wrg_core/param/good2.yaml
[3.605s] -- Installing: /home/mannaja/wrg2024_turtlebot3_ws/robot_ws/install/wrg_core/share/wrg_core/param/good1.yaml
[3.609s] -- Installing: /home/mannaja/wrg2024_turtlebot3_ws/robot_ws/install/wrg_core/share/wrg_core/param/good3.yaml
[3.609s] -- Installing: /home/mannaja/wrg2024_turtlebot3_ws/robot_ws/install/wrg_core/share/wrg_core/scripts
[3.609s] -- Installing: /home/mannaja/wrg2024_turtlebot3_ws/robot_ws/install/wrg_core/share/wrg_core/scripts/utilize.py
[3.609s] -- Installing: /home/mannaja/wrg2024_turtlebot3_ws/robot_ws/install/wrg_core/share/wrg_core/scripts/talker.py
[3.610s] -- Installing: /home/mannaja/wrg2024_turtlebot3_ws/robot_ws/install/wrg_core/share/wrg_core/scripts/__init__.py
[3.610s] -- Installing: /home/mannaja/wrg2024_turtlebot3_ws/robot_ws/install/wrg_core/share/wrg_core/scripts/navigate.py
[3.610s] -- Installing: /home/mannaja/wrg2024_turtlebot3_ws/robot_ws/install/wrg_core/share/wrg_core/scripts/robot_main_state.py
[3.610s] -- Installing: /home/mannaja/wrg2024_turtlebot3_ws/robot_ws/install/wrg_core/share/wrg_core/scripts/tempCodeRunnerFile.py
[3.610s] -- Installing: /home/mannaja/wrg2024_turtlebot3_ws/robot_ws/install/wrg_core/share/wrg_core/scripts/push_servo.py
[3.610s] -- Installing: /home/mannaja/wrg2024_turtlebot3_ws/robot_ws/install/wrg_core/share/wrg_core/scripts/__pycache__
[3.610s] -- Installing: /home/mannaja/wrg2024_turtlebot3_ws/robot_ws/install/wrg_core/share/wrg_core/scripts/__pycache__/utilize.cpython-310.pyc
[3.610s] -- Installing: /home/mannaja/wrg2024_turtlebot3_ws/robot_ws/install/wrg_core/share/wrg_core/scripts/monitoring_node.py
[3.611s] -- Installing: /home/mannaja/wrg2024_turtlebot3_ws/robot_ws/install/wrg_core/share/wrg_core/wrg_core
[3.611s] -- Installing: /home/mannaja/wrg2024_turtlebot3_ws/robot_ws/install/wrg_core/share/wrg_core/wrg_core/__init__.py
[3.611s] -- Installing: /home/mannaja/wrg2024_turtlebot3_ws/robot_ws/install/wrg_core/share/wrg_core/config
[3.611s] -- Installing: /home/mannaja/wrg2024_turtlebot3_ws/robot_ws/install/wrg_core/share/wrg_core/config/locations.yaml
[3.611s] -- Installing: /home/mannaja/wrg2024_turtlebot3_ws/robot_ws/install/wrg_core/share/wrg_core/environment/pythonpath.sh
[3.611s] -- Installing: /home/mannaja/wrg2024_turtlebot3_ws/robot_ws/install/wrg_core/share/wrg_core/environment/pythonpath.dsv
[3.612s] -- Installing: /home/mannaja/wrg2024_turtlebot3_ws/robot_ws/install/wrg_core/local/lib/python3.10/dist-packages/wrg_core-2.1.5-py3.10.egg-info
[3.612s] -- Installing: /home/mannaja/wrg2024_turtlebot3_ws/robot_ws/install/wrg_core/local/lib/python3.10/dist-packages/wrg_core-2.1.5-py3.10.egg-info/SOURCES.txt
[3.612s] -- Installing: /home/mannaja/wrg2024_turtlebot3_ws/robot_ws/install/wrg_core/local/lib/python3.10/dist-packages/wrg_core-2.1.5-py3.10.egg-info/PKG-INFO
[3.612s] -- Installing: /home/mannaja/wrg2024_turtlebot3_ws/robot_ws/install/wrg_core/local/lib/python3.10/dist-packages/wrg_core-2.1.5-py3.10.egg-info/top_level.txt
[3.612s] -- Installing: /home/mannaja/wrg2024_turtlebot3_ws/robot_ws/install/wrg_core/local/lib/python3.10/dist-packages/wrg_core-2.1.5-py3.10.egg-info/dependency_links.txt
[3.612s] -- Installing: /home/mannaja/wrg2024_turtlebot3_ws/robot_ws/install/wrg_core/local/lib/python3.10/dist-packages/wrg_core
[3.612s] -- Installing: /home/mannaja/wrg2024_turtlebot3_ws/robot_ws/install/wrg_core/local/lib/python3.10/dist-packages/wrg_core/__init__.py
[3.651s] Listing '/home/mannaja/wrg2024_turtlebot3_ws/robot_ws/install/wrg_core/local/lib/python3.10/dist-packages/wrg_core'...
[3.651s] Compiling '/home/mannaja/wrg2024_turtlebot3_ws/robot_ws/install/wrg_core/local/lib/python3.10/dist-packages/wrg_core/__init__.py'...
[3.657s] -- Installing: /home/mannaja/wrg2024_turtlebot3_ws/robot_ws/install/wrg_core/lib/wrg_core/monitoring_node.py
[3.657s] -- Installing: /home/mannaja/wrg2024_turtlebot3_ws/robot_ws/install/wrg_core/lib/wrg_core/navigate.py
[3.657s] -- Installing: /home/mannaja/wrg2024_turtlebot3_ws/robot_ws/install/wrg_core/lib/wrg_core/robot_main_state.py
[3.657s] -- Installing: /home/mannaja/wrg2024_turtlebot3_ws/robot_ws/install/wrg_core/lib/wrg_core/talker.py
[3.657s] -- Installing: /home/mannaja/wrg2024_turtlebot3_ws/robot_ws/install/wrg_core/lib/wrg_core/push_servo.py
[3.657s] -- Installing: /home/mannaja/wrg2024_turtlebot3_ws/robot_ws/install/wrg_core/share/ament_index/resource_index/package_run_dependencies/wrg_core
[3.658s] -- Installing: /home/mannaja/wrg2024_turtlebot3_ws/robot_ws/install/wrg_core/share/ament_index/resource_index/parent_prefix_path/wrg_core
[3.658s] -- Installing: /home/mannaja/wrg2024_turtlebot3_ws/robot_ws/install/wrg_core/share/wrg_core/environment/ament_prefix_path.sh
[3.658s] -- Installing: /home/mannaja/wrg2024_turtlebot3_ws/robot_ws/install/wrg_core/share/wrg_core/environment/ament_prefix_path.dsv
[3.658s] -- Installing: /home/mannaja/wrg2024_turtlebot3_ws/robot_ws/install/wrg_core/share/wrg_core/environment/path.sh
[3.658s] -- Installing: /home/mannaja/wrg2024_turtlebot3_ws/robot_ws/install/wrg_core/share/wrg_core/environment/path.dsv
[3.659s] -- Installing: /home/mannaja/wrg2024_turtlebot3_ws/robot_ws/install/wrg_core/share/wrg_core/local_setup.bash
[3.659s] -- Installing: /home/mannaja/wrg2024_turtlebot3_ws/robot_ws/install/wrg_core/share/wrg_core/local_setup.sh
[3.659s] -- Installing: /home/mannaja/wrg2024_turtlebot3_ws/robot_ws/install/wrg_core/share/wrg_core/local_setup.zsh
[3.659s] -- Installing: /home/mannaja/wrg2024_turtlebot3_ws/robot_ws/install/wrg_core/share/wrg_core/local_setup.dsv
[3.659s] -- Installing: /home/mannaja/wrg2024_turtlebot3_ws/robot_ws/install/wrg_core/share/wrg_core/package.dsv
[3.659s] -- Installing: /home/mannaja/wrg2024_turtlebot3_ws/robot_ws/install/wrg_core/share/ament_index/resource_index/packages/wrg_core
[3.660s] -- Installing: /home/mannaja/wrg2024_turtlebot3_ws/robot_ws/install/wrg_core/share/wrg_core/cmake/wrg_coreConfig.cmake
[3.660s] -- Installing: /home/mannaja/wrg2024_turtlebot3_ws/robot_ws/install/wrg_core/share/wrg_core/cmake/wrg_coreConfig-version.cmake
[3.660s] -- Installing: /home/mannaja/wrg2024_turtlebot3_ws/robot_ws/install/wrg_core/share/wrg_core/package.xml
[3.675s] Invoked command in '/home/mannaja/wrg2024_turtlebot3_ws/robot_ws/build/wrg_core' returned '0': CMAKE_PREFIX_PATH=${CMAKE_PREFIX_PATH}:/home/mannaja/turtlebot3_ws/install/turtlebot3_teleop:/home/mannaja/turtlebot3_ws/install/turtlebot3_example:/home/mannaja/coding/project/python_minecraftDetectMob_andSendDataToRos2/ros2_ws/install/pi_node:/home/mannaja/coding/project/python_minecraftDetectMob_andSendDataToRos2/ros2_ws/install/laptop_node:/home/mannaja/coding/project/ABU2024_Manual/robot_ws/install/robot_core:/opt/ros/humble /home/mannaja/.local/bin/cmake --install /home/mannaja/wrg2024_turtlebot3_ws/robot_ws/build/wrg_core
