gmake[1]: Entering directory '/home/mannaja/wrg2024_turtlebot3_ws/build/dynamixel_sdk_examples'
gmake[2]: Entering directory '/home/mannaja/wrg2024_turtlebot3_ws/build/dynamixel_sdk_examples'
gmake[3]: Entering directory '/home/mannaja/wrg2024_turtlebot3_ws/build/dynamixel_sdk_examples'
gmake[3]: Leaving directory '/home/mannaja/wrg2024_turtlebot3_ws/build/dynamixel_sdk_examples'
[100%] Built target read_write_node
gmake[2]: Leaving directory '/home/mannaja/wrg2024_turtlebot3_ws/build/dynamixel_sdk_examples'
gmake[1]: Leaving directory '/home/mannaja/wrg2024_turtlebot3_ws/build/dynamixel_sdk_examples'
-- Install configuration: ""
-- Execute custom install script
-- Up-to-date symlink: /home/mannaja/wrg2024_turtlebot3_ws/install/dynamixel_sdk_examples/lib/dynamixel_sdk_examples/read_write_node
-- Up-to-date symlink: /home/mannaja/wrg2024_turtlebot3_ws/install/dynamixel_sdk_examples/share/ament_index/resource_index/package_run_dependencies/dynamixel_sdk_examples
-- Up-to-date symlink: /home/mannaja/wrg2024_turtlebot3_ws/install/dynamixel_sdk_examples/share/ament_index/resource_index/parent_prefix_path/dynamixel_sdk_examples
-- Up-to-date symlink: /home/mannaja/wrg2024_turtlebot3_ws/install/dynamixel_sdk_examples/share/dynamixel_sdk_examples/environment/ament_prefix_path.sh
-- Up-to-date symlink: /home/mannaja/wrg2024_turtlebot3_ws/install/dynamixel_sdk_examples/share/dynamixel_sdk_examples/environment/ament_prefix_path.dsv
-- Up-to-date symlink: /home/mannaja/wrg2024_turtlebot3_ws/install/dynamixel_sdk_examples/share/dynamixel_sdk_examples/environment/path.sh
-- Up-to-date symlink: /home/mannaja/wrg2024_turtlebot3_ws/install/dynamixel_sdk_examples/share/dynamixel_sdk_examples/environment/path.dsv
-- Up-to-date symlink: /home/mannaja/wrg2024_turtlebot3_ws/install/dynamixel_sdk_examples/share/dynamixel_sdk_examples/local_setup.bash
-- Up-to-date symlink: /home/mannaja/wrg2024_turtlebot3_ws/install/dynamixel_sdk_examples/share/dynamixel_sdk_examples/local_setup.sh
-- Up-to-date symlink: /home/mannaja/wrg2024_turtlebot3_ws/install/dynamixel_sdk_examples/share/dynamixel_sdk_examples/local_setup.zsh
-- Up-to-date symlink: /home/mannaja/wrg2024_turtlebot3_ws/install/dynamixel_sdk_examples/share/dynamixel_sdk_examples/local_setup.dsv
-- Symlinking: /home/mannaja/wrg2024_turtlebot3_ws/install/dynamixel_sdk_examples/share/dynamixel_sdk_examples/package.dsv
-- Up-to-date symlink: /home/mannaja/wrg2024_turtlebot3_ws/install/dynamixel_sdk_examples/share/ament_index/resource_index/packages/dynamixel_sdk_examples
-- Up-to-date symlink: /home/mannaja/wrg2024_turtlebot3_ws/install/dynamixel_sdk_examples/share/dynamixel_sdk_examples/cmake/dynamixel_sdk_examplesConfig.cmake
-- Up-to-date symlink: /home/mannaja/wrg2024_turtlebot3_ws/install/dynamixel_sdk_examples/share/dynamixel_sdk_examples/cmake/dynamixel_sdk_examplesConfig-version.cmake
-- Up-to-date symlink: /home/mannaja/wrg2024_turtlebot3_ws/install/dynamixel_sdk_examples/share/dynamixel_sdk_examples/package.xml
