gmake[1]: Entering directory '/home/mannaja/wrg2024_turtlebot3_ws/build/turtlebot3_msgs'
gmake[2]: Entering directory '/home/mannaja/wrg2024_turtlebot3_ws/build/turtlebot3_msgs'
gmake[3]: Entering directory '/home/mannaja/wrg2024_turtlebot3_ws/build/turtlebot3_msgs'
gmake[3]: Entering directory '/home/mannaja/wrg2024_turtlebot3_ws/build/turtlebot3_msgs'
gmake[3]: Entering directory '/home/mannaja/wrg2024_turtlebot3_ws/build/turtlebot3_msgs'
gmake[3]: Leaving directory '/home/mannaja/wrg2024_turtlebot3_ws/build/turtlebot3_msgs'
gmake[3]: Leaving directory '/home/mannaja/wrg2024_turtlebot3_ws/build/turtlebot3_msgs'
gmake[3]: Entering directory '/home/mannaja/wrg2024_turtlebot3_ws/build/turtlebot3_msgs'
gmake[3]: Leaving directory '/home/mannaja/wrg2024_turtlebot3_ws/build/turtlebot3_msgs'
[  1%] Built target turtlebot3_msgs__cpp
[  1%] Built target ament_cmake_python_symlink_turtlebot3_msgs
gmake[3]: Entering directory '/home/mannaja/wrg2024_turtlebot3_ws/build/turtlebot3_msgs'
gmake[3]: Entering directory '/home/mannaja/wrg2024_turtlebot3_ws/build/turtlebot3_msgs'
gmake[3]: Leaving directory '/home/mannaja/wrg2024_turtlebot3_ws/build/turtlebot3_msgs'
gmake[3]: Entering directory '/home/mannaja/wrg2024_turtlebot3_ws/build/turtlebot3_msgs'
gmake[3]: Entering directory '/home/mannaja/wrg2024_turtlebot3_ws/build/turtlebot3_msgs'
gmake[3]: Leaving directory '/home/mannaja/wrg2024_turtlebot3_ws/build/turtlebot3_msgs'
gmake[3]: Leaving directory '/home/mannaja/wrg2024_turtlebot3_ws/build/turtlebot3_msgs'
[ 12%] Built target turtlebot3_msgs__rosidl_generator_c
gmake[3]: Entering directory '/home/mannaja/wrg2024_turtlebot3_ws/build/turtlebot3_msgs'
gmake[3]: Leaving directory '/home/mannaja/wrg2024_turtlebot3_ws/build/turtlebot3_msgs'
gmake[3]: Leaving directory '/home/mannaja/wrg2024_turtlebot3_ws/build/turtlebot3_msgs'
gmake[3]: Entering directory '/home/mannaja/wrg2024_turtlebot3_ws/build/turtlebot3_msgs'
[ 23%] Built target turtlebot3_msgs__rosidl_typesupport_cpp
gmake[3]: Entering directory '/home/mannaja/wrg2024_turtlebot3_ws/build/turtlebot3_msgs'
[ 35%] Built target turtlebot3_msgs__rosidl_typesupport_fastrtps_cpp
[ 46%] Built target turtlebot3_msgs__rosidl_typesupport_introspection_cpp
gmake[3]: Entering directory '/home/mannaja/wrg2024_turtlebot3_ws/build/turtlebot3_msgs'
gmake[3]: Leaving directory '/home/mannaja/wrg2024_turtlebot3_ws/build/turtlebot3_msgs'
gmake[3]: Leaving directory '/home/mannaja/wrg2024_turtlebot3_ws/build/turtlebot3_msgs'
gmake[3]: Leaving directory '/home/mannaja/wrg2024_turtlebot3_ws/build/turtlebot3_msgs'
[ 57%] Built target turtlebot3_msgs__rosidl_typesupport_introspection_c
[ 69%] Built target turtlebot3_msgs__rosidl_typesupport_fastrtps_c
[ 80%] Built target turtlebot3_msgs__rosidl_typesupport_c
gmake[3]: Entering directory '/home/mannaja/wrg2024_turtlebot3_ws/build/turtlebot3_msgs'
gmake[3]: Leaving directory '/home/mannaja/wrg2024_turtlebot3_ws/build/turtlebot3_msgs'
[ 80%] Built target turtlebot3_msgs
gmake[3]: Entering directory '/home/mannaja/wrg2024_turtlebot3_ws/build/turtlebot3_msgs'
gmake[3]: Leaving directory '/home/mannaja/wrg2024_turtlebot3_ws/build/turtlebot3_msgs'
[ 81%] Built target turtlebot3_msgs__py
gmake[3]: Entering directory '/home/mannaja/wrg2024_turtlebot3_ws/build/turtlebot3_msgs'
gmake[3]: Leaving directory '/home/mannaja/wrg2024_turtlebot3_ws/build/turtlebot3_msgs'
[ 91%] Built target turtlebot3_msgs__rosidl_generator_py
gmake[3]: Entering directory '/home/mannaja/wrg2024_turtlebot3_ws/build/turtlebot3_msgs'
gmake[3]: Entering directory '/home/mannaja/wrg2024_turtlebot3_ws/build/turtlebot3_msgs'
gmake[3]: Entering directory '/home/mannaja/wrg2024_turtlebot3_ws/build/turtlebot3_msgs'
gmake[3]: Leaving directory '/home/mannaja/wrg2024_turtlebot3_ws/build/turtlebot3_msgs'
gmake[3]: Leaving directory '/home/mannaja/wrg2024_turtlebot3_ws/build/turtlebot3_msgs'
gmake[3]: Leaving directory '/home/mannaja/wrg2024_turtlebot3_ws/build/turtlebot3_msgs'
[ 94%] Built target turtlebot3_msgs__rosidl_typesupport_fastrtps_c__pyext
[ 97%] Built target turtlebot3_msgs__rosidl_typesupport_introspection_c__pyext
[100%] Built target turtlebot3_msgs__rosidl_typesupport_c__pyext
Traceback (most recent call last):
  File "/home/mannaja/wrg2024_turtlebot3_ws/build/turtlebot3_msgs/ament_cmake_python/turtlebot3_msgs/setup.py", line 4, in <module>
    setup(
  File "/home/mannaja/.local/lib/python3.10/site-packages/setuptools/__init__.py", line 103, in setup
    return distutils.core.setup(**attrs)
  File "/home/mannaja/.local/lib/python3.10/site-packages/setuptools/_distutils/core.py", line 146, in setup
    _setup_distribution = dist = klass(attrs)
  File "/home/mannaja/.local/lib/python3.10/site-packages/setuptools/dist.py", line 307, in __init__
Traceback (most recent call last):
  File "/home/mannaja/.local/bin/cmake", line 8, in <module>
    sys.exit(cmake())
  File "/home/mannaja/.local/lib/python3.10/site-packages/cmake/__init__.py", line 51, in cmake
    _Distribution.__init__(self, dist_attrs)
  File "/home/mannaja/.local/lib/python3.10/site-packages/setuptools/_distutils/dist.py", line 286, in __init__
    raise SystemExit(_program('cmake', sys.argv[1:]))
  File "/home/mannaja/.local/lib/python3.10/site-packages/cmake/__init__.py", line 47, in _program
    return subprocess.call([os.path.join(CMAKE_BIN_DIR, name), *args], close_fds=False)
  File "/usr/lib/python3.10/subprocess.py", line 347, in call
    self.finalize_options()
  File "/home/mannaja/.local/lib/python3.10/site-packages/setuptools/dist.py", line 655, in finalize_options
    defined = metadata.entry_points(group=group)
  File "/usr/lib/python3.10/importlib/metadata/__init__.py", line 1021, in entry_points
    return p.wait(timeout=timeout)
  File "/usr/lib/python3.10/subprocess.py", line 1209, in wait
    return SelectableGroups.load(eps).select(**params)
  File "/usr/lib/python3.10/importlib/metadata/__init__.py", line 487, in select
    return self._all.select(**params)
  File "/usr/lib/python3.10/importlib/metadata/__init__.py", line 359, in select
    return self._wait(timeout=timeout)
  File "/usr/lib/python3.10/subprocess.py", line 1959, in _wait
    return EntryPoints(ep for ep in self if ep.matches(**params))
  File "/usr/lib/python3.10/importlib/metadata/__init__.py", line 359, in <genexpr>
    return EntryPoints(ep for ep in self if ep.matches(**params))
  File "/usr/lib/python3.10/importlib/metadata/__init__.py", line 232, in matches
    return all(map(operator.eq, params.values(), attrs))
KeyboardInterrupt
    (pid, sts) = self._try_wait(0)
  File "/usr/lib/python3.10/subprocess.py", line 1917, in _try_wait
    (pid, sts) = os.waitpid(self.pid, wait_flags)
KeyboardInterrupt
gmake[3]: *** [CMakeFiles/ament_cmake_python_build_turtlebot3_msgs_egg.dir/build.make:70: CMakeFiles/ament_cmake_python_build_turtlebot3_msgs_egg] Interrupt
gmake[2]: *** [CMakeFiles/Makefile2:447: CMakeFiles/ament_cmake_python_build_turtlebot3_msgs_egg.dir/all] Interrupt
gmake[1]: *** [Makefile:146: all] Interrupt
