[0.152s] [34mcolcon[0m [1;30mDEBUG[0m [32mCommand line arguments: ['/usr/bin/colcon', 'build', '--symlink-install', '--cmake-args', '-Wno-dev'][0m
[0.152s] [34mcolcon[0m [1;30mDEBUG[0m [32mParsed command line arguments: Namespace(log_base=None, log_level=None, verb_name='build', build_base='build', install_base='install', merge_install=False, symlink_install=True, test_result_base=None, continue_on_error=False, executor='parallel', parallel_workers=12, event_handlers=None, ignore_user_meta=False, metas=['./colcon.meta'], base_paths=['.'], packages_ignore=None, packages_ignore_regex=None, paths=None, packages_up_to=None, packages_up_to_regex=None, packages_above=None, packages_above_and_dependencies=None, packages_above_depth=None, packages_select_by_dep=None, packages_skip_by_dep=None, packages_skip_up_to=None, packages_select_build_failed=False, packages_skip_build_finished=False, packages_select_test_failures=False, packages_skip_test_passed=False, packages_select=None, packages_skip=None, packages_select_regex=None, packages_skip_regex=None, packages_start=None, packages_end=None, allow_overriding=[], cmake_args=['-Wno-dev'], cmake_target=None, cmake_target_skip_unavailable=False, cmake_clean_cache=False, cmake_clean_first=False, cmake_force_configure=False, ament_cmake_args=None, catkin_cmake_args=None, catkin_skip_building_tests=False, mixin_files=None, mixin=None, verb_parser=<colcon_mixin.mixin.mixin_argument.MixinArgumentDecorator object at 0x7888b2e69a20>, verb_extension=<colcon_core.verb.build.BuildVerb object at 0x7888b2e69450>, main=<bound method BuildVerb.main of <colcon_core.verb.build.BuildVerb object at 0x7888b2e69450>>, mixin_verb=('build',))[0m
[0.193s] [34mcolcon.colcon_core.package_discovery[0m [1;30mLevel 1[0m discover_packages(colcon_meta) check parameters
[0.193s] [34mcolcon.colcon_core.package_discovery[0m [1;30mLevel 1[0m discover_packages(recursive) check parameters
[0.193s] [34mcolcon.colcon_core.package_discovery[0m [1;30mLevel 1[0m discover_packages(ignore) check parameters
[0.193s] [34mcolcon.colcon_core.package_discovery[0m [1;30mLevel 1[0m discover_packages(path) check parameters
[0.193s] [34mcolcon.colcon_core.package_discovery[0m [1;30mLevel 1[0m discover_packages(colcon_meta) discover
[0.193s] [34mcolcon.colcon_core.package_discovery[0m [1;30mLevel 1[0m discover_packages(recursive) discover
[0.194s] [34mcolcon.colcon_core.package_discovery[0m [1;30mINFO[0m Crawling recursively for packages in '/home/mannaja/wrg2024_turtlebot3_ws/robot_ws'
[0.194s] [34mcolcon.colcon_core.package_identification[0m [1;30mLevel 1[0m _identify(.) by extensions ['ignore', 'ignore_ament_install']
[0.194s] [34mcolcon.colcon_core.package_identification[0m [1;30mLevel 1[0m _identify(.) by extension 'ignore'
[0.194s] [34mcolcon.colcon_core.package_identification[0m [1;30mLevel 1[0m _identify(.) by extension 'ignore_ament_install'
[0.194s] [34mcolcon.colcon_core.package_identification[0m [1;30mLevel 1[0m _identify(.) by extensions ['colcon_pkg']
[0.194s] [34mcolcon.colcon_core.package_identification[0m [1;30mLevel 1[0m _identify(.) by extension 'colcon_pkg'
[0.194s] [34mcolcon.colcon_core.package_identification[0m [1;30mLevel 1[0m _identify(.) by extensions ['colcon_meta']
[0.194s] [34mcolcon.colcon_core.package_identification[0m [1;30mLevel 1[0m _identify(.) by extension 'colcon_meta'
[0.194s] [34mcolcon.colcon_core.package_identification[0m [1;30mLevel 1[0m _identify(.) by extensions ['ros']
[0.194s] [34mcolcon.colcon_core.package_identification[0m [1;30mLevel 1[0m _identify(.) by extension 'ros'
[0.217s] [34mcolcon.colcon_core.package_identification[0m [1;30mLevel 1[0m _identify(.) by extensions ['cmake', 'python']
[0.217s] [34mcolcon.colcon_core.package_identification[0m [1;30mLevel 1[0m _identify(.) by extension 'cmake'
[0.217s] [34mcolcon.colcon_core.package_identification[0m [1;30mLevel 1[0m _identify(.) by extension 'python'
[0.217s] [34mcolcon.colcon_core.package_identification[0m [1;30mLevel 1[0m _identify(.) by extensions ['python_setup_py']
[0.217s] [34mcolcon.colcon_core.package_identification[0m [1;30mLevel 1[0m _identify(.) by extension 'python_setup_py'
[0.217s] [34mcolcon.colcon_core.package_identification[0m [1;30mLevel 1[0m _identify(build) by extensions ['ignore', 'ignore_ament_install']
[0.217s] [34mcolcon.colcon_core.package_identification[0m [1;30mLevel 1[0m _identify(build) by extension 'ignore'
[0.217s] [34mcolcon.colcon_core.package_identification[0m [1;30mLevel 1[0m _identify(build) ignored
[0.217s] [34mcolcon.colcon_core.package_identification[0m [1;30mLevel 1[0m _identify(install) by extensions ['ignore', 'ignore_ament_install']
[0.218s] [34mcolcon.colcon_core.package_identification[0m [1;30mLevel 1[0m _identify(install) by extension 'ignore'
[0.218s] [34mcolcon.colcon_core.package_identification[0m [1;30mLevel 1[0m _identify(install) ignored
[0.218s] [34mcolcon.colcon_core.package_identification[0m [1;30mLevel 1[0m _identify(log) by extensions ['ignore', 'ignore_ament_install']
[0.218s] [34mcolcon.colcon_core.package_identification[0m [1;30mLevel 1[0m _identify(log) by extension 'ignore'
[0.218s] [34mcolcon.colcon_core.package_identification[0m [1;30mLevel 1[0m _identify(log) ignored
[0.218s] [34mcolcon.colcon_core.package_identification[0m [1;30mLevel 1[0m _identify(src) by extensions ['ignore', 'ignore_ament_install']
[0.218s] [34mcolcon.colcon_core.package_identification[0m [1;30mLevel 1[0m _identify(src) by extension 'ignore'
[0.218s] [34mcolcon.colcon_core.package_identification[0m [1;30mLevel 1[0m _identify(src) by extension 'ignore_ament_install'
[0.218s] [34mcolcon.colcon_core.package_identification[0m [1;30mLevel 1[0m _identify(src) by extensions ['colcon_pkg']
[0.218s] [34mcolcon.colcon_core.package_identification[0m [1;30mLevel 1[0m _identify(src) by extension 'colcon_pkg'
[0.218s] [34mcolcon.colcon_core.package_identification[0m [1;30mLevel 1[0m _identify(src) by extensions ['colcon_meta']
[0.218s] [34mcolcon.colcon_core.package_identification[0m [1;30mLevel 1[0m _identify(src) by extension 'colcon_meta'
[0.218s] [34mcolcon.colcon_core.package_identification[0m [1;30mLevel 1[0m _identify(src) by extensions ['ros']
[0.218s] [34mcolcon.colcon_core.package_identification[0m [1;30mLevel 1[0m _identify(src) by extension 'ros'
[0.218s] [34mcolcon.colcon_core.package_identification[0m [1;30mLevel 1[0m _identify(src) by extensions ['cmake', 'python']
[0.218s] [34mcolcon.colcon_core.package_identification[0m [1;30mLevel 1[0m _identify(src) by extension 'cmake'
[0.218s] [34mcolcon.colcon_core.package_identification[0m [1;30mLevel 1[0m _identify(src) by extension 'python'
[0.219s] [34mcolcon.colcon_core.package_identification[0m [1;30mLevel 1[0m _identify(src) by extensions ['python_setup_py']
[0.219s] [34mcolcon.colcon_core.package_identification[0m [1;30mLevel 1[0m _identify(src) by extension 'python_setup_py'
[0.219s] [34mcolcon.colcon_core.package_identification[0m [1;30mLevel 1[0m _identify(src/wrg_core) by extensions ['ignore', 'ignore_ament_install']
[0.219s] [34mcolcon.colcon_core.package_identification[0m [1;30mLevel 1[0m _identify(src/wrg_core) by extension 'ignore'
[0.219s] [34mcolcon.colcon_core.package_identification[0m [1;30mLevel 1[0m _identify(src/wrg_core) by extension 'ignore_ament_install'
[0.219s] [34mcolcon.colcon_core.package_identification[0m [1;30mLevel 1[0m _identify(src/wrg_core) by extensions ['colcon_pkg']
[0.219s] [34mcolcon.colcon_core.package_identification[0m [1;30mLevel 1[0m _identify(src/wrg_core) by extension 'colcon_pkg'
[0.219s] [34mcolcon.colcon_core.package_identification[0m [1;30mLevel 1[0m _identify(src/wrg_core) by extensions ['colcon_meta']
[0.219s] [34mcolcon.colcon_core.package_identification[0m [1;30mLevel 1[0m _identify(src/wrg_core) by extension 'colcon_meta'
[0.219s] [34mcolcon.colcon_core.package_identification[0m [1;30mLevel 1[0m _identify(src/wrg_core) by extensions ['ros']
[0.219s] [34mcolcon.colcon_core.package_identification[0m [1;30mLevel 1[0m _identify(src/wrg_core) by extension 'ros'
[0.222s] [34mcolcon.colcon_core.package_identification[0m [1;30mDEBUG[0m [32mPackage 'src/wrg_core' with type 'ros.ament_cmake' and name 'wrg_core'[0m
[0.222s] [34mcolcon.colcon_core.package_identification[0m [1;30mLevel 1[0m _identify(src/wrg_turtlebot3_gazebo) by extensions ['ignore', 'ignore_ament_install']
[0.222s] [34mcolcon.colcon_core.package_identification[0m [1;30mLevel 1[0m _identify(src/wrg_turtlebot3_gazebo) by extension 'ignore'
[0.222s] [34mcolcon.colcon_core.package_identification[0m [1;30mLevel 1[0m _identify(src/wrg_turtlebot3_gazebo) by extension 'ignore_ament_install'
[0.222s] [34mcolcon.colcon_core.package_identification[0m [1;30mLevel 1[0m _identify(src/wrg_turtlebot3_gazebo) by extensions ['colcon_pkg']
[0.222s] [34mcolcon.colcon_core.package_identification[0m [1;30mLevel 1[0m _identify(src/wrg_turtlebot3_gazebo) by extension 'colcon_pkg'
[0.222s] [34mcolcon.colcon_core.package_identification[0m [1;30mLevel 1[0m _identify(src/wrg_turtlebot3_gazebo) by extensions ['colcon_meta']
[0.222s] [34mcolcon.colcon_core.package_identification[0m [1;30mLevel 1[0m _identify(src/wrg_turtlebot3_gazebo) by extension 'colcon_meta'
[0.222s] [34mcolcon.colcon_core.package_identification[0m [1;30mLevel 1[0m _identify(src/wrg_turtlebot3_gazebo) by extensions ['ros']
[0.222s] [34mcolcon.colcon_core.package_identification[0m [1;30mLevel 1[0m _identify(src/wrg_turtlebot3_gazebo) by extension 'ros'
[0.223s] [34mcolcon.colcon_core.package_identification[0m [1;30mDEBUG[0m [32mPackage 'src/wrg_turtlebot3_gazebo' with type 'ros.ament_cmake' and name 'wrg_turtlebot3_gazebo'[0m
[0.223s] [34mcolcon.colcon_core.package_discovery[0m [1;30mLevel 1[0m discover_packages(recursive) using defaults
[0.223s] [34mcolcon.colcon_core.package_discovery[0m [1;30mLevel 1[0m discover_packages(ignore) discover
[0.223s] [34mcolcon.colcon_core.package_discovery[0m [1;30mLevel 1[0m discover_packages(ignore) using defaults
[0.223s] [34mcolcon.colcon_core.package_discovery[0m [1;30mLevel 1[0m discover_packages(path) discover
[0.223s] [34mcolcon.colcon_core.package_discovery[0m [1;30mLevel 1[0m discover_packages(path) using defaults
[0.240s] [34mcolcon.colcon_core.package_discovery[0m [1;30mLevel 1[0m discover_packages(prefix_path) check parameters
[0.240s] [34mcolcon.colcon_core.package_discovery[0m [1;30mLevel 1[0m discover_packages(prefix_path) discover
[0.241s] [34mcolcon.colcon_ros.prefix_path.ament[0m [1;30mWARNING[0m [33mThe path '/home/mannaja/wrg2024_turtlebot3_ws/robot_ws/install/wrg_turtlebot3_gazebo' in the environment variable AMENT_PREFIX_PATH doesn't exist[0m
[0.241s] [34mcolcon.colcon_ros.prefix_path.ament[0m [1;30mWARNING[0m [33mThe path '/home/mannaja/wrg2024_turtlebot3_ws/robot_ws/install/wrg_core' in the environment variable AMENT_PREFIX_PATH doesn't exist[0m
[0.242s] [34mcolcon.colcon_ros.prefix_path.catkin[0m [1;30mWARNING[0m [33mThe path '/home/mannaja/wrg2024_turtlebot3_ws/robot_ws/install/wrg_turtlebot3_gazebo' in the environment variable CMAKE_PREFIX_PATH doesn't exist[0m
[0.242s] [34mcolcon.colcon_ros.prefix_path.catkin[0m [1;30mWARNING[0m [33mThe path '/home/mannaja/wrg2024_turtlebot3_ws/robot_ws/install/wrg_core' in the environment variable CMAKE_PREFIX_PATH doesn't exist[0m
[0.243s] [34mcolcon.colcon_installed_package_information.package_discovery[0m [1;30mDEBUG[0m [32mFound 0 installed packages in /home/mannaja/wrg2024_turtlebot3_ws/robot_ws/install[0m
[0.243s] [34mcolcon.colcon_installed_package_information.package_discovery[0m [1;30mDEBUG[0m [32mFound 15 installed packages in /home/mannaja/turtlebot3_ws/install[0m
[0.244s] [34mcolcon.colcon_installed_package_information.package_discovery[0m [1;30mDEBUG[0m [32mFound 3 installed packages in /home/mannaja/microros_ws/install[0m
[0.244s] [34mcolcon.colcon_installed_package_information.package_discovery[0m [1;30mDEBUG[0m [32mFound 2 installed packages in /home/mannaja/coding/project/python_minecraftDetectMob_andSendDataToRos2/ros2_ws/install[0m
[0.245s] [34mcolcon.colcon_installed_package_information.package_discovery[0m [1;30mDEBUG[0m [32mFound 1 installed packages in /home/mannaja/coding/project/ABU2024_Manual/robot_ws/install[0m
[0.246s] [34mcolcon.colcon_installed_package_information.package_discovery[0m [1;30mDEBUG[0m [32mFound 346 installed packages in /opt/ros/humble[0m
[0.248s] [34mcolcon.colcon_core.package_discovery[0m [1;30mLevel 1[0m discover_packages(prefix_path) using defaults
[0.303s] [34mcolcon.colcon_core.verb[0m [1;30mLevel 5[0m set package 'wrg_core' build argument 'cmake_args' from command line to '['-Wno-dev']'
[0.303s] [34mcolcon.colcon_core.verb[0m [1;30mLevel 5[0m set package 'wrg_core' build argument 'cmake_target' from command line to 'None'
[0.303s] [34mcolcon.colcon_core.verb[0m [1;30mLevel 5[0m set package 'wrg_core' build argument 'cmake_target_skip_unavailable' from command line to 'False'
[0.303s] [34mcolcon.colcon_core.verb[0m [1;30mLevel 5[0m set package 'wrg_core' build argument 'cmake_clean_cache' from command line to 'False'
[0.303s] [34mcolcon.colcon_core.verb[0m [1;30mLevel 5[0m set package 'wrg_core' build argument 'cmake_clean_first' from command line to 'False'
[0.303s] [34mcolcon.colcon_core.verb[0m [1;30mLevel 5[0m set package 'wrg_core' build argument 'cmake_force_configure' from command line to 'False'
[0.303s] [34mcolcon.colcon_core.verb[0m [1;30mLevel 5[0m set package 'wrg_core' build argument 'ament_cmake_args' from command line to 'None'
[0.303s] [34mcolcon.colcon_core.verb[0m [1;30mLevel 5[0m set package 'wrg_core' build argument 'catkin_cmake_args' from command line to 'None'
[0.303s] [34mcolcon.colcon_core.verb[0m [1;30mLevel 5[0m set package 'wrg_core' build argument 'catkin_skip_building_tests' from command line to 'False'
[0.303s] [34mcolcon.colcon_core.verb[0m [1;30mDEBUG[0m [32mBuilding package 'wrg_core' with the following arguments: {'ament_cmake_args': None, 'build_base': '/home/mannaja/wrg2024_turtlebot3_ws/robot_ws/build/wrg_core', 'catkin_cmake_args': None, 'catkin_skip_building_tests': False, 'cmake_args': ['-Wno-dev'], 'cmake_clean_cache': False, 'cmake_clean_first': False, 'cmake_force_configure': False, 'cmake_target': None, 'cmake_target_skip_unavailable': False, 'install_base': '/home/mannaja/wrg2024_turtlebot3_ws/robot_ws/install/wrg_core', 'merge_install': False, 'path': '/home/mannaja/wrg2024_turtlebot3_ws/robot_ws/src/wrg_core', 'symlink_install': True, 'test_result_base': None}[0m
[0.304s] [34mcolcon.colcon_core.verb[0m [1;30mLevel 5[0m set package 'wrg_turtlebot3_gazebo' build argument 'cmake_args' from command line to '['-Wno-dev']'
[0.304s] [34mcolcon.colcon_core.verb[0m [1;30mLevel 5[0m set package 'wrg_turtlebot3_gazebo' build argument 'cmake_target' from command line to 'None'
[0.304s] [34mcolcon.colcon_core.verb[0m [1;30mLevel 5[0m set package 'wrg_turtlebot3_gazebo' build argument 'cmake_target_skip_unavailable' from command line to 'False'
[0.304s] [34mcolcon.colcon_core.verb[0m [1;30mLevel 5[0m set package 'wrg_turtlebot3_gazebo' build argument 'cmake_clean_cache' from command line to 'False'
[0.304s] [34mcolcon.colcon_core.verb[0m [1;30mLevel 5[0m set package 'wrg_turtlebot3_gazebo' build argument 'cmake_clean_first' from command line to 'False'
[0.304s] [34mcolcon.colcon_core.verb[0m [1;30mLevel 5[0m set package 'wrg_turtlebot3_gazebo' build argument 'cmake_force_configure' from command line to 'False'
[0.304s] [34mcolcon.colcon_core.verb[0m [1;30mLevel 5[0m set package 'wrg_turtlebot3_gazebo' build argument 'ament_cmake_args' from command line to 'None'
[0.304s] [34mcolcon.colcon_core.verb[0m [1;30mLevel 5[0m set package 'wrg_turtlebot3_gazebo' build argument 'catkin_cmake_args' from command line to 'None'
[0.304s] [34mcolcon.colcon_core.verb[0m [1;30mLevel 5[0m set package 'wrg_turtlebot3_gazebo' build argument 'catkin_skip_building_tests' from command line to 'False'
[0.304s] [34mcolcon.colcon_core.verb[0m [1;30mDEBUG[0m [32mBuilding package 'wrg_turtlebot3_gazebo' with the following arguments: {'ament_cmake_args': None, 'build_base': '/home/mannaja/wrg2024_turtlebot3_ws/robot_ws/build/wrg_turtlebot3_gazebo', 'catkin_cmake_args': None, 'catkin_skip_building_tests': False, 'cmake_args': ['-Wno-dev'], 'cmake_clean_cache': False, 'cmake_clean_first': False, 'cmake_force_configure': False, 'cmake_target': None, 'cmake_target_skip_unavailable': False, 'install_base': '/home/mannaja/wrg2024_turtlebot3_ws/robot_ws/install/wrg_turtlebot3_gazebo', 'merge_install': False, 'path': '/home/mannaja/wrg2024_turtlebot3_ws/robot_ws/src/wrg_turtlebot3_gazebo', 'symlink_install': True, 'test_result_base': None}[0m
[0.304s] [34mcolcon.colcon_core.executor[0m [1;30mINFO[0m Executing jobs using 'parallel' executor
[0.305s] [34mcolcon.colcon_parallel_executor.executor.parallel[0m [1;30mDEBUG[0m [32mrun_until_complete[0m
[0.305s] [34mcolcon.colcon_ros.task.ament_cmake.build[0m [1;30mINFO[0m Building ROS package in '/home/mannaja/wrg2024_turtlebot3_ws/robot_ws/src/wrg_core' with build type 'ament_cmake'
[0.305s] [34mcolcon.colcon_cmake.task.cmake.build[0m [1;30mINFO[0m Building CMake package in '/home/mannaja/wrg2024_turtlebot3_ws/robot_ws/src/wrg_core'
[0.307s] [34mcolcon.colcon_core.plugin_system[0m [1;30mINFO[0m Skipping extension 'colcon_core.shell.bat': Not used on non-Windows systems
[0.308s] [34mcolcon.colcon_core.shell[0m [1;30mINFO[0m Skip shell extension 'powershell' for command environment: Not usable outside of PowerShell
[0.308s] [34mcolcon.colcon_core.shell[0m [1;30mDEBUG[0m [32mSkip shell extension 'dsv' for command environment[0m
[0.313s] [34mcolcon.colcon_ros.task.ament_cmake.build[0m [1;30mINFO[0m Building ROS package in '/home/mannaja/wrg2024_turtlebot3_ws/robot_ws/src/wrg_turtlebot3_gazebo' with build type 'ament_cmake'
[0.314s] [34mcolcon.colcon_cmake.task.cmake.build[0m [1;30mINFO[0m Building CMake package in '/home/mannaja/wrg2024_turtlebot3_ws/robot_ws/src/wrg_turtlebot3_gazebo'
[0.314s] [34mcolcon.colcon_core.shell[0m [1;30mINFO[0m Skip shell extension 'powershell' for command environment: Not usable outside of PowerShell
[0.314s] [34mcolcon.colcon_core.shell[0m [1;30mDEBUG[0m [32mSkip shell extension 'dsv' for command environment[0m
[0.322s] [34mcolcon.colcon_core.event_handler.log_command[0m [1;30mDEBUG[0m [32mInvoking command in '/home/mannaja/wrg2024_turtlebot3_ws/robot_ws/build/wrg_core': CMAKE_PREFIX_PATH=${CMAKE_PREFIX_PATH}:/home/mannaja/turtlebot3_ws/install/turtlebot3_teleop:/home/mannaja/turtlebot3_ws/install/turtlebot3_example:/home/mannaja/coding/project/python_minecraftDetectMob_andSendDataToRos2/ros2_ws/install/pi_node:/home/mannaja/coding/project/python_minecraftDetectMob_andSendDataToRos2/ros2_ws/install/laptop_node:/home/mannaja/coding/project/ABU2024_Manual/robot_ws/install/robot_core:/opt/ros/humble /home/mannaja/.local/bin/cmake /home/mannaja/wrg2024_turtlebot3_ws/robot_ws/src/wrg_core -Wno-dev -DAMENT_CMAKE_SYMLINK_INSTALL=1 -DCMAKE_INSTALL_PREFIX=/home/mannaja/wrg2024_turtlebot3_ws/robot_ws/install/wrg_core[0m
[0.327s] [34mcolcon.colcon_core.event_handler.log_command[0m [1;30mDEBUG[0m [32mInvoking command in '/home/mannaja/wrg2024_turtlebot3_ws/robot_ws/build/wrg_turtlebot3_gazebo': CMAKE_PREFIX_PATH=${CMAKE_PREFIX_PATH}:/home/mannaja/turtlebot3_ws/install/turtlebot3_teleop:/home/mannaja/turtlebot3_ws/install/turtlebot3_example:/home/mannaja/coding/project/python_minecraftDetectMob_andSendDataToRos2/ros2_ws/install/pi_node:/home/mannaja/coding/project/python_minecraftDetectMob_andSendDataToRos2/ros2_ws/install/laptop_node:/home/mannaja/coding/project/ABU2024_Manual/robot_ws/install/robot_core:/opt/ros/humble /home/mannaja/.local/bin/cmake /home/mannaja/wrg2024_turtlebot3_ws/robot_ws/src/wrg_turtlebot3_gazebo -Wno-dev -DAMENT_CMAKE_SYMLINK_INSTALL=1 -DCMAKE_INSTALL_PREFIX=/home/mannaja/wrg2024_turtlebot3_ws/robot_ws/install/wrg_turtlebot3_gazebo[0m
[4.507s] [34mcolcon.colcon_core.event_handler.log_command[0m [1;30mDEBUG[0m [32mInvoked command in '/home/mannaja/wrg2024_turtlebot3_ws/robot_ws/build/wrg_core' returned '0': CMAKE_PREFIX_PATH=${CMAKE_PREFIX_PATH}:/home/mannaja/turtlebot3_ws/install/turtlebot3_teleop:/home/mannaja/turtlebot3_ws/install/turtlebot3_example:/home/mannaja/coding/project/python_minecraftDetectMob_andSendDataToRos2/ros2_ws/install/pi_node:/home/mannaja/coding/project/python_minecraftDetectMob_andSendDataToRos2/ros2_ws/install/laptop_node:/home/mannaja/coding/project/ABU2024_Manual/robot_ws/install/robot_core:/opt/ros/humble /home/mannaja/.local/bin/cmake /home/mannaja/wrg2024_turtlebot3_ws/robot_ws/src/wrg_core -Wno-dev -DAMENT_CMAKE_SYMLINK_INSTALL=1 -DCMAKE_INSTALL_PREFIX=/home/mannaja/wrg2024_turtlebot3_ws/robot_ws/install/wrg_core[0m
[4.509s] [34mcolcon.colcon_core.event_handler.log_command[0m [1;30mDEBUG[0m [32mInvoking command in '/home/mannaja/wrg2024_turtlebot3_ws/robot_ws/build/wrg_core': CMAKE_PREFIX_PATH=${CMAKE_PREFIX_PATH}:/home/mannaja/turtlebot3_ws/install/turtlebot3_teleop:/home/mannaja/turtlebot3_ws/install/turtlebot3_example:/home/mannaja/coding/project/python_minecraftDetectMob_andSendDataToRos2/ros2_ws/install/pi_node:/home/mannaja/coding/project/python_minecraftDetectMob_andSendDataToRos2/ros2_ws/install/laptop_node:/home/mannaja/coding/project/ABU2024_Manual/robot_ws/install/robot_core:/opt/ros/humble /home/mannaja/.local/bin/cmake --build /home/mannaja/wrg2024_turtlebot3_ws/robot_ws/build/wrg_core -- -j12 -l12[0m
[4.892s] [34mcolcon.colcon_core.event_handler.log_command[0m [1;30mDEBUG[0m [32mInvoked command in '/home/mannaja/wrg2024_turtlebot3_ws/robot_ws/build/wrg_turtlebot3_gazebo' returned '0': CMAKE_PREFIX_PATH=${CMAKE_PREFIX_PATH}:/home/mannaja/turtlebot3_ws/install/turtlebot3_teleop:/home/mannaja/turtlebot3_ws/install/turtlebot3_example:/home/mannaja/coding/project/python_minecraftDetectMob_andSendDataToRos2/ros2_ws/install/pi_node:/home/mannaja/coding/project/python_minecraftDetectMob_andSendDataToRos2/ros2_ws/install/laptop_node:/home/mannaja/coding/project/ABU2024_Manual/robot_ws/install/robot_core:/opt/ros/humble /home/mannaja/.local/bin/cmake /home/mannaja/wrg2024_turtlebot3_ws/robot_ws/src/wrg_turtlebot3_gazebo -Wno-dev -DAMENT_CMAKE_SYMLINK_INSTALL=1 -DCMAKE_INSTALL_PREFIX=/home/mannaja/wrg2024_turtlebot3_ws/robot_ws/install/wrg_turtlebot3_gazebo[0m
[4.894s] [34mcolcon.colcon_core.event_handler.log_command[0m [1;30mDEBUG[0m [32mInvoking command in '/home/mannaja/wrg2024_turtlebot3_ws/robot_ws/build/wrg_turtlebot3_gazebo': CMAKE_PREFIX_PATH=${CMAKE_PREFIX_PATH}:/home/mannaja/turtlebot3_ws/install/turtlebot3_teleop:/home/mannaja/turtlebot3_ws/install/turtlebot3_example:/home/mannaja/coding/project/python_minecraftDetectMob_andSendDataToRos2/ros2_ws/install/pi_node:/home/mannaja/coding/project/python_minecraftDetectMob_andSendDataToRos2/ros2_ws/install/laptop_node:/home/mannaja/coding/project/ABU2024_Manual/robot_ws/install/robot_core:/opt/ros/humble /home/mannaja/.local/bin/cmake --build /home/mannaja/wrg2024_turtlebot3_ws/robot_ws/build/wrg_turtlebot3_gazebo -- -j12 -l12[0m
[5.318s] [34mcolcon.colcon_core.event_handler.log_command[0m [1;30mDEBUG[0m [32mInvoked command in '/home/mannaja/wrg2024_turtlebot3_ws/robot_ws/build/wrg_core' returned '0': CMAKE_PREFIX_PATH=${CMAKE_PREFIX_PATH}:/home/mannaja/turtlebot3_ws/install/turtlebot3_teleop:/home/mannaja/turtlebot3_ws/install/turtlebot3_example:/home/mannaja/coding/project/python_minecraftDetectMob_andSendDataToRos2/ros2_ws/install/pi_node:/home/mannaja/coding/project/python_minecraftDetectMob_andSendDataToRos2/ros2_ws/install/laptop_node:/home/mannaja/coding/project/ABU2024_Manual/robot_ws/install/robot_core:/opt/ros/humble /home/mannaja/.local/bin/cmake --build /home/mannaja/wrg2024_turtlebot3_ws/robot_ws/build/wrg_core -- -j12 -l12[0m
[5.530s] [34mcolcon.colcon_core.event_handler.log_command[0m [1;30mDEBUG[0m [32mInvoking command in '/home/mannaja/wrg2024_turtlebot3_ws/robot_ws/build/wrg_core': CMAKE_PREFIX_PATH=${CMAKE_PREFIX_PATH}:/home/mannaja/turtlebot3_ws/install/turtlebot3_teleop:/home/mannaja/turtlebot3_ws/install/turtlebot3_example:/home/mannaja/coding/project/python_minecraftDetectMob_andSendDataToRos2/ros2_ws/install/pi_node:/home/mannaja/coding/project/python_minecraftDetectMob_andSendDataToRos2/ros2_ws/install/laptop_node:/home/mannaja/coding/project/ABU2024_Manual/robot_ws/install/robot_core:/opt/ros/humble /home/mannaja/.local/bin/cmake --install /home/mannaja/wrg2024_turtlebot3_ws/robot_ws/build/wrg_core[0m
[5.865s] [34mcolcon.colcon_core.environment[0m [1;30mLevel 1[0m create_environment_scripts_only(wrg_core)
[5.865s] [34mcolcon.colcon_core.event_handler.log_command[0m [1;30mDEBUG[0m [32mInvoked command in '/home/mannaja/wrg2024_turtlebot3_ws/robot_ws/build/wrg_core' returned '0': CMAKE_PREFIX_PATH=${CMAKE_PREFIX_PATH}:/home/mannaja/turtlebot3_ws/install/turtlebot3_teleop:/home/mannaja/turtlebot3_ws/install/turtlebot3_example:/home/mannaja/coding/project/python_minecraftDetectMob_andSendDataToRos2/ros2_ws/install/pi_node:/home/mannaja/coding/project/python_minecraftDetectMob_andSendDataToRos2/ros2_ws/install/laptop_node:/home/mannaja/coding/project/ABU2024_Manual/robot_ws/install/robot_core:/opt/ros/humble /home/mannaja/.local/bin/cmake --install /home/mannaja/wrg2024_turtlebot3_ws/robot_ws/build/wrg_core[0m
[5.867s] [34mcolcon.colcon_core.environment[0m [1;30mLevel 1[0m checking '/home/mannaja/wrg2024_turtlebot3_ws/robot_ws/install/wrg_core' for CMake module files
[5.868s] [34mcolcon.colcon_core.environment[0m [1;30mLevel 1[0m checking '/home/mannaja/wrg2024_turtlebot3_ws/robot_ws/install/wrg_core' for CMake config files
[5.868s] [34mcolcon.colcon_core.shell[0m [1;30mLevel 1[0m create_environment_hook('wrg_core', 'cmake_prefix_path')
[5.869s] [34mcolcon.colcon_core.shell[0m [1;30mINFO[0m Creating environment hook '/home/mannaja/wrg2024_turtlebot3_ws/robot_ws/install/wrg_core/share/wrg_core/hook/cmake_prefix_path.ps1'
[5.869s] [34mcolcon.colcon_core.shell[0m [1;30mINFO[0m Creating environment descriptor '/home/mannaja/wrg2024_turtlebot3_ws/robot_ws/install/wrg_core/share/wrg_core/hook/cmake_prefix_path.dsv'
[5.869s] [34mcolcon.colcon_core.shell[0m [1;30mINFO[0m Creating environment hook '/home/mannaja/wrg2024_turtlebot3_ws/robot_ws/install/wrg_core/share/wrg_core/hook/cmake_prefix_path.sh'
[5.870s] [34mcolcon.colcon_core.environment[0m [1;30mLevel 1[0m checking '/home/mannaja/wrg2024_turtlebot3_ws/robot_ws/install/wrg_core/lib'
[5.870s] [34mcolcon.colcon_core.environment[0m [1;30mLevel 1[0m checking '/home/mannaja/wrg2024_turtlebot3_ws/robot_ws/install/wrg_core/bin'
[5.870s] [34mcolcon.colcon_core.environment[0m [1;30mLevel 1[0m checking '/home/mannaja/wrg2024_turtlebot3_ws/robot_ws/install/wrg_core/lib/pkgconfig/wrg_core.pc'
[5.871s] [34mcolcon.colcon_core.environment[0m [1;30mLevel 1[0m checking '/home/mannaja/wrg2024_turtlebot3_ws/robot_ws/install/wrg_core/lib/python3.10/site-packages'
[5.871s] [34mcolcon.colcon_core.environment[0m [1;30mLevel 1[0m checking '/home/mannaja/wrg2024_turtlebot3_ws/robot_ws/install/wrg_core/bin'
[5.871s] [34mcolcon.colcon_core.shell[0m [1;30mINFO[0m Creating package script '/home/mannaja/wrg2024_turtlebot3_ws/robot_ws/install/wrg_core/share/wrg_core/package.ps1'
[5.872s] [34mcolcon.colcon_core.shell[0m [1;30mINFO[0m Creating package descriptor '/home/mannaja/wrg2024_turtlebot3_ws/robot_ws/install/wrg_core/share/wrg_core/package.dsv'
[5.872s] [34mcolcon.colcon_core.shell[0m [1;30mINFO[0m Creating package script '/home/mannaja/wrg2024_turtlebot3_ws/robot_ws/install/wrg_core/share/wrg_core/package.sh'
[5.873s] [34mcolcon.colcon_core.shell[0m [1;30mINFO[0m Creating package script '/home/mannaja/wrg2024_turtlebot3_ws/robot_ws/install/wrg_core/share/wrg_core/package.bash'
[5.874s] [34mcolcon.colcon_core.shell[0m [1;30mINFO[0m Creating package script '/home/mannaja/wrg2024_turtlebot3_ws/robot_ws/install/wrg_core/share/wrg_core/package.zsh'
[5.874s] [34mcolcon.colcon_core.environment[0m [1;30mLevel 1[0m create_file_with_runtime_dependencies(/home/mannaja/wrg2024_turtlebot3_ws/robot_ws/install/wrg_core/share/colcon-core/packages/wrg_core)
[5.982s] [34mcolcon.colcon_core.environment[0m [1;30mLevel 1[0m create_environment_scripts_only(wrg_core)
[5.982s] [34mcolcon.colcon_core.environment[0m [1;30mLevel 1[0m checking '/home/mannaja/wrg2024_turtlebot3_ws/robot_ws/install/wrg_core' for CMake module files
[5.983s] [34mcolcon.colcon_core.environment[0m [1;30mLevel 1[0m checking '/home/mannaja/wrg2024_turtlebot3_ws/robot_ws/install/wrg_core' for CMake config files
[5.983s] [34mcolcon.colcon_core.shell[0m [1;30mLevel 1[0m create_environment_hook('wrg_core', 'cmake_prefix_path')
[5.984s] [34mcolcon.colcon_core.shell[0m [1;30mINFO[0m Creating environment hook '/home/mannaja/wrg2024_turtlebot3_ws/robot_ws/install/wrg_core/share/wrg_core/hook/cmake_prefix_path.ps1'
[5.984s] [34mcolcon.colcon_core.shell[0m [1;30mINFO[0m Creating environment descriptor '/home/mannaja/wrg2024_turtlebot3_ws/robot_ws/install/wrg_core/share/wrg_core/hook/cmake_prefix_path.dsv'
[5.984s] [34mcolcon.colcon_core.shell[0m [1;30mINFO[0m Creating environment hook '/home/mannaja/wrg2024_turtlebot3_ws/robot_ws/install/wrg_core/share/wrg_core/hook/cmake_prefix_path.sh'
[5.985s] [34mcolcon.colcon_core.environment[0m [1;30mLevel 1[0m checking '/home/mannaja/wrg2024_turtlebot3_ws/robot_ws/install/wrg_core/lib'
[5.985s] [34mcolcon.colcon_core.environment[0m [1;30mLevel 1[0m checking '/home/mannaja/wrg2024_turtlebot3_ws/robot_ws/install/wrg_core/bin'
[5.985s] [34mcolcon.colcon_core.environment[0m [1;30mLevel 1[0m checking '/home/mannaja/wrg2024_turtlebot3_ws/robot_ws/install/wrg_core/lib/pkgconfig/wrg_core.pc'
[5.986s] [34mcolcon.colcon_core.environment[0m [1;30mLevel 1[0m checking '/home/mannaja/wrg2024_turtlebot3_ws/robot_ws/install/wrg_core/lib/python3.10/site-packages'
[5.986s] [34mcolcon.colcon_core.environment[0m [1;30mLevel 1[0m checking '/home/mannaja/wrg2024_turtlebot3_ws/robot_ws/install/wrg_core/bin'
[5.987s] [34mcolcon.colcon_core.shell[0m [1;30mINFO[0m Creating package script '/home/mannaja/wrg2024_turtlebot3_ws/robot_ws/install/wrg_core/share/wrg_core/package.ps1'
[5.987s] [34mcolcon.colcon_core.shell[0m [1;30mINFO[0m Creating package descriptor '/home/mannaja/wrg2024_turtlebot3_ws/robot_ws/install/wrg_core/share/wrg_core/package.dsv'
[5.988s] [34mcolcon.colcon_core.shell[0m [1;30mINFO[0m Creating package script '/home/mannaja/wrg2024_turtlebot3_ws/robot_ws/install/wrg_core/share/wrg_core/package.sh'
[5.988s] [34mcolcon.colcon_core.shell[0m [1;30mINFO[0m Creating package script '/home/mannaja/wrg2024_turtlebot3_ws/robot_ws/install/wrg_core/share/wrg_core/package.bash'
[5.989s] [34mcolcon.colcon_core.shell[0m [1;30mINFO[0m Creating package script '/home/mannaja/wrg2024_turtlebot3_ws/robot_ws/install/wrg_core/share/wrg_core/package.zsh'
[5.989s] [34mcolcon.colcon_core.environment[0m [1;30mLevel 1[0m create_file_with_runtime_dependencies(/home/mannaja/wrg2024_turtlebot3_ws/robot_ws/install/wrg_core/share/colcon-core/packages/wrg_core)
[17.439s] [34mcolcon.colcon_core.event_handler.log_command[0m [1;30mDEBUG[0m [32mInvoked command in '/home/mannaja/wrg2024_turtlebot3_ws/robot_ws/build/wrg_turtlebot3_gazebo' returned '0': CMAKE_PREFIX_PATH=${CMAKE_PREFIX_PATH}:/home/mannaja/turtlebot3_ws/install/turtlebot3_teleop:/home/mannaja/turtlebot3_ws/install/turtlebot3_example:/home/mannaja/coding/project/python_minecraftDetectMob_andSendDataToRos2/ros2_ws/install/pi_node:/home/mannaja/coding/project/python_minecraftDetectMob_andSendDataToRos2/ros2_ws/install/laptop_node:/home/mannaja/coding/project/ABU2024_Manual/robot_ws/install/robot_core:/opt/ros/humble /home/mannaja/.local/bin/cmake --build /home/mannaja/wrg2024_turtlebot3_ws/robot_ws/build/wrg_turtlebot3_gazebo -- -j12 -l12[0m
[17.549s] [34mcolcon.colcon_core.event_handler.log_command[0m [1;30mDEBUG[0m [32mInvoking command in '/home/mannaja/wrg2024_turtlebot3_ws/robot_ws/build/wrg_turtlebot3_gazebo': CMAKE_PREFIX_PATH=${CMAKE_PREFIX_PATH}:/home/mannaja/turtlebot3_ws/install/turtlebot3_teleop:/home/mannaja/turtlebot3_ws/install/turtlebot3_example:/home/mannaja/coding/project/python_minecraftDetectMob_andSendDataToRos2/ros2_ws/install/pi_node:/home/mannaja/coding/project/python_minecraftDetectMob_andSendDataToRos2/ros2_ws/install/laptop_node:/home/mannaja/coding/project/ABU2024_Manual/robot_ws/install/robot_core:/opt/ros/humble /home/mannaja/.local/bin/cmake --install /home/mannaja/wrg2024_turtlebot3_ws/robot_ws/build/wrg_turtlebot3_gazebo[0m
[17.866s] [34mcolcon.colcon_core.environment[0m [1;30mLevel 1[0m create_environment_scripts_only(wrg_turtlebot3_gazebo)
[17.866s] [34mcolcon.colcon_core.environment[0m [1;30mLevel 1[0m checking '/home/mannaja/wrg2024_turtlebot3_ws/robot_ws/install/wrg_turtlebot3_gazebo' for CMake module files
[17.867s] [34mcolcon.colcon_core.event_handler.log_command[0m [1;30mDEBUG[0m [32mInvoked command in '/home/mannaja/wrg2024_turtlebot3_ws/robot_ws/build/wrg_turtlebot3_gazebo' returned '0': CMAKE_PREFIX_PATH=${CMAKE_PREFIX_PATH}:/home/mannaja/turtlebot3_ws/install/turtlebot3_teleop:/home/mannaja/turtlebot3_ws/install/turtlebot3_example:/home/mannaja/coding/project/python_minecraftDetectMob_andSendDataToRos2/ros2_ws/install/pi_node:/home/mannaja/coding/project/python_minecraftDetectMob_andSendDataToRos2/ros2_ws/install/laptop_node:/home/mannaja/coding/project/ABU2024_Manual/robot_ws/install/robot_core:/opt/ros/humble /home/mannaja/.local/bin/cmake --install /home/mannaja/wrg2024_turtlebot3_ws/robot_ws/build/wrg_turtlebot3_gazebo[0m
[17.867s] [34mcolcon.colcon_core.environment[0m [1;30mLevel 1[0m checking '/home/mannaja/wrg2024_turtlebot3_ws/robot_ws/install/wrg_turtlebot3_gazebo' for CMake config files
[17.868s] [34mcolcon.colcon_core.shell[0m [1;30mLevel 1[0m create_environment_hook('wrg_turtlebot3_gazebo', 'cmake_prefix_path')
[17.869s] [34mcolcon.colcon_core.shell[0m [1;30mINFO[0m Creating environment hook '/home/mannaja/wrg2024_turtlebot3_ws/robot_ws/install/wrg_turtlebot3_gazebo/share/wrg_turtlebot3_gazebo/hook/cmake_prefix_path.ps1'
[17.869s] [34mcolcon.colcon_core.shell[0m [1;30mINFO[0m Creating environment descriptor '/home/mannaja/wrg2024_turtlebot3_ws/robot_ws/install/wrg_turtlebot3_gazebo/share/wrg_turtlebot3_gazebo/hook/cmake_prefix_path.dsv'
[17.869s] [34mcolcon.colcon_core.shell[0m [1;30mINFO[0m Creating environment hook '/home/mannaja/wrg2024_turtlebot3_ws/robot_ws/install/wrg_turtlebot3_gazebo/share/wrg_turtlebot3_gazebo/hook/cmake_prefix_path.sh'
[17.870s] [34mcolcon.colcon_core.environment[0m [1;30mLevel 1[0m checking '/home/mannaja/wrg2024_turtlebot3_ws/robot_ws/install/wrg_turtlebot3_gazebo/lib'
[17.870s] [34mcolcon.colcon_core.environment[0m [1;30mLevel 1[0m checking '/home/mannaja/wrg2024_turtlebot3_ws/robot_ws/install/wrg_turtlebot3_gazebo/bin'
[17.870s] [34mcolcon.colcon_core.environment[0m [1;30mLevel 1[0m checking '/home/mannaja/wrg2024_turtlebot3_ws/robot_ws/install/wrg_turtlebot3_gazebo/lib/pkgconfig/wrg_turtlebot3_gazebo.pc'
[17.871s] [34mcolcon.colcon_core.environment[0m [1;30mLevel 1[0m checking '/home/mannaja/wrg2024_turtlebot3_ws/robot_ws/install/wrg_turtlebot3_gazebo/lib/python3.10/site-packages'
[17.872s] [34mcolcon.colcon_core.environment[0m [1;30mLevel 1[0m checking '/home/mannaja/wrg2024_turtlebot3_ws/robot_ws/install/wrg_turtlebot3_gazebo/bin'
[17.872s] [34mcolcon.colcon_core.shell[0m [1;30mINFO[0m Creating package script '/home/mannaja/wrg2024_turtlebot3_ws/robot_ws/install/wrg_turtlebot3_gazebo/share/wrg_turtlebot3_gazebo/package.ps1'
[17.873s] [34mcolcon.colcon_core.shell[0m [1;30mINFO[0m Creating package descriptor '/home/mannaja/wrg2024_turtlebot3_ws/robot_ws/install/wrg_turtlebot3_gazebo/share/wrg_turtlebot3_gazebo/package.dsv'
[17.873s] [34mcolcon.colcon_core.shell[0m [1;30mINFO[0m Creating package script '/home/mannaja/wrg2024_turtlebot3_ws/robot_ws/install/wrg_turtlebot3_gazebo/share/wrg_turtlebot3_gazebo/package.sh'
[17.874s] [34mcolcon.colcon_core.shell[0m [1;30mINFO[0m Creating package script '/home/mannaja/wrg2024_turtlebot3_ws/robot_ws/install/wrg_turtlebot3_gazebo/share/wrg_turtlebot3_gazebo/package.bash'
[17.874s] [34mcolcon.colcon_core.shell[0m [1;30mINFO[0m Creating package script '/home/mannaja/wrg2024_turtlebot3_ws/robot_ws/install/wrg_turtlebot3_gazebo/share/wrg_turtlebot3_gazebo/package.zsh'
[17.874s] [34mcolcon.colcon_core.environment[0m [1;30mLevel 1[0m create_file_with_runtime_dependencies(/home/mannaja/wrg2024_turtlebot3_ws/robot_ws/install/wrg_turtlebot3_gazebo/share/colcon-core/packages/wrg_turtlebot3_gazebo)
[18.013s] [34mcolcon.colcon_core.environment[0m [1;30mLevel 1[0m create_environment_scripts_only(wrg_turtlebot3_gazebo)
[18.013s] [34mcolcon.colcon_core.environment[0m [1;30mLevel 1[0m checking '/home/mannaja/wrg2024_turtlebot3_ws/robot_ws/install/wrg_turtlebot3_gazebo' for CMake module files
[18.014s] [34mcolcon.colcon_core.environment[0m [1;30mLevel 1[0m checking '/home/mannaja/wrg2024_turtlebot3_ws/robot_ws/install/wrg_turtlebot3_gazebo' for CMake config files
[18.014s] [34mcolcon.colcon_core.shell[0m [1;30mLevel 1[0m create_environment_hook('wrg_turtlebot3_gazebo', 'cmake_prefix_path')
[18.015s] [34mcolcon.colcon_core.shell[0m [1;30mINFO[0m Creating environment hook '/home/mannaja/wrg2024_turtlebot3_ws/robot_ws/install/wrg_turtlebot3_gazebo/share/wrg_turtlebot3_gazebo/hook/cmake_prefix_path.ps1'
[18.015s] [34mcolcon.colcon_core.shell[0m [1;30mINFO[0m Creating environment descriptor '/home/mannaja/wrg2024_turtlebot3_ws/robot_ws/install/wrg_turtlebot3_gazebo/share/wrg_turtlebot3_gazebo/hook/cmake_prefix_path.dsv'
[18.015s] [34mcolcon.colcon_core.shell[0m [1;30mINFO[0m Creating environment hook '/home/mannaja/wrg2024_turtlebot3_ws/robot_ws/install/wrg_turtlebot3_gazebo/share/wrg_turtlebot3_gazebo/hook/cmake_prefix_path.sh'
[18.016s] [34mcolcon.colcon_core.environment[0m [1;30mLevel 1[0m checking '/home/mannaja/wrg2024_turtlebot3_ws/robot_ws/install/wrg_turtlebot3_gazebo/lib'
[18.016s] [34mcolcon.colcon_core.environment[0m [1;30mLevel 1[0m checking '/home/mannaja/wrg2024_turtlebot3_ws/robot_ws/install/wrg_turtlebot3_gazebo/bin'
[18.016s] [34mcolcon.colcon_core.environment[0m [1;30mLevel 1[0m checking '/home/mannaja/wrg2024_turtlebot3_ws/robot_ws/install/wrg_turtlebot3_gazebo/lib/pkgconfig/wrg_turtlebot3_gazebo.pc'
[18.016s] [34mcolcon.colcon_core.environment[0m [1;30mLevel 1[0m checking '/home/mannaja/wrg2024_turtlebot3_ws/robot_ws/install/wrg_turtlebot3_gazebo/lib/python3.10/site-packages'
[18.016s] [34mcolcon.colcon_core.environment[0m [1;30mLevel 1[0m checking '/home/mannaja/wrg2024_turtlebot3_ws/robot_ws/install/wrg_turtlebot3_gazebo/bin'
[18.017s] [34mcolcon.colcon_core.shell[0m [1;30mINFO[0m Creating package script '/home/mannaja/wrg2024_turtlebot3_ws/robot_ws/install/wrg_turtlebot3_gazebo/share/wrg_turtlebot3_gazebo/package.ps1'
[18.017s] [34mcolcon.colcon_core.shell[0m [1;30mINFO[0m Creating package descriptor '/home/mannaja/wrg2024_turtlebot3_ws/robot_ws/install/wrg_turtlebot3_gazebo/share/wrg_turtlebot3_gazebo/package.dsv'
[18.018s] [34mcolcon.colcon_core.shell[0m [1;30mINFO[0m Creating package script '/home/mannaja/wrg2024_turtlebot3_ws/robot_ws/install/wrg_turtlebot3_gazebo/share/wrg_turtlebot3_gazebo/package.sh'
[18.018s] [34mcolcon.colcon_core.shell[0m [1;30mINFO[0m Creating package script '/home/mannaja/wrg2024_turtlebot3_ws/robot_ws/install/wrg_turtlebot3_gazebo/share/wrg_turtlebot3_gazebo/package.bash'
[18.018s] [34mcolcon.colcon_core.shell[0m [1;30mINFO[0m Creating package script '/home/mannaja/wrg2024_turtlebot3_ws/robot_ws/install/wrg_turtlebot3_gazebo/share/wrg_turtlebot3_gazebo/package.zsh'
[18.019s] [34mcolcon.colcon_core.environment[0m [1;30mLevel 1[0m create_file_with_runtime_dependencies(/home/mannaja/wrg2024_turtlebot3_ws/robot_ws/install/wrg_turtlebot3_gazebo/share/colcon-core/packages/wrg_turtlebot3_gazebo)
[18.019s] [34mcolcon.colcon_parallel_executor.executor.parallel[0m [1;30mDEBUG[0m [32mclosing loop[0m
[18.019s] [34mcolcon.colcon_parallel_executor.executor.parallel[0m [1;30mDEBUG[0m [32mloop closed[0m
[18.020s] [34mcolcon.colcon_parallel_executor.executor.parallel[0m [1;30mDEBUG[0m [32mrun_until_complete finished with '0'[0m
[18.020s] [34mcolcon.colcon_core.event_reactor[0m [1;30mDEBUG[0m [32mjoining thread[0m
[18.026s] [34mcolcon.colcon_core.plugin_system[0m [1;30mINFO[0m Skipping extension 'colcon_notification.desktop_notification.terminal_notifier': Not used on non-Darwin systems
[18.026s] [34mcolcon.colcon_core.plugin_system[0m [1;30mINFO[0m Skipping extension 'colcon_notification.desktop_notification.win32': Not used on non-Windows systems
[18.026s] [34mcolcon.colcon_notification.desktop_notification[0m [1;30mINFO[0m Sending desktop notification using 'notify2'
[18.037s] [34mcolcon.colcon_core.event_reactor[0m [1;30mDEBUG[0m [32mjoined thread[0m
[18.037s] [34mcolcon.colcon_core.shell[0m [1;30mINFO[0m Creating prefix script '/home/mannaja/wrg2024_turtlebot3_ws/robot_ws/install/local_setup.ps1'
[18.039s] [34mcolcon.colcon_core.shell[0m [1;30mINFO[0m Creating prefix util module '/home/mannaja/wrg2024_turtlebot3_ws/robot_ws/install/_local_setup_util_ps1.py'
[18.042s] [34mcolcon.colcon_core.shell[0m [1;30mINFO[0m Creating prefix chain script '/home/mannaja/wrg2024_turtlebot3_ws/robot_ws/install/setup.ps1'
[18.044s] [34mcolcon.colcon_core.shell[0m [1;30mINFO[0m Creating prefix script '/home/mannaja/wrg2024_turtlebot3_ws/robot_ws/install/local_setup.sh'
[18.045s] [34mcolcon.colcon_core.shell[0m [1;30mINFO[0m Creating prefix util module '/home/mannaja/wrg2024_turtlebot3_ws/robot_ws/install/_local_setup_util_sh.py'
[18.046s] [34mcolcon.colcon_core.shell[0m [1;30mINFO[0m Creating prefix chain script '/home/mannaja/wrg2024_turtlebot3_ws/robot_ws/install/setup.sh'
[18.052s] [34mcolcon.colcon_core.shell[0m [1;30mINFO[0m Creating prefix script '/home/mannaja/wrg2024_turtlebot3_ws/robot_ws/install/local_setup.bash'
[18.053s] [34mcolcon.colcon_core.shell[0m [1;30mINFO[0m Creating prefix chain script '/home/mannaja/wrg2024_turtlebot3_ws/robot_ws/install/setup.bash'
[18.059s] [34mcolcon.colcon_core.shell[0m [1;30mINFO[0m Creating prefix script '/home/mannaja/wrg2024_turtlebot3_ws/robot_ws/install/local_setup.zsh'
[18.060s] [34mcolcon.colcon_core.shell[0m [1;30mINFO[0m Creating prefix chain script '/home/mannaja/wrg2024_turtlebot3_ws/robot_ws/install/setup.zsh'
