[0.052s] Invoking command in '/home/cmu/wrg2024_turtlebot3_ws/robot_ws/build/wrg_core': CMAKE_PREFIX_PATH=${CMAKE_PREFIX_PATH}:/home/cmu/turtlebot3_ws/install/turtlebot3_teleop:/home/cmu/turtlebot3_ws/install/turtlebot3_example:/opt/ros/humble /usr/bin/cmake /home/cmu/wrg2024_turtlebot3_ws/robot_ws/src/wrg_core -Wno-dev -DAMENT_CMAKE_SYMLINK_INSTALL=1 -DCMAKE_INSTALL_PREFIX=/home/cmu/wrg2024_turtlebot3_ws/robot_ws/install/wrg_core
[0.443s] -- The C compiler identification is GNU 11.4.0
[0.710s] -- The CXX compiler identification is GNU 11.4.0
[0.743s] -- Detecting C compiler ABI info
[1.074s] -- Detecting C compiler ABI info - done
[1.102s] -- Check for working C compiler: /usr/bin/cc - skipped
[1.104s] -- Detecting C compile features
[1.105s] -- Detecting C compile features - done
[1.118s] -- Detecting CXX compiler ABI info
[1.478s] -- Detecting CXX compiler ABI info - done
[1.512s] -- Check for working CXX compiler: /usr/bin/c++ - skipped
[1.513s] -- Detecting CXX compile features
[1.515s] -- Detecting CXX compile features - done
[1.556s] -- Found ament_cmake: 1.3.9 (/opt/ros/humble/share/ament_cmake/cmake)
[2.362s] -- Found Python3: /usr/bin/python3 (found version "3.10.12") found components: Interpreter 
[2.643s] -- Override CMake install command with custom implementation using symlinks instead of copying resources
[3.128s] -- Found tf2: 0.25.7 (/opt/ros/humble/share/tf2/cmake)
[3.709s] -- Found rosidl_generator_c: 3.1.5 (/opt/ros/humble/share/rosidl_generator_c/cmake)
[3.781s] -- Found rosidl_adapter: 3.1.5 (/opt/ros/humble/share/rosidl_adapter/cmake)
[3.867s] -- Found rosidl_generator_cpp: 3.1.5 (/opt/ros/humble/share/rosidl_generator_cpp/cmake)
[3.976s] -- Using all available rosidl_typesupport_c: rosidl_typesupport_fastrtps_c;rosidl_typesupport_introspection_c
[4.133s] -- Using all available rosidl_typesupport_cpp: rosidl_typesupport_fastrtps_cpp;rosidl_typesupport_introspection_cpp
[4.713s] -- Found rclpy: 3.3.13 (/opt/ros/humble/share/rclpy/cmake)
[4.745s] -- Found rclcpp: 16.0.9 (/opt/ros/humble/share/rclcpp/cmake)
[5.222s] -- Found rmw_implementation_cmake: 6.1.2 (/opt/ros/humble/share/rmw_implementation_cmake/cmake)
[5.260s] -- Found rmw_fastrtps_cpp: 6.2.6 (/opt/ros/humble/share/rmw_fastrtps_cpp/cmake)
[5.977s] -- Found OpenSSL: /usr/lib/aarch64-linux-gnu/libcrypto.so (found version "3.0.2")  
[6.227s] -- Found FastRTPS: /opt/ros/humble/include  
[6.661s] -- Using RMW implementation 'rmw_fastrtps_cpp' as default
[6.781s] -- Looking for pthread.h
[7.120s] -- Looking for pthread.h - found
[7.121s] -- Performing Test CMAKE_HAVE_LIBC_PTHREAD
[7.473s] -- Performing Test CMAKE_HAVE_LIBC_PTHREAD - Success
[7.479s] -- Found Threads: TRUE  
[8.121s] -- Found nav2_msgs: 1.1.15 (/opt/ros/humble/share/nav2_msgs/cmake)
[9.444s] -- Found rclcpp_action: 16.0.9 (/opt/ros/humble/share/rclcpp_action/cmake)
[9.612s] -- Found tf2_geometry_msgs: 0.25.7 (/opt/ros/humble/share/tf2_geometry_msgs/cmake)
[9.828s] -- Found eigen3_cmake_module: 0.1.1 (/opt/ros/humble/share/eigen3_cmake_module/cmake)
[9.833s] -- Found Eigen3: TRUE (found version "3.4.0") 
[9.833s] -- Ensuring Eigen3 include directory is part of orocos-kdl CMake target
[11.360s] -- Found ament_lint_auto: 0.12.11 (/opt/ros/humble/share/ament_lint_auto/cmake)
[11.667s] -- Configuring done
[11.768s] -- Generating done
[11.777s] -- Build files have been written to: /home/cmu/wrg2024_turtlebot3_ws/robot_ws/build/wrg_core
[11.818s] Invoked command in '/home/cmu/wrg2024_turtlebot3_ws/robot_ws/build/wrg_core' returned '0': CMAKE_PREFIX_PATH=${CMAKE_PREFIX_PATH}:/home/cmu/turtlebot3_ws/install/turtlebot3_teleop:/home/cmu/turtlebot3_ws/install/turtlebot3_example:/opt/ros/humble /usr/bin/cmake /home/cmu/wrg2024_turtlebot3_ws/robot_ws/src/wrg_core -Wno-dev -DAMENT_CMAKE_SYMLINK_INSTALL=1 -DCMAKE_INSTALL_PREFIX=/home/cmu/wrg2024_turtlebot3_ws/robot_ws/install/wrg_core
[11.829s] Invoking command in '/home/cmu/wrg2024_turtlebot3_ws/robot_ws/build/wrg_core': CMAKE_PREFIX_PATH=${CMAKE_PREFIX_PATH}:/home/cmu/turtlebot3_ws/install/turtlebot3_teleop:/home/cmu/turtlebot3_ws/install/turtlebot3_example:/opt/ros/humble /usr/bin/cmake --build /home/cmu/wrg2024_turtlebot3_ws/robot_ws/build/wrg_core -- -j4 -l4
[11.865s] gmake[1]: Entering directory '/home/cmu/wrg2024_turtlebot3_ws/robot_ws/build/wrg_core'
[11.965s] gmake[2]: Entering directory '/home/cmu/wrg2024_turtlebot3_ws/robot_ws/build/wrg_core'
[11.974s] gmake[3]: Entering directory '/home/cmu/wrg2024_turtlebot3_ws/robot_ws/build/wrg_core'
[12.013s] gmake[3]: Leaving directory '/home/cmu/wrg2024_turtlebot3_ws/robot_ws/build/wrg_core'
[12.020s] gmake[3]: Entering directory '/home/cmu/wrg2024_turtlebot3_ws/robot_ws/build/wrg_core'
[12.052s] gmake[3]: Leaving directory '/home/cmu/wrg2024_turtlebot3_ws/robot_ws/build/wrg_core'
[12.087s] Built target ament_cmake_python_symlink_wrg_core
[12.096s] gmake[3]: Entering directory '/home/cmu/wrg2024_turtlebot3_ws/robot_ws/build/wrg_core'
[12.136s] gmake[3]: Leaving directory '/home/cmu/wrg2024_turtlebot3_ws/robot_ws/build/wrg_core'
[12.142s] gmake[3]: Entering directory '/home/cmu/wrg2024_turtlebot3_ws/robot_ws/build/wrg_core'
[13.223s] running egg_info
[13.225s] creating wrg_core.egg-info
[13.226s] writing wrg_core.egg-info/PKG-INFO
[13.227s] writing dependency_links to wrg_core.egg-info/dependency_links.txt
[13.228s] writing top-level names to wrg_core.egg-info/top_level.txt
[13.229s] writing manifest file 'wrg_core.egg-info/SOURCES.txt'
[13.237s] reading manifest file 'wrg_core.egg-info/SOURCES.txt'
[13.239s] writing manifest file 'wrg_core.egg-info/SOURCES.txt'
[13.335s] gmake[3]: Leaving directory '/home/cmu/wrg2024_turtlebot3_ws/robot_ws/build/wrg_core'
[13.369s] Built target ament_cmake_python_build_wrg_core_egg
[13.372s] gmake[2]: Leaving directory '/home/cmu/wrg2024_turtlebot3_ws/robot_ws/build/wrg_core'
[13.402s] gmake[1]: Leaving directory '/home/cmu/wrg2024_turtlebot3_ws/robot_ws/build/wrg_core'
[13.408s] Invoked command in '/home/cmu/wrg2024_turtlebot3_ws/robot_ws/build/wrg_core' returned '0': CMAKE_PREFIX_PATH=${CMAKE_PREFIX_PATH}:/home/cmu/turtlebot3_ws/install/turtlebot3_teleop:/home/cmu/turtlebot3_ws/install/turtlebot3_example:/opt/ros/humble /usr/bin/cmake --build /home/cmu/wrg2024_turtlebot3_ws/robot_ws/build/wrg_core -- -j4 -l4
[13.593s] Invoking command in '/home/cmu/wrg2024_turtlebot3_ws/robot_ws/build/wrg_core': CMAKE_PREFIX_PATH=${CMAKE_PREFIX_PATH}:/home/cmu/turtlebot3_ws/install/turtlebot3_teleop:/home/cmu/turtlebot3_ws/install/turtlebot3_example:/opt/ros/humble /usr/bin/cmake --install /home/cmu/wrg2024_turtlebot3_ws/robot_ws/build/wrg_core
[13.622s] -- Install configuration: ""
[13.624s] -- Execute custom install script
[13.627s] -- Symlinking: /home/cmu/wrg2024_turtlebot3_ws/robot_ws/install/wrg_core/share/wrg_core/launch/bot_bringup.launch.py
[13.658s] -- Symlinking: /home/cmu/wrg2024_turtlebot3_ws/robot_ws/install/wrg_core/share/wrg_core/launch/gazebosim.launch.py
[13.691s] -- Symlinking: /home/cmu/wrg2024_turtlebot3_ws/robot_ws/install/wrg_core/share/wrg_core/launch/microros.launch.py
[13.725s] -- Symlinking: /home/cmu/wrg2024_turtlebot3_ws/robot_ws/install/wrg_core/share/wrg_core/launch/monitor.launch.py
[13.758s] -- Symlinking: /home/cmu/wrg2024_turtlebot3_ws/robot_ws/install/wrg_core/share/wrg_core/launch/navigate.launch.py
[13.792s] -- Symlinking: /home/cmu/wrg2024_turtlebot3_ws/robot_ws/install/wrg_core/share/wrg_core/launch/rviz.launch.py
[13.825s] -- Symlinking: /home/cmu/wrg2024_turtlebot3_ws/robot_ws/install/wrg_core/share/wrg_core/launch/state.launch.py
[13.859s] -- Symlinking: /home/cmu/wrg2024_turtlebot3_ws/robot_ws/install/wrg_core/share/wrg_core/launch/turtlebot3_bringup.launch.py
[13.894s] -- Symlinking: /home/cmu/wrg2024_turtlebot3_ws/robot_ws/install/wrg_core/share/wrg_core/map/map201.pgm
[13.927s] -- Symlinking: /home/cmu/wrg2024_turtlebot3_ws/robot_ws/install/wrg_core/share/wrg_core/map/map201.yaml
[13.963s] -- Symlinking: /home/cmu/wrg2024_turtlebot3_ws/robot_ws/install/wrg_core/share/wrg_core/map/maptb3.pgm
[13.997s] -- Symlinking: /home/cmu/wrg2024_turtlebot3_ws/robot_ws/install/wrg_core/share/wrg_core/map/maptb3.yaml
[14.031s] -- Symlinking: /home/cmu/wrg2024_turtlebot3_ws/robot_ws/install/wrg_core/share/wrg_core/map/tb3_map.pgm
[14.064s] -- Symlinking: /home/cmu/wrg2024_turtlebot3_ws/robot_ws/install/wrg_core/share/wrg_core/map/tb3_map.yaml
[14.097s] -- Symlinking: /home/cmu/wrg2024_turtlebot3_ws/robot_ws/install/wrg_core/share/wrg_core/map/wrg2024_map.pgm
[14.131s] -- Symlinking: /home/cmu/wrg2024_turtlebot3_ws/robot_ws/install/wrg_core/share/wrg_core/map/wrg2024_map.yaml
[14.164s] -- Symlinking: /home/cmu/wrg2024_turtlebot3_ws/robot_ws/install/wrg_core/share/wrg_core/map/wrg_map.pgm
[14.198s] -- Symlinking: /home/cmu/wrg2024_turtlebot3_ws/robot_ws/install/wrg_core/share/wrg_core/map/wrg_map.yaml
[14.232s] -- Symlinking: /home/cmu/wrg2024_turtlebot3_ws/robot_ws/install/wrg_core/share/wrg_core/param/burger copy 2.yaml
[14.266s] -- Symlinking: /home/cmu/wrg2024_turtlebot3_ws/robot_ws/install/wrg_core/share/wrg_core/param/burger copy.yaml
[14.300s] -- Symlinking: /home/cmu/wrg2024_turtlebot3_ws/robot_ws/install/wrg_core/share/wrg_core/param/burger.yaml
[14.333s] -- Symlinking: /home/cmu/wrg2024_turtlebot3_ws/robot_ws/install/wrg_core/share/wrg_core/param/burger_native.yaml
[14.366s] -- Symlinking: /home/cmu/wrg2024_turtlebot3_ws/robot_ws/install/wrg_core/share/wrg_core/param/good4.yaml
[14.400s] -- Symlinking: /home/cmu/wrg2024_turtlebot3_ws/robot_ws/install/wrg_core/share/wrg_core/scripts/__init__.py
[14.436s] -- Symlinking: /home/cmu/wrg2024_turtlebot3_ws/robot_ws/install/wrg_core/share/wrg_core/scripts/__pycache__/utilize.cpython-310.pyc
[14.471s] -- Symlinking: /home/cmu/wrg2024_turtlebot3_ws/robot_ws/install/wrg_core/share/wrg_core/scripts/monitoring_node.py
[14.503s] -- Symlinking: /home/cmu/wrg2024_turtlebot3_ws/robot_ws/install/wrg_core/share/wrg_core/scripts/navigate.py
[14.536s] -- Symlinking: /home/cmu/wrg2024_turtlebot3_ws/robot_ws/install/wrg_core/share/wrg_core/scripts/robot_main_state.py
[14.569s] -- Symlinking: /home/cmu/wrg2024_turtlebot3_ws/robot_ws/install/wrg_core/share/wrg_core/scripts/talker.py
[14.601s] -- Symlinking: /home/cmu/wrg2024_turtlebot3_ws/robot_ws/install/wrg_core/share/wrg_core/scripts/tempCodeRunnerFile.py
[14.635s] -- Symlinking: /home/cmu/wrg2024_turtlebot3_ws/robot_ws/install/wrg_core/share/wrg_core/scripts/test.py
[14.669s] -- Symlinking: /home/cmu/wrg2024_turtlebot3_ws/robot_ws/install/wrg_core/share/wrg_core/scripts/utilize.py
[14.704s] -- Symlinking: /home/cmu/wrg2024_turtlebot3_ws/robot_ws/install/wrg_core/share/wrg_core/wrg_core/__init__.py
[14.739s] -- Symlinking: /home/cmu/wrg2024_turtlebot3_ws/robot_ws/install/wrg_core/share/wrg_core/config/locations.yaml
[14.774s] -- Symlinking: /home/cmu/wrg2024_turtlebot3_ws/robot_ws/install/wrg_core/share/wrg_core/environment/pythonpath.sh
[14.809s] -- Symlinking: /home/cmu/wrg2024_turtlebot3_ws/robot_ws/install/wrg_core/share/wrg_core/environment/pythonpath.dsv
[14.844s] -- Symlinking: /home/cmu/wrg2024_turtlebot3_ws/robot_ws/install/wrg_core/local/lib/python3.10/dist-packages/wrg_core-2.1.5-py3.10.egg-info/PKG-INFO
[14.878s] -- Symlinking: /home/cmu/wrg2024_turtlebot3_ws/robot_ws/install/wrg_core/local/lib/python3.10/dist-packages/wrg_core-2.1.5-py3.10.egg-info/SOURCES.txt
[14.912s] -- Symlinking: /home/cmu/wrg2024_turtlebot3_ws/robot_ws/install/wrg_core/local/lib/python3.10/dist-packages/wrg_core-2.1.5-py3.10.egg-info/dependency_links.txt
[14.945s] -- Symlinking: /home/cmu/wrg2024_turtlebot3_ws/robot_ws/install/wrg_core/local/lib/python3.10/dist-packages/wrg_core-2.1.5-py3.10.egg-info/top_level.txt
[14.980s] -- Symlinking: /home/cmu/wrg2024_turtlebot3_ws/robot_ws/install/wrg_core/local/lib/python3.10/dist-packages/wrg_core/__init__.py
[15.015s] -- Symlinking: /home/cmu/wrg2024_turtlebot3_ws/robot_ws/install/wrg_core/lib/wrg_core/monitoring_node.py
[15.048s] -- Symlinking: /home/cmu/wrg2024_turtlebot3_ws/robot_ws/install/wrg_core/lib/wrg_core/navigate.py
[15.084s] -- Symlinking: /home/cmu/wrg2024_turtlebot3_ws/robot_ws/install/wrg_core/lib/wrg_core/robot_main_state.py
[15.118s] -- Symlinking: /home/cmu/wrg2024_turtlebot3_ws/robot_ws/install/wrg_core/lib/wrg_core/talker.py
[15.153s] -- Symlinking: /home/cmu/wrg2024_turtlebot3_ws/robot_ws/install/wrg_core/share/ament_index/resource_index/package_run_dependencies/wrg_core
[15.188s] -- Symlinking: /home/cmu/wrg2024_turtlebot3_ws/robot_ws/install/wrg_core/share/ament_index/resource_index/parent_prefix_path/wrg_core
[15.222s] -- Symlinking: /home/cmu/wrg2024_turtlebot3_ws/robot_ws/install/wrg_core/share/wrg_core/environment/ament_prefix_path.sh
[15.255s] -- Symlinking: /home/cmu/wrg2024_turtlebot3_ws/robot_ws/install/wrg_core/share/wrg_core/environment/ament_prefix_path.dsv
[15.289s] -- Symlinking: /home/cmu/wrg2024_turtlebot3_ws/robot_ws/install/wrg_core/share/wrg_core/environment/path.sh
[15.323s] -- Symlinking: /home/cmu/wrg2024_turtlebot3_ws/robot_ws/install/wrg_core/share/wrg_core/environment/path.dsv
[15.357s] -- Symlinking: /home/cmu/wrg2024_turtlebot3_ws/robot_ws/install/wrg_core/share/wrg_core/local_setup.bash
[15.391s] -- Symlinking: /home/cmu/wrg2024_turtlebot3_ws/robot_ws/install/wrg_core/share/wrg_core/local_setup.sh
[15.424s] -- Symlinking: /home/cmu/wrg2024_turtlebot3_ws/robot_ws/install/wrg_core/share/wrg_core/local_setup.zsh
[15.457s] -- Symlinking: /home/cmu/wrg2024_turtlebot3_ws/robot_ws/install/wrg_core/share/wrg_core/local_setup.dsv
[15.491s] -- Symlinking: /home/cmu/wrg2024_turtlebot3_ws/robot_ws/install/wrg_core/share/wrg_core/package.dsv
[15.524s] -- Symlinking: /home/cmu/wrg2024_turtlebot3_ws/robot_ws/install/wrg_core/share/ament_index/resource_index/packages/wrg_core
[15.559s] -- Symlinking: /home/cmu/wrg2024_turtlebot3_ws/robot_ws/install/wrg_core/share/wrg_core/cmake/wrg_coreConfig.cmake
[15.595s] -- Symlinking: /home/cmu/wrg2024_turtlebot3_ws/robot_ws/install/wrg_core/share/wrg_core/cmake/wrg_coreConfig-version.cmake
[15.628s] -- Symlinking: /home/cmu/wrg2024_turtlebot3_ws/robot_ws/install/wrg_core/share/wrg_core/package.xml
[15.814s] Listing '/home/cmu/wrg2024_turtlebot3_ws/robot_ws/install/wrg_core/local/lib/python3.10/dist-packages/wrg_core'...
[15.815s] Compiling '/home/cmu/wrg2024_turtlebot3_ws/robot_ws/install/wrg_core/local/lib/python3.10/dist-packages/wrg_core/__init__.py'...
[15.844s] Invoked command in '/home/cmu/wrg2024_turtlebot3_ws/robot_ws/build/wrg_core' returned '0': CMAKE_PREFIX_PATH=${CMAKE_PREFIX_PATH}:/home/cmu/turtlebot3_ws/install/turtlebot3_teleop:/home/cmu/turtlebot3_ws/install/turtlebot3_example:/opt/ros/humble /usr/bin/cmake --install /home/cmu/wrg2024_turtlebot3_ws/robot_ws/build/wrg_core
