[0.757s] Invoking command in '/home/mannaja/wrg2024_turtlebot3_ws/build/turtlebot3_fake_node': CMAKE_PREFIX_PATH=/home/mannaja/wrg2024_turtlebot3_ws/install/turtlebot3_msgs:/home/mannaja/wrg2024_turtlebot3_ws/install/turtlebot3:/home/mannaja/wrg2024_turtlebot3_ws/install/turtlebot3_simulations:/home/mannaja/wrg2024_turtlebot3_ws/install/turtlebot3_bringup:/home/mannaja/wrg2024_turtlebot3_ws/install/turtlebot3_node:/home/mannaja/wrg2024_turtlebot3_ws/install/turtlebot3_navigation2:/home/mannaja/wrg2024_turtlebot3_ws/install/turtlebot3_fake_node:/home/mannaja/wrg2024_turtlebot3_ws/install/turtlebot3_gazebo:/home/mannaja/wrg2024_turtlebot3_ws/install/turtlebot3_description:/home/mannaja/wrg2024_turtlebot3_ws/install/turtlebot3_cartographer:/home/mannaja/wrg2024_turtlebot3_ws/install/dynamixel_sdk_examples:/home/mannaja/wrg2024_turtlebot3_ws/install/dynamixel_sdk_custom_interfaces:/home/mannaja/wrg2024_turtlebot3_ws/install/dynamixel_sdk:/home/mannaja/turtlebot3_ws/install/turtlebot3:/home/mannaja/turtlebot3_ws/install/turtlebot3_simulations:/home/mannaja/turtlebot3_ws/install/turtlebot3_bringup:/home/mannaja/turtlebot3_ws/install/turtlebot3_node:/home/mannaja/turtlebot3_ws/install/turtlebot3_navigation2:/home/mannaja/turtlebot3_ws/install/turtlebot3_fake_node:/home/mannaja/turtlebot3_ws/install/turtlebot3_msgs:/home/mannaja/turtlebot3_ws/install/turtlebot3_gazebo:/home/mannaja/turtlebot3_ws/install/turtlebot3_description:/home/mannaja/turtlebot3_ws/install/turtlebot3_cartographer:/home/mannaja/turtlebot3_ws/install/dynamixel_sdk_examples:/home/mannaja/turtlebot3_ws/install/dynamixel_sdk_custom_interfaces:/home/mannaja/turtlebot3_ws/install/dynamixel_sdk:/home/mannaja/microros_ws/install/micro_ros_setup:/home/mannaja/microros_ws/install/micro_ros_agent:/home/mannaja/microros_ws/install/micro_ros_msgs:/home/mannaja/wrg2024_turtlebot3_ws/install/turtlebot3_teleop:/home/mannaja/wrg2024_turtlebot3_ws/install/turtlebot3_example:/home/mannaja/turtlebot3_ws/install/turtlebot3_teleop:/home/mannaja/turtlebot3_ws/install/turtlebot3_example:/home/mannaja/coding/project/python_minecraftDetectMob_andSendDataToRos2/ros2_ws/install/pi_node:/home/mannaja/coding/project/python_minecraftDetectMob_andSendDataToRos2/ros2_ws/install/laptop_node:/home/mannaja/coding/project/ABU2024_Manual/robot_ws/install/robot_core:/opt/ros/humble /home/mannaja/.local/bin/cmake /home/mannaja/wrg2024_turtlebot3_ws/src/turtlebot3_simulations/turtlebot3_fake_node -Wno-dev -DAMENT_CMAKE_SYMLINK_INSTALL=1 -DCMAKE_INSTALL_PREFIX=/home/mannaja/wrg2024_turtlebot3_ws/install/turtlebot3_fake_node
[1.111s] -- The C compiler identification is GNU 11.4.0
[1.259s] -- The CXX compiler identification is GNU 11.4.0
[1.282s] -- Detecting C compiler ABI info
[1.399s] -- Detecting C compiler ABI info - done
[1.441s] -- Check for working C compiler: /usr/bin/cc - skipped
[1.441s] -- Detecting C compile features
[1.442s] -- Detecting C compile features - done
[1.451s] -- Detecting CXX compiler ABI info
[1.616s] -- Detecting CXX compiler ABI info - done
[1.690s] -- Check for working CXX compiler: /usr/bin/c++ - skipped
[1.691s] -- Detecting CXX compile features
[1.692s] -- Detecting CXX compile features - done
[1.703s] -- Found ament_cmake: 1.3.9 (/opt/ros/humble/share/ament_cmake/cmake)
[2.121s] -- Found Python3: /usr/bin/python3 (found version "3.10.12") found components: Interpreter
[2.299s] -- Override CMake install command with custom implementation using symlinks instead of copying resources
[2.449s] -- Found geometry_msgs: 4.2.4 (/opt/ros/humble/share/geometry_msgs/cmake)
[2.624s] -- Found rosidl_generator_c: 3.1.5 (/opt/ros/humble/share/rosidl_generator_c/cmake)
[2.651s] -- Found rosidl_adapter: 3.1.5 (/opt/ros/humble/share/rosidl_adapter/cmake)
[2.687s] -- Found rosidl_generator_cpp: 3.1.5 (/opt/ros/humble/share/rosidl_generator_cpp/cmake)
[2.743s] -- Using all available rosidl_typesupport_c: rosidl_typesupport_fastrtps_c;rosidl_typesupport_introspection_c
[2.832s] -- Using all available rosidl_typesupport_cpp: rosidl_typesupport_fastrtps_cpp;rosidl_typesupport_introspection_cpp
[3.237s] -- Found nav_msgs: 4.2.4 (/opt/ros/humble/share/nav_msgs/cmake)
[3.477s] -- Found rclcpp: 16.0.9 (/opt/ros/humble/share/rclcpp/cmake)
[3.718s] -- Found rmw_implementation_cmake: 6.1.2 (/opt/ros/humble/share/rmw_implementation_cmake/cmake)
[3.732s] -- Found rmw_fastrtps_cpp: 6.2.6 (/opt/ros/humble/share/rmw_fastrtps_cpp/cmake)
[4.006s] -- Found OpenSSL: /usr/lib/x86_64-linux-gnu/libcrypto.so (found version "3.0.2")
[4.096s] -- Found FastRTPS: /opt/ros/humble/include
[4.215s] -- Using RMW implementation 'rmw_fastrtps_cpp' as default
[4.249s] -- Performing Test CMAKE_HAVE_LIBC_PTHREAD
[4.367s] -- Performing Test CMAKE_HAVE_LIBC_PTHREAD - Success
[4.371s] -- Found Threads: TRUE
[4.641s] -- Found sensor_msgs: 4.2.4 (/opt/ros/humble/share/sensor_msgs/cmake)
[4.828s] -- Found tf2: 0.25.7 (/opt/ros/humble/share/tf2/cmake)
[4.865s] -- Found tf2_msgs: 0.25.7 (/opt/ros/humble/share/tf2_msgs/cmake)
[5.289s] -- Found turtlebot3_msgs: 2.2.3 (/home/mannaja/wrg2024_turtlebot3_ws/install/turtlebot3_msgs/share/turtlebot3_msgs/cmake)
[5.754s] -- Configuring done (4.8s)
[5.881s] -- Generating done (0.1s)
[5.915s] -- Build files have been written to: /home/mannaja/wrg2024_turtlebot3_ws/build/turtlebot3_fake_node
[6.037s] Invoked command in '/home/mannaja/wrg2024_turtlebot3_ws/build/turtlebot3_fake_node' returned '0': CMAKE_PREFIX_PATH=/home/mannaja/wrg2024_turtlebot3_ws/install/turtlebot3_msgs:/home/mannaja/wrg2024_turtlebot3_ws/install/turtlebot3:/home/mannaja/wrg2024_turtlebot3_ws/install/turtlebot3_simulations:/home/mannaja/wrg2024_turtlebot3_ws/install/turtlebot3_bringup:/home/mannaja/wrg2024_turtlebot3_ws/install/turtlebot3_node:/home/mannaja/wrg2024_turtlebot3_ws/install/turtlebot3_navigation2:/home/mannaja/wrg2024_turtlebot3_ws/install/turtlebot3_fake_node:/home/mannaja/wrg2024_turtlebot3_ws/install/turtlebot3_gazebo:/home/mannaja/wrg2024_turtlebot3_ws/install/turtlebot3_description:/home/mannaja/wrg2024_turtlebot3_ws/install/turtlebot3_cartographer:/home/mannaja/wrg2024_turtlebot3_ws/install/dynamixel_sdk_examples:/home/mannaja/wrg2024_turtlebot3_ws/install/dynamixel_sdk_custom_interfaces:/home/mannaja/wrg2024_turtlebot3_ws/install/dynamixel_sdk:/home/mannaja/turtlebot3_ws/install/turtlebot3:/home/mannaja/turtlebot3_ws/install/turtlebot3_simulations:/home/mannaja/turtlebot3_ws/install/turtlebot3_bringup:/home/mannaja/turtlebot3_ws/install/turtlebot3_node:/home/mannaja/turtlebot3_ws/install/turtlebot3_navigation2:/home/mannaja/turtlebot3_ws/install/turtlebot3_fake_node:/home/mannaja/turtlebot3_ws/install/turtlebot3_msgs:/home/mannaja/turtlebot3_ws/install/turtlebot3_gazebo:/home/mannaja/turtlebot3_ws/install/turtlebot3_description:/home/mannaja/turtlebot3_ws/install/turtlebot3_cartographer:/home/mannaja/turtlebot3_ws/install/dynamixel_sdk_examples:/home/mannaja/turtlebot3_ws/install/dynamixel_sdk_custom_interfaces:/home/mannaja/turtlebot3_ws/install/dynamixel_sdk:/home/mannaja/microros_ws/install/micro_ros_setup:/home/mannaja/microros_ws/install/micro_ros_agent:/home/mannaja/microros_ws/install/micro_ros_msgs:/home/mannaja/wrg2024_turtlebot3_ws/install/turtlebot3_teleop:/home/mannaja/wrg2024_turtlebot3_ws/install/turtlebot3_example:/home/mannaja/turtlebot3_ws/install/turtlebot3_teleop:/home/mannaja/turtlebot3_ws/install/turtlebot3_example:/home/mannaja/coding/project/python_minecraftDetectMob_andSendDataToRos2/ros2_ws/install/pi_node:/home/mannaja/coding/project/python_minecraftDetectMob_andSendDataToRos2/ros2_ws/install/laptop_node:/home/mannaja/coding/project/ABU2024_Manual/robot_ws/install/robot_core:/opt/ros/humble /home/mannaja/.local/bin/cmake /home/mannaja/wrg2024_turtlebot3_ws/src/turtlebot3_simulations/turtlebot3_fake_node -Wno-dev -DAMENT_CMAKE_SYMLINK_INSTALL=1 -DCMAKE_INSTALL_PREFIX=/home/mannaja/wrg2024_turtlebot3_ws/install/turtlebot3_fake_node
[6.038s] Invoking command in '/home/mannaja/wrg2024_turtlebot3_ws/build/turtlebot3_fake_node': CMAKE_PREFIX_PATH=/home/mannaja/wrg2024_turtlebot3_ws/install/turtlebot3_msgs:/home/mannaja/wrg2024_turtlebot3_ws/install/turtlebot3:/home/mannaja/wrg2024_turtlebot3_ws/install/turtlebot3_simulations:/home/mannaja/wrg2024_turtlebot3_ws/install/turtlebot3_bringup:/home/mannaja/wrg2024_turtlebot3_ws/install/turtlebot3_node:/home/mannaja/wrg2024_turtlebot3_ws/install/turtlebot3_navigation2:/home/mannaja/wrg2024_turtlebot3_ws/install/turtlebot3_fake_node:/home/mannaja/wrg2024_turtlebot3_ws/install/turtlebot3_gazebo:/home/mannaja/wrg2024_turtlebot3_ws/install/turtlebot3_description:/home/mannaja/wrg2024_turtlebot3_ws/install/turtlebot3_cartographer:/home/mannaja/wrg2024_turtlebot3_ws/install/dynamixel_sdk_examples:/home/mannaja/wrg2024_turtlebot3_ws/install/dynamixel_sdk_custom_interfaces:/home/mannaja/wrg2024_turtlebot3_ws/install/dynamixel_sdk:/home/mannaja/turtlebot3_ws/install/turtlebot3:/home/mannaja/turtlebot3_ws/install/turtlebot3_simulations:/home/mannaja/turtlebot3_ws/install/turtlebot3_bringup:/home/mannaja/turtlebot3_ws/install/turtlebot3_node:/home/mannaja/turtlebot3_ws/install/turtlebot3_navigation2:/home/mannaja/turtlebot3_ws/install/turtlebot3_fake_node:/home/mannaja/turtlebot3_ws/install/turtlebot3_msgs:/home/mannaja/turtlebot3_ws/install/turtlebot3_gazebo:/home/mannaja/turtlebot3_ws/install/turtlebot3_description:/home/mannaja/turtlebot3_ws/install/turtlebot3_cartographer:/home/mannaja/turtlebot3_ws/install/dynamixel_sdk_examples:/home/mannaja/turtlebot3_ws/install/dynamixel_sdk_custom_interfaces:/home/mannaja/turtlebot3_ws/install/dynamixel_sdk:/home/mannaja/microros_ws/install/micro_ros_setup:/home/mannaja/microros_ws/install/micro_ros_agent:/home/mannaja/microros_ws/install/micro_ros_msgs:/home/mannaja/wrg2024_turtlebot3_ws/install/turtlebot3_teleop:/home/mannaja/wrg2024_turtlebot3_ws/install/turtlebot3_example:/home/mannaja/turtlebot3_ws/install/turtlebot3_teleop:/home/mannaja/turtlebot3_ws/install/turtlebot3_example:/home/mannaja/coding/project/python_minecraftDetectMob_andSendDataToRos2/ros2_ws/install/pi_node:/home/mannaja/coding/project/python_minecraftDetectMob_andSendDataToRos2/ros2_ws/install/laptop_node:/home/mannaja/coding/project/ABU2024_Manual/robot_ws/install/robot_core:/opt/ros/humble /home/mannaja/.local/bin/cmake --build /home/mannaja/wrg2024_turtlebot3_ws/build/turtlebot3_fake_node -- -j12 -l12
[6.510s] gmake[1]: Entering directory '/home/mannaja/wrg2024_turtlebot3_ws/build/turtlebot3_fake_node'
[6.586s] gmake[2]: Entering directory '/home/mannaja/wrg2024_turtlebot3_ws/build/turtlebot3_fake_node'
[6.599s] gmake[3]: Entering directory '/home/mannaja/wrg2024_turtlebot3_ws/build/turtlebot3_fake_node'
[6.643s] gmake[3]: Leaving directory '/home/mannaja/wrg2024_turtlebot3_ws/build/turtlebot3_fake_node'
[6.663s] gmake[3]: Entering directory '/home/mannaja/wrg2024_turtlebot3_ws/build/turtlebot3_fake_node'
[6.702s] [ 50%] [32mBuilding CXX object CMakeFiles/turtlebot3_fake_node.dir/src/turtlebot3_fake_node.cpp.o[0m
[24.370s] [100%] [32m[1mLinking CXX executable turtlebot3_fake_node[0m
[24.960s] gmake[3]: Leaving directory '/home/mannaja/wrg2024_turtlebot3_ws/build/turtlebot3_fake_node'
[24.965s] [100%] Built target turtlebot3_fake_node
[24.965s] gmake[2]: Leaving directory '/home/mannaja/wrg2024_turtlebot3_ws/build/turtlebot3_fake_node'
[24.970s] gmake[1]: Leaving directory '/home/mannaja/wrg2024_turtlebot3_ws/build/turtlebot3_fake_node'
[24.990s] Invoked command in '/home/mannaja/wrg2024_turtlebot3_ws/build/turtlebot3_fake_node' returned '0': CMAKE_PREFIX_PATH=/home/mannaja/wrg2024_turtlebot3_ws/install/turtlebot3_msgs:/home/mannaja/wrg2024_turtlebot3_ws/install/turtlebot3:/home/mannaja/wrg2024_turtlebot3_ws/install/turtlebot3_simulations:/home/mannaja/wrg2024_turtlebot3_ws/install/turtlebot3_bringup:/home/mannaja/wrg2024_turtlebot3_ws/install/turtlebot3_node:/home/mannaja/wrg2024_turtlebot3_ws/install/turtlebot3_navigation2:/home/mannaja/wrg2024_turtlebot3_ws/install/turtlebot3_fake_node:/home/mannaja/wrg2024_turtlebot3_ws/install/turtlebot3_gazebo:/home/mannaja/wrg2024_turtlebot3_ws/install/turtlebot3_description:/home/mannaja/wrg2024_turtlebot3_ws/install/turtlebot3_cartographer:/home/mannaja/wrg2024_turtlebot3_ws/install/dynamixel_sdk_examples:/home/mannaja/wrg2024_turtlebot3_ws/install/dynamixel_sdk_custom_interfaces:/home/mannaja/wrg2024_turtlebot3_ws/install/dynamixel_sdk:/home/mannaja/turtlebot3_ws/install/turtlebot3:/home/mannaja/turtlebot3_ws/install/turtlebot3_simulations:/home/mannaja/turtlebot3_ws/install/turtlebot3_bringup:/home/mannaja/turtlebot3_ws/install/turtlebot3_node:/home/mannaja/turtlebot3_ws/install/turtlebot3_navigation2:/home/mannaja/turtlebot3_ws/install/turtlebot3_fake_node:/home/mannaja/turtlebot3_ws/install/turtlebot3_msgs:/home/mannaja/turtlebot3_ws/install/turtlebot3_gazebo:/home/mannaja/turtlebot3_ws/install/turtlebot3_description:/home/mannaja/turtlebot3_ws/install/turtlebot3_cartographer:/home/mannaja/turtlebot3_ws/install/dynamixel_sdk_examples:/home/mannaja/turtlebot3_ws/install/dynamixel_sdk_custom_interfaces:/home/mannaja/turtlebot3_ws/install/dynamixel_sdk:/home/mannaja/microros_ws/install/micro_ros_setup:/home/mannaja/microros_ws/install/micro_ros_agent:/home/mannaja/microros_ws/install/micro_ros_msgs:/home/mannaja/wrg2024_turtlebot3_ws/install/turtlebot3_teleop:/home/mannaja/wrg2024_turtlebot3_ws/install/turtlebot3_example:/home/mannaja/turtlebot3_ws/install/turtlebot3_teleop:/home/mannaja/turtlebot3_ws/install/turtlebot3_example:/home/mannaja/coding/project/python_minecraftDetectMob_andSendDataToRos2/ros2_ws/install/pi_node:/home/mannaja/coding/project/python_minecraftDetectMob_andSendDataToRos2/ros2_ws/install/laptop_node:/home/mannaja/coding/project/ABU2024_Manual/robot_ws/install/robot_core:/opt/ros/humble /home/mannaja/.local/bin/cmake --build /home/mannaja/wrg2024_turtlebot3_ws/build/turtlebot3_fake_node -- -j12 -l12
[25.129s] Invoking command in '/home/mannaja/wrg2024_turtlebot3_ws/build/turtlebot3_fake_node': CMAKE_PREFIX_PATH=/home/mannaja/wrg2024_turtlebot3_ws/install/turtlebot3_msgs:/home/mannaja/wrg2024_turtlebot3_ws/install/turtlebot3:/home/mannaja/wrg2024_turtlebot3_ws/install/turtlebot3_simulations:/home/mannaja/wrg2024_turtlebot3_ws/install/turtlebot3_bringup:/home/mannaja/wrg2024_turtlebot3_ws/install/turtlebot3_node:/home/mannaja/wrg2024_turtlebot3_ws/install/turtlebot3_navigation2:/home/mannaja/wrg2024_turtlebot3_ws/install/turtlebot3_fake_node:/home/mannaja/wrg2024_turtlebot3_ws/install/turtlebot3_gazebo:/home/mannaja/wrg2024_turtlebot3_ws/install/turtlebot3_description:/home/mannaja/wrg2024_turtlebot3_ws/install/turtlebot3_cartographer:/home/mannaja/wrg2024_turtlebot3_ws/install/dynamixel_sdk_examples:/home/mannaja/wrg2024_turtlebot3_ws/install/dynamixel_sdk_custom_interfaces:/home/mannaja/wrg2024_turtlebot3_ws/install/dynamixel_sdk:/home/mannaja/turtlebot3_ws/install/turtlebot3:/home/mannaja/turtlebot3_ws/install/turtlebot3_simulations:/home/mannaja/turtlebot3_ws/install/turtlebot3_bringup:/home/mannaja/turtlebot3_ws/install/turtlebot3_node:/home/mannaja/turtlebot3_ws/install/turtlebot3_navigation2:/home/mannaja/turtlebot3_ws/install/turtlebot3_fake_node:/home/mannaja/turtlebot3_ws/install/turtlebot3_msgs:/home/mannaja/turtlebot3_ws/install/turtlebot3_gazebo:/home/mannaja/turtlebot3_ws/install/turtlebot3_description:/home/mannaja/turtlebot3_ws/install/turtlebot3_cartographer:/home/mannaja/turtlebot3_ws/install/dynamixel_sdk_examples:/home/mannaja/turtlebot3_ws/install/dynamixel_sdk_custom_interfaces:/home/mannaja/turtlebot3_ws/install/dynamixel_sdk:/home/mannaja/microros_ws/install/micro_ros_setup:/home/mannaja/microros_ws/install/micro_ros_agent:/home/mannaja/microros_ws/install/micro_ros_msgs:/home/mannaja/wrg2024_turtlebot3_ws/install/turtlebot3_teleop:/home/mannaja/wrg2024_turtlebot3_ws/install/turtlebot3_example:/home/mannaja/turtlebot3_ws/install/turtlebot3_teleop:/home/mannaja/turtlebot3_ws/install/turtlebot3_example:/home/mannaja/coding/project/python_minecraftDetectMob_andSendDataToRos2/ros2_ws/install/pi_node:/home/mannaja/coding/project/python_minecraftDetectMob_andSendDataToRos2/ros2_ws/install/laptop_node:/home/mannaja/coding/project/ABU2024_Manual/robot_ws/install/robot_core:/opt/ros/humble /home/mannaja/.local/bin/cmake --install /home/mannaja/wrg2024_turtlebot3_ws/build/turtlebot3_fake_node
[25.226s] -- Install configuration: ""
[25.226s] -- Execute custom install script
[25.227s] -- Symlinking: /home/mannaja/wrg2024_turtlebot3_ws/install/turtlebot3_fake_node/lib/turtlebot3_fake_node/turtlebot3_fake_node
[25.231s] -- Symlinking: /home/mannaja/wrg2024_turtlebot3_ws/install/turtlebot3_fake_node/share/turtlebot3_fake_node/launch/rviz2.launch.py
[25.235s] -- Symlinking: /home/mannaja/wrg2024_turtlebot3_ws/install/turtlebot3_fake_node/share/turtlebot3_fake_node/launch/turtlebot3_fake_node.launch.py
[25.239s] -- Symlinking: /home/mannaja/wrg2024_turtlebot3_ws/install/turtlebot3_fake_node/share/turtlebot3_fake_node/param/burger.yaml
[25.244s] -- Symlinking: /home/mannaja/wrg2024_turtlebot3_ws/install/turtlebot3_fake_node/share/turtlebot3_fake_node/param/waffle.yaml
[25.248s] -- Symlinking: /home/mannaja/wrg2024_turtlebot3_ws/install/turtlebot3_fake_node/share/turtlebot3_fake_node/param/waffle_pi.yaml
[25.252s] -- Symlinking: /home/mannaja/wrg2024_turtlebot3_ws/install/turtlebot3_fake_node/include//turtlebot3_fake_node/turtlebot3_fake_node.hpp
[25.257s] -- Symlinking: /home/mannaja/wrg2024_turtlebot3_ws/install/turtlebot3_fake_node/share/ament_index/resource_index/package_run_dependencies/turtlebot3_fake_node
[25.262s] -- Symlinking: /home/mannaja/wrg2024_turtlebot3_ws/install/turtlebot3_fake_node/share/ament_index/resource_index/parent_prefix_path/turtlebot3_fake_node
[25.267s] -- Symlinking: /home/mannaja/wrg2024_turtlebot3_ws/install/turtlebot3_fake_node/share/turtlebot3_fake_node/environment/ament_prefix_path.sh
[25.271s] -- Symlinking: /home/mannaja/wrg2024_turtlebot3_ws/install/turtlebot3_fake_node/share/turtlebot3_fake_node/environment/ament_prefix_path.dsv
[25.275s] -- Symlinking: /home/mannaja/wrg2024_turtlebot3_ws/install/turtlebot3_fake_node/share/turtlebot3_fake_node/environment/path.sh
[25.280s] -- Symlinking: /home/mannaja/wrg2024_turtlebot3_ws/install/turtlebot3_fake_node/share/turtlebot3_fake_node/environment/path.dsv
[25.284s] -- Symlinking: /home/mannaja/wrg2024_turtlebot3_ws/install/turtlebot3_fake_node/share/turtlebot3_fake_node/local_setup.bash
[25.288s] -- Symlinking: /home/mannaja/wrg2024_turtlebot3_ws/install/turtlebot3_fake_node/share/turtlebot3_fake_node/local_setup.sh
[25.293s] -- Symlinking: /home/mannaja/wrg2024_turtlebot3_ws/install/turtlebot3_fake_node/share/turtlebot3_fake_node/local_setup.zsh
[25.297s] -- Symlinking: /home/mannaja/wrg2024_turtlebot3_ws/install/turtlebot3_fake_node/share/turtlebot3_fake_node/local_setup.dsv
[25.302s] -- Symlinking: /home/mannaja/wrg2024_turtlebot3_ws/install/turtlebot3_fake_node/share/turtlebot3_fake_node/package.dsv
[25.306s] -- Symlinking: /home/mannaja/wrg2024_turtlebot3_ws/install/turtlebot3_fake_node/share/ament_index/resource_index/packages/turtlebot3_fake_node
[25.310s] -- Symlinking: /home/mannaja/wrg2024_turtlebot3_ws/install/turtlebot3_fake_node/share/turtlebot3_fake_node/cmake/ament_cmake_export_include_directories-extras.cmake
[25.315s] -- Symlinking: /home/mannaja/wrg2024_turtlebot3_ws/install/turtlebot3_fake_node/share/turtlebot3_fake_node/cmake/ament_cmake_export_dependencies-extras.cmake
[25.319s] -- Symlinking: /home/mannaja/wrg2024_turtlebot3_ws/install/turtlebot3_fake_node/share/turtlebot3_fake_node/cmake/turtlebot3_fake_nodeConfig.cmake
[25.323s] -- Symlinking: /home/mannaja/wrg2024_turtlebot3_ws/install/turtlebot3_fake_node/share/turtlebot3_fake_node/cmake/turtlebot3_fake_nodeConfig-version.cmake
[25.328s] -- Symlinking: /home/mannaja/wrg2024_turtlebot3_ws/install/turtlebot3_fake_node/share/turtlebot3_fake_node/package.xml
[25.351s] Invoked command in '/home/mannaja/wrg2024_turtlebot3_ws/build/turtlebot3_fake_node' returned '0': CMAKE_PREFIX_PATH=/home/mannaja/wrg2024_turtlebot3_ws/install/turtlebot3_msgs:/home/mannaja/wrg2024_turtlebot3_ws/install/turtlebot3:/home/mannaja/wrg2024_turtlebot3_ws/install/turtlebot3_simulations:/home/mannaja/wrg2024_turtlebot3_ws/install/turtlebot3_bringup:/home/mannaja/wrg2024_turtlebot3_ws/install/turtlebot3_node:/home/mannaja/wrg2024_turtlebot3_ws/install/turtlebot3_navigation2:/home/mannaja/wrg2024_turtlebot3_ws/install/turtlebot3_fake_node:/home/mannaja/wrg2024_turtlebot3_ws/install/turtlebot3_gazebo:/home/mannaja/wrg2024_turtlebot3_ws/install/turtlebot3_description:/home/mannaja/wrg2024_turtlebot3_ws/install/turtlebot3_cartographer:/home/mannaja/wrg2024_turtlebot3_ws/install/dynamixel_sdk_examples:/home/mannaja/wrg2024_turtlebot3_ws/install/dynamixel_sdk_custom_interfaces:/home/mannaja/wrg2024_turtlebot3_ws/install/dynamixel_sdk:/home/mannaja/turtlebot3_ws/install/turtlebot3:/home/mannaja/turtlebot3_ws/install/turtlebot3_simulations:/home/mannaja/turtlebot3_ws/install/turtlebot3_bringup:/home/mannaja/turtlebot3_ws/install/turtlebot3_node:/home/mannaja/turtlebot3_ws/install/turtlebot3_navigation2:/home/mannaja/turtlebot3_ws/install/turtlebot3_fake_node:/home/mannaja/turtlebot3_ws/install/turtlebot3_msgs:/home/mannaja/turtlebot3_ws/install/turtlebot3_gazebo:/home/mannaja/turtlebot3_ws/install/turtlebot3_description:/home/mannaja/turtlebot3_ws/install/turtlebot3_cartographer:/home/mannaja/turtlebot3_ws/install/dynamixel_sdk_examples:/home/mannaja/turtlebot3_ws/install/dynamixel_sdk_custom_interfaces:/home/mannaja/turtlebot3_ws/install/dynamixel_sdk:/home/mannaja/microros_ws/install/micro_ros_setup:/home/mannaja/microros_ws/install/micro_ros_agent:/home/mannaja/microros_ws/install/micro_ros_msgs:/home/mannaja/wrg2024_turtlebot3_ws/install/turtlebot3_teleop:/home/mannaja/wrg2024_turtlebot3_ws/install/turtlebot3_example:/home/mannaja/turtlebot3_ws/install/turtlebot3_teleop:/home/mannaja/turtlebot3_ws/install/turtlebot3_example:/home/mannaja/coding/project/python_minecraftDetectMob_andSendDataToRos2/ros2_ws/install/pi_node:/home/mannaja/coding/project/python_minecraftDetectMob_andSendDataToRos2/ros2_ws/install/laptop_node:/home/mannaja/coding/project/ABU2024_Manual/robot_ws/install/robot_core:/opt/ros/humble /home/mannaja/.local/bin/cmake --install /home/mannaja/wrg2024_turtlebot3_ws/build/turtlebot3_fake_node
