[0.077s] Invoking command in '/home/mannaja/wrg2024_turtlebot3_ws/build/turtlebot3_msgs': CMAKE_PREFIX_PATH=${CMAKE_PREFIX_PATH}:/home/mannaja/wrg2024_turtlebot3_ws/install/turtlebot3_teleop:/home/mannaja/wrg2024_turtlebot3_ws/install/turtlebot3_example:/home/mannaja/turtlebot3_ws/install/turtlebot3_teleop:/home/mannaja/turtlebot3_ws/install/turtlebot3_example:/home/mannaja/coding/project/python_minecraftDetectMob_andSendDataToRos2/ros2_ws/install/pi_node:/home/mannaja/coding/project/python_minecraftDetectMob_andSendDataToRos2/ros2_ws/install/laptop_node:/home/mannaja/coding/project/ABU2024_Manual/robot_ws/install/robot_core:/opt/ros/humble /home/mannaja/.local/bin/cmake --build /home/mannaja/wrg2024_turtlebot3_ws/build/turtlebot3_msgs -- -j12 -l12
[0.602s] gmake[1]: Entering directory '/home/mannaja/wrg2024_turtlebot3_ws/build/turtlebot3_msgs'
[0.602s] gmake[2]: Entering directory '/home/mannaja/wrg2024_turtlebot3_ws/build/turtlebot3_msgs'
[0.603s] gmake[3]: Entering directory '/home/mannaja/wrg2024_turtlebot3_ws/build/turtlebot3_msgs'
[0.604s] gmake[3]: Entering directory '/home/mannaja/wrg2024_turtlebot3_ws/build/turtlebot3_msgs'
[0.605s] gmake[3]: Entering directory '/home/mannaja/wrg2024_turtlebot3_ws/build/turtlebot3_msgs'
[0.606s] gmake[3]: Leaving directory '/home/mannaja/wrg2024_turtlebot3_ws/build/turtlebot3_msgs'
[0.607s] gmake[3]: Leaving directory '/home/mannaja/wrg2024_turtlebot3_ws/build/turtlebot3_msgs'
[0.607s] gmake[3]: Entering directory '/home/mannaja/wrg2024_turtlebot3_ws/build/turtlebot3_msgs'
[0.608s] gmake[3]: Leaving directory '/home/mannaja/wrg2024_turtlebot3_ws/build/turtlebot3_msgs'
[0.609s] gmake[3]: Leaving directory '/home/mannaja/wrg2024_turtlebot3_ws/build/turtlebot3_msgs'
[0.610s] [  0%] Built target ament_cmake_python_symlink_turtlebot3_msgs
[0.610s] gmake[3]: Entering directory '/home/mannaja/wrg2024_turtlebot3_ws/build/turtlebot3_msgs'
[0.612s] [  1%] Built target turtlebot3_msgs__cpp
[0.612s] [ 12%] Built target turtlebot3_msgs__rosidl_generator_c
[0.613s] gmake[3]: Leaving directory '/home/mannaja/wrg2024_turtlebot3_ws/build/turtlebot3_msgs'
[0.613s] gmake[3]: Entering directory '/home/mannaja/wrg2024_turtlebot3_ws/build/turtlebot3_msgs'
[0.614s] gmake[3]: Entering directory '/home/mannaja/wrg2024_turtlebot3_ws/build/turtlebot3_msgs'
[0.615s] gmake[3]: Entering directory '/home/mannaja/wrg2024_turtlebot3_ws/build/turtlebot3_msgs'
[0.615s] gmake[3]: Entering directory '/home/mannaja/wrg2024_turtlebot3_ws/build/turtlebot3_msgs'
[0.616s] gmake[3]: Leaving directory '/home/mannaja/wrg2024_turtlebot3_ws/build/turtlebot3_msgs'
[0.616s] gmake[3]: Entering directory '/home/mannaja/wrg2024_turtlebot3_ws/build/turtlebot3_msgs'
[0.617s] gmake[3]: Leaving directory '/home/mannaja/wrg2024_turtlebot3_ws/build/turtlebot3_msgs'
[0.617s] gmake[3]: Entering directory '/home/mannaja/wrg2024_turtlebot3_ws/build/turtlebot3_msgs'
[0.618s] gmake[3]: Leaving directory '/home/mannaja/wrg2024_turtlebot3_ws/build/turtlebot3_msgs'
[0.618s] gmake[3]: Leaving directory '/home/mannaja/wrg2024_turtlebot3_ws/build/turtlebot3_msgs'
[0.619s] gmake[3]: Leaving directory '/home/mannaja/wrg2024_turtlebot3_ws/build/turtlebot3_msgs'
[0.620s] [ 23%] Built target turtlebot3_msgs__rosidl_typesupport_introspection_c
[0.621s] [ 35%] Built target turtlebot3_msgs__rosidl_typesupport_cpp
[0.622s] gmake[3]: Entering directory '/home/mannaja/wrg2024_turtlebot3_ws/build/turtlebot3_msgs'
[0.623s] [ 46%] Built target turtlebot3_msgs__rosidl_typesupport_c
[0.623s] [ 57%] Built target turtlebot3_msgs__rosidl_typesupport_fastrtps_cpp
[0.623s] gmake[3]: Leaving directory '/home/mannaja/wrg2024_turtlebot3_ws/build/turtlebot3_msgs'
[0.623s] [ 69%] Built target turtlebot3_msgs__rosidl_typesupport_introspection_cpp
[0.623s] [ 80%] Built target turtlebot3_msgs__rosidl_typesupport_fastrtps_c
[0.623s] gmake[3]: Entering directory '/home/mannaja/wrg2024_turtlebot3_ws/build/turtlebot3_msgs'
[0.624s] gmake[3]: Leaving directory '/home/mannaja/wrg2024_turtlebot3_ws/build/turtlebot3_msgs'
[0.624s] [ 80%] Built target turtlebot3_msgs
[0.624s] gmake[3]: Entering directory '/home/mannaja/wrg2024_turtlebot3_ws/build/turtlebot3_msgs'
[0.624s] gmake[3]: Leaving directory '/home/mannaja/wrg2024_turtlebot3_ws/build/turtlebot3_msgs'
[0.624s] [ 81%] Built target turtlebot3_msgs__py
[0.624s] gmake[3]: Entering directory '/home/mannaja/wrg2024_turtlebot3_ws/build/turtlebot3_msgs'
[0.624s] gmake[3]: Leaving directory '/home/mannaja/wrg2024_turtlebot3_ws/build/turtlebot3_msgs'
[0.625s] [ 91%] Built target turtlebot3_msgs__rosidl_generator_py
[0.625s] gmake[3]: Entering directory '/home/mannaja/wrg2024_turtlebot3_ws/build/turtlebot3_msgs'
[0.625s] gmake[3]: Entering directory '/home/mannaja/wrg2024_turtlebot3_ws/build/turtlebot3_msgs'
[0.625s] gmake[3]: Entering directory '/home/mannaja/wrg2024_turtlebot3_ws/build/turtlebot3_msgs'
[0.625s] gmake[3]: Leaving directory '/home/mannaja/wrg2024_turtlebot3_ws/build/turtlebot3_msgs'
[0.626s] gmake[3]: Leaving directory '/home/mannaja/wrg2024_turtlebot3_ws/build/turtlebot3_msgs'
[0.626s] gmake[3]: Leaving directory '/home/mannaja/wrg2024_turtlebot3_ws/build/turtlebot3_msgs'
[0.626s] [ 94%] Built target turtlebot3_msgs__rosidl_typesupport_introspection_c__pyext
[0.626s] [ 97%] Built target turtlebot3_msgs__rosidl_typesupport_fastrtps_c__pyext
[0.627s] [100%] Built target turtlebot3_msgs__rosidl_typesupport_c__pyext
[0.757s] running egg_info
[1.114s] writing turtlebot3_msgs.egg-info/PKG-INFO
[1.116s] writing dependency_links to turtlebot3_msgs.egg-info/dependency_links.txt
[1.116s] writing top-level names to turtlebot3_msgs.egg-info/top_level.txt
[1.326s] reading manifest file 'turtlebot3_msgs.egg-info/SOURCES.txt'
[1.330s] writing manifest file 'turtlebot3_msgs.egg-info/SOURCES.txt'
[1.387s] gmake[3]: Leaving directory '/home/mannaja/wrg2024_turtlebot3_ws/build/turtlebot3_msgs'
[1.394s] [100%] Built target ament_cmake_python_build_turtlebot3_msgs_egg
[1.395s] gmake[2]: Leaving directory '/home/mannaja/wrg2024_turtlebot3_ws/build/turtlebot3_msgs'
[1.403s] gmake[1]: Leaving directory '/home/mannaja/wrg2024_turtlebot3_ws/build/turtlebot3_msgs'
[1.436s] Invoked command in '/home/mannaja/wrg2024_turtlebot3_ws/build/turtlebot3_msgs' returned '0': CMAKE_PREFIX_PATH=${CMAKE_PREFIX_PATH}:/home/mannaja/wrg2024_turtlebot3_ws/install/turtlebot3_teleop:/home/mannaja/wrg2024_turtlebot3_ws/install/turtlebot3_example:/home/mannaja/turtlebot3_ws/install/turtlebot3_teleop:/home/mannaja/turtlebot3_ws/install/turtlebot3_example:/home/mannaja/coding/project/python_minecraftDetectMob_andSendDataToRos2/ros2_ws/install/pi_node:/home/mannaja/coding/project/python_minecraftDetectMob_andSendDataToRos2/ros2_ws/install/laptop_node:/home/mannaja/coding/project/ABU2024_Manual/robot_ws/install/robot_core:/opt/ros/humble /home/mannaja/.local/bin/cmake --build /home/mannaja/wrg2024_turtlebot3_ws/build/turtlebot3_msgs -- -j12 -l12
[1.891s] Invoking command in '/home/mannaja/wrg2024_turtlebot3_ws/build/turtlebot3_msgs': CMAKE_PREFIX_PATH=${CMAKE_PREFIX_PATH}:/home/mannaja/wrg2024_turtlebot3_ws/install/turtlebot3_teleop:/home/mannaja/wrg2024_turtlebot3_ws/install/turtlebot3_example:/home/mannaja/turtlebot3_ws/install/turtlebot3_teleop:/home/mannaja/turtlebot3_ws/install/turtlebot3_example:/home/mannaja/coding/project/python_minecraftDetectMob_andSendDataToRos2/ros2_ws/install/pi_node:/home/mannaja/coding/project/python_minecraftDetectMob_andSendDataToRos2/ros2_ws/install/laptop_node:/home/mannaja/coding/project/ABU2024_Manual/robot_ws/install/robot_core:/opt/ros/humble /home/mannaja/.local/bin/cmake --install /home/mannaja/wrg2024_turtlebot3_ws/build/turtlebot3_msgs
[2.006s] -- Install configuration: ""
[2.007s] -- Execute custom install script
[2.008s] -- Up-to-date symlink: /home/mannaja/wrg2024_turtlebot3_ws/install/turtlebot3_msgs/share/ament_index/resource_index/rosidl_interfaces/turtlebot3_msgs
[2.009s] -- Up-to-date symlink: /home/mannaja/wrg2024_turtlebot3_ws/install/turtlebot3_msgs/include/turtlebot3_msgs/turtlebot3_msgs/action/detail/patrol__functions.h
[2.009s] -- Up-to-date symlink: /home/mannaja/wrg2024_turtlebot3_ws/install/turtlebot3_msgs/include/turtlebot3_msgs/turtlebot3_msgs/action/detail/patrol__struct.h
[2.009s] -- Up-to-date symlink: /home/mannaja/wrg2024_turtlebot3_ws/install/turtlebot3_msgs/include/turtlebot3_msgs/turtlebot3_msgs/action/detail/patrol__type_support.h
[2.010s] -- Up-to-date symlink: /home/mannaja/wrg2024_turtlebot3_ws/install/turtlebot3_msgs/include/turtlebot3_msgs/turtlebot3_msgs/action/patrol.h
[2.010s] -- Up-to-date symlink: /home/mannaja/wrg2024_turtlebot3_ws/install/turtlebot3_msgs/include/turtlebot3_msgs/turtlebot3_msgs/msg/detail/sensor_state__functions.h
[2.010s] -- Up-to-date symlink: /home/mannaja/wrg2024_turtlebot3_ws/install/turtlebot3_msgs/include/turtlebot3_msgs/turtlebot3_msgs/msg/detail/sensor_state__struct.h
[2.010s] -- Up-to-date symlink: /home/mannaja/wrg2024_turtlebot3_ws/install/turtlebot3_msgs/include/turtlebot3_msgs/turtlebot3_msgs/msg/detail/sensor_state__type_support.h
[2.011s] -- Up-to-date symlink: /home/mannaja/wrg2024_turtlebot3_ws/install/turtlebot3_msgs/include/turtlebot3_msgs/turtlebot3_msgs/msg/detail/sound__functions.h
[2.011s] -- Up-to-date symlink: /home/mannaja/wrg2024_turtlebot3_ws/install/turtlebot3_msgs/include/turtlebot3_msgs/turtlebot3_msgs/msg/detail/sound__struct.h
[2.011s] -- Up-to-date symlink: /home/mannaja/wrg2024_turtlebot3_ws/install/turtlebot3_msgs/include/turtlebot3_msgs/turtlebot3_msgs/msg/detail/sound__type_support.h
[2.011s] -- Up-to-date symlink: /home/mannaja/wrg2024_turtlebot3_ws/install/turtlebot3_msgs/include/turtlebot3_msgs/turtlebot3_msgs/msg/detail/version_info__functions.h
[2.011s] -- Up-to-date symlink: /home/mannaja/wrg2024_turtlebot3_ws/install/turtlebot3_msgs/include/turtlebot3_msgs/turtlebot3_msgs/msg/detail/version_info__struct.h
[2.012s] -- Up-to-date symlink: /home/mannaja/wrg2024_turtlebot3_ws/install/turtlebot3_msgs/include/turtlebot3_msgs/turtlebot3_msgs/msg/detail/version_info__type_support.h
[2.012s] -- Up-to-date symlink: /home/mannaja/wrg2024_turtlebot3_ws/install/turtlebot3_msgs/include/turtlebot3_msgs/turtlebot3_msgs/msg/rosidl_generator_c__visibility_control.h
[2.012s] -- Up-to-date symlink: /home/mannaja/wrg2024_turtlebot3_ws/install/turtlebot3_msgs/include/turtlebot3_msgs/turtlebot3_msgs/msg/sensor_state.h
[2.012s] -- Up-to-date symlink: /home/mannaja/wrg2024_turtlebot3_ws/install/turtlebot3_msgs/include/turtlebot3_msgs/turtlebot3_msgs/msg/sound.h
[2.012s] -- Up-to-date symlink: /home/mannaja/wrg2024_turtlebot3_ws/install/turtlebot3_msgs/include/turtlebot3_msgs/turtlebot3_msgs/msg/version_info.h
[2.013s] -- Up-to-date symlink: /home/mannaja/wrg2024_turtlebot3_ws/install/turtlebot3_msgs/include/turtlebot3_msgs/turtlebot3_msgs/srv/detail/dqn__functions.h
[2.013s] -- Up-to-date symlink: /home/mannaja/wrg2024_turtlebot3_ws/install/turtlebot3_msgs/include/turtlebot3_msgs/turtlebot3_msgs/srv/detail/dqn__struct.h
[2.013s] -- Up-to-date symlink: /home/mannaja/wrg2024_turtlebot3_ws/install/turtlebot3_msgs/include/turtlebot3_msgs/turtlebot3_msgs/srv/detail/dqn__type_support.h
[2.013s] -- Up-to-date symlink: /home/mannaja/wrg2024_turtlebot3_ws/install/turtlebot3_msgs/include/turtlebot3_msgs/turtlebot3_msgs/srv/detail/sound__functions.h
[2.014s] -- Up-to-date symlink: /home/mannaja/wrg2024_turtlebot3_ws/install/turtlebot3_msgs/include/turtlebot3_msgs/turtlebot3_msgs/srv/detail/sound__struct.h
[2.014s] -- Up-to-date symlink: /home/mannaja/wrg2024_turtlebot3_ws/install/turtlebot3_msgs/include/turtlebot3_msgs/turtlebot3_msgs/srv/detail/sound__type_support.h
[2.014s] -- Up-to-date symlink: /home/mannaja/wrg2024_turtlebot3_ws/install/turtlebot3_msgs/include/turtlebot3_msgs/turtlebot3_msgs/srv/dqn.h
[2.014s] -- Up-to-date symlink: /home/mannaja/wrg2024_turtlebot3_ws/install/turtlebot3_msgs/include/turtlebot3_msgs/turtlebot3_msgs/srv/sound.h
[2.014s] -- Up-to-date symlink: /home/mannaja/wrg2024_turtlebot3_ws/install/turtlebot3_msgs/share/turtlebot3_msgs/environment/library_path.sh
[2.015s] -- Up-to-date symlink: /home/mannaja/wrg2024_turtlebot3_ws/install/turtlebot3_msgs/share/turtlebot3_msgs/environment/library_path.dsv
[2.016s] -- Up-to-date symlink: /home/mannaja/wrg2024_turtlebot3_ws/install/turtlebot3_msgs/include/turtlebot3_msgs/turtlebot3_msgs/action/detail/patrol__rosidl_typesupport_fastrtps_c.h
[2.016s] -- Up-to-date symlink: /home/mannaja/wrg2024_turtlebot3_ws/install/turtlebot3_msgs/include/turtlebot3_msgs/turtlebot3_msgs/msg/detail/sensor_state__rosidl_typesupport_fastrtps_c.h
[2.016s] -- Up-to-date symlink: /home/mannaja/wrg2024_turtlebot3_ws/install/turtlebot3_msgs/include/turtlebot3_msgs/turtlebot3_msgs/msg/detail/sound__rosidl_typesupport_fastrtps_c.h
[2.017s] -- Up-to-date symlink: /home/mannaja/wrg2024_turtlebot3_ws/install/turtlebot3_msgs/include/turtlebot3_msgs/turtlebot3_msgs/msg/detail/version_info__rosidl_typesupport_fastrtps_c.h
[2.017s] -- Up-to-date symlink: /home/mannaja/wrg2024_turtlebot3_ws/install/turtlebot3_msgs/include/turtlebot3_msgs/turtlebot3_msgs/msg/rosidl_typesupport_fastrtps_c__visibility_control.h
[2.017s] -- Up-to-date symlink: /home/mannaja/wrg2024_turtlebot3_ws/install/turtlebot3_msgs/include/turtlebot3_msgs/turtlebot3_msgs/srv/detail/dqn__rosidl_typesupport_fastrtps_c.h
[2.017s] -- Up-to-date symlink: /home/mannaja/wrg2024_turtlebot3_ws/install/turtlebot3_msgs/include/turtlebot3_msgs/turtlebot3_msgs/srv/detail/sound__rosidl_typesupport_fastrtps_c.h
[2.019s] -- Up-to-date symlink: /home/mannaja/wrg2024_turtlebot3_ws/install/turtlebot3_msgs/include/turtlebot3_msgs/turtlebot3_msgs/action/detail/patrol__builder.hpp
[2.019s] -- Up-to-date symlink: /home/mannaja/wrg2024_turtlebot3_ws/install/turtlebot3_msgs/include/turtlebot3_msgs/turtlebot3_msgs/action/detail/patrol__struct.hpp
[2.019s] -- Up-to-date symlink: /home/mannaja/wrg2024_turtlebot3_ws/install/turtlebot3_msgs/include/turtlebot3_msgs/turtlebot3_msgs/action/detail/patrol__traits.hpp
[2.019s] -- Up-to-date symlink: /home/mannaja/wrg2024_turtlebot3_ws/install/turtlebot3_msgs/include/turtlebot3_msgs/turtlebot3_msgs/action/patrol.hpp
[2.020s] -- Up-to-date symlink: /home/mannaja/wrg2024_turtlebot3_ws/install/turtlebot3_msgs/include/turtlebot3_msgs/turtlebot3_msgs/msg/detail/sensor_state__builder.hpp
[2.020s] -- Up-to-date symlink: /home/mannaja/wrg2024_turtlebot3_ws/install/turtlebot3_msgs/include/turtlebot3_msgs/turtlebot3_msgs/msg/detail/sensor_state__struct.hpp
[2.020s] -- Up-to-date symlink: /home/mannaja/wrg2024_turtlebot3_ws/install/turtlebot3_msgs/include/turtlebot3_msgs/turtlebot3_msgs/msg/detail/sensor_state__traits.hpp
[2.020s] -- Up-to-date symlink: /home/mannaja/wrg2024_turtlebot3_ws/install/turtlebot3_msgs/include/turtlebot3_msgs/turtlebot3_msgs/msg/detail/sound__builder.hpp
[2.021s] -- Up-to-date symlink: /home/mannaja/wrg2024_turtlebot3_ws/install/turtlebot3_msgs/include/turtlebot3_msgs/turtlebot3_msgs/msg/detail/sound__struct.hpp
[2.021s] -- Up-to-date symlink: /home/mannaja/wrg2024_turtlebot3_ws/install/turtlebot3_msgs/include/turtlebot3_msgs/turtlebot3_msgs/msg/detail/sound__traits.hpp
[2.021s] -- Up-to-date symlink: /home/mannaja/wrg2024_turtlebot3_ws/install/turtlebot3_msgs/include/turtlebot3_msgs/turtlebot3_msgs/msg/detail/version_info__builder.hpp
[2.021s] -- Up-to-date symlink: /home/mannaja/wrg2024_turtlebot3_ws/install/turtlebot3_msgs/include/turtlebot3_msgs/turtlebot3_msgs/msg/detail/version_info__struct.hpp
[2.022s] -- Up-to-date symlink: /home/mannaja/wrg2024_turtlebot3_ws/install/turtlebot3_msgs/include/turtlebot3_msgs/turtlebot3_msgs/msg/detail/version_info__traits.hpp
[2.022s] -- Up-to-date symlink: /home/mannaja/wrg2024_turtlebot3_ws/install/turtlebot3_msgs/include/turtlebot3_msgs/turtlebot3_msgs/msg/sensor_state.hpp
[2.022s] -- Up-to-date symlink: /home/mannaja/wrg2024_turtlebot3_ws/install/turtlebot3_msgs/include/turtlebot3_msgs/turtlebot3_msgs/msg/sound.hpp
[2.022s] -- Up-to-date symlink: /home/mannaja/wrg2024_turtlebot3_ws/install/turtlebot3_msgs/include/turtlebot3_msgs/turtlebot3_msgs/msg/version_info.hpp
[2.022s] -- Up-to-date symlink: /home/mannaja/wrg2024_turtlebot3_ws/install/turtlebot3_msgs/include/turtlebot3_msgs/turtlebot3_msgs/srv/detail/dqn__builder.hpp
[2.023s] -- Up-to-date symlink: /home/mannaja/wrg2024_turtlebot3_ws/install/turtlebot3_msgs/include/turtlebot3_msgs/turtlebot3_msgs/srv/detail/dqn__struct.hpp
[2.023s] -- Up-to-date symlink: /home/mannaja/wrg2024_turtlebot3_ws/install/turtlebot3_msgs/include/turtlebot3_msgs/turtlebot3_msgs/srv/detail/dqn__traits.hpp
[2.023s] -- Up-to-date symlink: /home/mannaja/wrg2024_turtlebot3_ws/install/turtlebot3_msgs/include/turtlebot3_msgs/turtlebot3_msgs/srv/detail/sound__builder.hpp
[2.023s] -- Up-to-date symlink: /home/mannaja/wrg2024_turtlebot3_ws/install/turtlebot3_msgs/include/turtlebot3_msgs/turtlebot3_msgs/srv/detail/sound__struct.hpp
[2.024s] -- Up-to-date symlink: /home/mannaja/wrg2024_turtlebot3_ws/install/turtlebot3_msgs/include/turtlebot3_msgs/turtlebot3_msgs/srv/detail/sound__traits.hpp
[2.024s] -- Up-to-date symlink: /home/mannaja/wrg2024_turtlebot3_ws/install/turtlebot3_msgs/include/turtlebot3_msgs/turtlebot3_msgs/srv/dqn.hpp
[2.024s] -- Up-to-date symlink: /home/mannaja/wrg2024_turtlebot3_ws/install/turtlebot3_msgs/include/turtlebot3_msgs/turtlebot3_msgs/srv/sound.hpp
[2.026s] -- Up-to-date symlink: /home/mannaja/wrg2024_turtlebot3_ws/install/turtlebot3_msgs/include/turtlebot3_msgs/turtlebot3_msgs/action/detail/patrol__rosidl_typesupport_fastrtps_cpp.hpp
[2.026s] -- Up-to-date symlink: /home/mannaja/wrg2024_turtlebot3_ws/install/turtlebot3_msgs/include/turtlebot3_msgs/turtlebot3_msgs/msg/detail/sensor_state__rosidl_typesupport_fastrtps_cpp.hpp
[2.026s] -- Up-to-date symlink: /home/mannaja/wrg2024_turtlebot3_ws/install/turtlebot3_msgs/include/turtlebot3_msgs/turtlebot3_msgs/msg/detail/sound__rosidl_typesupport_fastrtps_cpp.hpp
[2.026s] -- Up-to-date symlink: /home/mannaja/wrg2024_turtlebot3_ws/install/turtlebot3_msgs/include/turtlebot3_msgs/turtlebot3_msgs/msg/detail/version_info__rosidl_typesupport_fastrtps_cpp.hpp
[2.027s] -- Up-to-date symlink: /home/mannaja/wrg2024_turtlebot3_ws/install/turtlebot3_msgs/include/turtlebot3_msgs/turtlebot3_msgs/msg/rosidl_typesupport_fastrtps_cpp__visibility_control.h
[2.027s] -- Up-to-date symlink: /home/mannaja/wrg2024_turtlebot3_ws/install/turtlebot3_msgs/include/turtlebot3_msgs/turtlebot3_msgs/srv/detail/dqn__rosidl_typesupport_fastrtps_cpp.hpp
[2.027s] -- Up-to-date symlink: /home/mannaja/wrg2024_turtlebot3_ws/install/turtlebot3_msgs/include/turtlebot3_msgs/turtlebot3_msgs/srv/detail/sound__rosidl_typesupport_fastrtps_cpp.hpp
[2.028s] -- Up-to-date symlink: /home/mannaja/wrg2024_turtlebot3_ws/install/turtlebot3_msgs/include/turtlebot3_msgs/turtlebot3_msgs/action/detail/patrol__rosidl_typesupport_introspection_c.h
[2.028s] -- Up-to-date symlink: /home/mannaja/wrg2024_turtlebot3_ws/install/turtlebot3_msgs/include/turtlebot3_msgs/turtlebot3_msgs/msg/detail/sensor_state__rosidl_typesupport_introspection_c.h
[2.028s] -- Up-to-date symlink: /home/mannaja/wrg2024_turtlebot3_ws/install/turtlebot3_msgs/include/turtlebot3_msgs/turtlebot3_msgs/msg/detail/sound__rosidl_typesupport_introspection_c.h
[2.029s] -- Up-to-date symlink: /home/mannaja/wrg2024_turtlebot3_ws/install/turtlebot3_msgs/include/turtlebot3_msgs/turtlebot3_msgs/msg/detail/version_info__rosidl_typesupport_introspection_c.h
[2.029s] -- Up-to-date symlink: /home/mannaja/wrg2024_turtlebot3_ws/install/turtlebot3_msgs/include/turtlebot3_msgs/turtlebot3_msgs/msg/rosidl_typesupport_introspection_c__visibility_control.h
[2.029s] -- Up-to-date symlink: /home/mannaja/wrg2024_turtlebot3_ws/install/turtlebot3_msgs/include/turtlebot3_msgs/turtlebot3_msgs/srv/detail/dqn__rosidl_typesupport_introspection_c.h
[2.029s] -- Up-to-date symlink: /home/mannaja/wrg2024_turtlebot3_ws/install/turtlebot3_msgs/include/turtlebot3_msgs/turtlebot3_msgs/srv/detail/sound__rosidl_typesupport_introspection_c.h
[2.030s] -- Up-to-date symlink: /home/mannaja/wrg2024_turtlebot3_ws/install/turtlebot3_msgs/include/turtlebot3_msgs/turtlebot3_msgs/action/detail/patrol__rosidl_typesupport_introspection_cpp.hpp
[2.030s] -- Up-to-date symlink: /home/mannaja/wrg2024_turtlebot3_ws/install/turtlebot3_msgs/include/turtlebot3_msgs/turtlebot3_msgs/msg/detail/sensor_state__rosidl_typesupport_introspection_cpp.hpp
[2.031s] -- Up-to-date symlink: /home/mannaja/wrg2024_turtlebot3_ws/install/turtlebot3_msgs/include/turtlebot3_msgs/turtlebot3_msgs/msg/detail/sound__rosidl_typesupport_introspection_cpp.hpp
[2.031s] -- Up-to-date symlink: /home/mannaja/wrg2024_turtlebot3_ws/install/turtlebot3_msgs/include/turtlebot3_msgs/turtlebot3_msgs/msg/detail/version_info__rosidl_typesupport_introspection_cpp.hpp
[2.031s] -- Up-to-date symlink: /home/mannaja/wrg2024_turtlebot3_ws/install/turtlebot3_msgs/include/turtlebot3_msgs/turtlebot3_msgs/srv/detail/dqn__rosidl_typesupport_introspection_cpp.hpp
[2.031s] -- Up-to-date symlink: /home/mannaja/wrg2024_turtlebot3_ws/install/turtlebot3_msgs/include/turtlebot3_msgs/turtlebot3_msgs/srv/detail/sound__rosidl_typesupport_introspection_cpp.hpp
[2.031s] -- Up-to-date symlink: /home/mannaja/wrg2024_turtlebot3_ws/install/turtlebot3_msgs/share/turtlebot3_msgs/environment/pythonpath.sh
[2.032s] -- Up-to-date symlink: /home/mannaja/wrg2024_turtlebot3_ws/install/turtlebot3_msgs/share/turtlebot3_msgs/environment/pythonpath.dsv
[2.032s] -- Up-to-date symlink: /home/mannaja/wrg2024_turtlebot3_ws/install/turtlebot3_msgs/local/lib/python3.10/dist-packages/turtlebot3_msgs-2.2.3-py3.10.egg-info/PKG-INFO
[2.032s] -- Up-to-date symlink: /home/mannaja/wrg2024_turtlebot3_ws/install/turtlebot3_msgs/local/lib/python3.10/dist-packages/turtlebot3_msgs-2.2.3-py3.10.egg-info/SOURCES.txt
[2.033s] -- Up-to-date symlink: /home/mannaja/wrg2024_turtlebot3_ws/install/turtlebot3_msgs/local/lib/python3.10/dist-packages/turtlebot3_msgs-2.2.3-py3.10.egg-info/dependency_links.txt
[2.033s] -- Up-to-date symlink: /home/mannaja/wrg2024_turtlebot3_ws/install/turtlebot3_msgs/local/lib/python3.10/dist-packages/turtlebot3_msgs-2.2.3-py3.10.egg-info/top_level.txt
[2.034s] -- Up-to-date symlink: /home/mannaja/wrg2024_turtlebot3_ws/install/turtlebot3_msgs/local/lib/python3.10/dist-packages/turtlebot3_msgs/__init__.py
[2.034s] -- Up-to-date symlink: /home/mannaja/wrg2024_turtlebot3_ws/install/turtlebot3_msgs/local/lib/python3.10/dist-packages/turtlebot3_msgs/_turtlebot3_msgs_s.ep.rosidl_typesupport_c.c
[2.035s] -- Up-to-date symlink: /home/mannaja/wrg2024_turtlebot3_ws/install/turtlebot3_msgs/local/lib/python3.10/dist-packages/turtlebot3_msgs/_turtlebot3_msgs_s.ep.rosidl_typesupport_fastrtps_c.c
[2.035s] -- Up-to-date symlink: /home/mannaja/wrg2024_turtlebot3_ws/install/turtlebot3_msgs/local/lib/python3.10/dist-packages/turtlebot3_msgs/_turtlebot3_msgs_s.ep.rosidl_typesupport_introspection_c.c
[2.036s] -- Up-to-date symlink: /home/mannaja/wrg2024_turtlebot3_ws/install/turtlebot3_msgs/local/lib/python3.10/dist-packages/turtlebot3_msgs/action/__init__.py
[2.036s] -- Up-to-date symlink: /home/mannaja/wrg2024_turtlebot3_ws/install/turtlebot3_msgs/local/lib/python3.10/dist-packages/turtlebot3_msgs/action/_patrol.py
[2.036s] -- Up-to-date symlink: /home/mannaja/wrg2024_turtlebot3_ws/install/turtlebot3_msgs/local/lib/python3.10/dist-packages/turtlebot3_msgs/action/_patrol_s.c
[2.036s] -- Up-to-date symlink: /home/mannaja/wrg2024_turtlebot3_ws/install/turtlebot3_msgs/local/lib/python3.10/dist-packages/turtlebot3_msgs/libturtlebot3_msgs__rosidl_generator_py.so
[2.036s] -- Up-to-date symlink: /home/mannaja/wrg2024_turtlebot3_ws/install/turtlebot3_msgs/local/lib/python3.10/dist-packages/turtlebot3_msgs/msg/__init__.py
[2.037s] -- Up-to-date symlink: /home/mannaja/wrg2024_turtlebot3_ws/install/turtlebot3_msgs/local/lib/python3.10/dist-packages/turtlebot3_msgs/msg/_sensor_state.py
[2.037s] -- Up-to-date symlink: /home/mannaja/wrg2024_turtlebot3_ws/install/turtlebot3_msgs/local/lib/python3.10/dist-packages/turtlebot3_msgs/msg/_sensor_state_s.c
[2.037s] -- Up-to-date symlink: /home/mannaja/wrg2024_turtlebot3_ws/install/turtlebot3_msgs/local/lib/python3.10/dist-packages/turtlebot3_msgs/msg/_sound.py
[2.037s] -- Up-to-date symlink: /home/mannaja/wrg2024_turtlebot3_ws/install/turtlebot3_msgs/local/lib/python3.10/dist-packages/turtlebot3_msgs/msg/_sound_s.c
[2.037s] -- Up-to-date symlink: /home/mannaja/wrg2024_turtlebot3_ws/install/turtlebot3_msgs/local/lib/python3.10/dist-packages/turtlebot3_msgs/msg/_version_info.py
[2.038s] -- Up-to-date symlink: /home/mannaja/wrg2024_turtlebot3_ws/install/turtlebot3_msgs/local/lib/python3.10/dist-packages/turtlebot3_msgs/msg/_version_info_s.c
[2.038s] -- Up-to-date symlink: /home/mannaja/wrg2024_turtlebot3_ws/install/turtlebot3_msgs/local/lib/python3.10/dist-packages/turtlebot3_msgs/srv/__init__.py
[2.038s] -- Up-to-date symlink: /home/mannaja/wrg2024_turtlebot3_ws/install/turtlebot3_msgs/local/lib/python3.10/dist-packages/turtlebot3_msgs/srv/_dqn.py
[2.038s] -- Up-to-date symlink: /home/mannaja/wrg2024_turtlebot3_ws/install/turtlebot3_msgs/local/lib/python3.10/dist-packages/turtlebot3_msgs/srv/_dqn_s.c
[2.038s] -- Up-to-date symlink: /home/mannaja/wrg2024_turtlebot3_ws/install/turtlebot3_msgs/local/lib/python3.10/dist-packages/turtlebot3_msgs/srv/_sound.py
[2.039s] -- Up-to-date symlink: /home/mannaja/wrg2024_turtlebot3_ws/install/turtlebot3_msgs/local/lib/python3.10/dist-packages/turtlebot3_msgs/srv/_sound_s.c
[2.039s] -- Up-to-date symlink: /home/mannaja/wrg2024_turtlebot3_ws/install/turtlebot3_msgs/local/lib/python3.10/dist-packages/turtlebot3_msgs/turtlebot3_msgs_s__rosidl_typesupport_c.cpython-310-x86_64-linux-gnu.so
[2.039s] -- Up-to-date symlink: /home/mannaja/wrg2024_turtlebot3_ws/install/turtlebot3_msgs/local/lib/python3.10/dist-packages/turtlebot3_msgs/turtlebot3_msgs_s__rosidl_typesupport_fastrtps_c.cpython-310-x86_64-linux-gnu.so
[2.039s] -- Up-to-date symlink: /home/mannaja/wrg2024_turtlebot3_ws/install/turtlebot3_msgs/local/lib/python3.10/dist-packages/turtlebot3_msgs/turtlebot3_msgs_s__rosidl_typesupport_introspection_c.cpython-310-x86_64-linux-gnu.so
[2.041s] -- Up-to-date symlink: /home/mannaja/wrg2024_turtlebot3_ws/install/turtlebot3_msgs/local/lib/python3.10/dist-packages/turtlebot3_msgs/turtlebot3_msgs_s__rosidl_typesupport_fastrtps_c.cpython-310-x86_64-linux-gnu.so
[2.042s] -- Up-to-date symlink: /home/mannaja/wrg2024_turtlebot3_ws/install/turtlebot3_msgs/local/lib/python3.10/dist-packages/turtlebot3_msgs/turtlebot3_msgs_s__rosidl_typesupport_introspection_c.cpython-310-x86_64-linux-gnu.so
[2.045s] -- Up-to-date symlink: /home/mannaja/wrg2024_turtlebot3_ws/install/turtlebot3_msgs/local/lib/python3.10/dist-packages/turtlebot3_msgs/turtlebot3_msgs_s__rosidl_typesupport_c.cpython-310-x86_64-linux-gnu.so
[2.045s] -- Up-to-date symlink: /home/mannaja/wrg2024_turtlebot3_ws/install/turtlebot3_msgs/share/turtlebot3_msgs/msg/SensorState.idl
[2.046s] -- Up-to-date symlink: /home/mannaja/wrg2024_turtlebot3_ws/install/turtlebot3_msgs/share/turtlebot3_msgs/msg/Sound.idl
[2.046s] -- Up-to-date symlink: /home/mannaja/wrg2024_turtlebot3_ws/install/turtlebot3_msgs/share/turtlebot3_msgs/msg/VersionInfo.idl
[2.046s] -- Up-to-date symlink: /home/mannaja/wrg2024_turtlebot3_ws/install/turtlebot3_msgs/share/turtlebot3_msgs/srv/Sound.idl
[2.047s] -- Up-to-date symlink: /home/mannaja/wrg2024_turtlebot3_ws/install/turtlebot3_msgs/share/turtlebot3_msgs/srv/Dqn.idl
[2.047s] -- Up-to-date symlink: /home/mannaja/wrg2024_turtlebot3_ws/install/turtlebot3_msgs/share/turtlebot3_msgs/action/Patrol.idl
[2.048s] -- Up-to-date symlink: /home/mannaja/wrg2024_turtlebot3_ws/install/turtlebot3_msgs/share/turtlebot3_msgs/msg/SensorState.msg
[2.048s] -- Up-to-date symlink: /home/mannaja/wrg2024_turtlebot3_ws/install/turtlebot3_msgs/share/turtlebot3_msgs/msg/Sound.msg
[2.048s] -- Up-to-date symlink: /home/mannaja/wrg2024_turtlebot3_ws/install/turtlebot3_msgs/share/turtlebot3_msgs/msg/VersionInfo.msg
[2.048s] -- Up-to-date symlink: /home/mannaja/wrg2024_turtlebot3_ws/install/turtlebot3_msgs/share/turtlebot3_msgs/srv/Sound.srv
[2.049s] -- Up-to-date symlink: /home/mannaja/wrg2024_turtlebot3_ws/install/turtlebot3_msgs/share/turtlebot3_msgs/srv/Sound_Request.msg
[2.049s] -- Up-to-date symlink: /home/mannaja/wrg2024_turtlebot3_ws/install/turtlebot3_msgs/share/turtlebot3_msgs/srv/Sound_Response.msg
[2.049s] -- Up-to-date symlink: /home/mannaja/wrg2024_turtlebot3_ws/install/turtlebot3_msgs/share/turtlebot3_msgs/srv/Dqn.srv
[2.050s] -- Up-to-date symlink: /home/mannaja/wrg2024_turtlebot3_ws/install/turtlebot3_msgs/share/turtlebot3_msgs/srv/Dqn_Request.msg
[2.050s] -- Up-to-date symlink: /home/mannaja/wrg2024_turtlebot3_ws/install/turtlebot3_msgs/share/turtlebot3_msgs/srv/Dqn_Response.msg
[2.050s] -- Up-to-date symlink: /home/mannaja/wrg2024_turtlebot3_ws/install/turtlebot3_msgs/share/turtlebot3_msgs/action/Patrol.action
[2.051s] -- Up-to-date symlink: /home/mannaja/wrg2024_turtlebot3_ws/install/turtlebot3_msgs/share/ament_index/resource_index/package_run_dependencies/turtlebot3_msgs
[2.051s] -- Up-to-date symlink: /home/mannaja/wrg2024_turtlebot3_ws/install/turtlebot3_msgs/share/ament_index/resource_index/parent_prefix_path/turtlebot3_msgs
[2.051s] -- Up-to-date symlink: /home/mannaja/wrg2024_turtlebot3_ws/install/turtlebot3_msgs/share/turtlebot3_msgs/environment/ament_prefix_path.sh
[2.052s] -- Up-to-date symlink: /home/mannaja/wrg2024_turtlebot3_ws/install/turtlebot3_msgs/share/turtlebot3_msgs/environment/ament_prefix_path.dsv
[2.052s] -- Up-to-date symlink: /home/mannaja/wrg2024_turtlebot3_ws/install/turtlebot3_msgs/share/turtlebot3_msgs/environment/path.sh
[2.053s] -- Up-to-date symlink: /home/mannaja/wrg2024_turtlebot3_ws/install/turtlebot3_msgs/share/turtlebot3_msgs/environment/path.dsv
[2.053s] -- Up-to-date symlink: /home/mannaja/wrg2024_turtlebot3_ws/install/turtlebot3_msgs/share/turtlebot3_msgs/local_setup.bash
[2.053s] -- Up-to-date symlink: /home/mannaja/wrg2024_turtlebot3_ws/install/turtlebot3_msgs/share/turtlebot3_msgs/local_setup.sh
[2.054s] -- Up-to-date symlink: /home/mannaja/wrg2024_turtlebot3_ws/install/turtlebot3_msgs/share/turtlebot3_msgs/local_setup.zsh
[2.054s] -- Up-to-date symlink: /home/mannaja/wrg2024_turtlebot3_ws/install/turtlebot3_msgs/share/turtlebot3_msgs/local_setup.dsv
[2.054s] -- Symlinking: /home/mannaja/wrg2024_turtlebot3_ws/install/turtlebot3_msgs/share/turtlebot3_msgs/package.dsv
[2.059s] -- Up-to-date symlink: /home/mannaja/wrg2024_turtlebot3_ws/install/turtlebot3_msgs/share/ament_index/resource_index/packages/turtlebot3_msgs
[2.059s] -- Up-to-date symlink: /home/mannaja/wrg2024_turtlebot3_ws/install/turtlebot3_msgs/share/turtlebot3_msgs/cmake/rosidl_cmake-extras.cmake
[2.060s] -- Up-to-date symlink: /home/mannaja/wrg2024_turtlebot3_ws/install/turtlebot3_msgs/share/turtlebot3_msgs/cmake/ament_cmake_export_dependencies-extras.cmake
[2.060s] -- Up-to-date symlink: /home/mannaja/wrg2024_turtlebot3_ws/install/turtlebot3_msgs/share/turtlebot3_msgs/cmake/ament_cmake_export_include_directories-extras.cmake
[2.060s] -- Up-to-date symlink: /home/mannaja/wrg2024_turtlebot3_ws/install/turtlebot3_msgs/share/turtlebot3_msgs/cmake/ament_cmake_export_libraries-extras.cmake
[2.061s] -- Up-to-date symlink: /home/mannaja/wrg2024_turtlebot3_ws/install/turtlebot3_msgs/share/turtlebot3_msgs/cmake/ament_cmake_export_targets-extras.cmake
[2.061s] -- Up-to-date symlink: /home/mannaja/wrg2024_turtlebot3_ws/install/turtlebot3_msgs/share/turtlebot3_msgs/cmake/rosidl_cmake_export_typesupport_targets-extras.cmake
[2.062s] -- Up-to-date symlink: /home/mannaja/wrg2024_turtlebot3_ws/install/turtlebot3_msgs/share/turtlebot3_msgs/cmake/rosidl_cmake_export_typesupport_libraries-extras.cmake
[2.062s] -- Up-to-date symlink: /home/mannaja/wrg2024_turtlebot3_ws/install/turtlebot3_msgs/share/turtlebot3_msgs/cmake/turtlebot3_msgsConfig.cmake
[2.062s] -- Up-to-date symlink: /home/mannaja/wrg2024_turtlebot3_ws/install/turtlebot3_msgs/share/turtlebot3_msgs/cmake/turtlebot3_msgsConfig-version.cmake
[2.063s] -- Up-to-date symlink: /home/mannaja/wrg2024_turtlebot3_ws/install/turtlebot3_msgs/share/turtlebot3_msgs/package.xml
[2.063s] -- Up-to-date: /home/mannaja/wrg2024_turtlebot3_ws/install/turtlebot3_msgs/lib/libturtlebot3_msgs__rosidl_generator_c.so
[2.064s] -- Up-to-date: /home/mannaja/wrg2024_turtlebot3_ws/install/turtlebot3_msgs/lib/libturtlebot3_msgs__rosidl_typesupport_fastrtps_c.so
[2.065s] -- Up-to-date: /home/mannaja/wrg2024_turtlebot3_ws/install/turtlebot3_msgs/lib/libturtlebot3_msgs__rosidl_typesupport_fastrtps_cpp.so
[2.065s] -- Up-to-date: /home/mannaja/wrg2024_turtlebot3_ws/install/turtlebot3_msgs/lib/libturtlebot3_msgs__rosidl_typesupport_introspection_c.so
[2.066s] -- Up-to-date: /home/mannaja/wrg2024_turtlebot3_ws/install/turtlebot3_msgs/lib/libturtlebot3_msgs__rosidl_typesupport_c.so
[2.066s] -- Up-to-date: /home/mannaja/wrg2024_turtlebot3_ws/install/turtlebot3_msgs/lib/libturtlebot3_msgs__rosidl_typesupport_introspection_cpp.so
[2.066s] -- Up-to-date: /home/mannaja/wrg2024_turtlebot3_ws/install/turtlebot3_msgs/lib/libturtlebot3_msgs__rosidl_typesupport_cpp.so
[2.118s] Listing '/home/mannaja/wrg2024_turtlebot3_ws/install/turtlebot3_msgs/local/lib/python3.10/dist-packages/turtlebot3_msgs'...
[2.118s] Listing '/home/mannaja/wrg2024_turtlebot3_ws/install/turtlebot3_msgs/local/lib/python3.10/dist-packages/turtlebot3_msgs/action'...
[2.118s] Listing '/home/mannaja/wrg2024_turtlebot3_ws/install/turtlebot3_msgs/local/lib/python3.10/dist-packages/turtlebot3_msgs/msg'...
[2.119s] Listing '/home/mannaja/wrg2024_turtlebot3_ws/install/turtlebot3_msgs/local/lib/python3.10/dist-packages/turtlebot3_msgs/srv'...
[2.124s] -- Up-to-date: /home/mannaja/wrg2024_turtlebot3_ws/install/turtlebot3_msgs/lib/libturtlebot3_msgs__rosidl_generator_py.so
[2.125s] -- Up-to-date: /home/mannaja/wrg2024_turtlebot3_ws/install/turtlebot3_msgs/share/turtlebot3_msgs/cmake/export_turtlebot3_msgs__rosidl_generator_cExport.cmake
[2.125s] -- Up-to-date: /home/mannaja/wrg2024_turtlebot3_ws/install/turtlebot3_msgs/share/turtlebot3_msgs/cmake/export_turtlebot3_msgs__rosidl_generator_cExport-noconfig.cmake
[2.126s] -- Up-to-date: /home/mannaja/wrg2024_turtlebot3_ws/install/turtlebot3_msgs/share/turtlebot3_msgs/cmake/export_turtlebot3_msgs__rosidl_typesupport_fastrtps_cExport.cmake
[2.126s] -- Up-to-date: /home/mannaja/wrg2024_turtlebot3_ws/install/turtlebot3_msgs/share/turtlebot3_msgs/cmake/export_turtlebot3_msgs__rosidl_typesupport_fastrtps_cExport-noconfig.cmake
[2.126s] -- Up-to-date: /home/mannaja/wrg2024_turtlebot3_ws/install/turtlebot3_msgs/share/turtlebot3_msgs/cmake/export_turtlebot3_msgs__rosidl_generator_cppExport.cmake
[2.127s] -- Up-to-date: /home/mannaja/wrg2024_turtlebot3_ws/install/turtlebot3_msgs/share/turtlebot3_msgs/cmake/export_turtlebot3_msgs__rosidl_typesupport_fastrtps_cppExport.cmake
[2.127s] -- Up-to-date: /home/mannaja/wrg2024_turtlebot3_ws/install/turtlebot3_msgs/share/turtlebot3_msgs/cmake/export_turtlebot3_msgs__rosidl_typesupport_fastrtps_cppExport-noconfig.cmake
[2.128s] -- Up-to-date: /home/mannaja/wrg2024_turtlebot3_ws/install/turtlebot3_msgs/share/turtlebot3_msgs/cmake/turtlebot3_msgs__rosidl_typesupport_introspection_cExport.cmake
[2.128s] -- Up-to-date: /home/mannaja/wrg2024_turtlebot3_ws/install/turtlebot3_msgs/share/turtlebot3_msgs/cmake/turtlebot3_msgs__rosidl_typesupport_introspection_cExport-noconfig.cmake
[2.129s] -- Up-to-date: /home/mannaja/wrg2024_turtlebot3_ws/install/turtlebot3_msgs/share/turtlebot3_msgs/cmake/turtlebot3_msgs__rosidl_typesupport_cExport.cmake
[2.129s] -- Up-to-date: /home/mannaja/wrg2024_turtlebot3_ws/install/turtlebot3_msgs/share/turtlebot3_msgs/cmake/turtlebot3_msgs__rosidl_typesupport_cExport-noconfig.cmake
[2.129s] -- Up-to-date: /home/mannaja/wrg2024_turtlebot3_ws/install/turtlebot3_msgs/share/turtlebot3_msgs/cmake/turtlebot3_msgs__rosidl_typesupport_introspection_cppExport.cmake
[2.130s] -- Up-to-date: /home/mannaja/wrg2024_turtlebot3_ws/install/turtlebot3_msgs/share/turtlebot3_msgs/cmake/turtlebot3_msgs__rosidl_typesupport_introspection_cppExport-noconfig.cmake
[2.130s] -- Up-to-date: /home/mannaja/wrg2024_turtlebot3_ws/install/turtlebot3_msgs/share/turtlebot3_msgs/cmake/turtlebot3_msgs__rosidl_typesupport_cppExport.cmake
[2.130s] -- Up-to-date: /home/mannaja/wrg2024_turtlebot3_ws/install/turtlebot3_msgs/share/turtlebot3_msgs/cmake/turtlebot3_msgs__rosidl_typesupport_cppExport-noconfig.cmake
[2.131s] -- Up-to-date: /home/mannaja/wrg2024_turtlebot3_ws/install/turtlebot3_msgs/share/turtlebot3_msgs/cmake/export_turtlebot3_msgs__rosidl_generator_pyExport.cmake
[2.131s] -- Up-to-date: /home/mannaja/wrg2024_turtlebot3_ws/install/turtlebot3_msgs/share/turtlebot3_msgs/cmake/export_turtlebot3_msgs__rosidl_generator_pyExport-noconfig.cmake
[2.152s] Invoked command in '/home/mannaja/wrg2024_turtlebot3_ws/build/turtlebot3_msgs' returned '0': CMAKE_PREFIX_PATH=${CMAKE_PREFIX_PATH}:/home/mannaja/wrg2024_turtlebot3_ws/install/turtlebot3_teleop:/home/mannaja/wrg2024_turtlebot3_ws/install/turtlebot3_example:/home/mannaja/turtlebot3_ws/install/turtlebot3_teleop:/home/mannaja/turtlebot3_ws/install/turtlebot3_example:/home/mannaja/coding/project/python_minecraftDetectMob_andSendDataToRos2/ros2_ws/install/pi_node:/home/mannaja/coding/project/python_minecraftDetectMob_andSendDataToRos2/ros2_ws/install/laptop_node:/home/mannaja/coding/project/ABU2024_Manual/robot_ws/install/robot_core:/opt/ros/humble /home/mannaja/.local/bin/cmake --install /home/mannaja/wrg2024_turtlebot3_ws/build/turtlebot3_msgs
