gmake[1]: Entering directory '/home/cmu/wrg2024_turtlebot3_ws/robot_ws/build/wrg_core'
gmake[2]: Entering directory '/home/cmu/wrg2024_turtlebot3_ws/robot_ws/build/wrg_core'
gmake[3]: Entering directory '/home/cmu/wrg2024_turtlebot3_ws/robot_ws/build/wrg_core'
gmake[3]: Leaving directory '/home/cmu/wrg2024_turtlebot3_ws/robot_ws/build/wrg_core'
gmake[3]: Entering directory '/home/cmu/wrg2024_turtlebot3_ws/robot_ws/build/wrg_core'
gmake[3]: Leaving directory '/home/cmu/wrg2024_turtlebot3_ws/robot_ws/build/wrg_core'
Built target ament_cmake_python_symlink_wrg_core
gmake[3]: Entering directory '/home/cmu/wrg2024_turtlebot3_ws/robot_ws/build/wrg_core'
gmake[3]: Leaving directory '/home/cmu/wrg2024_turtlebot3_ws/robot_ws/build/wrg_core'
gmake[3]: Entering directory '/home/cmu/wrg2024_turtlebot3_ws/robot_ws/build/wrg_core'
running egg_info
writing wrg_core.egg-info/PKG-INFO
writing dependency_links to wrg_core.egg-info/dependency_links.txt
writing top-level names to wrg_core.egg-info/top_level.txt
reading manifest file 'wrg_core.egg-info/SOURCES.txt'
writing manifest file 'wrg_core.egg-info/SOURCES.txt'
gmake[3]: Leaving directory '/home/cmu/wrg2024_turtlebot3_ws/robot_ws/build/wrg_core'
Built target ament_cmake_python_build_wrg_core_egg
gmake[2]: Leaving directory '/home/cmu/wrg2024_turtlebot3_ws/robot_ws/build/wrg_core'
gmake[1]: Leaving directory '/home/cmu/wrg2024_turtlebot3_ws/robot_ws/build/wrg_core'
-- Install configuration: ""
-- Execute custom install script
-- Up-to-date symlink: /home/cmu/wrg2024_turtlebot3_ws/robot_ws/install/wrg_core/share/wrg_core/launch/bot_bringup.launch.py
-- Up-to-date symlink: /home/cmu/wrg2024_turtlebot3_ws/robot_ws/install/wrg_core/share/wrg_core/launch/gazebosim.launch.py
-- Up-to-date symlink: /home/cmu/wrg2024_turtlebot3_ws/robot_ws/install/wrg_core/share/wrg_core/launch/microros.launch.py
-- Up-to-date symlink: /home/cmu/wrg2024_turtlebot3_ws/robot_ws/install/wrg_core/share/wrg_core/launch/monitor.launch.py
-- Up-to-date symlink: /home/cmu/wrg2024_turtlebot3_ws/robot_ws/install/wrg_core/share/wrg_core/launch/navigate.launch.py
-- Up-to-date symlink: /home/cmu/wrg2024_turtlebot3_ws/robot_ws/install/wrg_core/share/wrg_core/launch/rviz.launch.py
-- Up-to-date symlink: /home/cmu/wrg2024_turtlebot3_ws/robot_ws/install/wrg_core/share/wrg_core/launch/state.launch.py
-- Up-to-date symlink: /home/cmu/wrg2024_turtlebot3_ws/robot_ws/install/wrg_core/share/wrg_core/launch/turtlebot3_bringup.launch.py
-- Up-to-date symlink: /home/cmu/wrg2024_turtlebot3_ws/robot_ws/install/wrg_core/share/wrg_core/map/map201.pgm
-- Up-to-date symlink: /home/cmu/wrg2024_turtlebot3_ws/robot_ws/install/wrg_core/share/wrg_core/map/map201.yaml
-- Up-to-date symlink: /home/cmu/wrg2024_turtlebot3_ws/robot_ws/install/wrg_core/share/wrg_core/map/maptb3.pgm
-- Up-to-date symlink: /home/cmu/wrg2024_turtlebot3_ws/robot_ws/install/wrg_core/share/wrg_core/map/maptb3.yaml
-- Up-to-date symlink: /home/cmu/wrg2024_turtlebot3_ws/robot_ws/install/wrg_core/share/wrg_core/map/tb3_map.pgm
-- Up-to-date symlink: /home/cmu/wrg2024_turtlebot3_ws/robot_ws/install/wrg_core/share/wrg_core/map/tb3_map.yaml
-- Up-to-date symlink: /home/cmu/wrg2024_turtlebot3_ws/robot_ws/install/wrg_core/share/wrg_core/map/wrg.pgm
-- Up-to-date symlink: /home/cmu/wrg2024_turtlebot3_ws/robot_ws/install/wrg_core/share/wrg_core/map/wrg.yaml
-- Up-to-date symlink: /home/cmu/wrg2024_turtlebot3_ws/robot_ws/install/wrg_core/share/wrg_core/map/wrg2024_map.pgm
-- Up-to-date symlink: /home/cmu/wrg2024_turtlebot3_ws/robot_ws/install/wrg_core/share/wrg_core/map/wrg2024_map.yaml
-- Up-to-date symlink: /home/cmu/wrg2024_turtlebot3_ws/robot_ws/install/wrg_core/share/wrg_core/map/wrg_map.pgm
-- Up-to-date symlink: /home/cmu/wrg2024_turtlebot3_ws/robot_ws/install/wrg_core/share/wrg_core/map/wrg_map.yaml
-- Up-to-date symlink: /home/cmu/wrg2024_turtlebot3_ws/robot_ws/install/wrg_core/share/wrg_core/param/burger copy 2.yaml
-- Up-to-date symlink: /home/cmu/wrg2024_turtlebot3_ws/robot_ws/install/wrg_core/share/wrg_core/param/burger copy 3.yaml
-- Up-to-date symlink: /home/cmu/wrg2024_turtlebot3_ws/robot_ws/install/wrg_core/share/wrg_core/param/burger copy 4.yaml
-- Up-to-date symlink: /home/cmu/wrg2024_turtlebot3_ws/robot_ws/install/wrg_core/share/wrg_core/param/burger copy.yaml
-- Up-to-date symlink: /home/cmu/wrg2024_turtlebot3_ws/robot_ws/install/wrg_core/share/wrg_core/param/burger.yaml
-- Up-to-date symlink: /home/cmu/wrg2024_turtlebot3_ws/robot_ws/install/wrg_core/share/wrg_core/param/burger_native.yaml
-- Up-to-date symlink: /home/cmu/wrg2024_turtlebot3_ws/robot_ws/install/wrg_core/share/wrg_core/param/good4.yaml
-- Up-to-date symlink: /home/cmu/wrg2024_turtlebot3_ws/robot_ws/install/wrg_core/share/wrg_core/param/gooddddddddddd.yaml
-- Up-to-date symlink: /home/cmu/wrg2024_turtlebot3_ws/robot_ws/install/wrg_core/share/wrg_core/scripts/__init__.py
-- Up-to-date symlink: /home/cmu/wrg2024_turtlebot3_ws/robot_ws/install/wrg_core/share/wrg_core/scripts/__pycache__/utilize.cpython-310.pyc
-- Up-to-date symlink: /home/cmu/wrg2024_turtlebot3_ws/robot_ws/install/wrg_core/share/wrg_core/scripts/monitoring_node.py
-- Up-to-date symlink: /home/cmu/wrg2024_turtlebot3_ws/robot_ws/install/wrg_core/share/wrg_core/scripts/navigate.py
-- Up-to-date symlink: /home/cmu/wrg2024_turtlebot3_ws/robot_ws/install/wrg_core/share/wrg_core/scripts/robot_main_state.py
-- Up-to-date symlink: /home/cmu/wrg2024_turtlebot3_ws/robot_ws/install/wrg_core/share/wrg_core/scripts/talker.py
-- Up-to-date symlink: /home/cmu/wrg2024_turtlebot3_ws/robot_ws/install/wrg_core/share/wrg_core/scripts/tempCodeRunnerFile.py
-- Up-to-date symlink: /home/cmu/wrg2024_turtlebot3_ws/robot_ws/install/wrg_core/share/wrg_core/scripts/test.py
-- Up-to-date symlink: /home/cmu/wrg2024_turtlebot3_ws/robot_ws/install/wrg_core/share/wrg_core/scripts/utilize.py
-- Up-to-date symlink: /home/cmu/wrg2024_turtlebot3_ws/robot_ws/install/wrg_core/share/wrg_core/wrg_core/__init__.py
-- Up-to-date symlink: /home/cmu/wrg2024_turtlebot3_ws/robot_ws/install/wrg_core/share/wrg_core/config/locations.yaml
-- Up-to-date symlink: /home/cmu/wrg2024_turtlebot3_ws/robot_ws/install/wrg_core/share/wrg_core/environment/pythonpath.sh
-- Up-to-date symlink: /home/cmu/wrg2024_turtlebot3_ws/robot_ws/install/wrg_core/share/wrg_core/environment/pythonpath.dsv
-- Up-to-date symlink: /home/cmu/wrg2024_turtlebot3_ws/robot_ws/install/wrg_core/local/lib/python3.10/dist-packages/wrg_core-2.1.5-py3.10.egg-info/PKG-INFO
-- Up-to-date symlink: /home/cmu/wrg2024_turtlebot3_ws/robot_ws/install/wrg_core/local/lib/python3.10/dist-packages/wrg_core-2.1.5-py3.10.egg-info/SOURCES.txt
-- Up-to-date symlink: /home/cmu/wrg2024_turtlebot3_ws/robot_ws/install/wrg_core/local/lib/python3.10/dist-packages/wrg_core-2.1.5-py3.10.egg-info/dependency_links.txt
-- Up-to-date symlink: /home/cmu/wrg2024_turtlebot3_ws/robot_ws/install/wrg_core/local/lib/python3.10/dist-packages/wrg_core-2.1.5-py3.10.egg-info/top_level.txt
-- Up-to-date symlink: /home/cmu/wrg2024_turtlebot3_ws/robot_ws/install/wrg_core/local/lib/python3.10/dist-packages/wrg_core/__init__.py
-- Up-to-date symlink: /home/cmu/wrg2024_turtlebot3_ws/robot_ws/install/wrg_core/lib/wrg_core/monitoring_node.py
-- Up-to-date symlink: /home/cmu/wrg2024_turtlebot3_ws/robot_ws/install/wrg_core/lib/wrg_core/navigate.py
-- Up-to-date symlink: /home/cmu/wrg2024_turtlebot3_ws/robot_ws/install/wrg_core/lib/wrg_core/robot_main_state.py
-- Up-to-date symlink: /home/cmu/wrg2024_turtlebot3_ws/robot_ws/install/wrg_core/lib/wrg_core/talker.py
-- Up-to-date symlink: /home/cmu/wrg2024_turtlebot3_ws/robot_ws/install/wrg_core/share/ament_index/resource_index/package_run_dependencies/wrg_core
-- Up-to-date symlink: /home/cmu/wrg2024_turtlebot3_ws/robot_ws/install/wrg_core/share/ament_index/resource_index/parent_prefix_path/wrg_core
-- Up-to-date symlink: /home/cmu/wrg2024_turtlebot3_ws/robot_ws/install/wrg_core/share/wrg_core/environment/ament_prefix_path.sh
-- Up-to-date symlink: /home/cmu/wrg2024_turtlebot3_ws/robot_ws/install/wrg_core/share/wrg_core/environment/ament_prefix_path.dsv
-- Up-to-date symlink: /home/cmu/wrg2024_turtlebot3_ws/robot_ws/install/wrg_core/share/wrg_core/environment/path.sh
-- Up-to-date symlink: /home/cmu/wrg2024_turtlebot3_ws/robot_ws/install/wrg_core/share/wrg_core/environment/path.dsv
-- Up-to-date symlink: /home/cmu/wrg2024_turtlebot3_ws/robot_ws/install/wrg_core/share/wrg_core/local_setup.bash
-- Up-to-date symlink: /home/cmu/wrg2024_turtlebot3_ws/robot_ws/install/wrg_core/share/wrg_core/local_setup.sh
-- Up-to-date symlink: /home/cmu/wrg2024_turtlebot3_ws/robot_ws/install/wrg_core/share/wrg_core/local_setup.zsh
-- Up-to-date symlink: /home/cmu/wrg2024_turtlebot3_ws/robot_ws/install/wrg_core/share/wrg_core/local_setup.dsv
-- Symlinking: /home/cmu/wrg2024_turtlebot3_ws/robot_ws/install/wrg_core/share/wrg_core/package.dsv
-- Up-to-date symlink: /home/cmu/wrg2024_turtlebot3_ws/robot_ws/install/wrg_core/share/ament_index/resource_index/packages/wrg_core
-- Up-to-date symlink: /home/cmu/wrg2024_turtlebot3_ws/robot_ws/install/wrg_core/share/wrg_core/cmake/wrg_coreConfig.cmake
-- Up-to-date symlink: /home/cmu/wrg2024_turtlebot3_ws/robot_ws/install/wrg_core/share/wrg_core/cmake/wrg_coreConfig-version.cmake
-- Up-to-date symlink: /home/cmu/wrg2024_turtlebot3_ws/robot_ws/install/wrg_core/share/wrg_core/package.xml
Listing '/home/cmu/wrg2024_turtlebot3_ws/robot_ws/install/wrg_core/local/lib/python3.10/dist-packages/wrg_core'...
