[2.639s] Invoking command in '/home/mannaja/wrg2024_turtlebot3_ws/build/turtlebot3_example': CMAKE_PREFIX_PATH=/home/mannaja/wrg2024_turtlebot3_ws/install/turtlebot3_msgs:/home/mannaja/wrg2024_turtlebot3_ws/install/turtlebot3:/home/mannaja/wrg2024_turtlebot3_ws/install/turtlebot3_simulations:/home/mannaja/wrg2024_turtlebot3_ws/install/turtlebot3_bringup:/home/mannaja/wrg2024_turtlebot3_ws/install/turtlebot3_node:/home/mannaja/wrg2024_turtlebot3_ws/install/turtlebot3_navigation2:/home/mannaja/wrg2024_turtlebot3_ws/install/turtlebot3_fake_node:/home/mannaja/wrg2024_turtlebot3_ws/install/turtlebot3_gazebo:/home/mannaja/wrg2024_turtlebot3_ws/install/turtlebot3_description:/home/mannaja/wrg2024_turtlebot3_ws/install/turtlebot3_cartographer:/home/mannaja/wrg2024_turtlebot3_ws/install/dynamixel_sdk_examples:/home/mannaja/wrg2024_turtlebot3_ws/install/dynamixel_sdk_custom_interfaces:/home/mannaja/wrg2024_turtlebot3_ws/install/dynamixel_sdk:/home/mannaja/turtlebot3_ws/install/turtlebot3:/home/mannaja/turtlebot3_ws/install/turtlebot3_simulations:/home/mannaja/turtlebot3_ws/install/turtlebot3_bringup:/home/mannaja/turtlebot3_ws/install/turtlebot3_node:/home/mannaja/turtlebot3_ws/install/turtlebot3_navigation2:/home/mannaja/turtlebot3_ws/install/turtlebot3_fake_node:/home/mannaja/turtlebot3_ws/install/turtlebot3_msgs:/home/mannaja/turtlebot3_ws/install/turtlebot3_gazebo:/home/mannaja/turtlebot3_ws/install/turtlebot3_description:/home/mannaja/turtlebot3_ws/install/turtlebot3_cartographer:/home/mannaja/turtlebot3_ws/install/dynamixel_sdk_examples:/home/mannaja/turtlebot3_ws/install/dynamixel_sdk_custom_interfaces:/home/mannaja/turtlebot3_ws/install/dynamixel_sdk:/home/mannaja/microros_ws/install/micro_ros_setup:/home/mannaja/microros_ws/install/micro_ros_agent:/home/mannaja/microros_ws/install/micro_ros_msgs PYTHONPATH=/home/mannaja/wrg2024_turtlebot3_ws/build/turtlebot3_example/prefix_override:/usr/lib/python3/dist-packages/colcon_core/task/python/colcon_distutils_commands:/home/mannaja/wrg2024_turtlebot3_ws/install/turtlebot3_example/lib/python3.10/site-packages:${PYTHONPATH} /usr/bin/python3 -W ignore:setup.py install is deprecated setup.py develop --editable --build-directory /home/mannaja/wrg2024_turtlebot3_ws/build/turtlebot3_example/build --no-deps symlink_data
[3.908s] running develop
[3.909s] /home/mannaja/.local/lib/python3.10/site-packages/setuptools/command/develop.py:42: EasyInstallDeprecationWarning: easy_install command is deprecated.
[3.909s] !!
[3.909s] 
[3.909s]         ********************************************************************************
[3.909s]         Please avoid running ``setup.py`` and ``easy_install``.
[3.909s]         Instead, use pypa/build, pypa/installer or other
[3.909s]         standards-based tools.
[3.909s] 
[3.910s]         See https://github.com/pypa/setuptools/issues/917 for details.
[3.910s]         ********************************************************************************
[3.910s] 
[3.910s] !!
[3.910s]   easy_install.initialize_options(self)
[5.011s] running egg_info
[5.011s] creating turtlebot3_example.egg-info
[5.097s] writing turtlebot3_example.egg-info/PKG-INFO
[5.100s] writing dependency_links to turtlebot3_example.egg-info/dependency_links.txt
[5.101s] writing entry points to turtlebot3_example.egg-info/entry_points.txt
[5.102s] writing requirements to turtlebot3_example.egg-info/requires.txt
[5.103s] writing top-level names to turtlebot3_example.egg-info/top_level.txt
[5.104s] writing manifest file 'turtlebot3_example.egg-info/SOURCES.txt'
[5.265s] reading manifest file 'turtlebot3_example.egg-info/SOURCES.txt'
[5.267s] writing manifest file 'turtlebot3_example.egg-info/SOURCES.txt'
[5.455s] running build_ext
[5.455s] Creating /home/mannaja/wrg2024_turtlebot3_ws/install/turtlebot3_example/lib/python3.10/site-packages/turtlebot3-example.egg-link (link to .)
[5.457s] Installing turtlebot3_obstacle_detection script to /home/mannaja/wrg2024_turtlebot3_ws/install/turtlebot3_example/lib/turtlebot3_example
[5.459s] Installing turtlebot3_patrol_client script to /home/mannaja/wrg2024_turtlebot3_ws/install/turtlebot3_example/lib/turtlebot3_example
[5.460s] Installing turtlebot3_patrol_server script to /home/mannaja/wrg2024_turtlebot3_ws/install/turtlebot3_example/lib/turtlebot3_example
[5.462s] Installing turtlebot3_position_control script to /home/mannaja/wrg2024_turtlebot3_ws/install/turtlebot3_example/lib/turtlebot3_example
[5.463s] 
[5.463s] Installed /home/mannaja/wrg2024_turtlebot3_ws/build/turtlebot3_example
[5.464s] running symlink_data
[5.464s] creating /home/mannaja/wrg2024_turtlebot3_ws/install/turtlebot3_example/share/ament_index
[5.464s] creating /home/mannaja/wrg2024_turtlebot3_ws/install/turtlebot3_example/share/ament_index/resource_index
[5.465s] creating /home/mannaja/wrg2024_turtlebot3_ws/install/turtlebot3_example/share/ament_index/resource_index/packages
[5.466s] symbolically linking /home/mannaja/wrg2024_turtlebot3_ws/build/turtlebot3_example/resource/turtlebot3_example -> /home/mannaja/wrg2024_turtlebot3_ws/install/turtlebot3_example/share/ament_index/resource_index/packages
[5.466s] symbolically linking /home/mannaja/wrg2024_turtlebot3_ws/build/turtlebot3_example/package.xml -> /home/mannaja/wrg2024_turtlebot3_ws/install/turtlebot3_example/share/turtlebot3_example
[5.569s] Invoked command in '/home/mannaja/wrg2024_turtlebot3_ws/build/turtlebot3_example' returned '0': CMAKE_PREFIX_PATH=/home/mannaja/wrg2024_turtlebot3_ws/install/turtlebot3_msgs:/home/mannaja/wrg2024_turtlebot3_ws/install/turtlebot3:/home/mannaja/wrg2024_turtlebot3_ws/install/turtlebot3_simulations:/home/mannaja/wrg2024_turtlebot3_ws/install/turtlebot3_bringup:/home/mannaja/wrg2024_turtlebot3_ws/install/turtlebot3_node:/home/mannaja/wrg2024_turtlebot3_ws/install/turtlebot3_navigation2:/home/mannaja/wrg2024_turtlebot3_ws/install/turtlebot3_fake_node:/home/mannaja/wrg2024_turtlebot3_ws/install/turtlebot3_gazebo:/home/mannaja/wrg2024_turtlebot3_ws/install/turtlebot3_description:/home/mannaja/wrg2024_turtlebot3_ws/install/turtlebot3_cartographer:/home/mannaja/wrg2024_turtlebot3_ws/install/dynamixel_sdk_examples:/home/mannaja/wrg2024_turtlebot3_ws/install/dynamixel_sdk_custom_interfaces:/home/mannaja/wrg2024_turtlebot3_ws/install/dynamixel_sdk:/home/mannaja/turtlebot3_ws/install/turtlebot3:/home/mannaja/turtlebot3_ws/install/turtlebot3_simulations:/home/mannaja/turtlebot3_ws/install/turtlebot3_bringup:/home/mannaja/turtlebot3_ws/install/turtlebot3_node:/home/mannaja/turtlebot3_ws/install/turtlebot3_navigation2:/home/mannaja/turtlebot3_ws/install/turtlebot3_fake_node:/home/mannaja/turtlebot3_ws/install/turtlebot3_msgs:/home/mannaja/turtlebot3_ws/install/turtlebot3_gazebo:/home/mannaja/turtlebot3_ws/install/turtlebot3_description:/home/mannaja/turtlebot3_ws/install/turtlebot3_cartographer:/home/mannaja/turtlebot3_ws/install/dynamixel_sdk_examples:/home/mannaja/turtlebot3_ws/install/dynamixel_sdk_custom_interfaces:/home/mannaja/turtlebot3_ws/install/dynamixel_sdk:/home/mannaja/microros_ws/install/micro_ros_setup:/home/mannaja/microros_ws/install/micro_ros_agent:/home/mannaja/microros_ws/install/micro_ros_msgs PYTHONPATH=/home/mannaja/wrg2024_turtlebot3_ws/build/turtlebot3_example/prefix_override:/usr/lib/python3/dist-packages/colcon_core/task/python/colcon_distutils_commands:/home/mannaja/wrg2024_turtlebot3_ws/install/turtlebot3_example/lib/python3.10/site-packages:${PYTHONPATH} /usr/bin/python3 -W ignore:setup.py install is deprecated setup.py develop --editable --build-directory /home/mannaja/wrg2024_turtlebot3_ws/build/turtlebot3_example/build --no-deps symlink_data
