[0.016s] Invoking command in '/home/mannaja/wrg2024_turtlebot3_ws/robot_ws/build/wrg_core': CMAKE_PREFIX_PATH=${CMAKE_PREFIX_PATH}:/home/mannaja/turtlebot3_ws/install/turtlebot3_teleop:/home/mannaja/turtlebot3_ws/install/turtlebot3_example:/home/mannaja/coding/project/python_minecraftDetectMob_andSendDataToRos2/ros2_ws/install/pi_node:/home/mannaja/coding/project/python_minecraftDetectMob_andSendDataToRos2/ros2_ws/install/laptop_node:/home/mannaja/coding/project/ABU2024_Manual/robot_ws/install/robot_core:/opt/ros/humble /home/mannaja/.local/bin/cmake /home/mannaja/wrg2024_turtlebot3_ws/robot_ws/src/wrg_core -Wno-dev -DAMENT_CMAKE_SYMLINK_INSTALL=1 -DCMAKE_INSTALL_PREFIX=/home/mannaja/wrg2024_turtlebot3_ws/robot_ws/install/wrg_core
[0.460s] -- The C compiler identification is GNU 11.4.0
[0.694s] -- The CXX compiler identification is GNU 11.4.0
[0.726s] -- Detecting C compiler ABI info
[0.800s] -- Detecting C compiler ABI info - done
[0.819s] -- Check for working C compiler: /usr/bin/cc - skipped
[0.820s] -- Detecting C compile features
[0.823s] -- Detecting C compile features - done
[0.833s] -- Detecting CXX compiler ABI info
[0.913s] -- Detecting CXX compiler ABI info - done
[0.940s] -- Check for working CXX compiler: /usr/bin/c++ - skipped
[0.941s] -- Detecting CXX compile features
[0.942s] -- Detecting CXX compile features - done
[0.952s] -- Found ament_cmake: 1.3.9 (/opt/ros/humble/share/ament_cmake/cmake)
[1.169s] -- Found Python3: /usr/bin/python3 (found version "3.10.12") found components: Interpreter
[1.249s] -- Override CMake install command with custom implementation using symlinks instead of copying resources
[1.380s] -- Found tf2: 0.25.7 (/opt/ros/humble/share/tf2/cmake)
[1.554s] -- Found rosidl_generator_c: 3.1.5 (/opt/ros/humble/share/rosidl_generator_c/cmake)
[1.582s] -- Found rosidl_adapter: 3.1.5 (/opt/ros/humble/share/rosidl_adapter/cmake)
[1.629s] -- Found rosidl_generator_cpp: 3.1.5 (/opt/ros/humble/share/rosidl_generator_cpp/cmake)
[1.683s] -- Using all available rosidl_typesupport_c: rosidl_typesupport_fastrtps_c;rosidl_typesupport_introspection_c
[1.776s] -- Using all available rosidl_typesupport_cpp: rosidl_typesupport_fastrtps_cpp;rosidl_typesupport_introspection_cpp
[2.139s] -- Found rclpy: 3.3.13 (/opt/ros/humble/share/rclpy/cmake)
[2.145s] -- Found rclcpp: 16.0.9 (/opt/ros/humble/share/rclcpp/cmake)
[2.326s] -- Found rmw_implementation_cmake: 6.1.2 (/opt/ros/humble/share/rmw_implementation_cmake/cmake)
[2.335s] -- Found rmw_fastrtps_cpp: 6.2.6 (/opt/ros/humble/share/rmw_fastrtps_cpp/cmake)
[2.468s] -- Found OpenSSL: /usr/lib/x86_64-linux-gnu/libcrypto.so (found version "3.0.2")
[2.506s] -- Found FastRTPS: /opt/ros/humble/include
[2.570s] -- Using RMW implementation 'rmw_fastrtps_cpp' as default
[2.601s] -- Performing Test CMAKE_HAVE_LIBC_PTHREAD
[2.693s] -- Performing Test CMAKE_HAVE_LIBC_PTHREAD - Success
[2.695s] -- Found Threads: TRUE
[2.903s] -- Found nav2_msgs: 1.1.15 (/opt/ros/humble/share/nav2_msgs/cmake)
[3.463s] -- Found rclcpp_action: 16.0.9 (/opt/ros/humble/share/rclcpp_action/cmake)
[3.524s] -- Found tf2_geometry_msgs: 0.25.7 (/opt/ros/humble/share/tf2_geometry_msgs/cmake)
[3.551s] -- Found eigen3_cmake_module: 0.1.1 (/opt/ros/humble/share/eigen3_cmake_module/cmake)
[3.553s] -- Found Eigen3: TRUE (found version "3.4.0")
[3.554s] -- Ensuring Eigen3 include directory is part of orocos-kdl CMake target
[4.048s] -- Found ament_lint_auto: 0.12.11 (/opt/ros/humble/share/ament_lint_auto/cmake)
[4.155s] -- Configuring done (4.0s)
[4.165s] -- Generating done (0.0s)
[4.170s] -- Build files have been written to: /home/mannaja/wrg2024_turtlebot3_ws/robot_ws/build/wrg_core
[4.201s] Invoked command in '/home/mannaja/wrg2024_turtlebot3_ws/robot_ws/build/wrg_core' returned '0': CMAKE_PREFIX_PATH=${CMAKE_PREFIX_PATH}:/home/mannaja/turtlebot3_ws/install/turtlebot3_teleop:/home/mannaja/turtlebot3_ws/install/turtlebot3_example:/home/mannaja/coding/project/python_minecraftDetectMob_andSendDataToRos2/ros2_ws/install/pi_node:/home/mannaja/coding/project/python_minecraftDetectMob_andSendDataToRos2/ros2_ws/install/laptop_node:/home/mannaja/coding/project/ABU2024_Manual/robot_ws/install/robot_core:/opt/ros/humble /home/mannaja/.local/bin/cmake /home/mannaja/wrg2024_turtlebot3_ws/robot_ws/src/wrg_core -Wno-dev -DAMENT_CMAKE_SYMLINK_INSTALL=1 -DCMAKE_INSTALL_PREFIX=/home/mannaja/wrg2024_turtlebot3_ws/robot_ws/install/wrg_core
[4.203s] Invoking command in '/home/mannaja/wrg2024_turtlebot3_ws/robot_ws/build/wrg_core': CMAKE_PREFIX_PATH=${CMAKE_PREFIX_PATH}:/home/mannaja/turtlebot3_ws/install/turtlebot3_teleop:/home/mannaja/turtlebot3_ws/install/turtlebot3_example:/home/mannaja/coding/project/python_minecraftDetectMob_andSendDataToRos2/ros2_ws/install/pi_node:/home/mannaja/coding/project/python_minecraftDetectMob_andSendDataToRos2/ros2_ws/install/laptop_node:/home/mannaja/coding/project/ABU2024_Manual/robot_ws/install/robot_core:/opt/ros/humble /home/mannaja/.local/bin/cmake --build /home/mannaja/wrg2024_turtlebot3_ws/robot_ws/build/wrg_core -- -j12 -l12
[4.302s] gmake[1]: Entering directory '/home/mannaja/wrg2024_turtlebot3_ws/robot_ws/build/wrg_core'
[4.319s] gmake[2]: Entering directory '/home/mannaja/wrg2024_turtlebot3_ws/robot_ws/build/wrg_core'
[4.320s] gmake[3]: Entering directory '/home/mannaja/wrg2024_turtlebot3_ws/robot_ws/build/wrg_core'
[4.324s] gmake[3]: Leaving directory '/home/mannaja/wrg2024_turtlebot3_ws/robot_ws/build/wrg_core'
[4.326s] gmake[3]: Entering directory '/home/mannaja/wrg2024_turtlebot3_ws/robot_ws/build/wrg_core'
[4.329s] gmake[3]: Leaving directory '/home/mannaja/wrg2024_turtlebot3_ws/robot_ws/build/wrg_core'
[4.332s] Built target ament_cmake_python_symlink_wrg_core
[4.334s] gmake[3]: Entering directory '/home/mannaja/wrg2024_turtlebot3_ws/robot_ws/build/wrg_core'
[4.338s] gmake[3]: Leaving directory '/home/mannaja/wrg2024_turtlebot3_ws/robot_ws/build/wrg_core'
[4.339s] gmake[3]: Entering directory '/home/mannaja/wrg2024_turtlebot3_ws/robot_ws/build/wrg_core'
[4.650s] running egg_info
[4.651s] creating wrg_core.egg-info
[4.875s] writing wrg_core.egg-info/PKG-INFO
[4.876s] writing dependency_links to wrg_core.egg-info/dependency_links.txt
[4.876s] writing top-level names to wrg_core.egg-info/top_level.txt
[4.876s] writing manifest file 'wrg_core.egg-info/SOURCES.txt'
[4.967s] reading manifest file 'wrg_core.egg-info/SOURCES.txt'
[4.967s] writing manifest file 'wrg_core.egg-info/SOURCES.txt'
[4.993s] gmake[3]: Leaving directory '/home/mannaja/wrg2024_turtlebot3_ws/robot_ws/build/wrg_core'
[4.996s] Built target ament_cmake_python_build_wrg_core_egg
[4.996s] gmake[2]: Leaving directory '/home/mannaja/wrg2024_turtlebot3_ws/robot_ws/build/wrg_core'
[4.999s] gmake[1]: Leaving directory '/home/mannaja/wrg2024_turtlebot3_ws/robot_ws/build/wrg_core'
[5.012s] Invoked command in '/home/mannaja/wrg2024_turtlebot3_ws/robot_ws/build/wrg_core' returned '0': CMAKE_PREFIX_PATH=${CMAKE_PREFIX_PATH}:/home/mannaja/turtlebot3_ws/install/turtlebot3_teleop:/home/mannaja/turtlebot3_ws/install/turtlebot3_example:/home/mannaja/coding/project/python_minecraftDetectMob_andSendDataToRos2/ros2_ws/install/pi_node:/home/mannaja/coding/project/python_minecraftDetectMob_andSendDataToRos2/ros2_ws/install/laptop_node:/home/mannaja/coding/project/ABU2024_Manual/robot_ws/install/robot_core:/opt/ros/humble /home/mannaja/.local/bin/cmake --build /home/mannaja/wrg2024_turtlebot3_ws/robot_ws/build/wrg_core -- -j12 -l12
[5.224s] Invoking command in '/home/mannaja/wrg2024_turtlebot3_ws/robot_ws/build/wrg_core': CMAKE_PREFIX_PATH=${CMAKE_PREFIX_PATH}:/home/mannaja/turtlebot3_ws/install/turtlebot3_teleop:/home/mannaja/turtlebot3_ws/install/turtlebot3_example:/home/mannaja/coding/project/python_minecraftDetectMob_andSendDataToRos2/ros2_ws/install/pi_node:/home/mannaja/coding/project/python_minecraftDetectMob_andSendDataToRos2/ros2_ws/install/laptop_node:/home/mannaja/coding/project/ABU2024_Manual/robot_ws/install/robot_core:/opt/ros/humble /home/mannaja/.local/bin/cmake --install /home/mannaja/wrg2024_turtlebot3_ws/robot_ws/build/wrg_core
[5.301s] -- Install configuration: ""
[5.301s] -- Execute custom install script
[5.302s] -- Symlinking: /home/mannaja/wrg2024_turtlebot3_ws/robot_ws/install/wrg_core/share/wrg_core/launch/bot_bringup.launch.py
[5.306s] -- Symlinking: /home/mannaja/wrg2024_turtlebot3_ws/robot_ws/install/wrg_core/share/wrg_core/launch/gazebosim.launch.py
[5.309s] -- Symlinking: /home/mannaja/wrg2024_turtlebot3_ws/robot_ws/install/wrg_core/share/wrg_core/launch/microros.launch.py
[5.312s] -- Symlinking: /home/mannaja/wrg2024_turtlebot3_ws/robot_ws/install/wrg_core/share/wrg_core/launch/monitor.launch.py
[5.315s] -- Symlinking: /home/mannaja/wrg2024_turtlebot3_ws/robot_ws/install/wrg_core/share/wrg_core/launch/navigate.launch.py
[5.319s] -- Symlinking: /home/mannaja/wrg2024_turtlebot3_ws/robot_ws/install/wrg_core/share/wrg_core/launch/state.launch.py
[5.323s] -- Symlinking: /home/mannaja/wrg2024_turtlebot3_ws/robot_ws/install/wrg_core/share/wrg_core/map/map201.pgm
[5.326s] -- Symlinking: /home/mannaja/wrg2024_turtlebot3_ws/robot_ws/install/wrg_core/share/wrg_core/map/map201.yaml
[5.329s] -- Symlinking: /home/mannaja/wrg2024_turtlebot3_ws/robot_ws/install/wrg_core/share/wrg_core/map/maptb3.pgm
[5.333s] -- Symlinking: /home/mannaja/wrg2024_turtlebot3_ws/robot_ws/install/wrg_core/share/wrg_core/map/maptb3.yaml
[5.336s] -- Symlinking: /home/mannaja/wrg2024_turtlebot3_ws/robot_ws/install/wrg_core/share/wrg_core/map/tb3_map.pgm
[5.340s] -- Symlinking: /home/mannaja/wrg2024_turtlebot3_ws/robot_ws/install/wrg_core/share/wrg_core/map/tb3_map.yaml
[5.343s] -- Symlinking: /home/mannaja/wrg2024_turtlebot3_ws/robot_ws/install/wrg_core/share/wrg_core/map/wrg2024_map.pgm
[5.347s] -- Symlinking: /home/mannaja/wrg2024_turtlebot3_ws/robot_ws/install/wrg_core/share/wrg_core/map/wrg2024_map.yaml
[5.350s] -- Symlinking: /home/mannaja/wrg2024_turtlebot3_ws/robot_ws/install/wrg_core/share/wrg_core/map/wrg_map.pgm
[5.354s] -- Symlinking: /home/mannaja/wrg2024_turtlebot3_ws/robot_ws/install/wrg_core/share/wrg_core/map/wrg_map.yaml
[5.357s] -- Symlinking: /home/mannaja/wrg2024_turtlebot3_ws/robot_ws/install/wrg_core/share/wrg_core/param/burger.yaml
[5.361s] -- Symlinking: /home/mannaja/wrg2024_turtlebot3_ws/robot_ws/install/wrg_core/share/wrg_core/param/burger_native.yaml
[5.364s] -- Symlinking: /home/mannaja/wrg2024_turtlebot3_ws/robot_ws/install/wrg_core/share/wrg_core/param/waffle.yaml
[5.367s] -- Symlinking: /home/mannaja/wrg2024_turtlebot3_ws/robot_ws/install/wrg_core/share/wrg_core/param/waffle_pi.yaml
[5.371s] -- Symlinking: /home/mannaja/wrg2024_turtlebot3_ws/robot_ws/install/wrg_core/share/wrg_core/scripts/__init__.py
[5.374s] -- Symlinking: /home/mannaja/wrg2024_turtlebot3_ws/robot_ws/install/wrg_core/share/wrg_core/scripts/monitoring_node.py
[5.378s] -- Symlinking: /home/mannaja/wrg2024_turtlebot3_ws/robot_ws/install/wrg_core/share/wrg_core/scripts/navigate.py
[5.381s] -- Symlinking: /home/mannaja/wrg2024_turtlebot3_ws/robot_ws/install/wrg_core/share/wrg_core/scripts/robot_main_state.py
[5.385s] -- Symlinking: /home/mannaja/wrg2024_turtlebot3_ws/robot_ws/install/wrg_core/share/wrg_core/scripts/talker.py
[5.388s] -- Symlinking: /home/mannaja/wrg2024_turtlebot3_ws/robot_ws/install/wrg_core/share/wrg_core/scripts/utilize.py
[5.391s] -- Symlinking: /home/mannaja/wrg2024_turtlebot3_ws/robot_ws/install/wrg_core/share/wrg_core/wrg_core/__init__.py
[5.395s] -- Symlinking: /home/mannaja/wrg2024_turtlebot3_ws/robot_ws/install/wrg_core/share/wrg_core/config/locations.yaml
[5.401s] -- Symlinking: /home/mannaja/wrg2024_turtlebot3_ws/robot_ws/install/wrg_core/share/wrg_core/environment/pythonpath.sh
[5.404s] -- Symlinking: /home/mannaja/wrg2024_turtlebot3_ws/robot_ws/install/wrg_core/share/wrg_core/environment/pythonpath.dsv
[5.408s] -- Symlinking: /home/mannaja/wrg2024_turtlebot3_ws/robot_ws/install/wrg_core/local/lib/python3.10/dist-packages/wrg_core-2.1.5-py3.10.egg-info/PKG-INFO
[5.411s] -- Symlinking: /home/mannaja/wrg2024_turtlebot3_ws/robot_ws/install/wrg_core/local/lib/python3.10/dist-packages/wrg_core-2.1.5-py3.10.egg-info/SOURCES.txt
[5.415s] -- Symlinking: /home/mannaja/wrg2024_turtlebot3_ws/robot_ws/install/wrg_core/local/lib/python3.10/dist-packages/wrg_core-2.1.5-py3.10.egg-info/dependency_links.txt
[5.418s] -- Symlinking: /home/mannaja/wrg2024_turtlebot3_ws/robot_ws/install/wrg_core/local/lib/python3.10/dist-packages/wrg_core-2.1.5-py3.10.egg-info/top_level.txt
[5.422s] -- Symlinking: /home/mannaja/wrg2024_turtlebot3_ws/robot_ws/install/wrg_core/local/lib/python3.10/dist-packages/wrg_core/__init__.py
[5.426s] -- Symlinking: /home/mannaja/wrg2024_turtlebot3_ws/robot_ws/install/wrg_core/lib/wrg_core/monitoring_node.py
[5.429s] -- Symlinking: /home/mannaja/wrg2024_turtlebot3_ws/robot_ws/install/wrg_core/lib/wrg_core/navigate.py
[5.432s] -- Symlinking: /home/mannaja/wrg2024_turtlebot3_ws/robot_ws/install/wrg_core/lib/wrg_core/robot_main_state.py
[5.436s] -- Symlinking: /home/mannaja/wrg2024_turtlebot3_ws/robot_ws/install/wrg_core/lib/wrg_core/talker.py
[5.439s] -- Symlinking: /home/mannaja/wrg2024_turtlebot3_ws/robot_ws/install/wrg_core/share/ament_index/resource_index/package_run_dependencies/wrg_core
[5.442s] -- Symlinking: /home/mannaja/wrg2024_turtlebot3_ws/robot_ws/install/wrg_core/share/ament_index/resource_index/parent_prefix_path/wrg_core
[5.446s] -- Symlinking: /home/mannaja/wrg2024_turtlebot3_ws/robot_ws/install/wrg_core/share/wrg_core/environment/ament_prefix_path.sh
[5.450s] -- Symlinking: /home/mannaja/wrg2024_turtlebot3_ws/robot_ws/install/wrg_core/share/wrg_core/environment/ament_prefix_path.dsv
[5.453s] -- Symlinking: /home/mannaja/wrg2024_turtlebot3_ws/robot_ws/install/wrg_core/share/wrg_core/environment/path.sh
[5.456s] -- Symlinking: /home/mannaja/wrg2024_turtlebot3_ws/robot_ws/install/wrg_core/share/wrg_core/environment/path.dsv
[5.459s] -- Symlinking: /home/mannaja/wrg2024_turtlebot3_ws/robot_ws/install/wrg_core/share/wrg_core/local_setup.bash
[5.463s] -- Symlinking: /home/mannaja/wrg2024_turtlebot3_ws/robot_ws/install/wrg_core/share/wrg_core/local_setup.sh
[5.466s] -- Symlinking: /home/mannaja/wrg2024_turtlebot3_ws/robot_ws/install/wrg_core/share/wrg_core/local_setup.zsh
[5.470s] -- Symlinking: /home/mannaja/wrg2024_turtlebot3_ws/robot_ws/install/wrg_core/share/wrg_core/local_setup.dsv
[5.473s] -- Symlinking: /home/mannaja/wrg2024_turtlebot3_ws/robot_ws/install/wrg_core/share/wrg_core/package.dsv
[5.478s] -- Symlinking: /home/mannaja/wrg2024_turtlebot3_ws/robot_ws/install/wrg_core/share/ament_index/resource_index/packages/wrg_core
[5.481s] -- Symlinking: /home/mannaja/wrg2024_turtlebot3_ws/robot_ws/install/wrg_core/share/wrg_core/cmake/wrg_coreConfig.cmake
[5.485s] -- Symlinking: /home/mannaja/wrg2024_turtlebot3_ws/robot_ws/install/wrg_core/share/wrg_core/cmake/wrg_coreConfig-version.cmake
[5.489s] -- Symlinking: /home/mannaja/wrg2024_turtlebot3_ws/robot_ws/install/wrg_core/share/wrg_core/package.xml
[5.542s] Listing '/home/mannaja/wrg2024_turtlebot3_ws/robot_ws/install/wrg_core/local/lib/python3.10/dist-packages/wrg_core'...
[5.542s] Compiling '/home/mannaja/wrg2024_turtlebot3_ws/robot_ws/install/wrg_core/local/lib/python3.10/dist-packages/wrg_core/__init__.py'...
[5.559s] Invoked command in '/home/mannaja/wrg2024_turtlebot3_ws/robot_ws/build/wrg_core' returned '0': CMAKE_PREFIX_PATH=${CMAKE_PREFIX_PATH}:/home/mannaja/turtlebot3_ws/install/turtlebot3_teleop:/home/mannaja/turtlebot3_ws/install/turtlebot3_example:/home/mannaja/coding/project/python_minecraftDetectMob_andSendDataToRos2/ros2_ws/install/pi_node:/home/mannaja/coding/project/python_minecraftDetectMob_andSendDataToRos2/ros2_ws/install/laptop_node:/home/mannaja/coding/project/ABU2024_Manual/robot_ws/install/robot_core:/opt/ros/humble /home/mannaja/.local/bin/cmake --install /home/mannaja/wrg2024_turtlebot3_ws/robot_ws/build/wrg_core
